#
# There is insufficient memory for the Java Runtime Environment to continue.
# Native memory allocation (malloc) failed to allocate 2017456 bytes for Chunk::new
# Possible reasons:
#   The system is out of physical RAM or swap space
#   The process is running with CompressedOops enabled, and the Java Heap may be blocking the growth of the native heap
# Possible solutions:
#   Reduce memory load on the system
#   Increase physical memory or swap space
#   Check if swap backing store is full
#   Decrease Java heap size (-Xmx/-Xms)
#   Decrease number of Java threads
#   Decrease Java thread stack sizes (-Xss)
#   Set larger code cache with -XX:ReservedCodeCacheSize=
#   JVM is running with Unscaled Compressed Oops mode in which the Java heap is
#     placed in the first 4GB address space. The Java Heap base address is the
#     maximum limit for the native heap growth. Please use -XX:HeapBaseMinAddress
#     to set the Java Heap base and to place the Java Heap above 4GB virtual address.
# This output file may be truncated or incomplete.
#
#  Out of Memory Error (./src/hotspot/share/memory/arena.cpp:197), pid=13456, tid=64572
#
# JRE version: OpenJDK Runtime Environment (11.0.13) (build 11.0.13+0-b1751.21-8125866)
# Java VM: OpenJDK 64-Bit Server VM (11.0.13+0-b1751.21-8125866, mixed mode, tiered, compressed oops, g1 gc, windows-amd64)
# No core dump will be written. Minidumps are not enabled by default on client versions of Windows
#

---------------  S U M M A R Y ------------

Command Line: --add-opens=java.base/java.util=ALL-UNNAMED --add-opens=java.base/java.lang=ALL-UNNAMED --add-opens=java.base/java.lang.invoke=ALL-UNNAMED --add-opens=java.base/java.util=ALL-UNNAMED --add-opens=java.prefs/java.util.prefs=ALL-UNNAMED --add-opens=java.prefs/java.util.prefs=ALL-UNNAMED --add-opens=java.base/java.nio.charset=ALL-UNNAMED --add-opens=java.base/java.net=ALL-UNNAMED --add-opens=java.base/java.util.concurrent.atomic=ALL-UNNAMED -Xmx2048m -Dfile.encoding=UTF-8 -Duser.country=CN -Duser.language=zh -Duser.variant org.gradle.launcher.daemon.bootstrap.GradleDaemon 7.4

Host: Intel(R) Core(TM) i5-1035G1 CPU @ 1.00GHz, 8 cores, 15G,  Windows 10 , 64 bit Build 18362 (10.0.18362.959)
Time: Sun Nov  6 17:28:40 2022 ?D1¨²¡À¨º¡Á?¨º¡À?? elapsed time: 11.041511 seconds (0d 0h 0m 11s)

---------------  T H R E A D  ---------------

Current thread (0x000001de47056000):  JavaThread "C2 CompilerThread2" daemon [_thread_in_native, id=64572, stack(0x00000016bf300000,0x00000016bf400000)]


Current CompileTask:
C2:  11041 6600       4       java.beans.MethodRef::set (58 bytes)

Stack: [0x00000016bf300000,0x00000016bf400000]
Native frames: (J=compiled Java code, j=interpreted, Vv=VM code, C=native code)
V  [jvm.dll+0x6100fa]
V  [jvm.dll+0x747090]
V  [jvm.dll+0x7486ad]
V  [jvm.dll+0x748d83]
V  [jvm.dll+0x24ab48]
V  [jvm.dll+0xc04dc]
V  [jvm.dll+0xc0a0c]
V  [jvm.dll+0x35eb9d]
V  [jvm.dll+0x32b833]
V  [jvm.dll+0x32ad2a]
V  [jvm.dll+0x2032b2]
V  [jvm.dll+0x202437]
V  [jvm.dll+0x188e01]
V  [jvm.dll+0x21106b]
V  [jvm.dll+0x20f8c1]
V  [jvm.dll+0x70de0f]
V  [jvm.dll+0x706a75]
V  [jvm.dll+0x60ed66]
C  [ucrtbase.dll+0x20e82]
C  [KERNEL32.DLL+0x17bd4]
C  [ntdll.dll+0x6ce51]


---------------  P R O C E S S  ---------------

Threads class SMR info:
_java_thread_list=0x000001de4cde4f50, length=124, elements={
0x000001de2b1a3800, 0x000001de45ea7000, 0x000001de45eb2800, 0x000001de45f24800,
0x000001de45f27000, 0x000001de45f28000, 0x000001de45f29000, 0x000001de45f34000,
0x000001de45f38800, 0x000001de46097000, 0x000001de485b6000, 0x000001de47868800,
0x000001de479b0800, 0x000001de471aa000, 0x000001de49061800, 0x000001de47785000,
0x000001de487ce000, 0x000001de483d6800, 0x000001de481ea800, 0x000001de48064000,
0x000001de4878b800, 0x000001de4878c000, 0x000001de4878d000, 0x000001de48787000,
0x000001de4878d800, 0x000001de48788000, 0x000001de48789000, 0x000001de48789800,
0x000001de4878a800, 0x000001de48fb6800, 0x000001de48fb4000, 0x000001de48fb5800,
0x000001de48fb1800, 0x000001de48fb8000, 0x000001de48fb3000, 0x000001de48fbe800,
0x000001de48fb9800, 0x000001de48fba800, 0x000001de48fbd800, 0x000001de48fbb800,
0x000001de48fb9000, 0x000001de48fbd000, 0x000001de48fbf800, 0x000001de48fc0000,
0x000001de48fbc000, 0x000001de4bc84800, 0x000001de4bc87800, 0x000001de4bc89800,
0x000001de4bc85000, 0x000001de4bc88800, 0x000001de4bc8a000, 0x000001de4bc8b000,
0x000001de4bc86000, 0x000001de4bc87000, 0x000001de4bacf000, 0x000001de4bac9800,
0x000001de4bad0000, 0x000001de4baca000, 0x000001de4bacb000, 0x000001de4bacc800,
0x000001de4bad1800, 0x000001de4bacb800, 0x000001de4bacd800, 0x000001de4bad3000,
0x000001de4bad2000, 0x000001de4bad4000, 0x000001de4bace000, 0x000001de4bad4800,
0x000001de4bad5800, 0x000001de4bad6800, 0x000001de4bad0800, 0x000001de4bad7000,
0x000001de4bad8000, 0x000001de496bb800, 0x000001de496ba800, 0x000001de496c1800,
0x000001de496bf000, 0x000001de496be000, 0x000001de496bd000, 0x000001de496bf800,
0x000001de496c0800, 0x000001de496c2000, 0x000001de496bc800, 0x000001de496c8000,
0x000001de496c7000, 0x000001de496c4800, 0x000001de496c3000, 0x000001de496c5800,
0x000001de496c3800, 0x000001de496c6000, 0x000001de496c9800, 0x000001de496c8800,
0x000001de4d330000, 0x000001de4d32f000, 0x000001de4d32c800, 0x000001de4d331800,
0x000001de4d32d800, 0x000001de4d330800, 0x000001de4d332800, 0x000001de4d333000,
0x000001de4d32e800, 0x000001de4d339800, 0x000001de4d335800, 0x000001de4d334000,
0x000001de4d339000, 0x000001de4d336800, 0x000001de4d338000, 0x000001de4d335000,
0x000001de4d33a800, 0x000001de4d337800, 0x000001de4d33b800, 0x000001de48ed4000,
0x000001de48ed5800, 0x000001de48ed3000, 0x000001de48ed5000, 0x000001de48ed6800,
0x000001de48ed7000, 0x000001de48ed8000, 0x000001de48ed2800, 0x000001de48ed9000,
0x000001de48edc000, 0x000001de49b97800, 0x000001de48edd000, 0x000001de47056000
}

Java Threads: ( => current thread )
  0x000001de2b1a3800 JavaThread "main" [_thread_blocked, id=59988, stack(0x00000016bc500000,0x00000016bc600000)]
  0x000001de45ea7000 JavaThread "Reference Handler" daemon [_thread_blocked, id=44664, stack(0x00000016bcc00000,0x00000016bcd00000)]
  0x000001de45eb2800 JavaThread "Finalizer" daemon [_thread_blocked, id=58516, stack(0x00000016bcd00000,0x00000016bce00000)]
  0x000001de45f24800 JavaThread "Signal Dispatcher" daemon [_thread_blocked, id=10940, stack(0x00000016bce00000,0x00000016bcf00000)]
  0x000001de45f27000 JavaThread "Attach Listener" daemon [_thread_blocked, id=39892, stack(0x00000016bcf00000,0x00000016bd000000)]
  0x000001de45f28000 JavaThread "Service Thread" daemon [_thread_blocked, id=38180, stack(0x00000016bd000000,0x00000016bd100000)]
  0x000001de45f29000 JavaThread "C2 CompilerThread0" daemon [_thread_in_native, id=40204, stack(0x00000016bd100000,0x00000016bd200000)]
  0x000001de45f34000 JavaThread "C1 CompilerThread0" daemon [_thread_blocked, id=45112, stack(0x00000016bd200000,0x00000016bd300000)]
  0x000001de45f38800 JavaThread "Sweeper thread" daemon [_thread_blocked, id=17284, stack(0x00000016bd300000,0x00000016bd400000)]
  0x000001de46097000 JavaThread "Common-Cleaner" daemon [_thread_blocked, id=47228, stack(0x00000016bd400000,0x00000016bd500000)]
  0x000001de485b6000 JavaThread "Daemon health stats" [_thread_blocked, id=15376, stack(0x00000016bdd00000,0x00000016bde00000)]
  0x000001de47868800 JavaThread "Incoming local TCP Connector on port 63570" [_thread_in_native, id=55860, stack(0x00000016bd600000,0x00000016bd700000)]
  0x000001de479b0800 JavaThread "Daemon periodic checks" [_thread_blocked, id=27800, stack(0x00000016bdc00000,0x00000016bdd00000)]
  0x000001de471aa000 JavaThread "Daemon" [_thread_blocked, id=46068, stack(0x00000016bde00000,0x00000016bdf00000)]
  0x000001de49061800 JavaThread "Handler for socket connection from /127.0.0.1:63570 to /127.0.0.1:63571" [_thread_in_native, id=12212, stack(0x00000016bdf00000,0x00000016be000000)]
  0x000001de47785000 JavaThread "Cancel handler" [_thread_blocked, id=24356, stack(0x00000016be000000,0x00000016be100000)]
  0x000001de487ce000 JavaThread "Daemon worker" [_thread_in_vm, id=42252, stack(0x00000016be100000,0x00000016be200000)]
  0x000001de483d6800 JavaThread "Asynchronous log dispatcher for DefaultDaemonConnection: socket connection from /127.0.0.1:63570 to /127.0.0.1:63571" [_thread_blocked, id=50464, stack(0x00000016be200000,0x00000016be300000)]
  0x000001de481ea800 JavaThread "Stdin handler" [_thread_blocked, id=11596, stack(0x00000016be300000,0x00000016be400000)]
  0x000001de48064000 JavaThread "Daemon client event forwarder" [_thread_blocked, id=42392, stack(0x00000016be400000,0x00000016be500000)]
  0x000001de4878b800 JavaThread "Cache worker for journal cache (C:\Users\75914\.gradle\caches\journal-1)" [_thread_blocked, id=58276, stack(0x00000016be500000,0x00000016be600000)]
  0x000001de4878c000 JavaThread "File lock request listener" [_thread_in_native, id=57424, stack(0x00000016be600000,0x00000016be700000)]
  0x000001de4878d000 JavaThread "Cache worker for file hash cache (C:\Users\75914\.gradle\caches\7.4\fileHashes)" [_thread_blocked, id=36724, stack(0x00000016be700000,0x00000016be800000)]
  0x000001de48787000 JavaThread "File watcher server" daemon [_thread_in_native, id=49684, stack(0x00000016bec00000,0x00000016bed00000)]
  0x000001de4878d800 JavaThread "File watcher consumer" daemon [_thread_blocked, id=23276, stack(0x00000016bed00000,0x00000016bee00000)]
  0x000001de48788000 JavaThread "Cache worker for checksums cache (D:\aproj\Homework_APP\.gradle\7.4\checksums)" [_thread_blocked, id=59188, stack(0x00000016bee00000,0x00000016bef00000)]
  0x000001de48789000 JavaThread "Cache worker for cache directory md-rule (C:\Users\75914\.gradle\caches\7.4\md-rule)" [_thread_blocked, id=37952, stack(0x00000016bef00000,0x00000016bf000000)]
  0x000001de48789800 JavaThread "Cache worker for file hash cache (D:\aproj\Homework_APP\.gradle\7.4\fileHashes)" [_thread_blocked, id=40528, stack(0x00000016bf000000,0x00000016bf100000)]
  0x000001de4878a800 JavaThread "Cache worker for cache directory md-supplier (C:\Users\75914\.gradle\caches\7.4\md-supplier)" [_thread_blocked, id=31816, stack(0x00000016bf100000,0x00000016bf200000)]
  0x000001de48fb6800 JavaThread "Cache worker for execution history cache (C:\Users\75914\.gradle\caches\7.4\executionHistory)" [_thread_blocked, id=6448, stack(0x00000016bf200000,0x00000016bf300000)]
  0x000001de48fb4000 JavaThread "jar transforms" [_thread_blocked, id=16140, stack(0x00000016bf400000,0x00000016bf500000)]
  0x000001de48fb5800 JavaThread "Cache worker for file content cache (C:\Users\75914\.gradle\caches\7.4\fileContent)" [_thread_blocked, id=50780, stack(0x00000016bf500000,0x00000016bf600000)]
  0x000001de48fb1800 JavaThread "jar transforms Thread 2" [_thread_blocked, id=37288, stack(0x00000016bf600000,0x00000016bf700000)]
  0x000001de48fb8000 JavaThread "Cache worker for dependencies-accessors (D:\aproj\Homework_APP\.gradle\7.4\dependencies-accessors)" [_thread_blocked, id=36420, stack(0x00000016bf700000,0x00000016bf800000)]
  0x000001de48fb3000 JavaThread "jar transforms Thread 3" [_thread_blocked, id=32408, stack(0x00000016bf800000,0x00000016bf900000)]
  0x000001de48fbe800 JavaThread "Cache worker for Build Output Cleanup Cache (D:\aproj\Homework_APP\.gradle\buildOutputCleanup)" [_thread_blocked, id=33024, stack(0x00000016bf900000,0x00000016bfa00000)]
  0x000001de48fb9800 JavaThread "Unconstrained build operations" [_thread_blocked, id=28204, stack(0x00000016bfa00000,0x00000016bfb00000)]
  0x000001de48fba800 JavaThread "Unconstrained build operations Thread 2" [_thread_blocked, id=35580, stack(0x00000016bfb00000,0x00000016bfc00000)]
  0x000001de48fbd800 JavaThread "Unconstrained build operations Thread 3" [_thread_blocked, id=15920, stack(0x00000016bfc00000,0x00000016bfd00000)]
  0x000001de48fbb800 JavaThread "Unconstrained build operations Thread 4" [_thread_blocked, id=48456, stack(0x00000016bfd00000,0x00000016bfe00000)]
  0x000001de48fb9000 JavaThread "Unconstrained build operations Thread 5" [_thread_blocked, id=60484, stack(0x00000016bfe00000,0x00000016bff00000)]
  0x000001de48fbd000 JavaThread "Unconstrained build operations Thread 6" [_thread_blocked, id=56548, stack(0x00000016bff00000,0x00000016c0000000)]
  0x000001de48fbf800 JavaThread "Unconstrained build operations Thread 7" [_thread_blocked, id=54056, stack(0x00000016c0000000,0x00000016c0100000)]
  0x000001de48fc0000 JavaThread "Unconstrained build operations Thread 8" [_thread_blocked, id=44404, stack(0x00000016c0100000,0x00000016c0200000)]
  0x000001de48fbc000 JavaThread "Unconstrained build operations Thread 9" [_thread_blocked, id=31424, stack(0x00000016c0200000,0x00000016c0300000)]
  0x000001de4bc84800 JavaThread "Unconstrained build operations Thread 10" [_thread_blocked, id=25420, stack(0x00000016c0300000,0x00000016c0400000)]
  0x000001de4bc87800 JavaThread "Unconstrained build operations Thread 11" [_thread_blocked, id=41108, stack(0x00000016c0400000,0x00000016c0500000)]
  0x000001de4bc89800 JavaThread "Unconstrained build operations Thread 12" [_thread_blocked, id=26784, stack(0x00000016c0500000,0x00000016c0600000)]
  0x000001de4bc85000 JavaThread "Unconstrained build operations Thread 13" [_thread_blocked, id=22796, stack(0x00000016c0600000,0x00000016c0700000)]
  0x000001de4bc88800 JavaThread "Unconstrained build operations Thread 14" [_thread_blocked, id=29424, stack(0x00000016c0700000,0x00000016c0800000)]
  0x000001de4bc8a000 JavaThread "Unconstrained build operations Thread 15" [_thread_blocked, id=33296, stack(0x00000016c0800000,0x00000016c0900000)]
  0x000001de4bc8b000 JavaThread "Unconstrained build operations Thread 16" [_thread_blocked, id=39076, stack(0x00000016c0900000,0x00000016c0a00000)]
  0x000001de4bc86000 JavaThread "Unconstrained build operations Thread 17" [_thread_blocked, id=17100, stack(0x00000016c0a00000,0x00000016c0b00000)]
  0x000001de4bc87000 JavaThread "Unconstrained build operations Thread 18" [_thread_blocked, id=50372, stack(0x00000016c0b00000,0x00000016c0c00000)]
  0x000001de4bacf000 JavaThread "Unconstrained build operations Thread 19" [_thread_blocked, id=25488, stack(0x00000016c0c00000,0x00000016c0d00000)]
  0x000001de4bac9800 JavaThread "Unconstrained build operations Thread 20" [_thread_blocked, id=54488, stack(0x00000016c0d00000,0x00000016c0e00000)]
  0x000001de4bad0000 JavaThread "Unconstrained build operations Thread 21" [_thread_blocked, id=39008, stack(0x00000016c0e00000,0x00000016c0f00000)]
  0x000001de4baca000 JavaThread "Unconstrained build operations Thread 22" [_thread_blocked, id=31148, stack(0x00000016c0f00000,0x00000016c1000000)]
  0x000001de4bacb000 JavaThread "Unconstrained build operations Thread 23" [_thread_blocked, id=42616, stack(0x00000016c1000000,0x00000016c1100000)]
  0x000001de4bacc800 JavaThread "Unconstrained build operations Thread 24" [_thread_blocked, id=55988, stack(0x00000016c1100000,0x00000016c1200000)]
  0x000001de4bad1800 JavaThread "Unconstrained build operations Thread 25" [_thread_blocked, id=25324, stack(0x00000016c1200000,0x00000016c1300000)]
  0x000001de4bacb800 JavaThread "Unconstrained build operations Thread 26" [_thread_blocked, id=4548, stack(0x00000016c1300000,0x00000016c1400000)]
  0x000001de4bacd800 JavaThread "Unconstrained build operations Thread 27" [_thread_blocked, id=63492, stack(0x00000016c1400000,0x00000016c1500000)]
  0x000001de4bad3000 JavaThread "Unconstrained build operations Thread 28" [_thread_blocked, id=36952, stack(0x00000016c1500000,0x00000016c1600000)]
  0x000001de4bad2000 JavaThread "Unconstrained build operations Thread 29" [_thread_blocked, id=17224, stack(0x00000016c1600000,0x00000016c1700000)]
  0x000001de4bad4000 JavaThread "Unconstrained build operations Thread 30" [_thread_blocked, id=64764, stack(0x00000016c1700000,0x00000016c1800000)]
  0x000001de4bace000 JavaThread "Unconstrained build operations Thread 31" [_thread_blocked, id=62952, stack(0x00000016c1800000,0x00000016c1900000)]
  0x000001de4bad4800 JavaThread "Unconstrained build operations Thread 32" [_thread_blocked, id=59868, stack(0x00000016c1900000,0x00000016c1a00000)]
  0x000001de4bad5800 JavaThread "Unconstrained build operations Thread 33" [_thread_blocked, id=58480, stack(0x00000016c1a00000,0x00000016c1b00000)]
  0x000001de4bad6800 JavaThread "Unconstrained build operations Thread 34" [_thread_blocked, id=51952, stack(0x00000016c1b00000,0x00000016c1c00000)]
  0x000001de4bad0800 JavaThread "Unconstrained build operations Thread 35" [_thread_blocked, id=13712, stack(0x00000016c1c00000,0x00000016c1d00000)]
  0x000001de4bad7000 JavaThread "Unconstrained build operations Thread 36" [_thread_blocked, id=38108, stack(0x00000016c1d00000,0x00000016c1e00000)]
  0x000001de4bad8000 JavaThread "Unconstrained build operations Thread 37" [_thread_blocked, id=59916, stack(0x00000016c1e00000,0x00000016c1f00000)]
  0x000001de496bb800 JavaThread "Unconstrained build operations Thread 38" [_thread_blocked, id=63172, stack(0x00000016c1f00000,0x00000016c2000000)]
  0x000001de496ba800 JavaThread "Unconstrained build operations Thread 39" [_thread_blocked, id=60400, stack(0x00000016c2000000,0x00000016c2100000)]
  0x000001de496c1800 JavaThread "Unconstrained build operations Thread 40" [_thread_blocked, id=63592, stack(0x00000016c2100000,0x00000016c2200000)]
  0x000001de496bf000 JavaThread "Unconstrained build operations Thread 41" [_thread_blocked, id=61268, stack(0x00000016c2200000,0x00000016c2300000)]
  0x000001de496be000 JavaThread "Unconstrained build operations Thread 42" [_thread_blocked, id=64496, stack(0x00000016c2300000,0x00000016c2400000)]
  0x000001de496bd000 JavaThread "Unconstrained build operations Thread 43" [_thread_blocked, id=61468, stack(0x00000016c2400000,0x00000016c2500000)]
  0x000001de496bf800 JavaThread "Unconstrained build operations Thread 44" [_thread_blocked, id=56788, stack(0x00000016c2500000,0x00000016c2600000)]
  0x000001de496c0800 JavaThread "Unconstrained build operations Thread 45" [_thread_blocked, id=63976, stack(0x00000016c2600000,0x00000016c2700000)]
  0x000001de496c2000 JavaThread "Unconstrained build operations Thread 46" [_thread_blocked, id=60408, stack(0x00000016c2700000,0x00000016c2800000)]
  0x000001de496bc800 JavaThread "Unconstrained build operations Thread 47" [_thread_blocked, id=64116, stack(0x00000016c2800000,0x00000016c2900000)]
  0x000001de496c8000 JavaThread "Unconstrained build operations Thread 48" [_thread_blocked, id=56564, stack(0x00000016c2900000,0x00000016c2a00000)]
  0x000001de496c7000 JavaThread "Unconstrained build operations Thread 49" [_thread_blocked, id=62420, stack(0x00000016c2a00000,0x00000016c2b00000)]
  0x000001de496c4800 JavaThread "Unconstrained build operations Thread 50" [_thread_blocked, id=49900, stack(0x00000016c2b00000,0x00000016c2c00000)]
  0x000001de496c3000 JavaThread "Unconstrained build operations Thread 51" [_thread_blocked, id=63428, stack(0x00000016c2c00000,0x00000016c2d00000)]
  0x000001de496c5800 JavaThread "Unconstrained build operations Thread 52" [_thread_blocked, id=59784, stack(0x00000016c2d00000,0x00000016c2e00000)]
  0x000001de496c3800 JavaThread "Unconstrained build operations Thread 53" [_thread_blocked, id=43196, stack(0x00000016c2e00000,0x00000016c2f00000)]
  0x000001de496c6000 JavaThread "Unconstrained build operations Thread 54" [_thread_blocked, id=57900, stack(0x00000016c2f00000,0x00000016c3000000)]
  0x000001de496c9800 JavaThread "Unconstrained build operations Thread 55" [_thread_blocked, id=54152, stack(0x00000016c3000000,0x00000016c3100000)]
  0x000001de496c8800 JavaThread "Unconstrained build operations Thread 56" [_thread_blocked, id=31388, stack(0x00000016c3100000,0x00000016c3200000)]
  0x000001de4d330000 JavaThread "Unconstrained build operations Thread 57" [_thread_blocked, id=48576, stack(0x00000016c3200000,0x00000016c3300000)]
  0x000001de4d32f000 JavaThread "Unconstrained build operations Thread 58" [_thread_blocked, id=34224, stack(0x00000016c3300000,0x00000016c3400000)]
  0x000001de4d32c800 JavaThread "Unconstrained build operations Thread 59" [_thread_blocked, id=15484, stack(0x00000016c3400000,0x00000016c3500000)]
  0x000001de4d331800 JavaThread "Unconstrained build operations Thread 60" [_thread_blocked, id=63696, stack(0x00000016c3500000,0x00000016c3600000)]
  0x000001de4d32d800 JavaThread "Unconstrained build operations Thread 61" [_thread_blocked, id=64008, stack(0x00000016c3600000,0x00000016c3700000)]
  0x000001de4d330800 JavaThread "Unconstrained build operations Thread 62" [_thread_blocked, id=64344, stack(0x00000016c3700000,0x00000016c3800000)]
  0x000001de4d332800 JavaThread "Unconstrained build operations Thread 63" [_thread_blocked, id=44864, stack(0x00000016c3800000,0x00000016c3900000)]
  0x000001de4d333000 JavaThread "Unconstrained build operations Thread 64" [_thread_blocked, id=64832, stack(0x00000016c3900000,0x00000016c3a00000)]
  0x000001de4d32e800 JavaThread "Unconstrained build operations Thread 65" [_thread_blocked, id=64824, stack(0x00000016c3a00000,0x00000016c3b00000)]
  0x000001de4d339800 JavaThread "Unconstrained build operations Thread 66" [_thread_blocked, id=64836, stack(0x00000016c3b00000,0x00000016c3c00000)]
  0x000001de4d335800 JavaThread "Unconstrained build operations Thread 67" [_thread_blocked, id=61300, stack(0x00000016c3c00000,0x00000016c3d00000)]
  0x000001de4d334000 JavaThread "Unconstrained build operations Thread 68" [_thread_blocked, id=42640, stack(0x00000016c3d00000,0x00000016c3e00000)]
  0x000001de4d339000 JavaThread "Unconstrained build operations Thread 69" [_thread_blocked, id=64148, stack(0x00000016c3e00000,0x00000016c3f00000)]
  0x000001de4d336800 JavaThread "Unconstrained build operations Thread 70" [_thread_blocked, id=22140, stack(0x00000016c3f00000,0x00000016c4000000)]
  0x000001de4d338000 JavaThread "Unconstrained build operations Thread 71" [_thread_blocked, id=54176, stack(0x00000016c4000000,0x00000016c4100000)]
  0x000001de4d335000 JavaThread "Unconstrained build operations Thread 72" [_thread_blocked, id=48236, stack(0x00000016c4100000,0x00000016c4200000)]
  0x000001de4d33a800 JavaThread "Unconstrained build operations Thread 73" [_thread_blocked, id=64240, stack(0x00000016c4200000,0x00000016c4300000)]
  0x000001de4d337800 JavaThread "Unconstrained build operations Thread 74" [_thread_blocked, id=58588, stack(0x00000016c4300000,0x00000016c4400000)]
  0x000001de4d33b800 JavaThread "Unconstrained build operations Thread 75" [_thread_blocked, id=51948, stack(0x00000016c4400000,0x00000016c4500000)]
  0x000001de48ed4000 JavaThread "Unconstrained build operations Thread 76" [_thread_blocked, id=61936, stack(0x00000016c4500000,0x00000016c4600000)]
  0x000001de48ed5800 JavaThread "Unconstrained build operations Thread 77" [_thread_blocked, id=64076, stack(0x00000016c4600000,0x00000016c4700000)]
  0x000001de48ed3000 JavaThread "Unconstrained build operations Thread 78" [_thread_blocked, id=58540, stack(0x00000016c4700000,0x00000016c4800000)]
  0x000001de48ed5000 JavaThread "Unconstrained build operations Thread 79" [_thread_blocked, id=55484, stack(0x00000016c4800000,0x00000016c4900000)]
  0x000001de48ed6800 JavaThread "Unconstrained build operations Thread 80" [_thread_blocked, id=64940, stack(0x00000016c4900000,0x00000016c4a00000)]
  0x000001de48ed7000 JavaThread "jar transforms Thread 4" [_thread_blocked, id=65028, stack(0x00000016c4a00000,0x00000016c4b00000)]
  0x000001de48ed8000 JavaThread "jar transforms Thread 5" [_thread_blocked, id=61636, stack(0x00000016c4b00000,0x00000016c4c00000)]
  0x000001de48ed2800 JavaThread "jar transforms Thread 6" [_thread_blocked, id=25156, stack(0x00000016c4c00000,0x00000016c4d00000)]
  0x000001de48ed9000 JavaThread "jar transforms Thread 7" [_thread_blocked, id=33780, stack(0x00000016c4d00000,0x00000016c4e00000)]
  0x000001de48edc000 JavaThread "jar transforms Thread 8" [_thread_blocked, id=24768, stack(0x00000016c4e00000,0x00000016c4f00000)]
  0x000001de49b97800 JavaThread "C2 CompilerThread1" daemon [_thread_in_native, id=41864, stack(0x00000016beb00000,0x00000016bec00000)]
  0x000001de48edd000 JavaThread "Memory manager" [_thread_blocked, id=54944, stack(0x00000016c4f00000,0x00000016c5000000)]
=>0x000001de47056000 JavaThread "C2 CompilerThread2" daemon [_thread_in_native, id=64572, stack(0x00000016bf300000,0x00000016bf400000)]

Other Threads:
  0x000001de45ea3800 VMThread "VM Thread" [stack: 0x00000016bcb00000,0x00000016bcc00000] [id=60060]
  0x000001de460ac800 WatcherThread [stack: 0x00000016bd500000,0x00000016bd600000] [id=30096]
  0x000001de2b1be000 GCTaskThread "GC Thread#0" [stack: 0x00000016bc600000,0x00000016bc700000] [id=13076]
  0x000001de47118000 GCTaskThread "GC Thread#1" [stack: 0x00000016bd700000,0x00000016bd800000] [id=23520]
  0x000001de47103000 GCTaskThread "GC Thread#2" [stack: 0x00000016bd800000,0x00000016bd900000] [id=42916]
  0x000001de471d7000 GCTaskThread "GC Thread#3" [stack: 0x00000016bd900000,0x00000016bda00000] [id=65260]
  0x000001de470ca800 GCTaskThread "GC Thread#4" [stack: 0x00000016bda00000,0x00000016bdb00000] [id=42084]
  0x000001de4713c800 GCTaskThread "GC Thread#5" [stack: 0x00000016bdb00000,0x00000016bdc00000] [id=3628]
  0x000001de47fbe800 GCTaskThread "GC Thread#6" [stack: 0x00000016be800000,0x00000016be900000] [id=46772]
  0x000001de48791000 GCTaskThread "GC Thread#7" [stack: 0x00000016be900000,0x00000016bea00000] [id=29144]
  0x000001de2b1f1000 ConcurrentGCThread "G1 Main Marker" [stack: 0x00000016bc700000,0x00000016bc800000] [id=40580]
  0x000001de2b1f2800 ConcurrentGCThread "G1 Conc#0" [stack: 0x00000016bc800000,0x00000016bc900000] [id=24940]
  0x000001de46d8f000 ConcurrentGCThread "G1 Conc#1" [stack: 0x00000016bea00000,0x00000016beb00000] [id=21248]
  0x000001de454f1000 ConcurrentGCThread "G1 Refine#0" [stack: 0x00000016bc900000,0x00000016bca00000] [id=48600]
  0x000001de454f2000 ConcurrentGCThread "G1 Young RemSet Sampling" [stack: 0x00000016bca00000,0x00000016bcb00000] [id=33992]

Threads with active compile tasks:
C2 CompilerThread0  11095 6542   !   4       org.codehaus.groovy.reflection.stdclasses.CachedSAMClass::hasUsableImplementation (72 bytes)
C2 CompilerThread1  11095 6597   !   4       com.sun.beans.TypeResolver::resolve (261 bytes)
C2 CompilerThread2  11095 6600       4       java.beans.MethodRef::set (58 bytes)

VM state:not at safepoint (normal execution)

VM Mutex/Monitor currently owned by a thread: None

Heap address: 0x0000000080000000, size: 2048 MB, Compressed Oops mode: 32-bit
Narrow klass base: 0x0000000000000000, Narrow klass shift: 3
Compressed class space size: 1073741824 Address: 0x0000000100000000

Heap:
 garbage-first heap   total 260096K, used 62123K [0x0000000080000000, 0x0000000100000000)
  region size 1024K, 21 young (21504K), 12 survivors (12288K)
 Metaspace       used 66647K, capacity 68267K, committed 68488K, reserved 1110016K
  class space    used 8427K, capacity 9029K, committed 9088K, reserved 1048576K
Heap Regions: E=young(eden), S=young(survivor), O=old, HS=humongous(starts), HC=humongous(continues), CS=collection set, F=free, A=archive, TAMS=top-at-mark-start (previous, next)
|   0|0x0000000080000000, 0x0000000080100000, 0x0000000080100000|100%| O|  |TAMS 0x0000000080100000, 0x0000000080000000| Untracked 
|   1|0x0000000080100000, 0x0000000080200000, 0x0000000080200000|100%| O|  |TAMS 0x0000000080200000, 0x0000000080100000| Untracked 
|   2|0x0000000080200000, 0x0000000080300000, 0x0000000080300000|100%| O|  |TAMS 0x0000000080300000, 0x0000000080200000| Untracked 
|   3|0x0000000080300000, 0x0000000080400000, 0x0000000080400000|100%|HS|  |TAMS 0x0000000080400000, 0x0000000080300000| Complete 
|   4|0x0000000080400000, 0x0000000080500000, 0x0000000080500000|100%|HC|  |TAMS 0x0000000080500000, 0x0000000080400000| Complete 
|   5|0x0000000080500000, 0x0000000080600000, 0x0000000080600000|100%|HC|  |TAMS 0x0000000080600000, 0x0000000080500000| Complete 
|   6|0x0000000080600000, 0x0000000080700000, 0x0000000080700000|100%| O|  |TAMS 0x0000000080700000, 0x0000000080600000| Untracked 
|   7|0x0000000080700000, 0x0000000080800000, 0x0000000080800000|100%| O|  |TAMS 0x0000000080800000, 0x0000000080700000| Untracked 
|   8|0x0000000080800000, 0x0000000080900000, 0x0000000080900000|100%| O|  |TAMS 0x0000000080900000, 0x0000000080800000| Untracked 
|   9|0x0000000080900000, 0x0000000080a00000, 0x0000000080a00000|100%| O|  |TAMS 0x0000000080a00000, 0x0000000080900000| Untracked 
|  10|0x0000000080a00000, 0x0000000080b00000, 0x0000000080b00000|100%| O|  |TAMS 0x0000000080b00000, 0x0000000080a00000| Untracked 
|  11|0x0000000080b00000, 0x0000000080c00000, 0x0000000080c00000|100%| O|  |TAMS 0x0000000080c00000, 0x0000000080b00000| Untracked 
|  12|0x0000000080c00000, 0x0000000080d00000, 0x0000000080d00000|100%| O|  |TAMS 0x0000000080d00000, 0x0000000080c00000| Untracked 
|  13|0x0000000080d00000, 0x0000000080e00000, 0x0000000080e00000|100%| O|  |TAMS 0x0000000080e00000, 0x0000000080d00000| Untracked 
|  14|0x0000000080e00000, 0x0000000080f00000, 0x0000000080f00000|100%| O|  |TAMS 0x0000000080f00000, 0x0000000080e00000| Untracked 
|  15|0x0000000080f00000, 0x0000000081000000, 0x0000000081000000|100%| O|  |TAMS 0x0000000081000000, 0x0000000080f00000| Untracked 
|  16|0x0000000081000000, 0x0000000081100000, 0x0000000081100000|100%| O|  |TAMS 0x0000000081100000, 0x0000000081000000| Untracked 
|  17|0x0000000081100000, 0x0000000081200000, 0x0000000081200000|100%|HS|  |TAMS 0x0000000081200000, 0x0000000081100000| Complete 
|  18|0x0000000081200000, 0x0000000081300000, 0x0000000081300000|100%|HS|  |TAMS 0x0000000081300000, 0x0000000081200000| Complete 
|  19|0x0000000081300000, 0x0000000081400000, 0x0000000081400000|100%| O|  |TAMS 0x0000000081400000, 0x0000000081300000| Untracked 
|  20|0x0000000081400000, 0x0000000081500000, 0x0000000081500000|100%|HS|  |TAMS 0x0000000081500000, 0x0000000081400000| Complete 
|  21|0x0000000081500000, 0x0000000081600000, 0x0000000081600000|100%|HC|  |TAMS 0x0000000081600000, 0x0000000081500000| Complete 
|  22|0x0000000081600000, 0x0000000081700000, 0x0000000081700000|100%| O|  |TAMS 0x0000000081700000, 0x0000000081600000| Untracked 
|  23|0x0000000081700000, 0x0000000081800000, 0x0000000081800000|100%| O|  |TAMS 0x0000000081800000, 0x0000000081700000| Untracked 
|  24|0x0000000081800000, 0x0000000081900000, 0x0000000081900000|100%| O|  |TAMS 0x0000000081900000, 0x0000000081800000| Untracked 
|  25|0x0000000081900000, 0x0000000081a00000, 0x0000000081a00000|100%| O|  |TAMS 0x0000000081a00000, 0x0000000081900000| Untracked 
|  26|0x0000000081a00000, 0x0000000081b00000, 0x0000000081b00000|100%| O|  |TAMS 0x0000000081b00000, 0x0000000081a00000| Untracked 
|  27|0x0000000081b00000, 0x0000000081c00000, 0x0000000081c00000|100%| O|  |TAMS 0x0000000081c00000, 0x0000000081b00000| Untracked 
|  28|0x0000000081c00000, 0x0000000081d00000, 0x0000000081d00000|100%| O|  |TAMS 0x0000000081d00000, 0x0000000081c00000| Untracked 
|  29|0x0000000081d00000, 0x0000000081e00000, 0x0000000081e00000|100%| O|  |TAMS 0x0000000081e00000, 0x0000000081d00000| Untracked 
|  30|0x0000000081e00000, 0x0000000081f00000, 0x0000000081f00000|100%| O|  |TAMS 0x0000000081f00000, 0x0000000081e00000| Untracked 
|  31|0x0000000081f00000, 0x0000000082000000, 0x0000000082000000|100%| O|  |TAMS 0x0000000082000000, 0x0000000081f00000| Untracked 
|  32|0x0000000082000000, 0x0000000082100000, 0x0000000082100000|100%| O|  |TAMS 0x0000000082017c00, 0x0000000082000000| Untracked 
|  33|0x0000000082100000, 0x0000000082100000, 0x0000000082200000|  0%| F|  |TAMS 0x0000000082100000, 0x0000000082100000| Untracked 
|  34|0x0000000082200000, 0x0000000082200000, 0x0000000082300000|  0%| F|  |TAMS 0x0000000082200000, 0x0000000082200000| Untracked 
|  35|0x0000000082300000, 0x0000000082300000, 0x0000000082400000|  0%| F|  |TAMS 0x0000000082300000, 0x0000000082300000| Untracked 
|  36|0x0000000082400000, 0x0000000082400000, 0x0000000082500000|  0%| F|  |TAMS 0x0000000082400000, 0x0000000082400000| Untracked 
|  37|0x0000000082500000, 0x0000000082500000, 0x0000000082600000|  0%| F|  |TAMS 0x0000000082500000, 0x0000000082500000| Untracked 
|  38|0x0000000082600000, 0x0000000082600000, 0x0000000082700000|  0%| F|  |TAMS 0x0000000082600000, 0x0000000082600000| Untracked 
|  39|0x0000000082700000, 0x0000000082700000, 0x0000000082800000|  0%| F|  |TAMS 0x0000000082700000, 0x0000000082700000| Untracked 
|  40|0x0000000082800000, 0x0000000082800000, 0x0000000082900000|  0%| F|  |TAMS 0x0000000082800000, 0x0000000082800000| Untracked 
|  41|0x0000000082900000, 0x0000000082a00000, 0x0000000082a00000|100%| O|  |TAMS 0x0000000082900000, 0x0000000082900000| Untracked 
|  42|0x0000000082a00000, 0x0000000082b00000, 0x0000000082b00000|100%| O|  |TAMS 0x0000000082a00000, 0x0000000082a00000| Untracked 
|  43|0x0000000082b00000, 0x0000000082c00000, 0x0000000082c00000|100%| O|  |TAMS 0x0000000082b00000, 0x0000000082b00000| Untracked 
|  44|0x0000000082c00000, 0x0000000082d00000, 0x0000000082d00000|100%| O|  |TAMS 0x0000000082c00000, 0x0000000082c00000| Untracked 
|  45|0x0000000082d00000, 0x0000000082e00000, 0x0000000082e00000|100%| O|  |TAMS 0x0000000082d00000, 0x0000000082d00000| Untracked 
|  46|0x0000000082e00000, 0x0000000082f00000, 0x0000000082f00000|100%| O|  |TAMS 0x0000000082e00000, 0x0000000082e00000| Untracked 
|  47|0x0000000082f00000, 0x0000000083000000, 0x0000000083000000|100%| O|  |TAMS 0x0000000082f00000, 0x0000000082f00000| Untracked 
|  48|0x0000000083000000, 0x0000000083100000, 0x0000000083100000|100%| O|  |TAMS 0x0000000083000000, 0x0000000083000000| Untracked 
|  49|0x0000000083100000, 0x0000000083145e00, 0x0000000083200000| 27%| O|  |TAMS 0x0000000083100000, 0x0000000083100000| Untracked 
|  50|0x0000000083200000, 0x0000000083200000, 0x0000000083300000|  0%| F|  |TAMS 0x0000000083200000, 0x0000000083200000| Untracked 
|  51|0x0000000083300000, 0x0000000083300000, 0x0000000083400000|  0%| F|  |TAMS 0x0000000083300000, 0x0000000083300000| Untracked 
|  52|0x0000000083400000, 0x0000000083400000, 0x0000000083500000|  0%| F|  |TAMS 0x0000000083400000, 0x0000000083400000| Untracked 
|  53|0x0000000083500000, 0x0000000083500000, 0x0000000083600000|  0%| F|  |TAMS 0x0000000083500000, 0x0000000083500000| Untracked 
|  54|0x0000000083600000, 0x0000000083600000, 0x0000000083700000|  0%| F|  |TAMS 0x0000000083600000, 0x0000000083600000| Untracked 
|  55|0x0000000083700000, 0x0000000083700000, 0x0000000083800000|  0%| F|  |TAMS 0x0000000083700000, 0x0000000083700000| Untracked 
|  56|0x0000000083800000, 0x0000000083800000, 0x0000000083900000|  0%| F|  |TAMS 0x0000000083800000, 0x0000000083800000| Untracked 
|  57|0x0000000083900000, 0x0000000083900000, 0x0000000083a00000|  0%| F|  |TAMS 0x0000000083900000, 0x0000000083900000| Untracked 
|  58|0x0000000083a00000, 0x0000000083a00000, 0x0000000083b00000|  0%| F|  |TAMS 0x0000000083a00000, 0x0000000083a00000| Untracked 
|  59|0x0000000083b00000, 0x0000000083b00000, 0x0000000083c00000|  0%| F|  |TAMS 0x0000000083b00000, 0x0000000083b00000| Untracked 
|  60|0x0000000083c00000, 0x0000000083c00000, 0x0000000083d00000|  0%| F|  |TAMS 0x0000000083c00000, 0x0000000083c00000| Untracked 
|  61|0x0000000083d00000, 0x0000000083d00000, 0x0000000083e00000|  0%| F|  |TAMS 0x0000000083d00000, 0x0000000083d00000| Untracked 
|  62|0x0000000083e00000, 0x0000000083e00000, 0x0000000083f00000|  0%| F|  |TAMS 0x0000000083e00000, 0x0000000083e00000| Untracked 
|  63|0x0000000083f00000, 0x0000000083f00000, 0x0000000084000000|  0%| F|  |TAMS 0x0000000083f00000, 0x0000000083f00000| Untracked 
|  64|0x0000000084000000, 0x0000000084000000, 0x0000000084100000|  0%| F|  |TAMS 0x0000000084000000, 0x0000000084000000| Untracked 
|  65|0x0000000084100000, 0x0000000084100000, 0x0000000084200000|  0%| F|  |TAMS 0x0000000084100000, 0x0000000084100000| Untracked 
|  66|0x0000000084200000, 0x0000000084200000, 0x0000000084300000|  0%| F|  |TAMS 0x0000000084200000, 0x0000000084200000| Untracked 
|  67|0x0000000084300000, 0x0000000084300000, 0x0000000084400000|  0%| F|  |TAMS 0x0000000084300000, 0x0000000084300000| Untracked 
|  68|0x0000000084400000, 0x0000000084400000, 0x0000000084500000|  0%| F|  |TAMS 0x0000000084400000, 0x0000000084400000| Untracked 
|  69|0x0000000084500000, 0x0000000084500000, 0x0000000084600000|  0%| F|  |TAMS 0x0000000084500000, 0x0000000084500000| Untracked 
|  70|0x0000000084600000, 0x0000000084600000, 0x0000000084700000|  0%| F|  |TAMS 0x0000000084600000, 0x0000000084600000| Untracked 
|  71|0x0000000084700000, 0x0000000084700000, 0x0000000084800000|  0%| F|  |TAMS 0x0000000084700000, 0x0000000084700000| Untracked 
|  72|0x0000000084800000, 0x0000000084800000, 0x0000000084900000|  0%| F|  |TAMS 0x0000000084800000, 0x0000000084800000| Untracked 
|  73|0x0000000084900000, 0x0000000084900000, 0x0000000084a00000|  0%| F|  |TAMS 0x0000000084900000, 0x0000000084900000| Untracked 
|  74|0x0000000084a00000, 0x0000000084a00000, 0x0000000084b00000|  0%| F|  |TAMS 0x0000000084a00000, 0x0000000084a00000| Untracked 
|  75|0x0000000084b00000, 0x0000000084b00000, 0x0000000084c00000|  0%| F|  |TAMS 0x0000000084b00000, 0x0000000084b00000| Untracked 
|  76|0x0000000084c00000, 0x0000000084c00000, 0x0000000084d00000|  0%| F|  |TAMS 0x0000000084c00000, 0x0000000084c00000| Untracked 
|  77|0x0000000084d00000, 0x0000000084d00000, 0x0000000084e00000|  0%| F|  |TAMS 0x0000000084d00000, 0x0000000084d00000| Untracked 
|  78|0x0000000084e00000, 0x0000000084e00000, 0x0000000084f00000|  0%| F|  |TAMS 0x0000000084e00000, 0x0000000084e00000| Untracked 
|  79|0x0000000084f00000, 0x0000000084f00000, 0x0000000085000000|  0%| F|  |TAMS 0x0000000084f00000, 0x0000000084f00000| Untracked 
|  80|0x0000000085000000, 0x0000000085000000, 0x0000000085100000|  0%| F|  |TAMS 0x0000000085000000, 0x0000000085000000| Untracked 
|  81|0x0000000085100000, 0x0000000085100000, 0x0000000085200000|  0%| F|  |TAMS 0x0000000085100000, 0x0000000085100000| Untracked 
|  82|0x0000000085200000, 0x0000000085200000, 0x0000000085300000|  0%| F|  |TAMS 0x0000000085200000, 0x0000000085200000| Untracked 
|  83|0x0000000085300000, 0x0000000085300000, 0x0000000085400000|  0%| F|  |TAMS 0x0000000085300000, 0x0000000085300000| Untracked 
|  84|0x0000000085400000, 0x0000000085400000, 0x0000000085500000|  0%| F|  |TAMS 0x0000000085400000, 0x0000000085400000| Untracked 
|  85|0x0000000085500000, 0x0000000085500000, 0x0000000085600000|  0%| F|  |TAMS 0x0000000085500000, 0x0000000085500000| Untracked 
|  86|0x0000000085600000, 0x0000000085600000, 0x0000000085700000|  0%| F|  |TAMS 0x0000000085600000, 0x0000000085600000| Untracked 
|  87|0x0000000085700000, 0x0000000085700000, 0x0000000085800000|  0%| F|  |TAMS 0x0000000085700000, 0x0000000085700000| Untracked 
|  88|0x0000000085800000, 0x0000000085800000, 0x0000000085900000|  0%| F|  |TAMS 0x0000000085800000, 0x0000000085800000| Untracked 
|  89|0x0000000085900000, 0x0000000085900000, 0x0000000085a00000|  0%| F|  |TAMS 0x0000000085900000, 0x0000000085900000| Untracked 
|  90|0x0000000085a00000, 0x0000000085a00000, 0x0000000085b00000|  0%| F|  |TAMS 0x0000000085a00000, 0x0000000085a00000| Untracked 
|  91|0x0000000085b00000, 0x0000000085b00000, 0x0000000085c00000|  0%| F|  |TAMS 0x0000000085b00000, 0x0000000085b00000| Untracked 
|  92|0x0000000085c00000, 0x0000000085c00000, 0x0000000085d00000|  0%| F|  |TAMS 0x0000000085c00000, 0x0000000085c00000| Untracked 
|  93|0x0000000085d00000, 0x0000000085d00000, 0x0000000085e00000|  0%| F|  |TAMS 0x0000000085d00000, 0x0000000085d00000| Untracked 
|  94|0x0000000085e00000, 0x0000000085e00000, 0x0000000085f00000|  0%| F|  |TAMS 0x0000000085e00000, 0x0000000085e00000| Untracked 
|  95|0x0000000085f00000, 0x0000000085f00000, 0x0000000086000000|  0%| F|  |TAMS 0x0000000085f00000, 0x0000000085f00000| Untracked 
|  96|0x0000000086000000, 0x0000000086000000, 0x0000000086100000|  0%| F|  |TAMS 0x0000000086000000, 0x0000000086000000| Untracked 
|  97|0x0000000086100000, 0x0000000086100000, 0x0000000086200000|  0%| F|  |TAMS 0x0000000086100000, 0x0000000086100000| Untracked 
|  98|0x0000000086200000, 0x0000000086200000, 0x0000000086300000|  0%| F|  |TAMS 0x0000000086200000, 0x0000000086200000| Untracked 
|  99|0x0000000086300000, 0x0000000086300000, 0x0000000086400000|  0%| F|  |TAMS 0x0000000086300000, 0x0000000086300000| Untracked 
| 100|0x0000000086400000, 0x0000000086400000, 0x0000000086500000|  0%| F|  |TAMS 0x0000000086400000, 0x0000000086400000| Untracked 
| 101|0x0000000086500000, 0x0000000086500000, 0x0000000086600000|  0%| F|  |TAMS 0x0000000086500000, 0x0000000086500000| Untracked 
| 102|0x0000000086600000, 0x0000000086600000, 0x0000000086700000|  0%| F|  |TAMS 0x0000000086600000, 0x0000000086600000| Untracked 
| 103|0x0000000086700000, 0x0000000086700000, 0x0000000086800000|  0%| F|  |TAMS 0x0000000086700000, 0x0000000086700000| Untracked 
| 104|0x0000000086800000, 0x0000000086800000, 0x0000000086900000|  0%| F|  |TAMS 0x0000000086800000, 0x0000000086800000| Untracked 
| 105|0x0000000086900000, 0x0000000086900000, 0x0000000086a00000|  0%| F|  |TAMS 0x0000000086900000, 0x0000000086900000| Untracked 
| 106|0x0000000086a00000, 0x0000000086a00000, 0x0000000086b00000|  0%| F|  |TAMS 0x0000000086a00000, 0x0000000086a00000| Untracked 
| 107|0x0000000086b00000, 0x0000000086b00000, 0x0000000086c00000|  0%| F|  |TAMS 0x0000000086b00000, 0x0000000086b00000| Untracked 
| 108|0x0000000086c00000, 0x0000000086c651d0, 0x0000000086d00000| 39%| S|CS|TAMS 0x0000000086c00000, 0x0000000086c00000| Complete 
| 109|0x0000000086d00000, 0x0000000086e00000, 0x0000000086e00000|100%| S|CS|TAMS 0x0000000086d00000, 0x0000000086d00000| Complete 
| 110|0x0000000086e00000, 0x0000000086f00000, 0x0000000086f00000|100%| S|CS|TAMS 0x0000000086e00000, 0x0000000086e00000| Complete 
| 111|0x0000000086f00000, 0x0000000087000000, 0x0000000087000000|100%| S|CS|TAMS 0x0000000086f00000, 0x0000000086f00000| Complete 
| 112|0x0000000087000000, 0x0000000087100000, 0x0000000087100000|100%| S|CS|TAMS 0x0000000087000000, 0x0000000087000000| Complete 
| 113|0x0000000087100000, 0x0000000087200000, 0x0000000087200000|100%| S|CS|TAMS 0x0000000087100000, 0x0000000087100000| Complete 
| 114|0x0000000087200000, 0x0000000087300000, 0x0000000087300000|100%| S|CS|TAMS 0x0000000087200000, 0x0000000087200000| Complete 
| 115|0x0000000087300000, 0x0000000087400000, 0x0000000087400000|100%| S|CS|TAMS 0x0000000087300000, 0x0000000087300000| Complete 
| 116|0x0000000087400000, 0x0000000087500000, 0x0000000087500000|100%| S|CS|TAMS 0x0000000087400000, 0x0000000087400000| Complete 
| 117|0x0000000087500000, 0x0000000087600000, 0x0000000087600000|100%| S|CS|TAMS 0x0000000087500000, 0x0000000087500000| Complete 
| 118|0x0000000087600000, 0x0000000087700000, 0x0000000087700000|100%| S|CS|TAMS 0x0000000087600000, 0x0000000087600000| Complete 
| 119|0x0000000087700000, 0x0000000087800000, 0x0000000087800000|100%| S|CS|TAMS 0x0000000087700000, 0x0000000087700000| Complete 
| 120|0x0000000087800000, 0x0000000087800000, 0x0000000087900000|  0%| F|  |TAMS 0x0000000087800000, 0x0000000087800000| Untracked 
| 121|0x0000000087900000, 0x0000000087900000, 0x0000000087a00000|  0%| F|  |TAMS 0x0000000087900000, 0x0000000087900000| Untracked 
| 122|0x0000000087a00000, 0x0000000087a00000, 0x0000000087b00000|  0%| F|  |TAMS 0x0000000087a00000, 0x0000000087a00000| Untracked 
| 123|0x0000000087b00000, 0x0000000087b00000, 0x0000000087c00000|  0%| F|  |TAMS 0x0000000087b00000, 0x0000000087b00000| Untracked 
| 124|0x0000000087c00000, 0x0000000087c00000, 0x0000000087d00000|  0%| F|  |TAMS 0x0000000087c00000, 0x0000000087c00000| Untracked 
| 125|0x0000000087d00000, 0x0000000087d00000, 0x0000000087e00000|  0%| F|  |TAMS 0x0000000087d00000, 0x0000000087d00000| Untracked 
| 126|0x0000000087e00000, 0x0000000087e00000, 0x0000000087f00000|  0%| F|  |TAMS 0x0000000087e00000, 0x0000000087e00000| Untracked 
| 127|0x0000000087f00000, 0x0000000087f00000, 0x0000000088000000|  0%| F|  |TAMS 0x0000000087f00000, 0x0000000087f00000| Untracked 
| 128|0x0000000088000000, 0x0000000088000000, 0x0000000088100000|  0%| F|  |TAMS 0x0000000088000000, 0x0000000088000000| Untracked 
| 129|0x0000000088100000, 0x0000000088100000, 0x0000000088200000|  0%| F|  |TAMS 0x0000000088100000, 0x0000000088100000| Untracked 
| 130|0x0000000088200000, 0x0000000088200000, 0x0000000088300000|  0%| F|  |TAMS 0x0000000088200000, 0x0000000088200000| Untracked 
| 131|0x0000000088300000, 0x0000000088300000, 0x0000000088400000|  0%| F|  |TAMS 0x0000000088300000, 0x0000000088300000| Untracked 
| 132|0x0000000088400000, 0x0000000088400000, 0x0000000088500000|  0%| F|  |TAMS 0x0000000088400000, 0x0000000088400000| Untracked 
| 133|0x0000000088500000, 0x0000000088500000, 0x0000000088600000|  0%| F|  |TAMS 0x0000000088500000, 0x0000000088500000| Untracked 
| 134|0x0000000088600000, 0x0000000088600000, 0x0000000088700000|  0%| F|  |TAMS 0x0000000088600000, 0x0000000088600000| Untracked 
| 135|0x0000000088700000, 0x0000000088700000, 0x0000000088800000|  0%| F|  |TAMS 0x0000000088700000, 0x0000000088700000| Untracked 
| 136|0x0000000088800000, 0x0000000088800000, 0x0000000088900000|  0%| F|  |TAMS 0x0000000088800000, 0x0000000088800000| Untracked 
| 137|0x0000000088900000, 0x0000000088900000, 0x0000000088a00000|  0%| F|  |TAMS 0x0000000088900000, 0x0000000088900000| Untracked 
| 138|0x0000000088a00000, 0x0000000088a00000, 0x0000000088b00000|  0%| F|  |TAMS 0x0000000088a00000, 0x0000000088a00000| Untracked 
| 139|0x0000000088b00000, 0x0000000088b00000, 0x0000000088c00000|  0%| F|  |TAMS 0x0000000088b00000, 0x0000000088b00000| Untracked 
| 140|0x0000000088c00000, 0x0000000088c00000, 0x0000000088d00000|  0%| F|  |TAMS 0x0000000088c00000, 0x0000000088c00000| Untracked 
| 141|0x0000000088d00000, 0x0000000088d00000, 0x0000000088e00000|  0%| F|  |TAMS 0x0000000088d00000, 0x0000000088d00000| Untracked 
| 142|0x0000000088e00000, 0x0000000088e00000, 0x0000000088f00000|  0%| F|  |TAMS 0x0000000088e00000, 0x0000000088e00000| Untracked 
| 143|0x0000000088f00000, 0x0000000088f00000, 0x0000000089000000|  0%| F|  |TAMS 0x0000000088f00000, 0x0000000088f00000| Untracked 
| 144|0x0000000089000000, 0x0000000089000000, 0x0000000089100000|  0%| F|  |TAMS 0x0000000089000000, 0x0000000089000000| Untracked 
| 145|0x0000000089100000, 0x0000000089100000, 0x0000000089200000|  0%| F|  |TAMS 0x0000000089100000, 0x0000000089100000| Untracked 
| 146|0x0000000089200000, 0x0000000089200000, 0x0000000089300000|  0%| F|  |TAMS 0x0000000089200000, 0x0000000089200000| Untracked 
| 147|0x0000000089300000, 0x0000000089300000, 0x0000000089400000|  0%| F|  |TAMS 0x0000000089300000, 0x0000000089300000| Untracked 
| 148|0x0000000089400000, 0x0000000089400000, 0x0000000089500000|  0%| F|  |TAMS 0x0000000089400000, 0x0000000089400000| Untracked 
| 149|0x0000000089500000, 0x0000000089500000, 0x0000000089600000|  0%| F|  |TAMS 0x0000000089500000, 0x0000000089500000| Untracked 
| 150|0x0000000089600000, 0x0000000089600000, 0x0000000089700000|  0%| F|  |TAMS 0x0000000089600000, 0x0000000089600000| Untracked 
| 151|0x0000000089700000, 0x0000000089700000, 0x0000000089800000|  0%| F|  |TAMS 0x0000000089700000, 0x0000000089700000| Untracked 
| 152|0x0000000089800000, 0x0000000089800000, 0x0000000089900000|  0%| F|  |TAMS 0x0000000089800000, 0x0000000089800000| Untracked 
| 153|0x0000000089900000, 0x0000000089900000, 0x0000000089a00000|  0%| F|  |TAMS 0x0000000089900000, 0x0000000089900000| Untracked 
| 154|0x0000000089a00000, 0x0000000089a00000, 0x0000000089b00000|  0%| F|  |TAMS 0x0000000089a00000, 0x0000000089a00000| Untracked 
| 155|0x0000000089b00000, 0x0000000089b00000, 0x0000000089c00000|  0%| F|  |TAMS 0x0000000089b00000, 0x0000000089b00000| Untracked 
| 156|0x0000000089c00000, 0x0000000089c00000, 0x0000000089d00000|  0%| F|  |TAMS 0x0000000089c00000, 0x0000000089c00000| Untracked 
| 157|0x0000000089d00000, 0x0000000089d00000, 0x0000000089e00000|  0%| F|  |TAMS 0x0000000089d00000, 0x0000000089d00000| Untracked 
| 158|0x0000000089e00000, 0x0000000089e00000, 0x0000000089f00000|  0%| F|  |TAMS 0x0000000089e00000, 0x0000000089e00000| Untracked 
| 159|0x0000000089f00000, 0x0000000089f00000, 0x000000008a000000|  0%| F|  |TAMS 0x0000000089f00000, 0x0000000089f00000| Untracked 
| 160|0x000000008a000000, 0x000000008a000000, 0x000000008a100000|  0%| F|  |TAMS 0x000000008a000000, 0x000000008a000000| Untracked 
| 161|0x000000008a100000, 0x000000008a100000, 0x000000008a200000|  0%| F|  |TAMS 0x000000008a100000, 0x000000008a100000| Untracked 
| 162|0x000000008a200000, 0x000000008a200000, 0x000000008a300000|  0%| F|  |TAMS 0x000000008a200000, 0x000000008a200000| Untracked 
| 163|0x000000008a300000, 0x000000008a300000, 0x000000008a400000|  0%| F|  |TAMS 0x000000008a300000, 0x000000008a300000| Untracked 
| 164|0x000000008a400000, 0x000000008a400000, 0x000000008a500000|  0%| F|  |TAMS 0x000000008a400000, 0x000000008a400000| Untracked 
| 165|0x000000008a500000, 0x000000008a500000, 0x000000008a600000|  0%| F|  |TAMS 0x000000008a500000, 0x000000008a500000| Untracked 
| 166|0x000000008a600000, 0x000000008a600000, 0x000000008a700000|  0%| F|  |TAMS 0x000000008a600000, 0x000000008a600000| Untracked 
| 167|0x000000008a700000, 0x000000008a700000, 0x000000008a800000|  0%| F|  |TAMS 0x000000008a700000, 0x000000008a700000| Untracked 
| 168|0x000000008a800000, 0x000000008a800000, 0x000000008a900000|  0%| F|  |TAMS 0x000000008a800000, 0x000000008a800000| Untracked 
| 169|0x000000008a900000, 0x000000008a900000, 0x000000008aa00000|  0%| F|  |TAMS 0x000000008a900000, 0x000000008a900000| Untracked 
| 170|0x000000008aa00000, 0x000000008aa00000, 0x000000008ab00000|  0%| F|  |TAMS 0x000000008aa00000, 0x000000008aa00000| Untracked 
| 171|0x000000008ab00000, 0x000000008ab00000, 0x000000008ac00000|  0%| F|  |TAMS 0x000000008ab00000, 0x000000008ab00000| Untracked 
| 172|0x000000008ac00000, 0x000000008ac00000, 0x000000008ad00000|  0%| F|  |TAMS 0x000000008ac00000, 0x000000008ac00000| Untracked 
| 173|0x000000008ad00000, 0x000000008ad00000, 0x000000008ae00000|  0%| F|  |TAMS 0x000000008ad00000, 0x000000008ad00000| Untracked 
| 174|0x000000008ae00000, 0x000000008ae00000, 0x000000008af00000|  0%| F|  |TAMS 0x000000008ae00000, 0x000000008ae00000| Untracked 
| 175|0x000000008af00000, 0x000000008af00000, 0x000000008b000000|  0%| F|  |TAMS 0x000000008af00000, 0x000000008af00000| Untracked 
| 176|0x000000008b000000, 0x000000008b000000, 0x000000008b100000|  0%| F|  |TAMS 0x000000008b000000, 0x000000008b000000| Untracked 
| 177|0x000000008b100000, 0x000000008b100000, 0x000000008b200000|  0%| F|  |TAMS 0x000000008b100000, 0x000000008b100000| Untracked 
| 178|0x000000008b200000, 0x000000008b200000, 0x000000008b300000|  0%| F|  |TAMS 0x000000008b200000, 0x000000008b200000| Untracked 
| 179|0x000000008b300000, 0x000000008b300000, 0x000000008b400000|  0%| F|  |TAMS 0x000000008b300000, 0x000000008b300000| Untracked 
| 180|0x000000008b400000, 0x000000008b400000, 0x000000008b500000|  0%| F|  |TAMS 0x000000008b400000, 0x000000008b400000| Untracked 
| 181|0x000000008b500000, 0x000000008b500000, 0x000000008b600000|  0%| F|  |TAMS 0x000000008b500000, 0x000000008b500000| Untracked 
| 182|0x000000008b600000, 0x000000008b600000, 0x000000008b700000|  0%| F|  |TAMS 0x000000008b600000, 0x000000008b600000| Untracked 
| 183|0x000000008b700000, 0x000000008b700000, 0x000000008b800000|  0%| F|  |TAMS 0x000000008b700000, 0x000000008b700000| Untracked 
| 184|0x000000008b800000, 0x000000008b800000, 0x000000008b900000|  0%| F|  |TAMS 0x000000008b800000, 0x000000008b800000| Untracked 
| 185|0x000000008b900000, 0x000000008b900000, 0x000000008ba00000|  0%| F|  |TAMS 0x000000008b900000, 0x000000008b900000| Untracked 
| 186|0x000000008ba00000, 0x000000008ba00000, 0x000000008bb00000|  0%| F|  |TAMS 0x000000008ba00000, 0x000000008ba00000| Untracked 
| 187|0x000000008bb00000, 0x000000008bb00000, 0x000000008bc00000|  0%| F|  |TAMS 0x000000008bb00000, 0x000000008bb00000| Untracked 
| 188|0x000000008bc00000, 0x000000008bc00000, 0x000000008bd00000|  0%| F|  |TAMS 0x000000008bc00000, 0x000000008bc00000| Untracked 
| 189|0x000000008bd00000, 0x000000008bd00000, 0x000000008be00000|  0%| F|  |TAMS 0x000000008bd00000, 0x000000008bd00000| Untracked 
| 190|0x000000008be00000, 0x000000008be00000, 0x000000008bf00000|  0%| F|  |TAMS 0x000000008be00000, 0x000000008be00000| Untracked 
| 191|0x000000008bf00000, 0x000000008bf00000, 0x000000008c000000|  0%| F|  |TAMS 0x000000008bf00000, 0x000000008bf00000| Untracked 
| 192|0x000000008c000000, 0x000000008c000000, 0x000000008c100000|  0%| F|  |TAMS 0x000000008c000000, 0x000000008c000000| Untracked 
| 193|0x000000008c100000, 0x000000008c100000, 0x000000008c200000|  0%| F|  |TAMS 0x000000008c100000, 0x000000008c100000| Untracked 
| 194|0x000000008c200000, 0x000000008c200000, 0x000000008c300000|  0%| F|  |TAMS 0x000000008c200000, 0x000000008c200000| Untracked 
| 195|0x000000008c300000, 0x000000008c300000, 0x000000008c400000|  0%| F|  |TAMS 0x000000008c300000, 0x000000008c300000| Untracked 
| 196|0x000000008c400000, 0x000000008c400000, 0x000000008c500000|  0%| F|  |TAMS 0x000000008c400000, 0x000000008c400000| Untracked 
| 197|0x000000008c500000, 0x000000008c500000, 0x000000008c600000|  0%| F|  |TAMS 0x000000008c500000, 0x000000008c500000| Untracked 
| 198|0x000000008c600000, 0x000000008c600000, 0x000000008c700000|  0%| F|  |TAMS 0x000000008c600000, 0x000000008c600000| Untracked 
| 199|0x000000008c700000, 0x000000008c700000, 0x000000008c800000|  0%| F|  |TAMS 0x000000008c700000, 0x000000008c700000| Untracked 
| 200|0x000000008c800000, 0x000000008c800000, 0x000000008c900000|  0%| F|  |TAMS 0x000000008c800000, 0x000000008c800000| Untracked 
| 201|0x000000008c900000, 0x000000008c900000, 0x000000008ca00000|  0%| F|  |TAMS 0x000000008c900000, 0x000000008c900000| Untracked 
| 202|0x000000008ca00000, 0x000000008ca00000, 0x000000008cb00000|  0%| F|  |TAMS 0x000000008ca00000, 0x000000008ca00000| Untracked 
| 203|0x000000008cb00000, 0x000000008cb00000, 0x000000008cc00000|  0%| F|  |TAMS 0x000000008cb00000, 0x000000008cb00000| Untracked 
| 204|0x000000008cc00000, 0x000000008cc00000, 0x000000008cd00000|  0%| F|  |TAMS 0x000000008cc00000, 0x000000008cc00000| Untracked 
| 205|0x000000008cd00000, 0x000000008cd00000, 0x000000008ce00000|  0%| F|  |TAMS 0x000000008cd00000, 0x000000008cd00000| Untracked 
| 206|0x000000008ce00000, 0x000000008ce00000, 0x000000008cf00000|  0%| F|  |TAMS 0x000000008ce00000, 0x000000008ce00000| Untracked 
| 207|0x000000008cf00000, 0x000000008cf00000, 0x000000008d000000|  0%| F|  |TAMS 0x000000008cf00000, 0x000000008cf00000| Untracked 
| 208|0x000000008d000000, 0x000000008d000000, 0x000000008d100000|  0%| F|  |TAMS 0x000000008d000000, 0x000000008d000000| Untracked 
| 209|0x000000008d100000, 0x000000008d100000, 0x000000008d200000|  0%| F|  |TAMS 0x000000008d100000, 0x000000008d100000| Untracked 
| 210|0x000000008d200000, 0x000000008d200000, 0x000000008d300000|  0%| F|  |TAMS 0x000000008d200000, 0x000000008d200000| Untracked 
| 211|0x000000008d300000, 0x000000008d300000, 0x000000008d400000|  0%| F|  |TAMS 0x000000008d300000, 0x000000008d300000| Untracked 
| 212|0x000000008d400000, 0x000000008d400000, 0x000000008d500000|  0%| F|  |TAMS 0x000000008d400000, 0x000000008d400000| Untracked 
| 213|0x000000008d500000, 0x000000008d500000, 0x000000008d600000|  0%| F|  |TAMS 0x000000008d500000, 0x000000008d500000| Untracked 
| 214|0x000000008d600000, 0x000000008d600000, 0x000000008d700000|  0%| F|  |TAMS 0x000000008d600000, 0x000000008d600000| Untracked 
| 215|0x000000008d700000, 0x000000008d700000, 0x000000008d800000|  0%| F|  |TAMS 0x000000008d700000, 0x000000008d700000| Untracked 
| 216|0x000000008d800000, 0x000000008d800000, 0x000000008d900000|  0%| F|  |TAMS 0x000000008d800000, 0x000000008d800000| Untracked 
| 217|0x000000008d900000, 0x000000008d900000, 0x000000008da00000|  0%| F|  |TAMS 0x000000008d900000, 0x000000008d900000| Untracked 
| 218|0x000000008da00000, 0x000000008da00000, 0x000000008db00000|  0%| F|  |TAMS 0x000000008da00000, 0x000000008da00000| Untracked 
| 219|0x000000008db00000, 0x000000008db00000, 0x000000008dc00000|  0%| F|  |TAMS 0x000000008db00000, 0x000000008db00000| Untracked 
| 220|0x000000008dc00000, 0x000000008dc00000, 0x000000008dd00000|  0%| F|  |TAMS 0x000000008dc00000, 0x000000008dc00000| Untracked 
| 221|0x000000008dd00000, 0x000000008dd00000, 0x000000008de00000|  0%| F|  |TAMS 0x000000008dd00000, 0x000000008dd00000| Untracked 
| 222|0x000000008de00000, 0x000000008de00000, 0x000000008df00000|  0%| F|  |TAMS 0x000000008de00000, 0x000000008de00000| Untracked 
| 223|0x000000008df00000, 0x000000008df00000, 0x000000008e000000|  0%| F|  |TAMS 0x000000008df00000, 0x000000008df00000| Untracked 
| 224|0x000000008e000000, 0x000000008e000000, 0x000000008e100000|  0%| F|  |TAMS 0x000000008e000000, 0x000000008e000000| Untracked 
| 225|0x000000008e100000, 0x000000008e100000, 0x000000008e200000|  0%| F|  |TAMS 0x000000008e100000, 0x000000008e100000| Untracked 
| 226|0x000000008e200000, 0x000000008e200000, 0x000000008e300000|  0%| F|  |TAMS 0x000000008e200000, 0x000000008e200000| Untracked 
| 227|0x000000008e300000, 0x000000008e300000, 0x000000008e400000|  0%| F|  |TAMS 0x000000008e300000, 0x000000008e300000| Untracked 
| 228|0x000000008e400000, 0x000000008e400000, 0x000000008e500000|  0%| F|  |TAMS 0x000000008e400000, 0x000000008e400000| Untracked 
| 229|0x000000008e500000, 0x000000008e500000, 0x000000008e600000|  0%| F|  |TAMS 0x000000008e500000, 0x000000008e500000| Untracked 
| 230|0x000000008e600000, 0x000000008e600000, 0x000000008e700000|  0%| F|  |TAMS 0x000000008e600000, 0x000000008e600000| Untracked 
| 231|0x000000008e700000, 0x000000008e700000, 0x000000008e800000|  0%| F|  |TAMS 0x000000008e700000, 0x000000008e700000| Untracked 
| 232|0x000000008e800000, 0x000000008e800000, 0x000000008e900000|  0%| F|  |TAMS 0x000000008e800000, 0x000000008e800000| Untracked 
| 233|0x000000008e900000, 0x000000008e900000, 0x000000008ea00000|  0%| F|  |TAMS 0x000000008e900000, 0x000000008e900000| Untracked 
| 234|0x000000008ea00000, 0x000000008ea00000, 0x000000008eb00000|  0%| F|  |TAMS 0x000000008ea00000, 0x000000008ea00000| Untracked 
| 235|0x000000008eb00000, 0x000000008eb00000, 0x000000008ec00000|  0%| F|  |TAMS 0x000000008eb00000, 0x000000008eb00000| Untracked 
| 236|0x000000008ec00000, 0x000000008ec00000, 0x000000008ed00000|  0%| F|  |TAMS 0x000000008ec00000, 0x000000008ec00000| Untracked 
| 237|0x000000008ed00000, 0x000000008ed00000, 0x000000008ee00000|  0%| F|  |TAMS 0x000000008ed00000, 0x000000008ed00000| Untracked 
| 238|0x000000008ee00000, 0x000000008ee00000, 0x000000008ef00000|  0%| F|  |TAMS 0x000000008ee00000, 0x000000008ee00000| Untracked 
| 239|0x000000008ef00000, 0x000000008ef00000, 0x000000008f000000|  0%| F|  |TAMS 0x000000008ef00000, 0x000000008ef00000| Untracked 
| 240|0x000000008f000000, 0x000000008f000000, 0x000000008f100000|  0%| F|  |TAMS 0x000000008f000000, 0x000000008f000000| Untracked 
| 241|0x000000008f100000, 0x000000008f100000, 0x000000008f200000|  0%| F|  |TAMS 0x000000008f100000, 0x000000008f100000| Untracked 
| 242|0x000000008f200000, 0x000000008f200000, 0x000000008f300000|  0%| F|  |TAMS 0x000000008f200000, 0x000000008f200000| Untracked 
| 243|0x000000008f300000, 0x000000008f300000, 0x000000008f400000|  0%| F|  |TAMS 0x000000008f300000, 0x000000008f300000| Untracked 
| 244|0x000000008f400000, 0x000000008f400000, 0x000000008f500000|  0%| F|  |TAMS 0x000000008f400000, 0x000000008f400000| Untracked 
| 245|0x000000008f500000, 0x000000008f580800, 0x000000008f600000| 50%| E|  |TAMS 0x000000008f500000, 0x000000008f500000| Complete 
| 246|0x000000008f600000, 0x000000008f700000, 0x000000008f700000|100%| E|CS|TAMS 0x000000008f600000, 0x000000008f600000| Complete 
| 247|0x000000008f700000, 0x000000008f800000, 0x000000008f800000|100%| E|CS|TAMS 0x000000008f700000, 0x000000008f700000| Complete 
| 248|0x000000008f800000, 0x000000008f900000, 0x000000008f900000|100%| E|CS|TAMS 0x000000008f800000, 0x000000008f800000| Complete 
| 249|0x000000008f900000, 0x000000008fa00000, 0x000000008fa00000|100%| E|CS|TAMS 0x000000008f900000, 0x000000008f900000| Complete 
| 250|0x000000008fa00000, 0x000000008fb00000, 0x000000008fb00000|100%| E|CS|TAMS 0x000000008fa00000, 0x000000008fa00000| Complete 
| 251|0x000000008fb00000, 0x000000008fc00000, 0x000000008fc00000|100%| E|CS|TAMS 0x000000008fb00000, 0x000000008fb00000| Complete 
| 252|0x000000008fc00000, 0x000000008fd00000, 0x000000008fd00000|100%| E|CS|TAMS 0x000000008fc00000, 0x000000008fc00000| Complete 
| 253|0x000000008fd00000, 0x000000008fe00000, 0x000000008fe00000|100%| E|CS|TAMS 0x000000008fd00000, 0x000000008fd00000| Complete 

Card table byte_map: [0x000001de3e3e0000,0x000001de3e7e0000] _byte_map_base: 0x000001de3dfe0000

Marking Bits (Prev, Next): (CMBitMap*) 0x000001de2b1e81f0, (CMBitMap*) 0x000001de2b1e81b8
 Prev Bits: [0x000001de40be0000, 0x000001de42be0000)
 Next Bits: [0x000001de3ebe0000, 0x000001de40be0000)

Polling page: 0x000001de29110000

Metaspace:

Usage:
  Non-class:     57.85 MB capacity,    56.86 MB ( 98%) used,   849.80 KB (  1%) free+waste,   168.00 KB ( <1%) overhead. 
      Class:      8.82 MB capacity,     8.23 MB ( 93%) used,   523.52 KB (  6%) free+waste,    78.25 KB ( <1%) overhead. 
       Both:     66.67 MB capacity,    65.09 MB ( 98%) used,     1.34 MB (  2%) free+waste,   246.25 KB ( <1%) overhead. 

Virtual space:
  Non-class space:       60.00 MB reserved,      58.01 MB ( 97%) committed 
      Class space:        1.00 GB reserved,       8.88 MB ( <1%) committed 
             Both:        1.06 GB reserved,      66.88 MB (  6%) committed 

Chunk freelists:
   Non-Class:  34.00 KB
       Class:  27.00 KB
        Both:  61.00 KB

MaxMetaspaceSize: 17179869184.00 GB
CompressedClassSpaceSize: 1.00 GB
Initial GC threshold: 20.80 MB
Current GC threshold: 98.55 MB
CDS: off

CodeHeap 'non-profiled nmethods': size=120000Kb used=4193Kb max_used=4193Kb free=115806Kb
 bounds [0x000001de36780000, 0x000001de36ba0000, 0x000001de3dcb0000]
CodeHeap 'profiled nmethods': size=120000Kb used=14082Kb max_used=14082Kb free=105917Kb
 bounds [0x000001de2f250000, 0x000001de30020000, 0x000001de36780000]
CodeHeap 'non-nmethods': size=5760Kb used=2356Kb max_used=2407Kb free=3403Kb
 bounds [0x000001de2ecb0000, 0x000001de2ef20000, 0x000001de2f250000]
 total_blobs=7480 nmethods=6620 adapters=772
 compilation: enabled
              stopped_count=0, restarted_count=0
 full_count=0

Compilation events (20 events):
Event: 10.954 Thread 0x000001de45f34000 6638       3       org.gradle.api.internal.artifacts.configurations.DefaultConfiguration$$Lambda$448/0x00000001005cf440::get$Lambda (10 bytes)
Event: 10.954 Thread 0x000001de45f34000 nmethod 6638 0x000001de3000b590 code [0x000001de3000b760, 0x000001de3000ba18]
Event: 10.955 Thread 0x000001de45f34000 6639       3       org.gradle.api.internal.attributes.DefaultImmutableAttributesFactory::isolate (40 bytes)
Event: 10.955 Thread 0x000001de45f34000 nmethod 6639 0x000001de3000bb10 code [0x000001de3000bd40, 0x000001de3000c718]
Event: 10.955 Thread 0x000001de45f34000 6640   !   3       jdk.internal.reflect.GeneratedConstructorAccessor19::newInstance (61 bytes)
Event: 10.957 Thread 0x000001de45f34000 nmethod 6640 0x000001de3000ca10 code [0x000001de3000cd20, 0x000001de3000df48]
Event: 10.996 Thread 0x000001de45f34000 6641       1       com.android.build.gradle.internal.publishing.OutputSpecImpl::getOutputType (5 bytes)
Event: 10.996 Thread 0x000001de45f34000 nmethod 6641 0x000001de36b97810 code [0x000001de36b979c0, 0x000001de36b97a78]
Event: 10.998 Thread 0x000001de45f34000 6642       1       com.android.build.gradle.internal.publishing.OutputSpecImpl::getLibraryElements (5 bytes)
Event: 10.998 Thread 0x000001de45f34000 nmethod 6642 0x000001de36b97b10 code [0x000001de36b97cc0, 0x000001de36b97d78]
Event: 10.998 Thread 0x000001de45f34000 6643       1       com.android.build.gradle.internal.publishing.OutputSpecImpl::getArtifactType (5 bytes)
Event: 10.998 Thread 0x000001de45f34000 nmethod 6643 0x000001de36b97e10 code [0x000001de36b97fc0, 0x000001de36b98078]
Event: 10.998 Thread 0x000001de45f34000 6644       1       com.android.build.gradle.internal.publishing.OutputSpecImpl::getPublishedConfigTypes (5 bytes)
Event: 10.999 Thread 0x000001de45f34000 nmethod 6644 0x000001de36b98110 code [0x000001de36b982c0, 0x000001de36b98378]
Event: 10.999 Thread 0x000001de45f34000 6645       1       com.google.common.collect.SingletonImmutableList::size (2 bytes)
Event: 10.999 Thread 0x000001de45f34000 nmethod 6645 0x000001de36b98410 code [0x000001de36b985c0, 0x000001de36b98678]
Event: 11.000 Thread 0x000001de45f34000 6646       3       org.gradle.api.internal.provider.AbstractProperty::calculateOwnValue (15 bytes)
Event: 11.001 Thread 0x000001de45f34000 nmethod 6646 0x000001de3000e710 code [0x000001de3000e920, 0x000001de3000edf8]
Event: 11.001 Thread 0x000001de45f34000 6647       3       org.gradle.api.internal.provider.AbstractProperty::beforeRead (29 bytes)
Event: 11.001 Thread 0x000001de45f34000 nmethod 6647 0x000001de3000ef90 code [0x000001de3000f180, 0x000001de3000f5c8]

GC Heap History (16 events):
Event: 1.062 GC heap before
{Heap before GC invocations=0 (full 0):
 garbage-first heap   total 260096K, used 29696K [0x0000000080000000, 0x0000000100000000)
  region size 1024K, 24 young (24576K), 0 survivors (0K)
 Metaspace       used 10115K, capacity 10339K, committed 10624K, reserved 1058816K
  class space    used 1034K, capacity 1106K, committed 1152K, reserved 1048576K
}
Event: 1.065 GC heap after
{Heap after GC invocations=1 (full 0):
 garbage-first heap   total 260096K, used 9338K [0x0000000080000000, 0x0000000100000000)
  region size 1024K, 3 young (3072K), 3 survivors (3072K)
 Metaspace       used 10115K, capacity 10339K, committed 10624K, reserved 1058816K
  class space    used 1034K, capacity 1106K, committed 1152K, reserved 1048576K
}
Event: 3.590 GC heap before
{Heap before GC invocations=1 (full 0):
 garbage-first heap   total 260096K, used 114810K [0x0000000080000000, 0x0000000100000000)
  region size 1024K, 107 young (109568K), 3 survivors (3072K)
 Metaspace       used 20777K, capacity 21199K, committed 21296K, reserved 1069056K
  class space    used 2530K, capacity 2686K, committed 2688K, reserved 1048576K
}
Event: 3.598 GC heap after
{Heap after GC invocations=2 (full 0):
 garbage-first heap   total 260096K, used 16847K [0x0000000080000000, 0x0000000100000000)
  region size 1024K, 11 young (11264K), 11 survivors (11264K)
 Metaspace       used 20777K, capacity 21199K, committed 21296K, reserved 1069056K
  class space    used 2530K, capacity 2686K, committed 2688K, reserved 1048576K
}
Event: 4.329 GC heap before
{Heap before GC invocations=3 (full 0):
 garbage-first heap   total 260096K, used 85455K [0x0000000080000000, 0x0000000100000000)
  region size 1024K, 78 young (79872K), 11 survivors (11264K)
 Metaspace       used 27466K, capacity 28117K, committed 28336K, reserved 1073152K
  class space    used 3567K, capacity 3812K, committed 3840K, reserved 1048576K
}
Event: 4.335 GC heap after
{Heap after GC invocations=4 (full 0):
 garbage-first heap   total 260096K, used 19398K [0x0000000080000000, 0x0000000100000000)
  region size 1024K, 3 young (3072K), 3 survivors (3072K)
 Metaspace       used 27466K, capacity 28117K, committed 28336K, reserved 1073152K
  class space    used 3567K, capacity 3812K, committed 3840K, reserved 1048576K
}
Event: 4.936 GC heap before
{Heap before GC invocations=4 (full 0):
 garbage-first heap   total 260096K, used 66502K [0x0000000080000000, 0x0000000100000000)
  region size 1024K, 50 young (51200K), 3 survivors (3072K)
 Metaspace       used 35042K, capacity 35763K, committed 35920K, reserved 1081344K
  class space    used 4498K, capacity 4788K, committed 4864K, reserved 1048576K
}
Event: 4.943 GC heap after
{Heap after GC invocations=5 (full 0):
 garbage-first heap   total 260096K, used 22430K [0x0000000080000000, 0x0000000100000000)
  region size 1024K, 6 young (6144K), 6 survivors (6144K)
 Metaspace       used 35042K, capacity 35763K, committed 35920K, reserved 1081344K
  class space    used 4498K, capacity 4788K, committed 4864K, reserved 1048576K
}
Event: 6.533 GC heap before
{Heap before GC invocations=6 (full 0):
 garbage-first heap   total 260096K, used 144286K [0x0000000080000000, 0x0000000100000000)
  region size 1024K, 122 young (124928K), 6 survivors (6144K)
 Metaspace       used 45037K, capacity 46058K, committed 46160K, reserved 1089536K
  class space    used 5711K, capacity 6073K, committed 6144K, reserved 1048576K
}
Event: 6.541 GC heap after
{Heap after GC invocations=7 (full 0):
 garbage-first heap   total 260096K, used 29501K [0x0000000080000000, 0x0000000100000000)
  region size 1024K, 13 young (13312K), 13 survivors (13312K)
 Metaspace       used 45037K, capacity 46058K, committed 46160K, reserved 1089536K
  class space    used 5711K, capacity 6073K, committed 6144K, reserved 1048576K
}
Event: 8.390 GC heap before
{Heap before GC invocations=7 (full 0):
 garbage-first heap   total 260096K, used 168765K [0x0000000080000000, 0x0000000100000000)
  region size 1024K, 145 young (148480K), 13 survivors (13312K)
 Metaspace       used 54437K, capacity 55835K, committed 56016K, reserved 1097728K
  class space    used 6903K, capacity 7444K, committed 7552K, reserved 1048576K
}
Event: 8.404 GC heap after
{Heap after GC invocations=8 (full 0):
 garbage-first heap   total 260096K, used 42372K [0x0000000080000000, 0x0000000100000000)
  region size 1024K, 16 young (16384K), 16 survivors (16384K)
 Metaspace       used 54437K, capacity 55835K, committed 56016K, reserved 1097728K
  class space    used 6903K, capacity 7444K, committed 7552K, reserved 1048576K
}
Event: 8.965 GC heap before
{Heap before GC invocations=8 (full 0):
 garbage-first heap   total 260096K, used 70020K [0x0000000080000000, 0x0000000100000000)
  region size 1024K, 44 young (45056K), 16 survivors (16384K)
 Metaspace       used 58756K, capacity 60121K, committed 60296K, reserved 1101824K
  class space    used 7423K, capacity 7974K, committed 8064K, reserved 1048576K
}
Event: 8.980 GC heap after
{Heap after GC invocations=9 (full 0):
 garbage-first heap   total 260096K, used 44127K [0x0000000080000000, 0x0000000100000000)
  region size 1024K, 11 young (11264K), 11 survivors (11264K)
 Metaspace       used 58756K, capacity 60121K, committed 60296K, reserved 1101824K
  class space    used 7423K, capacity 7974K, committed 8064K, reserved 1048576K
}
Event: 10.874 GC heap before
{Heap before GC invocations=10 (full 0):
 garbage-first heap   total 260096K, used 177247K [0x0000000080000000, 0x0000000100000000)
  region size 1024K, 134 young (137216K), 11 survivors (11264K)
 Metaspace       used 65574K, capacity 67178K, committed 67336K, reserved 1107968K
  class space    used 8287K, capacity 8901K, committed 8960K, reserved 1048576K
}
Event: 10.886 GC heap after
{Heap after GC invocations=11 (full 0):
 garbage-first heap   total 260096K, used 53931K [0x0000000080000000, 0x0000000100000000)
  region size 1024K, 12 young (12288K), 12 survivors (12288K)
 Metaspace       used 65574K, capacity 67178K, committed 67336K, reserved 1107968K
  class space    used 8287K, capacity 8901K, committed 8960K, reserved 1048576K
}

Deoptimization events (20 events):
Event: 10.614 Thread 0x000001de487ce000 DEOPT PACKING pc=0x000001de36937900 sp=0x00000016be1f5560
Event: 10.614 Thread 0x000001de487ce000 DEOPT UNPACKING pc=0x000001de2ecb85af sp=0x00000016be1f5510 mode 2
Event: 10.711 Thread 0x000001de487ce000 Uncommon trap: trap_request=0xfffffff4 fr.pc=0x000001de36b803d4 relative=0x0000000000000a34
Event: 10.711 Thread 0x000001de487ce000 Uncommon trap: reason=null_check action=make_not_entrant pc=0x000001de36b803d4 method=com.sun.beans.introspect.MethodInfo$MethodOrder.compare(Ljava/lang/reflect/Method;Ljava/lang/reflect/Method;)I @ 133 c2
Event: 10.711 Thread 0x000001de487ce000 DEOPT PACKING pc=0x000001de36b803d4 sp=0x00000016be1f34a0
Event: 10.711 Thread 0x000001de487ce000 DEOPT UNPACKING pc=0x000001de2ecb85af sp=0x00000016be1f33d0 mode 2
Event: 10.711 Thread 0x000001de487ce000 Uncommon trap: trap_request=0xfffffff4 fr.pc=0x000001de36b822d8 relative=0x00000000000009b8
Event: 10.711 Thread 0x000001de487ce000 Uncommon trap: reason=null_check action=make_not_entrant pc=0x000001de36b822d8 method=com.sun.beans.introspect.MethodInfo$MethodOrder.compare(Ljava/lang/reflect/Method;Ljava/lang/reflect/Method;)I @ 133 c2
Event: 10.711 Thread 0x000001de487ce000 DEOPT PACKING pc=0x000001de36b822d8 sp=0x00000016be1f3430
Event: 10.711 Thread 0x000001de487ce000 DEOPT UNPACKING pc=0x000001de2ecb85af sp=0x00000016be1f33e8 mode 2
Event: 10.780 Thread 0x000001de487ce000 Uncommon trap: trap_request=0xffffff4d fr.pc=0x000001de3696d5ac relative=0x0000000000000f2c
Event: 10.780 Thread 0x000001de487ce000 Uncommon trap: reason=unstable_if action=reinterpret pc=0x000001de3696d5ac method=org.codehaus.groovy.runtime.metaclass.MetaMethodIndex.isOverridden(Lgroovy/lang/MetaMethod;Lgroovy/lang/MetaMethod;)Z @ 33 c2
Event: 10.780 Thread 0x000001de487ce000 DEOPT PACKING pc=0x000001de3696d5ac sp=0x00000016be1f43d0
Event: 10.780 Thread 0x000001de487ce000 DEOPT UNPACKING pc=0x000001de2ecb85af sp=0x00000016be1f4328 mode 2
Event: 10.784 Thread 0x000001de487ce000 Uncommon trap: trap_request=0xfffffff4 fr.pc=0x000001de36b8b334 relative=0x00000000000009f4
Event: 10.784 Thread 0x000001de487ce000 Uncommon trap: reason=null_check action=make_not_entrant pc=0x000001de36b8b334 method=com.sun.beans.introspect.MethodInfo$MethodOrder.compare(Ljava/lang/reflect/Method;Ljava/lang/reflect/Method;)I @ 145 c2
Event: 10.784 Thread 0x000001de487ce000 DEOPT PACKING pc=0x000001de36b8b334 sp=0x00000016be1f2190
Event: 10.784 Thread 0x000001de487ce000 DEOPT UNPACKING pc=0x000001de2ecb85af sp=0x00000016be1f20c0 mode 2
Event: 10.948 Thread 0x000001de487ce000 DEOPT PACKING pc=0x000001de2fe2586a sp=0x00000016be1f8900
Event: 10.948 Thread 0x000001de487ce000 DEOPT UNPACKING pc=0x000001de2ecf9d0e sp=0x00000016be1f7da0 mode 0

Classes redefined (0 events):
No events

Internal exceptions (20 events):
Event: 10.797 Thread 0x000001de487ce000 Exception <a 'java/lang/ClassNotFoundException'{0x0000000087f32800}: build_48t4u2i3icy633cqfglih5zuk$_run_closure1BeanInfo> (0x0000000087f32800) thrown at [./src/hotspot/share/classfile/systemDictionary.cpp, line 231]
Event: 10.797 Thread 0x000001de487ce000 Exception <a 'java/lang/ClassNotFoundException'{0x0000000087f44660}: build_48t4u2i3icy633cqfglih5zuk$_run_closure1Customizer> (0x0000000087f44660) thrown at [./src/hotspot/share/classfile/systemDictionary.cpp, line 231]
Event: 10.802 Thread 0x000001de487ce000 Exception <a 'java/lang/ClassNotFoundException'{0x0000000087fa9218}: org/gradle/api/JavaVersionBeanInfo> (0x0000000087fa9218) thrown at [./src/hotspot/share/classfile/systemDictionary.cpp, line 231]
Event: 10.802 Thread 0x000001de487ce000 Exception <a 'java/lang/ClassNotFoundException'{0x0000000087fd8098}: org/gradle/api/JavaVersionCustomizer> (0x0000000087fd8098) thrown at [./src/hotspot/share/classfile/systemDictionary.cpp, line 231]
Event: 10.805 Thread 0x000001de487ce000 Exception <a 'java/lang/ClassNotFoundException'{0x0000000087e43390}: com/android/build/gradle/internal/CompileOptions$AgpDecorated_DecoratedBeanInfo> (0x0000000087e43390) thrown at [./src/hotspot/share/classfile/systemDictionary.cpp, line 231]
Event: 10.805 Thread 0x000001de487ce000 Exception <a 'java/lang/ClassNotFoundException'{0x0000000087e619c8}: com/android/build/gradle/internal/CompileOptions$AgpDecoratedBeanInfo> (0x0000000087e619c8) thrown at [./src/hotspot/share/classfile/systemDictionary.cpp, line 231]
Event: 10.806 Thread 0x000001de487ce000 Exception <a 'java/lang/ClassNotFoundException'{0x0000000087e7da08}: com/android/build/gradle/internal/CompileOptionsBeanInfo> (0x0000000087e7da08) thrown at [./src/hotspot/share/classfile/systemDictionary.cpp, line 231]
Event: 10.806 Thread 0x000001de487ce000 Exception <a 'java/lang/ClassNotFoundException'{0x0000000087e9a7d8}: com/android/build/gradle/internal/CompileOptionsCustomizer> (0x0000000087e9a7d8) thrown at [./src/hotspot/share/classfile/systemDictionary.cpp, line 231]
Event: 10.806 Thread 0x000001de487ce000 Exception <a 'java/lang/ClassNotFoundException'{0x0000000087ec5248}: com/android/build/gradle/internal/CompileOptions$AgpDecoratedCustomizer> (0x0000000087ec5248) thrown at [./src/hotspot/share/classfile/systemDictionary.cpp, line 231]
Event: 10.807 Thread 0x000001de487ce000 Exception <a 'java/lang/ClassNotFoundException'{0x0000000087ef2870}: com/android/build/gradle/internal/CompileOptions$AgpDecorated_DecoratedCustomizer> (0x0000000087ef2870) thrown at [./src/hotspot/share/classfile/systemDictionary.cpp, line 231]
Event: 10.821 Thread 0x000001de487ce000 Exception <a 'java/lang/ClassNotFoundException'{0x0000000087c0af38}: com/android/build/gradle/internal/dsl/ApplicationBuildFeaturesImpl_DecoratedBeanInfo> (0x0000000087c0af38) thrown at [./src/hotspot/share/classfile/systemDictionary.cpp, line 231]
Event: 10.822 Thread 0x000001de487ce000 Exception <a 'java/lang/ClassNotFoundException'{0x0000000087c2a1f8}: com/android/build/gradle/internal/dsl/ApplicationBuildFeaturesImplBeanInfo> (0x0000000087c2a1f8) thrown at [./src/hotspot/share/classfile/systemDictionary.cpp, line 231]
Event: 10.822 Thread 0x000001de487ce000 Exception <a 'java/lang/ClassNotFoundException'{0x0000000087c47760}: com/android/build/gradle/internal/dsl/BuildFeaturesImplBeanInfo> (0x0000000087c47760) thrown at [./src/hotspot/share/classfile/systemDictionary.cpp, line 231]
Event: 10.823 Thread 0x000001de487ce000 Exception <a 'java/lang/ClassNotFoundException'{0x0000000087c64fa8}: com/android/build/gradle/internal/dsl/BuildFeaturesImplCustomizer> (0x0000000087c64fa8) thrown at [./src/hotspot/share/classfile/systemDictionary.cpp, line 231]
Event: 10.824 Thread 0x000001de487ce000 Exception <a 'java/lang/ClassNotFoundException'{0x0000000087c8fcd0}: com/android/build/gradle/internal/dsl/ApplicationBuildFeaturesImplCustomizer> (0x0000000087c8fcd0) thrown at [./src/hotspot/share/classfile/systemDictionary.cpp, line 231]
Event: 10.825 Thread 0x000001de487ce000 Exception <a 'java/lang/ClassNotFoundException'{0x0000000087cb5f50}: com/android/build/gradle/internal/dsl/ApplicationBuildFeaturesImpl_DecoratedCustomizer> (0x0000000087cb5f50) thrown at [./src/hotspot/share/classfile/systemDictionary.cpp, line 231]
Event: 10.830 Thread 0x000001de487ce000 Exception <a 'java/lang/ClassNotFoundException'{0x0000000087b93210}: org/gradle/api/internal/artifacts/dsl/dependencies/DefaultDependencyHandler_DecoratedBeanInfo> (0x0000000087b93210) thrown at [./src/hotspot/share/classfile/systemDictionary.cpp, line 231]
Event: 10.831 Thread 0x000001de487ce000 Exception <a 'java/lang/ClassNotFoundException'{0x0000000087be37d0}: org/gradle/api/internal/artifacts/dsl/dependencies/DefaultDependencyHandlerBeanInfo> (0x0000000087be37d0) thrown at [./src/hotspot/share/classfile/systemDictionary.cpp, line 231]
Event: 10.833 Thread 0x000001de487ce000 Exception <a 'java/lang/ClassNotFoundException'{0x0000000087a34498}: org/gradle/api/internal/artifacts/dsl/dependencies/DefaultDependencyHandlerCustomizer> (0x0000000087a34498) thrown at [./src/hotspot/share/classfile/systemDictionary.cpp, line 231]
Event: 10.836 Thread 0x000001de487ce000 Exception <a 'java/lang/ClassNotFoundException'{0x0000000087aaf130}: org/gradle/api/internal/artifacts/dsl/dependencies/DefaultDependencyHandler_DecoratedCustomizer> (0x0000000087aaf130) thrown at [./src/hotspot/share/classfile/systemDictionary.cpp, line 231]

Events (20 events):
Event: 11.031 loading class com/android/build/api/variant/JavaCompilation
Event: 11.031 loading class com/android/build/api/variant/JavaCompilation done
Event: 11.032 loading class com/android/build/api/component/impl/ModelV1LegacySupportImpl
Event: 11.032 loading class com/android/build/api/component/impl/ModelV1LegacySupportImpl done
Event: 11.032 loading class com/android/build/gradle/internal/component/legacy/ModelV1LegacySupport
Event: 11.032 loading class com/android/build/gradle/internal/component/legacy/ModelV1LegacySupport done
Event: 11.032 loading class com/android/build/gradle/internal/component/legacy/OldVariantApiLegacySupport
Event: 11.032 loading class com/android/build/gradle/internal/component/legacy/OldVariantApiLegacySupport done
Event: 11.032 loading class com/android/build/api/component/impl/OldVariantApiLegacySupportImpl
Event: 11.032 loading class com/android/build/api/component/impl/OldVariantApiLegacySupportImpl done
Event: 11.033 loading class com/android/build/api/instrumentation/InstrumentationScope
Event: 11.033 loading class com/android/build/api/instrumentation/InstrumentationScope done
Event: 11.034 loading class com/android/build/api/component/impl/ComponentImpl$Companion
Event: 11.034 loading class com/android/build/api/component/impl/ComponentImpl$Companion done
Event: 11.035 loading class com/android/build/api/variant/BuildConfigField
Event: 11.035 loading class com/android/build/api/variant/BuildConfigField done
Event: 11.036 loading class com/android/build/gradle/internal/core/ProductFlavor
Event: 11.036 loading class com/android/build/gradle/internal/core/ProductFlavor done
Event: 11.037 loading class com/android/build/api/instrumentation/AsmClassVisitorFactory
Event: 11.037 loading class com/android/build/api/instrumentation/AsmClassVisitorFactory done


Dynamic libraries:
0x00007ff710e30000 - 0x00007ff710e3a000 	D:\android\jre\bin\java.exe
0x00007ff8dbf40000 - 0x00007ff8dc130000 	C:\Windows\SYSTEM32\ntdll.dll
0x00007ff8da0c0000 - 0x00007ff8da172000 	C:\Windows\System32\KERNEL32.DLL
0x00007ff8d9880000 - 0x00007ff8d9b24000 	C:\Windows\System32\KERNELBASE.dll
0x00007ff8d96d0000 - 0x00007ff8d97ca000 	C:\Windows\System32\ucrtbase.dll
0x00007ff8b1a60000 - 0x00007ff8b1a79000 	D:\android\jre\bin\jli.dll
0x00007ff8aa7f0000 - 0x00007ff8aa807000 	D:\android\jre\bin\VCRUNTIME140.dll
0x00007ff8daef0000 - 0x00007ff8db084000 	C:\Windows\System32\USER32.dll
0x00007ff8d9e20000 - 0x00007ff8d9e41000 	C:\Windows\System32\win32u.dll
0x00007ff8d9ff0000 - 0x00007ff8da016000 	C:\Windows\System32\GDI32.dll
0x00007ff8d9e50000 - 0x00007ff8d9fe6000 	C:\Windows\System32\gdi32full.dll
0x00007ff8d9b30000 - 0x00007ff8d9bce000 	C:\Windows\System32\msvcp_win.dll
0x00007ff8c38d0000 - 0x00007ff8c3b54000 	C:\Windows\WinSxS\amd64_microsoft.windows.common-controls_6595b64144ccf1df_6.0.18362.959_none_e6c7bbbf130c62bb\COMCTL32.dll
0x00007ff8dbde0000 - 0x00007ff8dbe7e000 	C:\Windows\System32\msvcrt.dll
0x00007ff8db840000 - 0x00007ff8dbb75000 	C:\Windows\System32\combase.dll
0x00007ff8da540000 - 0x00007ff8da660000 	C:\Windows\System32\RPCRT4.dll
0x00007ff8d8ec0000 - 0x00007ff8d8f40000 	C:\Windows\System32\bcryptPrimitives.dll
0x00007ff8dbb80000 - 0x00007ff8dbbae000 	C:\Windows\System32\IMM32.DLL
0x00007ff890640000 - 0x00007ff8906dd000 	D:\android\jre\bin\msvcp140.dll
0x00007ff8738c0000 - 0x00007ff8743c2000 	D:\android\jre\bin\server\jvm.dll
0x00007ff8db570000 - 0x00007ff8db613000 	C:\Windows\System32\ADVAPI32.dll
0x00007ff8da020000 - 0x00007ff8da0b7000 	C:\Windows\System32\sechost.dll
0x00007ff8da180000 - 0x00007ff8da188000 	C:\Windows\System32\PSAPI.DLL
0x00007ff8ce070000 - 0x00007ff8ce07a000 	C:\Windows\SYSTEM32\VERSION.dll
0x00007ff8d4020000 - 0x00007ff8d4044000 	C:\Windows\SYSTEM32\WINMM.dll
0x00007ff8c51f0000 - 0x00007ff8c51f9000 	C:\Windows\SYSTEM32\WSOCK32.dll
0x00007ff8db500000 - 0x00007ff8db56f000 	C:\Windows\System32\WS2_32.dll
0x00007ff8d3fa0000 - 0x00007ff8d3fcd000 	C:\Windows\SYSTEM32\winmmbase.dll
0x00007ff8d9d20000 - 0x00007ff8d9d6a000 	C:\Windows\System32\cfgmgr32.dll
0x00007ff8d8e30000 - 0x00007ff8d8e41000 	C:\Windows\System32\kernel.appcore.dll
0x00007ff8d0a60000 - 0x00007ff8d0a71000 	D:\android\jre\bin\verify.dll
0x00007ff8d4560000 - 0x00007ff8d4754000 	C:\Windows\SYSTEM32\DBGHELP.DLL
0x00007ff8d3ff0000 - 0x00007ff8d401a000 	C:\Windows\SYSTEM32\dbgcore.DLL
0x00007ff8ab000000 - 0x00007ff8ab029000 	D:\android\jre\bin\java.dll
0x00007ff8d1e20000 - 0x00007ff8d1e2b000 	D:\android\jre\bin\jimage.dll
0x00007ff8d0a40000 - 0x00007ff8d0a58000 	D:\android\jre\bin\zip.dll
0x00007ff8da800000 - 0x00007ff8daee6000 	C:\Windows\System32\SHELL32.dll
0x00007ff8da660000 - 0x00007ff8da709000 	C:\Windows\System32\shcore.dll
0x00007ff8d8f40000 - 0x00007ff8d96c2000 	C:\Windows\System32\windows.storage.dll
0x00007ff8d8e00000 - 0x00007ff8d8e23000 	C:\Windows\System32\profapi.dll
0x00007ff8d8e50000 - 0x00007ff8d8e9a000 	C:\Windows\System32\powrprof.dll
0x00007ff8d8df0000 - 0x00007ff8d8e00000 	C:\Windows\System32\UMPDC.dll
0x00007ff8db6a0000 - 0x00007ff8db6f2000 	C:\Windows\System32\shlwapi.dll
0x00007ff8d97d0000 - 0x00007ff8d97e7000 	C:\Windows\System32\cryptsp.dll
0x00007ff8d0950000 - 0x00007ff8d096a000 	D:\android\jre\bin\net.dll
0x00007ff8d3600000 - 0x00007ff8d36f0000 	C:\Windows\SYSTEM32\WINHTTP.dll
0x00007ff8d8660000 - 0x00007ff8d86c7000 	C:\Windows\system32\mswsock.dll
0x00007ff8c4ac0000 - 0x00007ff8c4ad4000 	D:\android\jre\bin\nio.dll
0x00007ff894e50000 - 0x00007ff894e77000 	C:\Users\75914\.gradle\native\e1d6ef7f7dcc3fd88c89a11ec53ec762bb8ba0a96d01ffa2cd45eb1d1d8dd5c5\windows-amd64\native-platform.dll
0x00007ff8904f0000 - 0x00007ff890634000 	C:\Users\75914\.gradle\native\0d407fdbe67a94daf76414ababcb853783967236a71b16ec16e742cd7a986fd3\windows-amd64\native-platform-file-events.dll
0x00007ff8d1dc0000 - 0x00007ff8d1dca000 	D:\android\jre\bin\management.dll
0x00007ff8d1d80000 - 0x00007ff8d1d8d000 	D:\android\jre\bin\management_ext.dll
0x00007ff8d81d0000 - 0x00007ff8d8203000 	C:\Windows\system32\rsaenh.dll
0x00007ff8d97f0000 - 0x00007ff8d9816000 	C:\Windows\System32\bcrypt.dll
0x00007ff8d8d10000 - 0x00007ff8d8d35000 	C:\Windows\SYSTEM32\USERENV.dll
0x00007ff8d8830000 - 0x00007ff8d883c000 	C:\Windows\SYSTEM32\CRYPTBASE.dll
0x00007ff8d8370000 - 0x00007ff8d83aa000 	C:\Windows\SYSTEM32\IPHLPAPI.DLL
0x00007ff8da410000 - 0x00007ff8da418000 	C:\Windows\System32\NSI.dll
0x00007ff8cdd90000 - 0x00007ff8cdda6000 	C:\Windows\SYSTEM32\dhcpcsvc6.DLL
0x00007ff8cd230000 - 0x00007ff8cd24c000 	C:\Windows\SYSTEM32\dhcpcsvc.DLL
0x00007ff8d83b0000 - 0x00007ff8d847b000 	C:\Windows\SYSTEM32\DNSAPI.dll

dbghelp: loaded successfully - version: 4.0.5 - missing functions: none
symbol engine: initialized successfully - sym options: 0x614 - pdb path: .;D:\android\jre\bin;C:\Windows\SYSTEM32;C:\Windows\WinSxS\amd64_microsoft.windows.common-controls_6595b64144ccf1df_6.0.18362.959_none_e6c7bbbf130c62bb;D:\android\jre\bin\server;C:\Users\75914\.gradle\native\e1d6ef7f7dcc3fd88c89a11ec53ec762bb8ba0a96d01ffa2cd45eb1d1d8dd5c5\windows-amd64;C:\Users\75914\.gradle\native\0d407fdbe67a94daf76414ababcb853783967236a71b16ec16e742cd7a986fd3\windows-amd64

VM Arguments:
jvm_args: --add-opens=java.base/java.util=ALL-UNNAMED --add-opens=java.base/java.lang=ALL-UNNAMED --add-opens=java.base/java.lang.invoke=ALL-UNNAMED --add-opens=java.base/java.util=ALL-UNNAMED --add-opens=java.prefs/java.util.prefs=ALL-UNNAMED --add-opens=java.prefs/java.util.prefs=ALL-UNNAMED --add-opens=java.base/java.nio.charset=ALL-UNNAMED --add-opens=java.base/java.net=ALL-UNNAMED --add-opens=java.base/java.util.concurrent.atomic=ALL-UNNAMED -Xmx2048m -Dfile.encoding=UTF-8 -Duser.country=CN -Duser.language=zh -Duser.variant 
java_command: org.gradle.launcher.daemon.bootstrap.GradleDaemon 7.4
java_class_path (initial): C:\Users\75914\.gradle\wrapper\dists\gradle-7.4-bin\c0gwcg53nkjbqw7r0h0umtfvt\gradle-7.4\lib\gradle-launcher-7.4.jar
Launcher Type: SUN_STANDARD

[Global flags]
     intx CICompilerCount                          = 4                                         {product} {ergonomic}
     uint ConcGCThreads                            = 2                                         {product} {ergonomic}
     uint G1ConcRefinementThreads                  = 8                                         {product} {ergonomic}
   size_t G1HeapRegionSize                         = 1048576                                   {product} {ergonomic}
    uintx GCDrainStackTargetSize                   = 64                                        {product} {ergonomic}
   size_t InitialHeapSize                          = 266338304                                 {product} {ergonomic}
   size_t MarkStackSize                            = 4194304                                   {product} {ergonomic}
   size_t MaxHeapSize                              = 2147483648                                {product} {command line}
   size_t MaxNewSize                               = 1287651328                                {product} {ergonomic}
   size_t MinHeapDeltaBytes                        = 1048576                                   {product} {ergonomic}
    uintx NonNMethodCodeHeapSize                   = 5836300                                {pd product} {ergonomic}
    uintx NonProfiledCodeHeapSize                  = 122910970                              {pd product} {ergonomic}
    uintx ProfiledCodeHeapSize                     = 122910970                              {pd product} {ergonomic}
    uintx ReservedCodeCacheSize                    = 251658240                              {pd product} {ergonomic}
     bool SegmentedCodeCache                       = true                                      {product} {ergonomic}
     bool UseCompressedClassPointers               = true                                 {lp64_product} {ergonomic}
     bool UseCompressedOops                        = true                                 {lp64_product} {ergonomic}
     bool UseG1GC                                  = true                                      {product} {ergonomic}
     bool UseLargePagesIndividualAllocation        = false                                  {pd product} {ergonomic}

Logging:
Log output configuration:
 #0: stdout all=warning uptime,level,tags
 #1: stderr all=off uptime,level,tags

Environment Variables:
PATH=D:\bin\;C:\Python310\Scripts\;C:\Python310\;C:\Program Files\Common Files\Oracle\Java\javapath;C:\Program Files (x86)\Common Files\Intel\Shared Libraries\redist\intel64_win\compiler;C:\Windows\system32;C:\Windows;C:\Windows\System32\Wbem;C:\Windows\System32\WindowsPowerShell\v1.0\;C:\Windows\System32\OpenSSH\;C:\Program Files (x86)\NVIDIA Corporation\PhysX\Common;C:\Program Files\NVIDIA Corporation\NVIDIA NvDLISR;C:\Program Files\Common Files\Autodesk Shared\;C:\Program Files\Microsoft SQL Server\120\Tools\Binn\;C:\Users\75914\AppData\Local\Programs\Python\Python39\;C:\Users\75914\AppData\Local\Programs\Python\Python39\Scripts;C:\MinGW;D:\Downloads\mingw64\bin;C:\Program Files\Microsoft SQL Server\150\Tools\Binn\;C:\Program Files\Git\cmd;C:\ProgramData\chocolatey\bin;C:\Users\75914\AppData\Local\Microsoft\WindowsApps;C:\Users\75914\AppData\Local\Programs\Python\Python39\;D:\Downloads\Microsoft VS Code\bin;D:\Downloads\Quick App IDE\bin
USERNAME=75914
OS=Windows_NT
PROCESSOR_IDENTIFIER=Intel64 Family 6 Model 126 Stepping 5, GenuineIntel



---------------  S Y S T E M  ---------------

OS: Windows 10 , 64 bit Build 18362 (10.0.18362.959)
OS uptime: 5 days 0:06 hours

CPU:total 8 (initial active 8) (4 cores per cpu, 2 threads per core) family 6 model 126 stepping 5 microcode 0x70, cmov, cx8, fxsr, mmx, sse, sse2, sse3, ssse3, sse4.1, sse4.2, popcnt, avx, avx2, aes, clmul, erms, 3dnowpref, lzcnt, ht, tsc, tscinvbit, bmi1, bmi2, adx, evex, sha, fma

Memory: 4k page, system-wide physical 16159M (2117M free)
TotalPageFile size 20524M (AvailPageFile size 5M)
current process WorkingSet (physical memory assigned to process): 438M, peak: 440M
current process commit charge ("private bytes"): 529M, peak: 530M

vm_info: OpenJDK 64-Bit Server VM (11.0.13+0-b1751.21-8125866) for windows-amd64 JRE (11.0.13+0-b1751.21-8125866), built on Feb  2 2022 03:00:22 by "builder" with MS VC++ 14.0 (VS2015)

END.
