#
# There is insufficient memory for the Java Runtime Environment to continue.
# Native memory allocation (malloc) failed to allocate 459056 bytes for Chunk::new
# Possible reasons:
#   The system is out of physical RAM or swap space
#   The process is running with CompressedOops enabled, and the Java Heap may be blocking the growth of the native heap
# Possible solutions:
#   Reduce memory load on the system
#   Increase physical memory or swap space
#   Check if swap backing store is full
#   Decrease Java heap size (-Xmx/-Xms)
#   Decrease number of Java threads
#   Decrease Java thread stack sizes (-Xss)
#   Set larger code cache with -XX:ReservedCodeCacheSize=
#   JVM is running with Unscaled Compressed Oops mode in which the Java heap is
#     placed in the first 4GB address space. The Java Heap base address is the
#     maximum limit for the native heap growth. Please use -XX:HeapBaseMinAddress
#     to set the Java Heap base and to place the Java Heap above 4GB virtual address.
# This output file may be truncated or incomplete.
#
#  Out of Memory Error (./src/hotspot/share/memory/arena.cpp:197), pid=25028, tid=24436
#
# JRE version: OpenJDK Runtime Environment (11.0.13) (build 11.0.13+0-b1751.21-8125866)
# Java VM: OpenJDK 64-Bit Server VM (11.0.13+0-b1751.21-8125866, mixed mode, tiered, compressed oops, g1 gc, windows-amd64)
# No core dump will be written. Minidumps are not enabled by default on client versions of Windows
#

---------------  S U M M A R Y ------------

Command Line: --add-opens=java.base/java.util=ALL-UNNAMED --add-opens=java.base/java.lang=ALL-UNNAMED --add-opens=java.base/java.lang.invoke=ALL-UNNAMED --add-opens=java.base/java.util=ALL-UNNAMED --add-opens=java.prefs/java.util.prefs=ALL-UNNAMED --add-opens=java.prefs/java.util.prefs=ALL-UNNAMED --add-opens=java.base/java.nio.charset=ALL-UNNAMED --add-opens=java.base/java.net=ALL-UNNAMED --add-opens=java.base/java.util.concurrent.atomic=ALL-UNNAMED -Xmx2048m -Dfile.encoding=UTF-8 -Duser.country=CN -Duser.language=zh -Duser.variant org.gradle.launcher.daemon.bootstrap.GradleDaemon 7.4

Host: Intel(R) Core(TM) i5-1035G1 CPU @ 1.00GHz, 8 cores, 15G,  Windows 10 , 64 bit Build 18362 (10.0.18362.959)
Time: Tue Nov  1 17:11:32 2022 ?D1¨²¡À¨º¡Á?¨º¡À?? elapsed time: 6.390494 seconds (0d 0h 0m 6s)

---------------  T H R E A D  ---------------

Current thread (0x000002087f93f800):  JavaThread "C2 CompilerThread0" daemon [_thread_in_native, id=24436, stack(0x000000a33fc00000,0x000000a33fd00000)]


Current CompileTask:
C2:   6390 1864   !   4       java.util.zip.InflaterInputStream::read (138 bytes)

Stack: [0x000000a33fc00000,0x000000a33fd00000]
Native frames: (J=compiled Java code, j=interpreted, Vv=VM code, C=native code)
V  [jvm.dll+0x6100fa]
V  [jvm.dll+0x747090]
V  [jvm.dll+0x7486ad]
V  [jvm.dll+0x748d83]
V  [jvm.dll+0x24ab48]
V  [jvm.dll+0xc04dc]
V  [jvm.dll+0xc0a0c]
V  [jvm.dll+0x35eb5b]
V  [jvm.dll+0x32b833]
V  [jvm.dll+0x32ad2a]
V  [jvm.dll+0x2032b2]
V  [jvm.dll+0x202437]
V  [jvm.dll+0x188e01]
V  [jvm.dll+0x21106b]
V  [jvm.dll+0x20f8c1]
V  [jvm.dll+0x70de0f]
V  [jvm.dll+0x706a75]
V  [jvm.dll+0x60ed66]
C  [ucrtbase.dll+0x20e82]
C  [KERNEL32.DLL+0x17bd4]
C  [ntdll.dll+0x6ce51]


---------------  P R O C E S S  ---------------

Threads class SMR info:
_java_thread_list=0x00000208133bfd70, length=23, elements={
0x00000208763a2800, 0x000002087f8a6000, 0x000002087f8a9800, 0x000002087f8e2800,
0x000002087f934800, 0x000002087f935000, 0x000002087f93f800, 0x000002087f946000,
0x000002087f957800, 0x000002087fab0800, 0x00000208144a1800, 0x00000208139e2000,
0x0000020813359000, 0x0000020813722000, 0x00000208141a0800, 0x0000020813555000,
0x0000020813354000, 0x0000020813c11800, 0x00000208132e9800, 0x00000208132ae000,
0x00000208135f8800, 0x00000208135f5000, 0x00000208135f7800
}

Java Threads: ( => current thread )
  0x00000208763a2800 JavaThread "main" [_thread_blocked, id=19564, stack(0x000000a33f000000,0x000000a33f100000)]
  0x000002087f8a6000 JavaThread "Reference Handler" daemon [_thread_blocked, id=16420, stack(0x000000a33f700000,0x000000a33f800000)]
  0x000002087f8a9800 JavaThread "Finalizer" daemon [_thread_blocked, id=11228, stack(0x000000a33f800000,0x000000a33f900000)]
  0x000002087f8e2800 JavaThread "Signal Dispatcher" daemon [_thread_blocked, id=5820, stack(0x000000a33f900000,0x000000a33fa00000)]
  0x000002087f934800 JavaThread "Attach Listener" daemon [_thread_blocked, id=26544, stack(0x000000a33fa00000,0x000000a33fb00000)]
  0x000002087f935000 JavaThread "Service Thread" daemon [_thread_blocked, id=19260, stack(0x000000a33fb00000,0x000000a33fc00000)]
=>0x000002087f93f800 JavaThread "C2 CompilerThread0" daemon [_thread_in_native, id=24436, stack(0x000000a33fc00000,0x000000a33fd00000)]
  0x000002087f946000 JavaThread "C1 CompilerThread0" daemon [_thread_in_native, id=25944, stack(0x000000a33fd00000,0x000000a33fe00000)]
  0x000002087f957800 JavaThread "Sweeper thread" daemon [_thread_blocked, id=25672, stack(0x000000a33fe00000,0x000000a33ff00000)]
  0x000002087fab0800 JavaThread "Common-Cleaner" daemon [_thread_blocked, id=9556, stack(0x000000a33ff00000,0x000000a340000000)]
  0x00000208144a1800 JavaThread "Daemon health stats" [_thread_blocked, id=24684, stack(0x000000a340800000,0x000000a340900000)]
  0x00000208139e2000 JavaThread "Incoming local TCP Connector on port 62708" [_thread_in_native, id=10116, stack(0x000000a340100000,0x000000a340200000)]
  0x0000020813359000 JavaThread "Daemon periodic checks" [_thread_blocked, id=10452, stack(0x000000a340700000,0x000000a340800000)]
  0x0000020813722000 JavaThread "Daemon" [_thread_blocked, id=25284, stack(0x000000a340900000,0x000000a340a00000)]
  0x00000208141a0800 JavaThread "Handler for socket connection from /127.0.0.1:62708 to /127.0.0.1:62709" [_thread_in_native, id=11732, stack(0x000000a340a00000,0x000000a340b00000)]
  0x0000020813555000 JavaThread "Cancel handler" [_thread_blocked, id=26448, stack(0x000000a340b00000,0x000000a340c00000)]
  0x0000020813354000 JavaThread "Daemon worker" [_thread_in_Java, id=24756, stack(0x000000a340c00000,0x000000a340d00000)]
  0x0000020813c11800 JavaThread "Asynchronous log dispatcher for DefaultDaemonConnection: socket connection from /127.0.0.1:62708 to /127.0.0.1:62709" [_thread_blocked, id=19716, stack(0x000000a340d00000,0x000000a340e00000)]
  0x00000208132e9800 JavaThread "Stdin handler" [_thread_blocked, id=26376, stack(0x000000a340e00000,0x000000a340f00000)]
  0x00000208132ae000 JavaThread "Daemon client event forwarder" [_thread_blocked, id=24004, stack(0x000000a340f00000,0x000000a341000000)]
  0x00000208135f8800 JavaThread "Cache worker for journal cache (C:\Users\75914\.gradle\caches\journal-1)" [_thread_blocked, id=2152, stack(0x000000a341000000,0x000000a341100000)]
  0x00000208135f5000 JavaThread "File lock request listener" [_thread_in_native, id=6428, stack(0x000000a341100000,0x000000a341200000)]
  0x00000208135f7800 JavaThread "Cache worker for file hash cache (C:\Users\75914\.gradle\caches\7.4\fileHashes)" [_thread_blocked, id=12196, stack(0x000000a341200000,0x000000a341300000)]

Other Threads:
  0x000002087f8a1000 VMThread "VM Thread" [stack: 0x000000a33f600000,0x000000a33f700000] [id=24868]
  0x000002087fabe000 WatcherThread [stack: 0x000000a340000000,0x000000a340100000] [id=25760]
  0x00000208763bd000 GCTaskThread "GC Thread#0" [stack: 0x000000a33f100000,0x000000a33f200000] [id=24980]
  0x00000208123c9800 GCTaskThread "GC Thread#1" [stack: 0x000000a340200000,0x000000a340300000] [id=8152]
  0x00000208122f7800 GCTaskThread "GC Thread#2" [stack: 0x000000a340300000,0x000000a340400000] [id=4616]
  0x00000208127d6000 GCTaskThread "GC Thread#3" [stack: 0x000000a340400000,0x000000a340500000] [id=24584]
  0x00000208127d6800 GCTaskThread "GC Thread#4" [stack: 0x000000a340500000,0x000000a340600000] [id=25868]
  0x0000020812586800 GCTaskThread "GC Thread#5" [stack: 0x000000a340600000,0x000000a340700000] [id=19048]
  0x00000208763ef800 ConcurrentGCThread "G1 Main Marker" [stack: 0x000000a33f200000,0x000000a33f300000] [id=14408]
  0x00000208763f0800 ConcurrentGCThread "G1 Conc#0" [stack: 0x000000a33f300000,0x000000a33f400000] [id=9316]
  0x000002087646d800 ConcurrentGCThread "G1 Refine#0" [stack: 0x000000a33f400000,0x000000a33f500000] [id=24348]
  0x000002087f6f0800 ConcurrentGCThread "G1 Young RemSet Sampling" [stack: 0x000000a33f500000,0x000000a33f600000] [id=19876]

Threads with active compile tasks:
C2 CompilerThread0   6446 1864   !   4       java.util.zip.InflaterInputStream::read (138 bytes)

VM state:not at safepoint (normal execution)

VM Mutex/Monitor currently owned by a thread: None

Heap address: 0x0000000080000000, size: 2048 MB, Compressed Oops mode: 32-bit
Narrow klass base: 0x0000000000000000, Narrow klass shift: 3
Compressed class space size: 1073741824 Address: 0x0000000100000000

Heap:
 garbage-first heap   total 260096K, used 112936K [0x0000000080000000, 0x0000000100000000)
  region size 1024K, 105 young (107520K), 3 survivors (3072K)
 Metaspace       used 20500K, capacity 20957K, committed 21120K, reserved 1067008K
  class space    used 2494K, capacity 2648K, committed 2688K, reserved 1048576K
Heap Regions: E=young(eden), S=young(survivor), O=old, HS=humongous(starts), HC=humongous(continues), CS=collection set, F=free, A=archive, TAMS=top-at-mark-start (previous, next)
|   0|0x0000000080000000, 0x0000000080100000, 0x0000000080100000|100%|HS|  |TAMS 0x0000000080000000, 0x0000000080000000| Complete 
|   1|0x0000000080100000, 0x0000000080100000, 0x0000000080200000|  0%| F|  |TAMS 0x0000000080100000, 0x0000000080100000| Untracked 
|   2|0x0000000080200000, 0x0000000080200000, 0x0000000080300000|  0%| F|  |TAMS 0x0000000080200000, 0x0000000080200000| Untracked 
|   3|0x0000000080300000, 0x0000000080400000, 0x0000000080400000|100%|HS|  |TAMS 0x0000000080300000, 0x0000000080300000| Complete 
|   4|0x0000000080400000, 0x0000000080500000, 0x0000000080500000|100%|HC|  |TAMS 0x0000000080400000, 0x0000000080400000| Complete 
|   5|0x0000000080500000, 0x0000000080600000, 0x0000000080600000|100%|HC|  |TAMS 0x0000000080500000, 0x0000000080500000| Complete 
|   6|0x0000000080600000, 0x0000000080700000, 0x0000000080700000|100%| O|  |TAMS 0x0000000080600000, 0x0000000080600000| Untracked 
|   7|0x0000000080700000, 0x0000000080800000, 0x0000000080800000|100%| O|  |TAMS 0x0000000080700000, 0x0000000080700000| Untracked 
|   8|0x0000000080800000, 0x0000000080900000, 0x0000000080900000|100%| O|  |TAMS 0x0000000080800000, 0x0000000080800000| Untracked 
|   9|0x0000000080900000, 0x000000008094a000, 0x0000000080a00000| 28%| O|  |TAMS 0x0000000080900000, 0x0000000080900000| Untracked 
|  10|0x0000000080a00000, 0x0000000080a00000, 0x0000000080b00000|  0%| F|  |TAMS 0x0000000080a00000, 0x0000000080a00000| Untracked 
|  11|0x0000000080b00000, 0x0000000080b00000, 0x0000000080c00000|  0%| F|  |TAMS 0x0000000080b00000, 0x0000000080b00000| Untracked 
|  12|0x0000000080c00000, 0x0000000080c00000, 0x0000000080d00000|  0%| F|  |TAMS 0x0000000080c00000, 0x0000000080c00000| Untracked 
|  13|0x0000000080d00000, 0x0000000080d00000, 0x0000000080e00000|  0%| F|  |TAMS 0x0000000080d00000, 0x0000000080d00000| Untracked 
|  14|0x0000000080e00000, 0x0000000080e00000, 0x0000000080f00000|  0%| F|  |TAMS 0x0000000080e00000, 0x0000000080e00000| Untracked 
|  15|0x0000000080f00000, 0x0000000080f00000, 0x0000000081000000|  0%| F|  |TAMS 0x0000000080f00000, 0x0000000080f00000| Untracked 
|  16|0x0000000081000000, 0x0000000081000000, 0x0000000081100000|  0%| F|  |TAMS 0x0000000081000000, 0x0000000081000000| Untracked 
|  17|0x0000000081100000, 0x0000000081100000, 0x0000000081200000|  0%| F|  |TAMS 0x0000000081100000, 0x0000000081100000| Untracked 
|  18|0x0000000081200000, 0x0000000081200000, 0x0000000081300000|  0%| F|  |TAMS 0x0000000081200000, 0x0000000081200000| Untracked 
|  19|0x0000000081300000, 0x0000000081300000, 0x0000000081400000|  0%| F|  |TAMS 0x0000000081300000, 0x0000000081300000| Untracked 
|  20|0x0000000081400000, 0x0000000081400000, 0x0000000081500000|  0%| F|  |TAMS 0x0000000081400000, 0x0000000081400000| Untracked 
|  21|0x0000000081500000, 0x0000000081500000, 0x0000000081600000|  0%| F|  |TAMS 0x0000000081500000, 0x0000000081500000| Untracked 
|  22|0x0000000081600000, 0x0000000081600000, 0x0000000081700000|  0%| F|  |TAMS 0x0000000081600000, 0x0000000081600000| Untracked 
|  23|0x0000000081700000, 0x0000000081700000, 0x0000000081800000|  0%| F|  |TAMS 0x0000000081700000, 0x0000000081700000| Untracked 
|  24|0x0000000081800000, 0x0000000081800000, 0x0000000081900000|  0%| F|  |TAMS 0x0000000081800000, 0x0000000081800000| Untracked 
|  25|0x0000000081900000, 0x0000000081900000, 0x0000000081a00000|  0%| F|  |TAMS 0x0000000081900000, 0x0000000081900000| Untracked 
|  26|0x0000000081a00000, 0x0000000081a00000, 0x0000000081b00000|  0%| F|  |TAMS 0x0000000081a00000, 0x0000000081a00000| Untracked 
|  27|0x0000000081b00000, 0x0000000081b00000, 0x0000000081c00000|  0%| F|  |TAMS 0x0000000081b00000, 0x0000000081b00000| Untracked 
|  28|0x0000000081c00000, 0x0000000081c00000, 0x0000000081d00000|  0%| F|  |TAMS 0x0000000081c00000, 0x0000000081c00000| Untracked 
|  29|0x0000000081d00000, 0x0000000081d00000, 0x0000000081e00000|  0%| F|  |TAMS 0x0000000081d00000, 0x0000000081d00000| Untracked 
|  30|0x0000000081e00000, 0x0000000081e00000, 0x0000000081f00000|  0%| F|  |TAMS 0x0000000081e00000, 0x0000000081e00000| Untracked 
|  31|0x0000000081f00000, 0x0000000081f00000, 0x0000000082000000|  0%| F|  |TAMS 0x0000000081f00000, 0x0000000081f00000| Untracked 
|  32|0x0000000082000000, 0x0000000082000000, 0x0000000082100000|  0%| F|  |TAMS 0x0000000082000000, 0x0000000082000000| Untracked 
|  33|0x0000000082100000, 0x0000000082100000, 0x0000000082200000|  0%| F|  |TAMS 0x0000000082100000, 0x0000000082100000| Untracked 
|  34|0x0000000082200000, 0x0000000082200000, 0x0000000082300000|  0%| F|  |TAMS 0x0000000082200000, 0x0000000082200000| Untracked 
|  35|0x0000000082300000, 0x0000000082300000, 0x0000000082400000|  0%| F|  |TAMS 0x0000000082300000, 0x0000000082300000| Untracked 
|  36|0x0000000082400000, 0x0000000082400000, 0x0000000082500000|  0%| F|  |TAMS 0x0000000082400000, 0x0000000082400000| Untracked 
|  37|0x0000000082500000, 0x0000000082500000, 0x0000000082600000|  0%| F|  |TAMS 0x0000000082500000, 0x0000000082500000| Untracked 
|  38|0x0000000082600000, 0x0000000082600000, 0x0000000082700000|  0%| F|  |TAMS 0x0000000082600000, 0x0000000082600000| Untracked 
|  39|0x0000000082700000, 0x0000000082700000, 0x0000000082800000|  0%| F|  |TAMS 0x0000000082700000, 0x0000000082700000| Untracked 
|  40|0x0000000082800000, 0x0000000082800000, 0x0000000082900000|  0%| F|  |TAMS 0x0000000082800000, 0x0000000082800000| Untracked 
|  41|0x0000000082900000, 0x0000000082900000, 0x0000000082a00000|  0%| F|  |TAMS 0x0000000082900000, 0x0000000082900000| Untracked 
|  42|0x0000000082a00000, 0x0000000082a00000, 0x0000000082b00000|  0%| F|  |TAMS 0x0000000082a00000, 0x0000000082a00000| Untracked 
|  43|0x0000000082b00000, 0x0000000082b00000, 0x0000000082c00000|  0%| F|  |TAMS 0x0000000082b00000, 0x0000000082b00000| Untracked 
|  44|0x0000000082c00000, 0x0000000082c00000, 0x0000000082d00000|  0%| F|  |TAMS 0x0000000082c00000, 0x0000000082c00000| Untracked 
|  45|0x0000000082d00000, 0x0000000082d00000, 0x0000000082e00000|  0%| F|  |TAMS 0x0000000082d00000, 0x0000000082d00000| Untracked 
|  46|0x0000000082e00000, 0x0000000082e00000, 0x0000000082f00000|  0%| F|  |TAMS 0x0000000082e00000, 0x0000000082e00000| Untracked 
|  47|0x0000000082f00000, 0x0000000082f00000, 0x0000000083000000|  0%| F|  |TAMS 0x0000000082f00000, 0x0000000082f00000| Untracked 
|  48|0x0000000083000000, 0x0000000083000000, 0x0000000083100000|  0%| F|  |TAMS 0x0000000083000000, 0x0000000083000000| Untracked 
|  49|0x0000000083100000, 0x0000000083100000, 0x0000000083200000|  0%| F|  |TAMS 0x0000000083100000, 0x0000000083100000| Untracked 
|  50|0x0000000083200000, 0x0000000083200000, 0x0000000083300000|  0%| F|  |TAMS 0x0000000083200000, 0x0000000083200000| Untracked 
|  51|0x0000000083300000, 0x0000000083300000, 0x0000000083400000|  0%| F|  |TAMS 0x0000000083300000, 0x0000000083300000| Untracked 
|  52|0x0000000083400000, 0x0000000083400000, 0x0000000083500000|  0%| F|  |TAMS 0x0000000083400000, 0x0000000083400000| Untracked 
|  53|0x0000000083500000, 0x0000000083500000, 0x0000000083600000|  0%| F|  |TAMS 0x0000000083500000, 0x0000000083500000| Untracked 
|  54|0x0000000083600000, 0x0000000083600000, 0x0000000083700000|  0%| F|  |TAMS 0x0000000083600000, 0x0000000083600000| Untracked 
|  55|0x0000000083700000, 0x0000000083700000, 0x0000000083800000|  0%| F|  |TAMS 0x0000000083700000, 0x0000000083700000| Untracked 
|  56|0x0000000083800000, 0x0000000083800000, 0x0000000083900000|  0%| F|  |TAMS 0x0000000083800000, 0x0000000083800000| Untracked 
|  57|0x0000000083900000, 0x0000000083900000, 0x0000000083a00000|  0%| F|  |TAMS 0x0000000083900000, 0x0000000083900000| Untracked 
|  58|0x0000000083a00000, 0x0000000083a00000, 0x0000000083b00000|  0%| F|  |TAMS 0x0000000083a00000, 0x0000000083a00000| Untracked 
|  59|0x0000000083b00000, 0x0000000083b00000, 0x0000000083c00000|  0%| F|  |TAMS 0x0000000083b00000, 0x0000000083b00000| Untracked 
|  60|0x0000000083c00000, 0x0000000083c00000, 0x0000000083d00000|  0%| F|  |TAMS 0x0000000083c00000, 0x0000000083c00000| Untracked 
|  61|0x0000000083d00000, 0x0000000083d00000, 0x0000000083e00000|  0%| F|  |TAMS 0x0000000083d00000, 0x0000000083d00000| Untracked 
|  62|0x0000000083e00000, 0x0000000083e00000, 0x0000000083f00000|  0%| F|  |TAMS 0x0000000083e00000, 0x0000000083e00000| Untracked 
|  63|0x0000000083f00000, 0x0000000083f00000, 0x0000000084000000|  0%| F|  |TAMS 0x0000000083f00000, 0x0000000083f00000| Untracked 
|  64|0x0000000084000000, 0x0000000084000000, 0x0000000084100000|  0%| F|  |TAMS 0x0000000084000000, 0x0000000084000000| Untracked 
|  65|0x0000000084100000, 0x0000000084100000, 0x0000000084200000|  0%| F|  |TAMS 0x0000000084100000, 0x0000000084100000| Untracked 
|  66|0x0000000084200000, 0x0000000084200000, 0x0000000084300000|  0%| F|  |TAMS 0x0000000084200000, 0x0000000084200000| Untracked 
|  67|0x0000000084300000, 0x0000000084300000, 0x0000000084400000|  0%| F|  |TAMS 0x0000000084300000, 0x0000000084300000| Untracked 
|  68|0x0000000084400000, 0x0000000084400000, 0x0000000084500000|  0%| F|  |TAMS 0x0000000084400000, 0x0000000084400000| Untracked 
|  69|0x0000000084500000, 0x0000000084500000, 0x0000000084600000|  0%| F|  |TAMS 0x0000000084500000, 0x0000000084500000| Untracked 
|  70|0x0000000084600000, 0x0000000084600000, 0x0000000084700000|  0%| F|  |TAMS 0x0000000084600000, 0x0000000084600000| Untracked 
|  71|0x0000000084700000, 0x0000000084700000, 0x0000000084800000|  0%| F|  |TAMS 0x0000000084700000, 0x0000000084700000| Untracked 
|  72|0x0000000084800000, 0x0000000084800000, 0x0000000084900000|  0%| F|  |TAMS 0x0000000084800000, 0x0000000084800000| Untracked 
|  73|0x0000000084900000, 0x0000000084900000, 0x0000000084a00000|  0%| F|  |TAMS 0x0000000084900000, 0x0000000084900000| Untracked 
|  74|0x0000000084a00000, 0x0000000084a00000, 0x0000000084b00000|  0%| F|  |TAMS 0x0000000084a00000, 0x0000000084a00000| Untracked 
|  75|0x0000000084b00000, 0x0000000084b00000, 0x0000000084c00000|  0%| F|  |TAMS 0x0000000084b00000, 0x0000000084b00000| Untracked 
|  76|0x0000000084c00000, 0x0000000084c00000, 0x0000000084d00000|  0%| F|  |TAMS 0x0000000084c00000, 0x0000000084c00000| Untracked 
|  77|0x0000000084d00000, 0x0000000084d00000, 0x0000000084e00000|  0%| F|  |TAMS 0x0000000084d00000, 0x0000000084d00000| Untracked 
|  78|0x0000000084e00000, 0x0000000084e00000, 0x0000000084f00000|  0%| F|  |TAMS 0x0000000084e00000, 0x0000000084e00000| Untracked 
|  79|0x0000000084f00000, 0x0000000084f00000, 0x0000000085000000|  0%| F|  |TAMS 0x0000000084f00000, 0x0000000084f00000| Untracked 
|  80|0x0000000085000000, 0x0000000085000000, 0x0000000085100000|  0%| F|  |TAMS 0x0000000085000000, 0x0000000085000000| Untracked 
|  81|0x0000000085100000, 0x0000000085100000, 0x0000000085200000|  0%| F|  |TAMS 0x0000000085100000, 0x0000000085100000| Untracked 
|  82|0x0000000085200000, 0x0000000085200000, 0x0000000085300000|  0%| F|  |TAMS 0x0000000085200000, 0x0000000085200000| Untracked 
|  83|0x0000000085300000, 0x0000000085300000, 0x0000000085400000|  0%| F|  |TAMS 0x0000000085300000, 0x0000000085300000| Untracked 
|  84|0x0000000085400000, 0x0000000085400000, 0x0000000085500000|  0%| F|  |TAMS 0x0000000085400000, 0x0000000085400000| Untracked 
|  85|0x0000000085500000, 0x0000000085500000, 0x0000000085600000|  0%| F|  |TAMS 0x0000000085500000, 0x0000000085500000| Untracked 
|  86|0x0000000085600000, 0x0000000085600000, 0x0000000085700000|  0%| F|  |TAMS 0x0000000085600000, 0x0000000085600000| Untracked 
|  87|0x0000000085700000, 0x0000000085700000, 0x0000000085800000|  0%| F|  |TAMS 0x0000000085700000, 0x0000000085700000| Untracked 
|  88|0x0000000085800000, 0x0000000085800000, 0x0000000085900000|  0%| F|  |TAMS 0x0000000085800000, 0x0000000085800000| Untracked 
|  89|0x0000000085900000, 0x0000000085900000, 0x0000000085a00000|  0%| F|  |TAMS 0x0000000085900000, 0x0000000085900000| Untracked 
|  90|0x0000000085a00000, 0x0000000085a00000, 0x0000000085b00000|  0%| F|  |TAMS 0x0000000085a00000, 0x0000000085a00000| Untracked 
|  91|0x0000000085b00000, 0x0000000085b00000, 0x0000000085c00000|  0%| F|  |TAMS 0x0000000085b00000, 0x0000000085b00000| Untracked 
|  92|0x0000000085c00000, 0x0000000085c00000, 0x0000000085d00000|  0%| F|  |TAMS 0x0000000085c00000, 0x0000000085c00000| Untracked 
|  93|0x0000000085d00000, 0x0000000085d00000, 0x0000000085e00000|  0%| F|  |TAMS 0x0000000085d00000, 0x0000000085d00000| Untracked 
|  94|0x0000000085e00000, 0x0000000085e00000, 0x0000000085f00000|  0%| F|  |TAMS 0x0000000085e00000, 0x0000000085e00000| Untracked 
|  95|0x0000000085f00000, 0x0000000085f00000, 0x0000000086000000|  0%| F|  |TAMS 0x0000000085f00000, 0x0000000085f00000| Untracked 
|  96|0x0000000086000000, 0x0000000086000000, 0x0000000086100000|  0%| F|  |TAMS 0x0000000086000000, 0x0000000086000000| Untracked 
|  97|0x0000000086100000, 0x0000000086100000, 0x0000000086200000|  0%| F|  |TAMS 0x0000000086100000, 0x0000000086100000| Untracked 
|  98|0x0000000086200000, 0x0000000086200000, 0x0000000086300000|  0%| F|  |TAMS 0x0000000086200000, 0x0000000086200000| Untracked 
|  99|0x0000000086300000, 0x0000000086300000, 0x0000000086400000|  0%| F|  |TAMS 0x0000000086300000, 0x0000000086300000| Untracked 
| 100|0x0000000086400000, 0x0000000086400000, 0x0000000086500000|  0%| F|  |TAMS 0x0000000086400000, 0x0000000086400000| Untracked 
| 101|0x0000000086500000, 0x0000000086500000, 0x0000000086600000|  0%| F|  |TAMS 0x0000000086500000, 0x0000000086500000| Untracked 
| 102|0x0000000086600000, 0x0000000086600000, 0x0000000086700000|  0%| F|  |TAMS 0x0000000086600000, 0x0000000086600000| Untracked 
| 103|0x0000000086700000, 0x0000000086700000, 0x0000000086800000|  0%| F|  |TAMS 0x0000000086700000, 0x0000000086700000| Untracked 
| 104|0x0000000086800000, 0x0000000086800000, 0x0000000086900000|  0%| F|  |TAMS 0x0000000086800000, 0x0000000086800000| Untracked 
| 105|0x0000000086900000, 0x0000000086900000, 0x0000000086a00000|  0%| F|  |TAMS 0x0000000086900000, 0x0000000086900000| Untracked 
| 106|0x0000000086a00000, 0x0000000086a00000, 0x0000000086b00000|  0%| F|  |TAMS 0x0000000086a00000, 0x0000000086a00000| Untracked 
| 107|0x0000000086b00000, 0x0000000086b00000, 0x0000000086c00000|  0%| F|  |TAMS 0x0000000086b00000, 0x0000000086b00000| Untracked 
| 108|0x0000000086c00000, 0x0000000086c00000, 0x0000000086d00000|  0%| F|  |TAMS 0x0000000086c00000, 0x0000000086c00000| Untracked 
| 109|0x0000000086d00000, 0x0000000086d00000, 0x0000000086e00000|  0%| F|  |TAMS 0x0000000086d00000, 0x0000000086d00000| Untracked 
| 110|0x0000000086e00000, 0x0000000086e00000, 0x0000000086f00000|  0%| F|  |TAMS 0x0000000086e00000, 0x0000000086e00000| Untracked 
| 111|0x0000000086f00000, 0x0000000086f00000, 0x0000000087000000|  0%| F|  |TAMS 0x0000000086f00000, 0x0000000086f00000| Untracked 
| 112|0x0000000087000000, 0x0000000087000000, 0x0000000087100000|  0%| F|  |TAMS 0x0000000087000000, 0x0000000087000000| Untracked 
| 113|0x0000000087100000, 0x0000000087100000, 0x0000000087200000|  0%| F|  |TAMS 0x0000000087100000, 0x0000000087100000| Untracked 
| 114|0x0000000087200000, 0x0000000087200000, 0x0000000087300000|  0%| F|  |TAMS 0x0000000087200000, 0x0000000087200000| Untracked 
| 115|0x0000000087300000, 0x0000000087300000, 0x0000000087400000|  0%| F|  |TAMS 0x0000000087300000, 0x0000000087300000| Untracked 
| 116|0x0000000087400000, 0x0000000087400000, 0x0000000087500000|  0%| F|  |TAMS 0x0000000087400000, 0x0000000087400000| Untracked 
| 117|0x0000000087500000, 0x0000000087500000, 0x0000000087600000|  0%| F|  |TAMS 0x0000000087500000, 0x0000000087500000| Untracked 
| 118|0x0000000087600000, 0x0000000087600000, 0x0000000087700000|  0%| F|  |TAMS 0x0000000087600000, 0x0000000087600000| Untracked 
| 119|0x0000000087700000, 0x0000000087700000, 0x0000000087800000|  0%| F|  |TAMS 0x0000000087700000, 0x0000000087700000| Untracked 
| 120|0x0000000087800000, 0x0000000087800000, 0x0000000087900000|  0%| F|  |TAMS 0x0000000087800000, 0x0000000087800000| Untracked 
| 121|0x0000000087900000, 0x0000000087900000, 0x0000000087a00000|  0%| F|  |TAMS 0x0000000087900000, 0x0000000087900000| Untracked 
| 122|0x0000000087a00000, 0x0000000087a00000, 0x0000000087b00000|  0%| F|  |TAMS 0x0000000087a00000, 0x0000000087a00000| Untracked 
| 123|0x0000000087b00000, 0x0000000087b00000, 0x0000000087c00000|  0%| F|  |TAMS 0x0000000087b00000, 0x0000000087b00000| Untracked 
| 124|0x0000000087c00000, 0x0000000087c00000, 0x0000000087d00000|  0%| F|  |TAMS 0x0000000087c00000, 0x0000000087c00000| Untracked 
| 125|0x0000000087d00000, 0x0000000087d00000, 0x0000000087e00000|  0%| F|  |TAMS 0x0000000087d00000, 0x0000000087d00000| Untracked 
| 126|0x0000000087e00000, 0x0000000087e00000, 0x0000000087f00000|  0%| F|  |TAMS 0x0000000087e00000, 0x0000000087e00000| Untracked 
| 127|0x0000000087f00000, 0x0000000087f00000, 0x0000000088000000|  0%| F|  |TAMS 0x0000000087f00000, 0x0000000087f00000| Untracked 
| 128|0x0000000088000000, 0x0000000088000000, 0x0000000088100000|  0%| F|  |TAMS 0x0000000088000000, 0x0000000088000000| Untracked 
| 129|0x0000000088100000, 0x0000000088100000, 0x0000000088200000|  0%| F|  |TAMS 0x0000000088100000, 0x0000000088100000| Untracked 
| 130|0x0000000088200000, 0x0000000088200000, 0x0000000088300000|  0%| F|  |TAMS 0x0000000088200000, 0x0000000088200000| Untracked 
| 131|0x0000000088300000, 0x0000000088300000, 0x0000000088400000|  0%| F|  |TAMS 0x0000000088300000, 0x0000000088300000| Untracked 
| 132|0x0000000088400000, 0x0000000088400000, 0x0000000088500000|  0%| F|  |TAMS 0x0000000088400000, 0x0000000088400000| Untracked 
| 133|0x0000000088500000, 0x0000000088500000, 0x0000000088600000|  0%| F|  |TAMS 0x0000000088500000, 0x0000000088500000| Untracked 
| 134|0x0000000088600000, 0x0000000088600000, 0x0000000088700000|  0%| F|  |TAMS 0x0000000088600000, 0x0000000088600000| Untracked 
| 135|0x0000000088700000, 0x0000000088700000, 0x0000000088800000|  0%| F|  |TAMS 0x0000000088700000, 0x0000000088700000| Untracked 
| 136|0x0000000088800000, 0x0000000088800000, 0x0000000088900000|  0%| F|  |TAMS 0x0000000088800000, 0x0000000088800000| Untracked 
| 137|0x0000000088900000, 0x0000000088900000, 0x0000000088a00000|  0%| F|  |TAMS 0x0000000088900000, 0x0000000088900000| Untracked 
| 138|0x0000000088a00000, 0x0000000088a00000, 0x0000000088b00000|  0%| F|  |TAMS 0x0000000088a00000, 0x0000000088a00000| Untracked 
| 139|0x0000000088b00000, 0x0000000088b00000, 0x0000000088c00000|  0%| F|  |TAMS 0x0000000088b00000, 0x0000000088b00000| Untracked 
| 140|0x0000000088c00000, 0x0000000088c00000, 0x0000000088d00000|  0%| F|  |TAMS 0x0000000088c00000, 0x0000000088c00000| Untracked 
| 141|0x0000000088d00000, 0x0000000088d00000, 0x0000000088e00000|  0%| F|  |TAMS 0x0000000088d00000, 0x0000000088d00000| Untracked 
| 142|0x0000000088e00000, 0x0000000088e00000, 0x0000000088f00000|  0%| F|  |TAMS 0x0000000088e00000, 0x0000000088e00000| Untracked 
| 143|0x0000000088f00000, 0x0000000088f00000, 0x0000000089000000|  0%| F|  |TAMS 0x0000000088f00000, 0x0000000088f00000| Untracked 
| 144|0x0000000089000000, 0x0000000089000000, 0x0000000089100000|  0%| F|  |TAMS 0x0000000089000000, 0x0000000089000000| Untracked 
| 145|0x0000000089100000, 0x0000000089100000, 0x0000000089200000|  0%| F|  |TAMS 0x0000000089100000, 0x0000000089100000| Untracked 
| 146|0x0000000089200000, 0x0000000089200000, 0x0000000089300000|  0%| F|  |TAMS 0x0000000089200000, 0x0000000089200000| Untracked 
| 147|0x0000000089300000, 0x0000000089300000, 0x0000000089400000|  0%| F|  |TAMS 0x0000000089300000, 0x0000000089300000| Untracked 
| 148|0x0000000089400000, 0x0000000089400000, 0x0000000089500000|  0%| F|  |TAMS 0x0000000089400000, 0x0000000089400000| Untracked 
| 149|0x0000000089500000, 0x0000000089600000, 0x0000000089600000|100%| E|  |TAMS 0x0000000089500000, 0x0000000089500000| Complete 
| 150|0x0000000089600000, 0x0000000089700000, 0x0000000089700000|100%| E|CS|TAMS 0x0000000089600000, 0x0000000089600000| Complete 
| 151|0x0000000089700000, 0x0000000089800000, 0x0000000089800000|100%| E|CS|TAMS 0x0000000089700000, 0x0000000089700000| Complete 
| 152|0x0000000089800000, 0x0000000089900000, 0x0000000089900000|100%| E|CS|TAMS 0x0000000089800000, 0x0000000089800000| Complete 
| 153|0x0000000089900000, 0x0000000089a00000, 0x0000000089a00000|100%| E|CS|TAMS 0x0000000089900000, 0x0000000089900000| Complete 
| 154|0x0000000089a00000, 0x0000000089b00000, 0x0000000089b00000|100%| E|CS|TAMS 0x0000000089a00000, 0x0000000089a00000| Complete 
| 155|0x0000000089b00000, 0x0000000089c00000, 0x0000000089c00000|100%| E|CS|TAMS 0x0000000089b00000, 0x0000000089b00000| Complete 
| 156|0x0000000089c00000, 0x0000000089d00000, 0x0000000089d00000|100%| E|CS|TAMS 0x0000000089c00000, 0x0000000089c00000| Complete 
| 157|0x0000000089d00000, 0x0000000089e00000, 0x0000000089e00000|100%| E|CS|TAMS 0x0000000089d00000, 0x0000000089d00000| Complete 
| 158|0x0000000089e00000, 0x0000000089f00000, 0x0000000089f00000|100%| E|CS|TAMS 0x0000000089e00000, 0x0000000089e00000| Complete 
| 159|0x0000000089f00000, 0x000000008a000000, 0x000000008a000000|100%| E|CS|TAMS 0x0000000089f00000, 0x0000000089f00000| Complete 
| 160|0x000000008a000000, 0x000000008a100000, 0x000000008a100000|100%| E|CS|TAMS 0x000000008a000000, 0x000000008a000000| Complete 
| 161|0x000000008a100000, 0x000000008a200000, 0x000000008a200000|100%| E|CS|TAMS 0x000000008a100000, 0x000000008a100000| Complete 
| 162|0x000000008a200000, 0x000000008a300000, 0x000000008a300000|100%| E|CS|TAMS 0x000000008a200000, 0x000000008a200000| Complete 
| 163|0x000000008a300000, 0x000000008a400000, 0x000000008a400000|100%| E|CS|TAMS 0x000000008a300000, 0x000000008a300000| Complete 
| 164|0x000000008a400000, 0x000000008a500000, 0x000000008a500000|100%| E|CS|TAMS 0x000000008a400000, 0x000000008a400000| Complete 
| 165|0x000000008a500000, 0x000000008a600000, 0x000000008a600000|100%| E|CS|TAMS 0x000000008a500000, 0x000000008a500000| Complete 
| 166|0x000000008a600000, 0x000000008a700000, 0x000000008a700000|100%| E|CS|TAMS 0x000000008a600000, 0x000000008a600000| Complete 
| 167|0x000000008a700000, 0x000000008a800000, 0x000000008a800000|100%| E|CS|TAMS 0x000000008a700000, 0x000000008a700000| Complete 
| 168|0x000000008a800000, 0x000000008a900000, 0x000000008a900000|100%| E|CS|TAMS 0x000000008a800000, 0x000000008a800000| Complete 
| 169|0x000000008a900000, 0x000000008aa00000, 0x000000008aa00000|100%| E|CS|TAMS 0x000000008a900000, 0x000000008a900000| Complete 
| 170|0x000000008aa00000, 0x000000008ab00000, 0x000000008ab00000|100%| E|CS|TAMS 0x000000008aa00000, 0x000000008aa00000| Complete 
| 171|0x000000008ab00000, 0x000000008ac00000, 0x000000008ac00000|100%| E|CS|TAMS 0x000000008ab00000, 0x000000008ab00000| Complete 
| 172|0x000000008ac00000, 0x000000008ad00000, 0x000000008ad00000|100%| E|CS|TAMS 0x000000008ac00000, 0x000000008ac00000| Complete 
| 173|0x000000008ad00000, 0x000000008ae00000, 0x000000008ae00000|100%| E|CS|TAMS 0x000000008ad00000, 0x000000008ad00000| Complete 
| 174|0x000000008ae00000, 0x000000008af00000, 0x000000008af00000|100%| E|CS|TAMS 0x000000008ae00000, 0x000000008ae00000| Complete 
| 175|0x000000008af00000, 0x000000008b000000, 0x000000008b000000|100%| E|CS|TAMS 0x000000008af00000, 0x000000008af00000| Complete 
| 176|0x000000008b000000, 0x000000008b100000, 0x000000008b100000|100%| E|CS|TAMS 0x000000008b000000, 0x000000008b000000| Complete 
| 177|0x000000008b100000, 0x000000008b200000, 0x000000008b200000|100%| E|CS|TAMS 0x000000008b100000, 0x000000008b100000| Complete 
| 178|0x000000008b200000, 0x000000008b300000, 0x000000008b300000|100%| E|CS|TAMS 0x000000008b200000, 0x000000008b200000| Complete 
| 179|0x000000008b300000, 0x000000008b400000, 0x000000008b400000|100%| E|CS|TAMS 0x000000008b300000, 0x000000008b300000| Complete 
| 180|0x000000008b400000, 0x000000008b500000, 0x000000008b500000|100%| E|CS|TAMS 0x000000008b400000, 0x000000008b400000| Complete 
| 181|0x000000008b500000, 0x000000008b600000, 0x000000008b600000|100%| E|CS|TAMS 0x000000008b500000, 0x000000008b500000| Complete 
| 182|0x000000008b600000, 0x000000008b700000, 0x000000008b700000|100%| E|CS|TAMS 0x000000008b600000, 0x000000008b600000| Complete 
| 183|0x000000008b700000, 0x000000008b800000, 0x000000008b800000|100%| E|CS|TAMS 0x000000008b700000, 0x000000008b700000| Complete 
| 184|0x000000008b800000, 0x000000008b900000, 0x000000008b900000|100%| E|CS|TAMS 0x000000008b800000, 0x000000008b800000| Complete 
| 185|0x000000008b900000, 0x000000008ba00000, 0x000000008ba00000|100%| E|CS|TAMS 0x000000008b900000, 0x000000008b900000| Complete 
| 186|0x000000008ba00000, 0x000000008bb00000, 0x000000008bb00000|100%| E|CS|TAMS 0x000000008ba00000, 0x000000008ba00000| Complete 
| 187|0x000000008bb00000, 0x000000008bc00000, 0x000000008bc00000|100%| E|CS|TAMS 0x000000008bb00000, 0x000000008bb00000| Complete 
| 188|0x000000008bc00000, 0x000000008bd00000, 0x000000008bd00000|100%| E|CS|TAMS 0x000000008bc00000, 0x000000008bc00000| Complete 
| 189|0x000000008bd00000, 0x000000008be00000, 0x000000008be00000|100%| E|CS|TAMS 0x000000008bd00000, 0x000000008bd00000| Complete 
| 190|0x000000008be00000, 0x000000008bf00000, 0x000000008bf00000|100%| E|CS|TAMS 0x000000008be00000, 0x000000008be00000| Complete 
| 191|0x000000008bf00000, 0x000000008c000000, 0x000000008c000000|100%| E|CS|TAMS 0x000000008bf00000, 0x000000008bf00000| Complete 
| 192|0x000000008c000000, 0x000000008c100000, 0x000000008c100000|100%| E|CS|TAMS 0x000000008c000000, 0x000000008c000000| Complete 
| 193|0x000000008c100000, 0x000000008c200000, 0x000000008c200000|100%| E|CS|TAMS 0x000000008c100000, 0x000000008c100000| Complete 
| 194|0x000000008c200000, 0x000000008c300000, 0x000000008c300000|100%| E|CS|TAMS 0x000000008c200000, 0x000000008c200000| Complete 
| 195|0x000000008c300000, 0x000000008c400000, 0x000000008c400000|100%| E|CS|TAMS 0x000000008c300000, 0x000000008c300000| Complete 
| 196|0x000000008c400000, 0x000000008c500000, 0x000000008c500000|100%| E|CS|TAMS 0x000000008c400000, 0x000000008c400000| Complete 
| 197|0x000000008c500000, 0x000000008c600000, 0x000000008c600000|100%| E|CS|TAMS 0x000000008c500000, 0x000000008c500000| Complete 
| 198|0x000000008c600000, 0x000000008c700000, 0x000000008c700000|100%| E|CS|TAMS 0x000000008c600000, 0x000000008c600000| Complete 
| 199|0x000000008c700000, 0x000000008c800000, 0x000000008c800000|100%| E|CS|TAMS 0x000000008c700000, 0x000000008c700000| Complete 
| 200|0x000000008c800000, 0x000000008c900000, 0x000000008c900000|100%| E|CS|TAMS 0x000000008c800000, 0x000000008c800000| Complete 
| 201|0x000000008c900000, 0x000000008ca00000, 0x000000008ca00000|100%| E|CS|TAMS 0x000000008c900000, 0x000000008c900000| Complete 
| 202|0x000000008ca00000, 0x000000008cb00000, 0x000000008cb00000|100%| E|CS|TAMS 0x000000008ca00000, 0x000000008ca00000| Complete 
| 203|0x000000008cb00000, 0x000000008cc00000, 0x000000008cc00000|100%| E|CS|TAMS 0x000000008cb00000, 0x000000008cb00000| Complete 
| 204|0x000000008cc00000, 0x000000008cd00000, 0x000000008cd00000|100%| E|CS|TAMS 0x000000008cc00000, 0x000000008cc00000| Complete 
| 205|0x000000008cd00000, 0x000000008ce00000, 0x000000008ce00000|100%| E|CS|TAMS 0x000000008cd00000, 0x000000008cd00000| Complete 
| 206|0x000000008ce00000, 0x000000008cf00000, 0x000000008cf00000|100%| E|CS|TAMS 0x000000008ce00000, 0x000000008ce00000| Complete 
| 207|0x000000008cf00000, 0x000000008d000000, 0x000000008d000000|100%| E|CS|TAMS 0x000000008cf00000, 0x000000008cf00000| Complete 
| 208|0x000000008d000000, 0x000000008d100000, 0x000000008d100000|100%| E|CS|TAMS 0x000000008d000000, 0x000000008d000000| Complete 
| 209|0x000000008d100000, 0x000000008d200000, 0x000000008d200000|100%| E|CS|TAMS 0x000000008d100000, 0x000000008d100000| Complete 
| 210|0x000000008d200000, 0x000000008d300000, 0x000000008d300000|100%| E|CS|TAMS 0x000000008d200000, 0x000000008d200000| Complete 
| 211|0x000000008d300000, 0x000000008d400000, 0x000000008d400000|100%| E|CS|TAMS 0x000000008d300000, 0x000000008d300000| Complete 
| 212|0x000000008d400000, 0x000000008d500000, 0x000000008d500000|100%| E|CS|TAMS 0x000000008d400000, 0x000000008d400000| Complete 
| 213|0x000000008d500000, 0x000000008d600000, 0x000000008d600000|100%| E|CS|TAMS 0x000000008d500000, 0x000000008d500000| Complete 
| 214|0x000000008d600000, 0x000000008d700000, 0x000000008d700000|100%| E|CS|TAMS 0x000000008d600000, 0x000000008d600000| Complete 
| 215|0x000000008d700000, 0x000000008d800000, 0x000000008d800000|100%| E|CS|TAMS 0x000000008d700000, 0x000000008d700000| Complete 
| 216|0x000000008d800000, 0x000000008d900000, 0x000000008d900000|100%| E|CS|TAMS 0x000000008d800000, 0x000000008d800000| Complete 
| 217|0x000000008d900000, 0x000000008da00000, 0x000000008da00000|100%| E|CS|TAMS 0x000000008d900000, 0x000000008d900000| Complete 
| 218|0x000000008da00000, 0x000000008db00000, 0x000000008db00000|100%| E|CS|TAMS 0x000000008da00000, 0x000000008da00000| Complete 
| 219|0x000000008db00000, 0x000000008dc00000, 0x000000008dc00000|100%| E|  |TAMS 0x000000008db00000, 0x000000008db00000| Complete 
| 220|0x000000008dc00000, 0x000000008dd00000, 0x000000008dd00000|100%| E|CS|TAMS 0x000000008dc00000, 0x000000008dc00000| Complete 
| 221|0x000000008dd00000, 0x000000008de00000, 0x000000008de00000|100%| E|CS|TAMS 0x000000008dd00000, 0x000000008dd00000| Complete 
| 222|0x000000008de00000, 0x000000008df00000, 0x000000008df00000|100%| E|CS|TAMS 0x000000008de00000, 0x000000008de00000| Complete 
| 223|0x000000008df00000, 0x000000008e000000, 0x000000008e000000|100%| E|CS|TAMS 0x000000008df00000, 0x000000008df00000| Complete 
| 224|0x000000008e000000, 0x000000008e100000, 0x000000008e100000|100%| E|CS|TAMS 0x000000008e000000, 0x000000008e000000| Complete 
| 225|0x000000008e100000, 0x000000008e200000, 0x000000008e200000|100%| E|CS|TAMS 0x000000008e100000, 0x000000008e100000| Complete 
| 226|0x000000008e200000, 0x000000008e300000, 0x000000008e300000|100%| E|CS|TAMS 0x000000008e200000, 0x000000008e200000| Complete 
| 227|0x000000008e300000, 0x000000008e400000, 0x000000008e400000|100%| S|CS|TAMS 0x000000008e300000, 0x000000008e300000| Complete 
| 228|0x000000008e400000, 0x000000008e500000, 0x000000008e500000|100%| S|CS|TAMS 0x000000008e400000, 0x000000008e400000| Complete 
| 229|0x000000008e500000, 0x000000008e600000, 0x000000008e600000|100%| S|CS|TAMS 0x000000008e500000, 0x000000008e500000| Complete 
| 230|0x000000008e600000, 0x000000008e700000, 0x000000008e700000|100%| E|CS|TAMS 0x000000008e600000, 0x000000008e600000| Complete 
| 231|0x000000008e700000, 0x000000008e800000, 0x000000008e800000|100%| E|CS|TAMS 0x000000008e700000, 0x000000008e700000| Complete 
| 232|0x000000008e800000, 0x000000008e900000, 0x000000008e900000|100%| E|CS|TAMS 0x000000008e800000, 0x000000008e800000| Complete 
| 233|0x000000008e900000, 0x000000008ea00000, 0x000000008ea00000|100%| E|CS|TAMS 0x000000008e900000, 0x000000008e900000| Complete 
| 234|0x000000008ea00000, 0x000000008eb00000, 0x000000008eb00000|100%| E|CS|TAMS 0x000000008ea00000, 0x000000008ea00000| Complete 
| 235|0x000000008eb00000, 0x000000008ec00000, 0x000000008ec00000|100%| E|CS|TAMS 0x000000008eb00000, 0x000000008eb00000| Complete 
| 236|0x000000008ec00000, 0x000000008ed00000, 0x000000008ed00000|100%| E|CS|TAMS 0x000000008ec00000, 0x000000008ec00000| Complete 
| 237|0x000000008ed00000, 0x000000008ee00000, 0x000000008ee00000|100%| E|CS|TAMS 0x000000008ed00000, 0x000000008ed00000| Complete 
| 238|0x000000008ee00000, 0x000000008ef00000, 0x000000008ef00000|100%| E|CS|TAMS 0x000000008ee00000, 0x000000008ee00000| Complete 
| 239|0x000000008ef00000, 0x000000008f000000, 0x000000008f000000|100%| E|CS|TAMS 0x000000008ef00000, 0x000000008ef00000| Complete 
| 240|0x000000008f000000, 0x000000008f100000, 0x000000008f100000|100%| E|CS|TAMS 0x000000008f000000, 0x000000008f000000| Complete 
| 241|0x000000008f100000, 0x000000008f200000, 0x000000008f200000|100%| E|CS|TAMS 0x000000008f100000, 0x000000008f100000| Complete 
| 242|0x000000008f200000, 0x000000008f300000, 0x000000008f300000|100%| E|CS|TAMS 0x000000008f200000, 0x000000008f200000| Complete 
| 243|0x000000008f300000, 0x000000008f400000, 0x000000008f400000|100%| E|CS|TAMS 0x000000008f300000, 0x000000008f300000| Complete 
| 244|0x000000008f400000, 0x000000008f500000, 0x000000008f500000|100%| E|CS|TAMS 0x000000008f400000, 0x000000008f400000| Complete 
| 245|0x000000008f500000, 0x000000008f600000, 0x000000008f600000|100%| E|CS|TAMS 0x000000008f500000, 0x000000008f500000| Complete 
| 246|0x000000008f600000, 0x000000008f700000, 0x000000008f700000|100%| E|CS|TAMS 0x000000008f600000, 0x000000008f600000| Complete 
| 247|0x000000008f700000, 0x000000008f800000, 0x000000008f800000|100%| E|CS|TAMS 0x000000008f700000, 0x000000008f700000| Complete 
| 248|0x000000008f800000, 0x000000008f900000, 0x000000008f900000|100%| E|CS|TAMS 0x000000008f800000, 0x000000008f800000| Complete 
| 249|0x000000008f900000, 0x000000008fa00000, 0x000000008fa00000|100%| E|CS|TAMS 0x000000008f900000, 0x000000008f900000| Complete 
| 250|0x000000008fa00000, 0x000000008fb00000, 0x000000008fb00000|100%| E|CS|TAMS 0x000000008fa00000, 0x000000008fa00000| Complete 
| 251|0x000000008fb00000, 0x000000008fc00000, 0x000000008fc00000|100%| E|CS|TAMS 0x000000008fb00000, 0x000000008fb00000| Complete 
| 252|0x000000008fc00000, 0x000000008fd00000, 0x000000008fd00000|100%| E|CS|TAMS 0x000000008fc00000, 0x000000008fc00000| Complete 
| 253|0x000000008fd00000, 0x000000008fe00000, 0x000000008fe00000|100%| E|CS|TAMS 0x000000008fd00000, 0x000000008fd00000| Complete 

Card table byte_map: [0x000002087a5e0000,0x000002087a9e0000] _byte_map_base: 0x000002087a1e0000

Marking Bits (Prev, Next): (CMBitMap*) 0x00000208763e66e8, (CMBitMap*) 0x00000208763e6720
 Prev Bits: [0x000002087ade0000, 0x000002087cde0000)
 Next Bits: [0x000002087cde0000, 0x000002087ede0000)

Polling page: 0x00000208742a0000

Metaspace:

Usage:
  Non-class:     18.00 MB capacity,    17.73 MB ( 98%) used,   248.36 KB (  1%) free+waste,    34.06 KB ( <1%) overhead. 
      Class:      2.59 MB capacity,     2.45 MB ( 95%) used,   120.68 KB (  5%) free+waste,    16.44 KB ( <1%) overhead. 
       Both:     20.59 MB capacity,    20.18 MB ( 98%) used,   369.04 KB (  2%) free+waste,    50.50 KB ( <1%) overhead. 

Virtual space:
  Non-class space:       20.00 MB reserved,      18.17 MB ( 91%) committed 
      Class space:        1.00 GB reserved,       2.63 MB ( <1%) committed 
             Both:        1.02 GB reserved,      20.80 MB (  2%) committed 

Chunk freelists:
   Non-Class:  59.00 KB
       Class:  8.00 KB
        Both:  67.00 KB

MaxMetaspaceSize: 17179869184.00 GB
CompressedClassSpaceSize: 1.00 GB
Initial GC threshold: 20.80 MB
Current GC threshold: 20.80 MB
CDS: off

CodeHeap 'non-profiled nmethods': size=120000Kb used=960Kb max_used=960Kb free=119039Kb
 bounds [0x0000020807ad0000, 0x0000020807d40000, 0x000002080f000000]
CodeHeap 'profiled nmethods': size=120000Kb used=3990Kb max_used=3990Kb free=116009Kb
 bounds [0x00000208005a0000, 0x0000020800990000, 0x0000020807ad0000]
CodeHeap 'non-nmethods': size=5760Kb used=1209Kb max_used=1220Kb free=4550Kb
 bounds [0x0000020800000000, 0x0000020800270000, 0x00000208005a0000]
 total_blobs=2383 nmethods=1907 adapters=389
 compilation: enabled
              stopped_count=0, restarted_count=0
 full_count=0

Compilation events (20 events):
Event: 6.372 Thread 0x000002087f946000 1887   !   3       java.util.regex.Pattern::matcher (44 bytes)
Event: 6.372 Thread 0x000002087f946000 nmethod 1887 0x000002080096d510 code [0x000002080096d6e0, 0x000002080096daf8]
Event: 6.372 Thread 0x000002087f946000 1873       3       java.util.ArrayList$SubList::checkForComodification (23 bytes)
Event: 6.373 Thread 0x000002087f946000 nmethod 1873 0x000002080096dc10 code [0x000002080096dde0, 0x000002080096dfa8]
Event: 6.373 Thread 0x000002087f946000 1877       3       java.util.AbstractList::subListRangeCheck (110 bytes)
Event: 6.375 Thread 0x000002087f946000 nmethod 1877 0x000002080096e090 code [0x000002080096e4c0, 0x000002080096fde8]
Event: 6.375 Thread 0x000002087f946000 1880       3       java.util.ArrayList$SubList::<init> (35 bytes)
Event: 6.376 Thread 0x000002087f946000 nmethod 1880 0x0000020800970690 code [0x0000020800970860, 0x0000020800970b18]
Event: 6.376 Thread 0x000002087f946000 1881       3       java.util.ArrayList$SubList::toArray (79 bytes)
Event: 6.376 Thread 0x000002087f946000 nmethod 1881 0x0000020800970c90 code [0x0000020800970ea0, 0x0000020800971508]
Event: 6.376 Thread 0x000002087f946000 1886       3       java.util.regex.Matcher::group (112 bytes)
Event: 6.377 Thread 0x000002087f946000 nmethod 1886 0x0000020800971710 code [0x00000208009719e0, 0x00000208009726c8]
Event: 6.377 Thread 0x000002087f946000 1867       3       java.util.regex.CharPredicates::lambda$ASCII_DIGIT$15 (20 bytes)
Event: 6.378 Thread 0x000002087f946000 nmethod 1867 0x0000020800972b90 code [0x0000020800972d40, 0x0000020800972f78]
Event: 6.378 Thread 0x000002087f946000 1885       1       java.util.TreeMap$Entry::getKey (5 bytes)
Event: 6.378 Thread 0x000002087f946000 nmethod 1885 0x0000020807bbec90 code [0x0000020807bbee40, 0x0000020807bbeef8]
Event: 6.378 Thread 0x000002087f946000 1883       1       java.lang.Character::charValue (5 bytes)
Event: 6.378 Thread 0x000002087f946000 nmethod 1883 0x0000020807bbef90 code [0x0000020807bbf140, 0x0000020807bbf1f8]
Event: 6.379 Thread 0x000002087f946000 1888       3       java.lang.invoke.AbstractValidatingLambdaMetafactory::isAdaptableTo (126 bytes)
Event: 6.380 Thread 0x000002087f946000 nmethod 1888 0x0000020800973010 code [0x00000208009732a0, 0x0000020800973c48]

GC Heap History (2 events):
Event: 2.009 GC heap before
{Heap before GC invocations=0 (full 0):
 garbage-first heap   total 260096K, used 29696K [0x0000000080000000, 0x0000000100000000)
  region size 1024K, 24 young (24576K), 0 survivors (0K)
 Metaspace       used 10123K, capacity 10403K, committed 10624K, reserved 1058816K
  class space    used 1034K, capacity 1106K, committed 1152K, reserved 1048576K
}
Event: 2.016 GC heap after
{Heap after GC invocations=1 (full 0):
 garbage-first heap   total 260096K, used 9512K [0x0000000080000000, 0x0000000100000000)
  region size 1024K, 3 young (3072K), 3 survivors (3072K)
 Metaspace       used 10123K, capacity 10403K, committed 10624K, reserved 1058816K
  class space    used 1034K, capacity 1106K, committed 1152K, reserved 1048576K
}

Deoptimization events (20 events):
Event: 6.291 Thread 0x0000020813354000 Uncommon trap: trap_request=0xffffffde fr.pc=0x0000020807aea6fc relative=0x00000000000004dc
Event: 6.291 Thread 0x0000020813354000 Uncommon trap: reason=class_check action=maybe_recompile pc=0x0000020807aea6fc method=java.util.regex.Matcher.match(II)Z @ 121 c2
Event: 6.291 Thread 0x0000020813354000 DEOPT PACKING pc=0x0000020807aea6fc sp=0x000000a340cf9f70
Event: 6.291 Thread 0x0000020813354000 DEOPT UNPACKING pc=0x00000208000085af sp=0x000000a340cf9f20 mode 2
Event: 6.312 Thread 0x0000020813354000 Uncommon trap: trap_request=0xffffffde fr.pc=0x0000020807aea6fc relative=0x00000000000004dc
Event: 6.312 Thread 0x0000020813354000 Uncommon trap: reason=class_check action=maybe_recompile pc=0x0000020807aea6fc method=java.util.regex.Matcher.match(II)Z @ 121 c2
Event: 6.312 Thread 0x0000020813354000 DEOPT PACKING pc=0x0000020807aea6fc sp=0x000000a340cf9bd0
Event: 6.312 Thread 0x0000020813354000 DEOPT UNPACKING pc=0x00000208000085af sp=0x000000a340cf9b80 mode 2
Event: 6.343 Thread 0x0000020813354000 Uncommon trap: trap_request=0xffffff4d fr.pc=0x0000020807b45444 relative=0x0000000000000ba4
Event: 6.343 Thread 0x0000020813354000 Uncommon trap: reason=unstable_if action=reinterpret pc=0x0000020807b45444 method=java.util.Properties$LineReader.readLine()I @ 249 c2
Event: 6.343 Thread 0x0000020813354000 DEOPT PACKING pc=0x0000020807b45444 sp=0x000000a340cf9890
Event: 6.343 Thread 0x0000020813354000 DEOPT UNPACKING pc=0x00000208000085af sp=0x000000a340cf9830 mode 2
Event: 6.352 Thread 0x0000020813354000 Uncommon trap: trap_request=0xffffff4d fr.pc=0x0000020807b40844 relative=0x00000000000001e4
Event: 6.352 Thread 0x0000020813354000 Uncommon trap: reason=unstable_if action=reinterpret pc=0x0000020807b40844 method=java.util.regex.Matcher.reset()Ljava/util/regex/Matcher; @ 71 c2
Event: 6.352 Thread 0x0000020813354000 DEOPT PACKING pc=0x0000020807b40844 sp=0x000000a340cf8cb0
Event: 6.352 Thread 0x0000020813354000 DEOPT UNPACKING pc=0x00000208000085af sp=0x000000a340cf8c38 mode 2
Event: 6.352 Thread 0x0000020813354000 Uncommon trap: trap_request=0xffffff4d fr.pc=0x0000020807aea7f4 relative=0x00000000000005d4
Event: 6.352 Thread 0x0000020813354000 Uncommon trap: reason=unstable_if action=reinterpret pc=0x0000020807aea7f4 method=java.util.regex.Matcher.match(II)Z @ 76 c2
Event: 6.352 Thread 0x0000020813354000 DEOPT PACKING pc=0x0000020807aea7f4 sp=0x000000a340cf8cf0
Event: 6.352 Thread 0x0000020813354000 DEOPT UNPACKING pc=0x00000208000085af sp=0x000000a340cf8cb0 mode 2

Classes redefined (0 events):
No events

Internal exceptions (19 events):
Event: 0.369 Thread 0x00000208763a2800 Exception <a 'java/lang/NoSuchMethodError'{0x000000008fbce958}: 'int java.lang.invoke.DirectMethodHandle$Holder.invokeStaticInit(java.lang.Object, java.lang.Object)'> (0x000000008fbce958) thrown at [./src/hotspot/share/interpreter/linkResolver.cpp, line 773]
Event: 0.486 Thread 0x00000208763a2800 Exception <a 'java/lang/NoSuchMethodError'{0x000000008fa995a0}: 'int java.lang.invoke.DirectMethodHandle$Holder.invokeSpecial(java.lang.Object, java.lang.Object, java.lang.Object, java.lang.Object)'> (0x000000008fa995a0) thrown at [./src/hotspot/share/interpreter/linkResolver.cpp, line 773]
Event: 0.498 Thread 0x00000208763a2800 Exception <a 'java/lang/NoSuchMethodError'{0x000000008fad1790}: 'int java.lang.invoke.DirectMethodHandle$Holder.invokeSpecialIFC(java.lang.Object, java.lang.Object, int)'> (0x000000008fad1790) thrown at [./src/hotspot/share/interpreter/linkResolver.cpp, line 773]
Event: 1.594 Thread 0x00000208763a2800 Exception <a 'java/lang/NoClassDefFoundError'{0x000000008ee7e348}: org/slf4j/impl/StaticMarkerBinder> (0x000000008ee7e348) thrown at [./src/hotspot/share/classfile/systemDictionary.cpp, line 220]
Event: 1.725 Thread 0x00000208763a2800 Exception <a 'java/lang/NoSuchMethodError'{0x000000008ebe8900}: 'java.lang.Object java.lang.invoke.DirectMethodHandle$Holder.invokeVirtual(java.lang.Object, java.lang.Object, java.lang.Object, java.lang.Object, java.lang.Object, java.lang.Object, java.lang.Object)'> (0x000000008ebe8900) thrown at [./src/hotspot/share/interpreter/linkResolver.cpp, line 773]
Event: 1.730 Thread 0x00000208763a2800 Exception <a 'java/lang/NoSuchMethodError'{0x000000008ebfd0f8}: 'java.lang.Object java.lang.invoke.Invokers$Holder.invoker(java.lang.Object, java.lang.Object, java.lang.Object)'> (0x000000008ebfd0f8) thrown at [./src/hotspot/share/interpreter/linkResolver.cpp, line 773]
Event: 1.736 Thread 0x00000208763a2800 Exception <a 'java/lang/NoSuchMethodError'{0x000000008ea0e818}: 'void java.lang.invoke.DelegatingMethodHandle$Holder.delegate(java.lang.Object, java.lang.Object, int, java.lang.Object)'> (0x000000008ea0e818) thrown at [./src/hotspot/share/interpreter/linkResolver.cpp, line 773]
Event: 3.374 Thread 0x00000208763a2800 Exception <a 'java/security/PrivilegedActionException'{0x000000008d6b7ab8}> (0x000000008d6b7ab8) thrown at [./src/hotspot/share/prims/jvm.cpp, line 1306]
Event: 3.374 Thread 0x00000208763a2800 Exception <a 'java/security/PrivilegedActionException'{0x000000008d6b8030}> (0x000000008d6b8030) thrown at [./src/hotspot/share/prims/jvm.cpp, line 1306]
Event: 3.811 Thread 0x00000208763a2800 Exception <a 'java/lang/NoSuchMethodError'{0x000000008c414280}: 'java.lang.Object java.lang.invoke.DirectMethodHandle$Holder.invokeStaticInit(java.lang.Object, java.lang.Object, java.lang.Object)'> (0x000000008c414280) thrown at [./src/hotspot/share/interpreter/linkResolver.cpp, line 773]
Event: 4.067 Thread 0x00000208763a2800 Exception <a 'java/lang/NoSuchMethodError'{0x000000008be959e0}: 'java.lang.Object java.lang.invoke.DirectMethodHandle$Holder.invokeStaticInit(java.lang.Object, int, int, int, int)'> (0x000000008be959e0) thrown at [./src/hotspot/share/interpreter/linkResolver.cpp, line 773]
Event: 4.686 Thread 0x00000208763a2800 Exception <a 'java/lang/NoSuchMethodError'{0x000000008beb9550}: 'java.lang.Object java.lang.invoke.DirectMethodHandle$Holder.invokeStaticInit(java.lang.Object, java.lang.Object, int, int, int, int)'> (0x000000008beb9550) thrown at [./src/hotspot/share/interpreter/linkResolver.cpp, line 773]
Event: 5.573 Thread 0x00000208763a2800 Exception <a 'java/io/IOException'{0x000000008bb0e378}> (0x000000008bb0e378) thrown at [./src/hotspot/share/prims/jni.cpp, line 616]
Event: 5.753 Thread 0x0000020813354000 Exception <a 'java/lang/NoSuchMethodError'{0x000000008b5f5bf0}: 'long java.lang.invoke.DirectMethodHandle$Holder.invokeInterface(java.lang.Object, java.lang.Object)'> (0x000000008b5f5bf0) thrown at [./src/hotspot/share/interpreter/linkResolver.cpp, line 773]
Event: 5.755 Thread 0x0000020813354000 Exception <a 'java/lang/NoSuchMethodError'{0x000000008b403150}: 'void java.lang.invoke.DelegatingMethodHandle$Holder.reinvoke_L(java.lang.Object, java.lang.Object, java.lang.Object, java.lang.Object, java.lang.Object, java.lang.Object, java.lang.Object)'> (0x000000008b403150) thrown at [./src/hotspot/share/interpreter/linkResolver.cpp, line 773]
Event: 6.303 Thread 0x0000020813354000 Exception <a 'java/lang/NoSuchMethodError'{0x0000000089a65c40}: 'void java.lang.invoke.DirectMethodHandle$Holder.invokeStaticInit(java.lang.Object)'> (0x0000000089a65c40) thrown at [./src/hotspot/share/interpreter/linkResolver.cpp, line 773]
Event: 6.324 Thread 0x0000020813354000 Exception <a 'java/lang/NoSuchMethodError'{0x0000000089912030}: 'java.lang.Object java.lang.invoke.DirectMethodHandle$Holder.invokeStatic(java.lang.Object, java.lang.Object, java.lang.Object, int)'> (0x0000000089912030) thrown at [./src/hotspot/share/interpreter/linkResolver.cpp, line 773]
Event: 6.324 Thread 0x0000020813354000 Exception <a 'java/lang/NoSuchMethodError'{0x0000000089916748}: 'java.lang.Object java.lang.invoke.DirectMethodHandle$Holder.invokeSpecial(java.lang.Object, java.lang.Object, java.lang.Object, java.lang.Object, int)'> (0x0000000089916748) thrown at [./src/hotspot/share/interpreter/linkResolver.cpp, line 773]
Event: 6.325 Thread 0x0000020813354000 Exception <a 'java/lang/NoSuchMethodError'{0x000000008991a680}: 'java.lang.Object java.lang.invoke.Invokers$Holder.linkToTargetMethod(java.lang.Object, java.lang.Object, int, java.lang.Object)'> (0x000000008991a680) thrown at [./src/hotspot/share/interpreter/linkResolver.cpp, line 773]

Events (20 events):
Event: 6.356 loading class org/apache/commons/lang/ArrayUtils
Event: 6.356 loading class org/apache/commons/lang/ArrayUtils done
Event: 6.372 loading class com/google/common/primitives/Ints
Event: 6.372 loading class com/google/common/primitives/Ints done
Event: 6.373 loading class com/google/common/primitives/IntsMethodsForWeb
Event: 6.373 loading class com/google/common/primitives/IntsMethodsForWeb done
Event: 6.374 loading class com/google/common/primitives/Ints$IntConverter
Event: 6.374 loading class com/google/common/primitives/Ints$IntConverter done
Event: 6.376 loading class org/gradle/api/internal/artifacts/ivyservice/DefaultArtifactCaches$LateInitWritableArtifactCacheLockingManager
Event: 6.376 loading class org/gradle/api/internal/artifacts/ivyservice/DefaultArtifactCaches$LateInitWritableArtifactCacheLockingManager done
Event: 6.377 loading class org/gradle/cache/CacheRepository
Event: 6.377 loading class org/gradle/cache/CacheRepository done
Event: 6.377 loading class org/gradle/api/internal/artifacts/ivyservice/WritableArtifactCacheLockingManager
Event: 6.377 loading class org/gradle/api/internal/artifacts/ivyservice/WritableArtifactCacheLockingManager done
Event: 6.378 loading class org/gradle/api/internal/artifacts/ivyservice/WritableArtifactCacheLockingManager
Event: 6.378 loading class org/gradle/api/internal/artifacts/ivyservice/WritableArtifactCacheLockingManager done
Event: 6.378 loading class org/gradle/api/internal/artifacts/ivyservice/DefaultArtifactCaches
Event: 6.378 loading class org/gradle/api/internal/artifacts/ivyservice/DefaultArtifactCaches done
Event: 6.380 loading class org/apache/commons/lang/StringUtils
Event: 6.380 loading class org/apache/commons/lang/StringUtils done


Dynamic libraries:
0x00007ff7df100000 - 0x00007ff7df10a000 	D:\android\jre\bin\java.exe
0x00007ff98a8e0000 - 0x00007ff98aad0000 	C:\Windows\SYSTEM32\ntdll.dll
0x00007ff98a7e0000 - 0x00007ff98a892000 	C:\Windows\System32\KERNEL32.DLL
0x00007ff988360000 - 0x00007ff988604000 	C:\Windows\System32\KERNELBASE.dll
0x00007ff988640000 - 0x00007ff98873a000 	C:\Windows\System32\ucrtbase.dll
0x00007ff95d150000 - 0x00007ff95d167000 	D:\android\jre\bin\VCRUNTIME140.dll
0x00007ff95d330000 - 0x00007ff95d349000 	D:\android\jre\bin\jli.dll
0x00007ff98a5a0000 - 0x00007ff98a734000 	C:\Windows\System32\USER32.dll
0x00007ff988610000 - 0x00007ff988631000 	C:\Windows\System32\win32u.dll
0x00007ff989780000 - 0x00007ff9897a6000 	C:\Windows\System32\GDI32.dll
0x00007ff972700000 - 0x00007ff972984000 	C:\Windows\WinSxS\amd64_microsoft.windows.common-controls_6595b64144ccf1df_6.0.18362.959_none_e6c7bbbf130c62bb\COMCTL32.dll
0x00007ff987ff0000 - 0x00007ff988186000 	C:\Windows\System32\gdi32full.dll
0x00007ff98a500000 - 0x00007ff98a59e000 	C:\Windows\System32\msvcrt.dll
0x00007ff9881e0000 - 0x00007ff98827e000 	C:\Windows\System32\msvcp_win.dll
0x00007ff989a30000 - 0x00007ff989d65000 	C:\Windows\System32\combase.dll
0x00007ff989660000 - 0x00007ff989780000 	C:\Windows\System32\RPCRT4.dll
0x00007ff9887a0000 - 0x00007ff988820000 	C:\Windows\System32\bcryptPrimitives.dll
0x00007ff98a2c0000 - 0x00007ff98a2ee000 	C:\Windows\System32\IMM32.DLL
0x00007ff91de40000 - 0x00007ff91dedd000 	D:\android\jre\bin\msvcp140.dll
0x00007ff911e80000 - 0x00007ff912982000 	D:\android\jre\bin\server\jvm.dll
0x00007ff9897b0000 - 0x00007ff989853000 	C:\Windows\System32\ADVAPI32.dll
0x00007ff98a740000 - 0x00007ff98a7d7000 	C:\Windows\System32\sechost.dll
0x00007ff989a20000 - 0x00007ff989a28000 	C:\Windows\System32\PSAPI.DLL
0x00007ff97f130000 - 0x00007ff97f139000 	C:\Windows\SYSTEM32\WSOCK32.dll
0x00007ff982250000 - 0x00007ff982274000 	C:\Windows\SYSTEM32\WINMM.dll
0x00007ff97cfe0000 - 0x00007ff97cfea000 	C:\Windows\SYSTEM32\VERSION.dll
0x00007ff989930000 - 0x00007ff98999f000 	C:\Windows\System32\WS2_32.dll
0x00007ff9821d0000 - 0x00007ff9821fd000 	C:\Windows\SYSTEM32\winmmbase.dll
0x00007ff988190000 - 0x00007ff9881da000 	C:\Windows\System32\cfgmgr32.dll
0x00007ff9877c0000 - 0x00007ff9877d1000 	C:\Windows\System32\kernel.appcore.dll
0x00007ff97cdd0000 - 0x00007ff97cde1000 	D:\android\jre\bin\verify.dll
0x00007ff9827f0000 - 0x00007ff9829e4000 	C:\Windows\SYSTEM32\DBGHELP.DLL
0x00007ff982220000 - 0x00007ff98224a000 	C:\Windows\SYSTEM32\dbgcore.DLL
0x00007ff964bb0000 - 0x00007ff964bd9000 	D:\android\jre\bin\java.dll
0x00007ff97f170000 - 0x00007ff97f17b000 	D:\android\jre\bin\jimage.dll
0x00007ff97c650000 - 0x00007ff97c668000 	D:\android\jre\bin\zip.dll
0x00007ff988990000 - 0x00007ff989076000 	C:\Windows\System32\SHELL32.dll
0x00007ff989d70000 - 0x00007ff989e19000 	C:\Windows\System32\shcore.dll
0x00007ff987860000 - 0x00007ff987fe2000 	C:\Windows\System32\windows.storage.dll
0x00007ff9877e0000 - 0x00007ff987803000 	C:\Windows\System32\profapi.dll
0x00007ff987810000 - 0x00007ff98785a000 	C:\Windows\System32\powrprof.dll
0x00007ff987790000 - 0x00007ff9877a0000 	C:\Windows\System32\UMPDC.dll
0x00007ff98a4a0000 - 0x00007ff98a4f2000 	C:\Windows\System32\shlwapi.dll
0x00007ff988820000 - 0x00007ff988837000 	C:\Windows\System32\cryptsp.dll
0x00007ff964b90000 - 0x00007ff964baa000 	D:\android\jre\bin\net.dll
0x00007ff97f8b0000 - 0x00007ff97f9a0000 	C:\Windows\SYSTEM32\WINHTTP.dll
0x00007ff987000000 - 0x00007ff987067000 	C:\Windows\system32\mswsock.dll
0x00007ff964b70000 - 0x00007ff964b84000 	D:\android\jre\bin\nio.dll
0x00007ff968900000 - 0x00007ff968927000 	C:\Users\75914\.gradle\native\e1d6ef7f7dcc3fd88c89a11ec53ec762bb8ba0a96d01ffa2cd45eb1d1d8dd5c5\windows-amd64\native-platform.dll
0x00007ff91dcf0000 - 0x00007ff91de34000 	C:\Users\75914\.gradle\native\0d407fdbe67a94daf76414ababcb853783967236a71b16ec16e742cd7a986fd3\windows-amd64\native-platform-file-events.dll
0x00007ff97e170000 - 0x00007ff97e17a000 	D:\android\jre\bin\management.dll
0x00007ff97cd90000 - 0x00007ff97cd9d000 	D:\android\jre\bin\management_ext.dll
0x00007ff986b70000 - 0x00007ff986ba3000 	C:\Windows\system32\rsaenh.dll
0x00007ff988280000 - 0x00007ff9882a6000 	C:\Windows\System32\bcrypt.dll
0x00007ff9876b0000 - 0x00007ff9876d5000 	C:\Windows\SYSTEM32\USERENV.dll
0x00007ff9871d0000 - 0x00007ff9871dc000 	C:\Windows\SYSTEM32\CRYPTBASE.dll
0x00007ff986d10000 - 0x00007ff986d4a000 	C:\Windows\SYSTEM32\IPHLPAPI.DLL
0x00007ff989440000 - 0x00007ff989448000 	C:\Windows\System32\NSI.dll
0x00007ff97d190000 - 0x00007ff97d1a6000 	C:\Windows\SYSTEM32\dhcpcsvc6.DLL
0x00007ff97d170000 - 0x00007ff97d18c000 	C:\Windows\SYSTEM32\dhcpcsvc.DLL
0x00007ff986d50000 - 0x00007ff986e1b000 	C:\Windows\SYSTEM32\DNSAPI.dll

dbghelp: loaded successfully - version: 4.0.5 - missing functions: none
symbol engine: initialized successfully - sym options: 0x614 - pdb path: .;D:\android\jre\bin;C:\Windows\SYSTEM32;C:\Windows\WinSxS\amd64_microsoft.windows.common-controls_6595b64144ccf1df_6.0.18362.959_none_e6c7bbbf130c62bb;D:\android\jre\bin\server;C:\Users\75914\.gradle\native\e1d6ef7f7dcc3fd88c89a11ec53ec762bb8ba0a96d01ffa2cd45eb1d1d8dd5c5\windows-amd64;C:\Users\75914\.gradle\native\0d407fdbe67a94daf76414ababcb853783967236a71b16ec16e742cd7a986fd3\windows-amd64

VM Arguments:
jvm_args: --add-opens=java.base/java.util=ALL-UNNAMED --add-opens=java.base/java.lang=ALL-UNNAMED --add-opens=java.base/java.lang.invoke=ALL-UNNAMED --add-opens=java.base/java.util=ALL-UNNAMED --add-opens=java.prefs/java.util.prefs=ALL-UNNAMED --add-opens=java.prefs/java.util.prefs=ALL-UNNAMED --add-opens=java.base/java.nio.charset=ALL-UNNAMED --add-opens=java.base/java.net=ALL-UNNAMED --add-opens=java.base/java.util.concurrent.atomic=ALL-UNNAMED -Xmx2048m -Dfile.encoding=UTF-8 -Duser.country=CN -Duser.language=zh -Duser.variant 
java_command: org.gradle.launcher.daemon.bootstrap.GradleDaemon 7.4
java_class_path (initial): C:\Users\75914\.gradle\wrapper\dists\gradle-7.4-bin\c0gwcg53nkjbqw7r0h0umtfvt\gradle-7.4\lib\gradle-launcher-7.4.jar
Launcher Type: SUN_STANDARD

[Global flags]
     intx CICompilerCount                          = 4                                         {product} {ergonomic}
     uint ConcGCThreads                            = 2                                         {product} {ergonomic}
     uint G1ConcRefinementThreads                  = 8                                         {product} {ergonomic}
   size_t G1HeapRegionSize                         = 1048576                                   {product} {ergonomic}
    uintx GCDrainStackTargetSize                   = 64                                        {product} {ergonomic}
   size_t InitialHeapSize                          = 266338304                                 {product} {ergonomic}
   size_t MarkStackSize                            = 4194304                                   {product} {ergonomic}
   size_t MaxHeapSize                              = 2147483648                                {product} {command line}
   size_t MaxNewSize                               = 1287651328                                {product} {ergonomic}
   size_t MinHeapDeltaBytes                        = 1048576                                   {product} {ergonomic}
    uintx NonNMethodCodeHeapSize                   = 5836300                                {pd product} {ergonomic}
    uintx NonProfiledCodeHeapSize                  = 122910970                              {pd product} {ergonomic}
    uintx ProfiledCodeHeapSize                     = 122910970                              {pd product} {ergonomic}
    uintx ReservedCodeCacheSize                    = 251658240                              {pd product} {ergonomic}
     bool SegmentedCodeCache                       = true                                      {product} {ergonomic}
     bool UseCompressedClassPointers               = true                                 {lp64_product} {ergonomic}
     bool UseCompressedOops                        = true                                 {lp64_product} {ergonomic}
     bool UseG1GC                                  = true                                      {product} {ergonomic}
     bool UseLargePagesIndividualAllocation        = false                                  {pd product} {ergonomic}

Logging:
Log output configuration:
 #0: stdout all=warning uptime,level,tags
 #1: stderr all=off uptime,level,tags

Environment Variables:
PATH=D:\bin\;C:\Python310\Scripts\;C:\Python310\;C:\Program Files\Common Files\Oracle\Java\javapath;C:\Program Files (x86)\Common Files\Intel\Shared Libraries\redist\intel64_win\compiler;C:\Windows\system32;C:\Windows;C:\Windows\System32\Wbem;C:\Windows\System32\WindowsPowerShell\v1.0\;C:\Windows\System32\OpenSSH\;C:\Program Files (x86)\NVIDIA Corporation\PhysX\Common;C:\Program Files\NVIDIA Corporation\NVIDIA NvDLISR;C:\Program Files\Common Files\Autodesk Shared\;C:\Program Files\Microsoft SQL Server\120\Tools\Binn\;C:\Users\75914\AppData\Local\Programs\Python\Python39\;C:\Users\75914\AppData\Local\Programs\Python\Python39\Scripts;C:\MinGW;D:\Downloads\mingw64\bin;C:\Program Files\Microsoft SQL Server\150\Tools\Binn\;C:\Program Files\Git\cmd;C:\ProgramData\chocolatey\bin;C:\Users\75914\AppData\Local\Microsoft\WindowsApps;C:\Users\75914\AppData\Local\Programs\Python\Python39\;D:\Downloads\Microsoft VS Code\bin;D:\Downloads\Quick App IDE\bin
USERNAME=75914
OS=Windows_NT
PROCESSOR_IDENTIFIER=Intel64 Family 6 Model 126 Stepping 5, GenuineIntel



---------------  S Y S T E M  ---------------

OS: Windows 10 , 64 bit Build 18362 (10.0.18362.959)
OS uptime: 0 days 20:39 hours

CPU:total 8 (initial active 8) (4 cores per cpu, 2 threads per core) family 6 model 126 stepping 5 microcode 0x70, cmov, cx8, fxsr, mmx, sse, sse2, sse3, ssse3, sse4.1, sse4.2, popcnt, avx, avx2, aes, clmul, erms, 3dnowpref, lzcnt, ht, tsc, tscinvbit, bmi1, bmi2, adx, evex, sha, fma

Memory: 4k page, system-wide physical 16159M (4128M free)
TotalPageFile size 20543M (AvailPageFile size 5M)
current process WorkingSet (physical memory assigned to process): 201M, peak: 201M
current process commit charge ("private bytes"): 390M, peak: 400M

vm_info: OpenJDK 64-Bit Server VM (11.0.13+0-b1751.21-8125866) for windows-amd64 JRE (11.0.13+0-b1751.21-8125866), built on Feb  2 2022 03:00:22 by "builder" with MS VC++ 14.0 (VS2015)

END.
