#
# There is insufficient memory for the Java Runtime Environment to continue.
# Native memory allocation (malloc) failed to allocate 60032 bytes for Chunk::new
# Possible reasons:
#   The system is out of physical RAM or swap space
#   The process is running with CompressedOops enabled, and the Java Heap may be blocking the growth of the native heap
# Possible solutions:
#   Reduce memory load on the system
#   Increase physical memory or swap space
#   Check if swap backing store is full
#   Decrease Java heap size (-Xmx/-Xms)
#   Decrease number of Java threads
#   Decrease Java thread stack sizes (-Xss)
#   Set larger code cache with -XX:ReservedCodeCacheSize=
#   JVM is running with Unscaled Compressed Oops mode in which the Java heap is
#     placed in the first 4GB address space. The Java Heap base address is the
#     maximum limit for the native heap growth. Please use -XX:HeapBaseMinAddress
#     to set the Java Heap base and to place the Java Heap above 4GB virtual address.
# This output file may be truncated or incomplete.
#
#  Out of Memory Error (./src/hotspot/share/memory/arena.cpp:197), pid=50368, tid=65176
#
# JRE version: OpenJDK Runtime Environment (11.0.13) (build 11.0.13+0-b1751.21-8125866)
# Java VM: OpenJDK 64-Bit Server VM (11.0.13+0-b1751.21-8125866, mixed mode, tiered, compressed oops, g1 gc, windows-amd64)
# No core dump will be written. Minidumps are not enabled by default on client versions of Windows
#

---------------  S U M M A R Y ------------

Command Line: --add-opens=java.base/java.util=ALL-UNNAMED --add-opens=java.base/java.lang=ALL-UNNAMED --add-opens=java.base/java.lang.invoke=ALL-UNNAMED --add-opens=java.base/java.util=ALL-UNNAMED --add-opens=java.prefs/java.util.prefs=ALL-UNNAMED --add-opens=java.prefs/java.util.prefs=ALL-UNNAMED --add-opens=java.base/java.nio.charset=ALL-UNNAMED --add-opens=java.base/java.net=ALL-UNNAMED --add-opens=java.base/java.util.concurrent.atomic=ALL-UNNAMED -Xmx2048m -Dfile.encoding=UTF-8 -Duser.country=CN -Duser.language=zh -Duser.variant org.gradle.launcher.daemon.bootstrap.GradleDaemon 7.4

Host: Intel(R) Core(TM) i5-1035G1 CPU @ 1.00GHz, 8 cores, 15G,  Windows 10 , 64 bit Build 18362 (10.0.18362.959)
Time: Sun Nov  6 17:27:30 2022 ?D1¨²¡À¨º¡Á?¨º¡À?? elapsed time: 35.830527 seconds (0d 0h 0m 35s)

---------------  T H R E A D  ---------------

Current thread (0x0000021ab2ee0800):  JavaThread "C2 CompilerThread1" daemon [_thread_in_native, id=65176, stack(0x0000008ef5500000,0x0000008ef5600000)]


Current CompileTask:
C2:  35830 14208       4       org.objectweb.asm.SymbolTable::addConstant (330 bytes)

Stack: [0x0000008ef5500000,0x0000008ef5600000]
Native frames: (J=compiled Java code, j=interpreted, Vv=VM code, C=native code)
V  [jvm.dll+0x6100fa]
V  [jvm.dll+0x747090]
V  [jvm.dll+0x7486ad]
V  [jvm.dll+0x748d83]
V  [jvm.dll+0x24ab48]
V  [jvm.dll+0xc04dc]
V  [jvm.dll+0xc0a0c]
V  [jvm.dll+0xc060c]
V  [jvm.dll+0x66c33c]
V  [jvm.dll+0x52b4f4]
V  [jvm.dll+0x515478]
V  [jvm.dll+0x5127e9]
V  [jvm.dll+0x514519]
V  [jvm.dll+0x51419b]
V  [jvm.dll+0x51396f]
V  [jvm.dll+0x513936]
V  [jvm.dll+0x513983]
V  [jvm.dll+0x524796]
V  [jvm.dll+0x20491a]
V  [jvm.dll+0x2023c2]
V  [jvm.dll+0x188e01]
V  [jvm.dll+0x21106b]
V  [jvm.dll+0x20f8c1]
V  [jvm.dll+0x70de0f]
V  [jvm.dll+0x706a75]
V  [jvm.dll+0x60ed66]
C  [ucrtbase.dll+0x20e82]
C  [KERNEL32.DLL+0x17bd4]
C  [ntdll.dll+0x6ce51]


---------------  P R O C E S S  ---------------

Threads class SMR info:
_java_thread_list=0x0000021ab1028f80, length=145, elements={
0x0000021a92862800, 0x0000021aad566800, 0x0000021aad569800, 0x0000021aad5e1800,
0x0000021aad5e5800, 0x0000021aad5e6800, 0x0000021aad5e7800, 0x0000021aad5ed800,
0x0000021aad5ef000, 0x0000021aad78a000, 0x0000021aae3eb800, 0x0000021ab0030000,
0x0000021aaf100800, 0x0000021aaf5d0800, 0x0000021aae7ed000, 0x0000021aaf821800,
0x0000021aaedd1000, 0x0000021aaec57800, 0x0000021aaec58800, 0x0000021ab0926000,
0x0000021ab060d000, 0x0000021ab060e000, 0x0000021ab060b800, 0x0000021ab060a000,
0x0000021ab0608000, 0x0000021ab060e800, 0x0000021ab0609000, 0x0000021ab060c800,
0x0000021ab060a800, 0x0000021aaf9be000, 0x0000021aaf9bf000, 0x0000021aaf9bd000,
0x0000021aaf9c3000, 0x0000021aaf9c3800, 0x0000021aaf9c4800, 0x0000021aaf9c5800,
0x0000021aaf9c6000, 0x0000021aaf9c7000, 0x0000021aaf9c1800, 0x0000021aaf9c9800,
0x0000021aaf9c8000, 0x0000021aaf9c8800, 0x0000021ab14d6800, 0x0000021ab14d5800,
0x0000021ab14d7000, 0x0000021ab14d8000, 0x0000021ab14d9000, 0x0000021ab14d3000,
0x0000021ab14d9800, 0x0000021ab14d4000, 0x0000021ab14da800, 0x0000021ab14d5000,
0x0000021ab14dd800, 0x0000021ab14db800, 0x0000021ab14df800, 0x0000021ab14de800,
0x0000021ab14e1000, 0x0000021ab14e0000, 0x0000021ab14dd000, 0x0000021ab14e2000,
0x0000021ab14dc000, 0x0000021ab3163000, 0x0000021ab3162800, 0x0000021ab3167800,
0x0000021ab3169000, 0x0000021ab3165000, 0x0000021ab3169800, 0x0000021ab3164000,
0x0000021ab316b800, 0x0000021ab3165800, 0x0000021ab3168000, 0x0000021ab316a800,
0x0000021ab316c000, 0x0000021ab3166800, 0x0000021ab316f800, 0x0000021ab316e800,
0x0000021ab3170800, 0x0000021ab3171000, 0x0000021ab316d000, 0x0000021ab316e000,
0x0000021ab00e1000, 0x0000021ab00e0000, 0x0000021ab00e3800, 0x0000021ab00e1800,
0x0000021ab00e4000, 0x0000021ab00de800, 0x0000021ab00e2800, 0x0000021ab00df000,
0x0000021ab00e6800, 0x0000021ab00e7800, 0x0000021ab00e6000, 0x0000021ab00ea000,
0x0000021ab00ea800, 0x0000021ab00e5000, 0x0000021ab00ec800, 0x0000021ab00ed000,
0x0000021ab00eb800, 0x0000021ab00e8000, 0x0000021ab00e9000, 0x0000021ab393e000,
0x0000021ab393b800, 0x0000021ab393c800, 0x0000021ab3939000, 0x0000021ab393f800,
0x0000021ab393b000, 0x0000021ab393a000, 0x0000021ab3943000, 0x0000021ab3941800,
0x0000021ab393d000, 0x0000021ab3940800, 0x0000021ab3942000, 0x0000021ab3943800,
0x0000021ab3944800, 0x0000021ab393f000, 0x0000021ab3945800, 0x0000021ab3948000,
0x0000021ab3946000, 0x0000021ab3947000, 0x0000021ab1282800, 0x0000021ab1283800,
0x0000021ab127f800, 0x0000021ab127e800, 0x0000021ab1284000, 0x0000021ab1285000,
0x0000021ab1286000, 0x0000021ab1286800, 0x0000021ab1281000, 0x0000021ab1287800,
0x0000021ab1282000, 0x0000021ab128c800, 0x0000021ab128b000, 0x0000021ab1288800,
0x0000021ab128a000, 0x0000021ab128b800, 0x0000021ab31de000, 0x0000021ab31d9800,
0x0000021ab31d9000, 0x0000021ab31dc000, 0x0000021ab31da800, 0x0000021ab31e0800,
0x0000021ab31de800, 0x0000021ab31db800, 0x0000021ab31e2800, 0x0000021ab2ee0800,
0x0000021ab879a000
}

Java Threads: ( => current thread )
  0x0000021a92862800 JavaThread "main" [_thread_blocked, id=59952, stack(0x0000008ef2700000,0x0000008ef2800000)]
  0x0000021aad566800 JavaThread "Reference Handler" daemon [_thread_blocked, id=61868, stack(0x0000008ef2e00000,0x0000008ef2f00000)]
  0x0000021aad569800 JavaThread "Finalizer" daemon [_thread_blocked, id=61572, stack(0x0000008ef2f00000,0x0000008ef3000000)]
  0x0000021aad5e1800 JavaThread "Signal Dispatcher" daemon [_thread_blocked, id=62000, stack(0x0000008ef3000000,0x0000008ef3100000)]
  0x0000021aad5e5800 JavaThread "Attach Listener" daemon [_thread_blocked, id=60572, stack(0x0000008ef3100000,0x0000008ef3200000)]
  0x0000021aad5e6800 JavaThread "Service Thread" daemon [_thread_blocked, id=42424, stack(0x0000008ef3200000,0x0000008ef3300000)]
  0x0000021aad5e7800 JavaThread "C2 CompilerThread0" daemon [_thread_in_native, id=62196, stack(0x0000008ef3300000,0x0000008ef3400000)]
  0x0000021aad5ed800 JavaThread "C1 CompilerThread0" daemon [_thread_blocked, id=37564, stack(0x0000008ef3400000,0x0000008ef3500000)]
  0x0000021aad5ef000 JavaThread "Sweeper thread" daemon [_thread_blocked, id=51744, stack(0x0000008ef3500000,0x0000008ef3600000)]
  0x0000021aad78a000 JavaThread "Common-Cleaner" daemon [_thread_blocked, id=54384, stack(0x0000008ef3600000,0x0000008ef3700000)]
  0x0000021aae3eb800 JavaThread "Daemon health stats" [_thread_blocked, id=62892, stack(0x0000008ef3f00000,0x0000008ef4000000)]
  0x0000021ab0030000 JavaThread "Incoming local TCP Connector on port 56059" [_thread_in_native, id=62028, stack(0x0000008ef3800000,0x0000008ef3900000)]
  0x0000021aaf100800 JavaThread "Daemon periodic checks" [_thread_blocked, id=51308, stack(0x0000008ef3e00000,0x0000008ef3f00000)]
  0x0000021aaf5d0800 JavaThread "Daemon" [_thread_blocked, id=63836, stack(0x0000008ef4000000,0x0000008ef4100000)]
  0x0000021aae7ed000 JavaThread "Handler for socket connection from /127.0.0.1:56059 to /127.0.0.1:56060" [_thread_in_native, id=53304, stack(0x0000008ef4100000,0x0000008ef4200000)]
  0x0000021aaf821800 JavaThread "Cancel handler" [_thread_blocked, id=57844, stack(0x0000008ef4200000,0x0000008ef4300000)]
  0x0000021aaedd1000 JavaThread "Daemon worker" [_thread_blocked, id=52320, stack(0x0000008ef4300000,0x0000008ef4400000)]
  0x0000021aaec57800 JavaThread "Asynchronous log dispatcher for DefaultDaemonConnection: socket connection from /127.0.0.1:56059 to /127.0.0.1:56060" [_thread_blocked, id=50228, stack(0x0000008ef4400000,0x0000008ef4500000)]
  0x0000021aaec58800 JavaThread "Stdin handler" [_thread_blocked, id=62056, stack(0x0000008ef4500000,0x0000008ef4600000)]
  0x0000021ab0926000 JavaThread "Daemon client event forwarder" [_thread_blocked, id=59344, stack(0x0000008ef4600000,0x0000008ef4700000)]
  0x0000021ab060d000 JavaThread "Cache worker for journal cache (C:\Users\75914\.gradle\caches\journal-1)" [_thread_blocked, id=63348, stack(0x0000008ef4700000,0x0000008ef4800000)]
  0x0000021ab060e000 JavaThread "File lock request listener" [_thread_in_native, id=59204, stack(0x0000008ef4800000,0x0000008ef4900000)]
  0x0000021ab060b800 JavaThread "Cache worker for file hash cache (C:\Users\75914\.gradle\caches\7.4\fileHashes)" [_thread_blocked, id=48432, stack(0x0000008ef4900000,0x0000008ef4a00000)]
  0x0000021ab060a000 JavaThread "File watcher server" daemon [_thread_in_native, id=56380, stack(0x0000008ef4e00000,0x0000008ef4f00000)]
  0x0000021ab0608000 JavaThread "File watcher consumer" daemon [_thread_blocked, id=61956, stack(0x0000008ef4f00000,0x0000008ef5000000)]
  0x0000021ab060e800 JavaThread "Cache worker for checksums cache (D:\aproj\Homework_APP\.gradle\7.4\checksums)" [_thread_blocked, id=62128, stack(0x0000008ef5000000,0x0000008ef5100000)]
  0x0000021ab0609000 JavaThread "Cache worker for cache directory md-rule (C:\Users\75914\.gradle\caches\7.4\md-rule)" [_thread_blocked, id=60616, stack(0x0000008ef5100000,0x0000008ef5200000)]
  0x0000021ab060c800 JavaThread "Cache worker for file hash cache (D:\aproj\Homework_APP\.gradle\7.4\fileHashes)" [_thread_blocked, id=50100, stack(0x0000008ef5200000,0x0000008ef5300000)]
  0x0000021ab060a800 JavaThread "Cache worker for cache directory md-supplier (C:\Users\75914\.gradle\caches\7.4\md-supplier)" [_thread_blocked, id=44788, stack(0x0000008ef5300000,0x0000008ef5400000)]
  0x0000021aaf9be000 JavaThread "Cache worker for execution history cache (C:\Users\75914\.gradle\caches\7.4\executionHistory)" [_thread_blocked, id=41088, stack(0x0000008ef5400000,0x0000008ef5500000)]
  0x0000021aaf9bf000 JavaThread "jar transforms" [_thread_blocked, id=33048, stack(0x0000008ef5600000,0x0000008ef5700000)]
  0x0000021aaf9bd000 JavaThread "Cache worker for file content cache (C:\Users\75914\.gradle\caches\7.4\fileContent)" [_thread_blocked, id=63444, stack(0x0000008ef5700000,0x0000008ef5800000)]
  0x0000021aaf9c3000 JavaThread "jar transforms Thread 2" [_thread_blocked, id=62088, stack(0x0000008ef5800000,0x0000008ef5900000)]
  0x0000021aaf9c3800 JavaThread "Cache worker for dependencies-accessors (D:\aproj\Homework_APP\.gradle\7.4\dependencies-accessors)" [_thread_blocked, id=58904, stack(0x0000008ef5900000,0x0000008ef5a00000)]
  0x0000021aaf9c4800 JavaThread "jar transforms Thread 3" [_thread_blocked, id=47044, stack(0x0000008ef5a00000,0x0000008ef5b00000)]
  0x0000021aaf9c5800 JavaThread "Cache worker for Build Output Cleanup Cache (D:\aproj\Homework_APP\.gradle\buildOutputCleanup)" [_thread_blocked, id=56172, stack(0x0000008ef4d00000,0x0000008ef4e00000)]
  0x0000021aaf9c6000 JavaThread "Unconstrained build operations" [_thread_blocked, id=17776, stack(0x0000008ef5b00000,0x0000008ef5c00000)]
  0x0000021aaf9c7000 JavaThread "Unconstrained build operations Thread 2" [_thread_blocked, id=31932, stack(0x0000008ef5c00000,0x0000008ef5d00000)]
  0x0000021aaf9c1800 JavaThread "Unconstrained build operations Thread 3" [_thread_blocked, id=61036, stack(0x0000008ef5d00000,0x0000008ef5e00000)]
  0x0000021aaf9c9800 JavaThread "Unconstrained build operations Thread 4" [_thread_blocked, id=63284, stack(0x0000008ef5e00000,0x0000008ef5f00000)]
  0x0000021aaf9c8000 JavaThread "Unconstrained build operations Thread 5" [_thread_blocked, id=64304, stack(0x0000008ef5f00000,0x0000008ef6000000)]
  0x0000021aaf9c8800 JavaThread "Unconstrained build operations Thread 6" [_thread_blocked, id=62716, stack(0x0000008ef6000000,0x0000008ef6100000)]
  0x0000021ab14d6800 JavaThread "Unconstrained build operations Thread 7" [_thread_blocked, id=61420, stack(0x0000008ef6100000,0x0000008ef6200000)]
  0x0000021ab14d5800 JavaThread "Unconstrained build operations Thread 8" [_thread_blocked, id=49424, stack(0x0000008ef6200000,0x0000008ef6300000)]
  0x0000021ab14d7000 JavaThread "Unconstrained build operations Thread 9" [_thread_blocked, id=47468, stack(0x0000008ef6300000,0x0000008ef6400000)]
  0x0000021ab14d8000 JavaThread "Unconstrained build operations Thread 10" [_thread_blocked, id=56536, stack(0x0000008ef6400000,0x0000008ef6500000)]
  0x0000021ab14d9000 JavaThread "Unconstrained build operations Thread 11" [_thread_blocked, id=46076, stack(0x0000008ef6500000,0x0000008ef6600000)]
  0x0000021ab14d3000 JavaThread "Unconstrained build operations Thread 12" [_thread_blocked, id=33172, stack(0x0000008ef6600000,0x0000008ef6700000)]
  0x0000021ab14d9800 JavaThread "Unconstrained build operations Thread 13" [_thread_blocked, id=58980, stack(0x0000008ef6700000,0x0000008ef6800000)]
  0x0000021ab14d4000 JavaThread "Unconstrained build operations Thread 14" [_thread_blocked, id=62428, stack(0x0000008ef6800000,0x0000008ef6900000)]
  0x0000021ab14da800 JavaThread "Unconstrained build operations Thread 15" [_thread_blocked, id=63296, stack(0x0000008ef6900000,0x0000008ef6a00000)]
  0x0000021ab14d5000 JavaThread "Unconstrained build operations Thread 16" [_thread_blocked, id=58476, stack(0x0000008ef6a00000,0x0000008ef6b00000)]
  0x0000021ab14dd800 JavaThread "Unconstrained build operations Thread 17" [_thread_blocked, id=29644, stack(0x0000008ef6b00000,0x0000008ef6c00000)]
  0x0000021ab14db800 JavaThread "Unconstrained build operations Thread 18" [_thread_blocked, id=64436, stack(0x0000008ef6c00000,0x0000008ef6d00000)]
  0x0000021ab14df800 JavaThread "Unconstrained build operations Thread 19" [_thread_blocked, id=60176, stack(0x0000008ef6d00000,0x0000008ef6e00000)]
  0x0000021ab14de800 JavaThread "Unconstrained build operations Thread 20" [_thread_blocked, id=56388, stack(0x0000008ef6e00000,0x0000008ef6f00000)]
  0x0000021ab14e1000 JavaThread "Unconstrained build operations Thread 21" [_thread_blocked, id=59452, stack(0x0000008ef6f00000,0x0000008ef7000000)]
  0x0000021ab14e0000 JavaThread "Unconstrained build operations Thread 22" [_thread_blocked, id=59456, stack(0x0000008ef7000000,0x0000008ef7100000)]
  0x0000021ab14dd000 JavaThread "Unconstrained build operations Thread 23" [_thread_blocked, id=57868, stack(0x0000008ef7100000,0x0000008ef7200000)]
  0x0000021ab14e2000 JavaThread "Unconstrained build operations Thread 24" [_thread_blocked, id=57120, stack(0x0000008ef7200000,0x0000008ef7300000)]
  0x0000021ab14dc000 JavaThread "Unconstrained build operations Thread 25" [_thread_blocked, id=63796, stack(0x0000008ef7300000,0x0000008ef7400000)]
  0x0000021ab3163000 JavaThread "Unconstrained build operations Thread 26" [_thread_blocked, id=62212, stack(0x0000008ef7400000,0x0000008ef7500000)]
  0x0000021ab3162800 JavaThread "Unconstrained build operations Thread 27" [_thread_blocked, id=58732, stack(0x0000008ef7500000,0x0000008ef7600000)]
  0x0000021ab3167800 JavaThread "Unconstrained build operations Thread 28" [_thread_blocked, id=62884, stack(0x0000008ef7600000,0x0000008ef7700000)]
  0x0000021ab3169000 JavaThread "Unconstrained build operations Thread 29" [_thread_blocked, id=62700, stack(0x0000008ef7700000,0x0000008ef7800000)]
  0x0000021ab3165000 JavaThread "Unconstrained build operations Thread 30" [_thread_blocked, id=61728, stack(0x0000008ef7800000,0x0000008ef7900000)]
  0x0000021ab3169800 JavaThread "Unconstrained build operations Thread 31" [_thread_blocked, id=50200, stack(0x0000008ef7900000,0x0000008ef7a00000)]
  0x0000021ab3164000 JavaThread "Unconstrained build operations Thread 32" [_thread_blocked, id=64516, stack(0x0000008ef7a00000,0x0000008ef7b00000)]
  0x0000021ab316b800 JavaThread "Unconstrained build operations Thread 33" [_thread_blocked, id=64520, stack(0x0000008ef7b00000,0x0000008ef7c00000)]
  0x0000021ab3165800 JavaThread "Unconstrained build operations Thread 34" [_thread_blocked, id=64524, stack(0x0000008ef7c00000,0x0000008ef7d00000)]
  0x0000021ab3168000 JavaThread "Unconstrained build operations Thread 35" [_thread_blocked, id=64528, stack(0x0000008ef7d00000,0x0000008ef7e00000)]
  0x0000021ab316a800 JavaThread "Unconstrained build operations Thread 36" [_thread_blocked, id=64532, stack(0x0000008ef7e00000,0x0000008ef7f00000)]
  0x0000021ab316c000 JavaThread "Unconstrained build operations Thread 37" [_thread_blocked, id=64536, stack(0x0000008ef7f00000,0x0000008ef8000000)]
  0x0000021ab3166800 JavaThread "Unconstrained build operations Thread 38" [_thread_blocked, id=64540, stack(0x0000008ef8000000,0x0000008ef8100000)]
  0x0000021ab316f800 JavaThread "Unconstrained build operations Thread 39" [_thread_blocked, id=64544, stack(0x0000008ef8100000,0x0000008ef8200000)]
  0x0000021ab316e800 JavaThread "Unconstrained build operations Thread 40" [_thread_blocked, id=64548, stack(0x0000008ef8200000,0x0000008ef8300000)]
  0x0000021ab3170800 JavaThread "Unconstrained build operations Thread 41" [_thread_blocked, id=64552, stack(0x0000008ef8300000,0x0000008ef8400000)]
  0x0000021ab3171000 JavaThread "Unconstrained build operations Thread 42" [_thread_blocked, id=64556, stack(0x0000008ef8400000,0x0000008ef8500000)]
  0x0000021ab316d000 JavaThread "Unconstrained build operations Thread 43" [_thread_blocked, id=64560, stack(0x0000008ef8500000,0x0000008ef8600000)]
  0x0000021ab316e000 JavaThread "Unconstrained build operations Thread 44" [_thread_blocked, id=64564, stack(0x0000008ef8600000,0x0000008ef8700000)]
  0x0000021ab00e1000 JavaThread "Unconstrained build operations Thread 45" [_thread_blocked, id=64568, stack(0x0000008ef8700000,0x0000008ef8800000)]
  0x0000021ab00e0000 JavaThread "Unconstrained build operations Thread 46" [_thread_blocked, id=64572, stack(0x0000008ef8800000,0x0000008ef8900000)]
  0x0000021ab00e3800 JavaThread "Unconstrained build operations Thread 47" [_thread_blocked, id=64576, stack(0x0000008ef8900000,0x0000008ef8a00000)]
  0x0000021ab00e1800 JavaThread "Unconstrained build operations Thread 48" [_thread_blocked, id=64580, stack(0x0000008ef8a00000,0x0000008ef8b00000)]
  0x0000021ab00e4000 JavaThread "Unconstrained build operations Thread 49" [_thread_blocked, id=64584, stack(0x0000008ef8b00000,0x0000008ef8c00000)]
  0x0000021ab00de800 JavaThread "Unconstrained build operations Thread 50" [_thread_blocked, id=64588, stack(0x0000008ef8c00000,0x0000008ef8d00000)]
  0x0000021ab00e2800 JavaThread "Unconstrained build operations Thread 51" [_thread_blocked, id=64592, stack(0x0000008ef8d00000,0x0000008ef8e00000)]
  0x0000021ab00df000 JavaThread "Unconstrained build operations Thread 52" [_thread_blocked, id=64596, stack(0x0000008ef8e00000,0x0000008ef8f00000)]
  0x0000021ab00e6800 JavaThread "Unconstrained build operations Thread 53" [_thread_blocked, id=64600, stack(0x0000008ef8f00000,0x0000008ef9000000)]
  0x0000021ab00e7800 JavaThread "Unconstrained build operations Thread 54" [_thread_blocked, id=64604, stack(0x0000008ef9000000,0x0000008ef9100000)]
  0x0000021ab00e6000 JavaThread "Unconstrained build operations Thread 55" [_thread_blocked, id=64608, stack(0x0000008ef9100000,0x0000008ef9200000)]
  0x0000021ab00ea000 JavaThread "Unconstrained build operations Thread 56" [_thread_blocked, id=64612, stack(0x0000008ef9200000,0x0000008ef9300000)]
  0x0000021ab00ea800 JavaThread "Unconstrained build operations Thread 57" [_thread_blocked, id=64616, stack(0x0000008ef9300000,0x0000008ef9400000)]
  0x0000021ab00e5000 JavaThread "Unconstrained build operations Thread 58" [_thread_blocked, id=64620, stack(0x0000008ef9400000,0x0000008ef9500000)]
  0x0000021ab00ec800 JavaThread "Unconstrained build operations Thread 59" [_thread_blocked, id=64624, stack(0x0000008ef9500000,0x0000008ef9600000)]
  0x0000021ab00ed000 JavaThread "Unconstrained build operations Thread 60" [_thread_blocked, id=64628, stack(0x0000008ef9600000,0x0000008ef9700000)]
  0x0000021ab00eb800 JavaThread "Unconstrained build operations Thread 61" [_thread_blocked, id=64632, stack(0x0000008ef9700000,0x0000008ef9800000)]
  0x0000021ab00e8000 JavaThread "Unconstrained build operations Thread 62" [_thread_blocked, id=64636, stack(0x0000008ef9800000,0x0000008ef9900000)]
  0x0000021ab00e9000 JavaThread "Unconstrained build operations Thread 63" [_thread_blocked, id=64640, stack(0x0000008ef9900000,0x0000008ef9a00000)]
  0x0000021ab393e000 JavaThread "Unconstrained build operations Thread 64" [_thread_blocked, id=64644, stack(0x0000008ef9a00000,0x0000008ef9b00000)]
  0x0000021ab393b800 JavaThread "Unconstrained build operations Thread 65" [_thread_blocked, id=64648, stack(0x0000008ef9b00000,0x0000008ef9c00000)]
  0x0000021ab393c800 JavaThread "Unconstrained build operations Thread 66" [_thread_blocked, id=64652, stack(0x0000008ef9c00000,0x0000008ef9d00000)]
  0x0000021ab3939000 JavaThread "Unconstrained build operations Thread 67" [_thread_blocked, id=64656, stack(0x0000008ef9d00000,0x0000008ef9e00000)]
  0x0000021ab393f800 JavaThread "Unconstrained build operations Thread 68" [_thread_blocked, id=64660, stack(0x0000008ef9e00000,0x0000008ef9f00000)]
  0x0000021ab393b000 JavaThread "Unconstrained build operations Thread 69" [_thread_blocked, id=64664, stack(0x0000008ef9f00000,0x0000008efa000000)]
  0x0000021ab393a000 JavaThread "Unconstrained build operations Thread 70" [_thread_blocked, id=64668, stack(0x0000008efa000000,0x0000008efa100000)]
  0x0000021ab3943000 JavaThread "Unconstrained build operations Thread 71" [_thread_blocked, id=64672, stack(0x0000008efa100000,0x0000008efa200000)]
  0x0000021ab3941800 JavaThread "Unconstrained build operations Thread 72" [_thread_blocked, id=64676, stack(0x0000008efa200000,0x0000008efa300000)]
  0x0000021ab393d000 JavaThread "Unconstrained build operations Thread 73" [_thread_blocked, id=64680, stack(0x0000008efa300000,0x0000008efa400000)]
  0x0000021ab3940800 JavaThread "Unconstrained build operations Thread 74" [_thread_blocked, id=64684, stack(0x0000008efa400000,0x0000008efa500000)]
  0x0000021ab3942000 JavaThread "Unconstrained build operations Thread 75" [_thread_blocked, id=64688, stack(0x0000008efa500000,0x0000008efa600000)]
  0x0000021ab3943800 JavaThread "Unconstrained build operations Thread 76" [_thread_blocked, id=64692, stack(0x0000008efa600000,0x0000008efa700000)]
  0x0000021ab3944800 JavaThread "Unconstrained build operations Thread 77" [_thread_blocked, id=64696, stack(0x0000008efa700000,0x0000008efa800000)]
  0x0000021ab393f000 JavaThread "Unconstrained build operations Thread 78" [_thread_blocked, id=64700, stack(0x0000008efa800000,0x0000008efa900000)]
  0x0000021ab3945800 JavaThread "Unconstrained build operations Thread 79" [_thread_blocked, id=64704, stack(0x0000008efa900000,0x0000008efaa00000)]
  0x0000021ab3948000 JavaThread "Unconstrained build operations Thread 80" [_thread_blocked, id=64708, stack(0x0000008efaa00000,0x0000008efab00000)]
  0x0000021ab3946000 JavaThread "jar transforms Thread 4" [_thread_blocked, id=64716, stack(0x0000008efac00000,0x0000008efad00000)]
  0x0000021ab3947000 JavaThread "jar transforms Thread 5" [_thread_blocked, id=64720, stack(0x0000008efad00000,0x0000008efae00000)]
  0x0000021ab1282800 JavaThread "jar transforms Thread 6" [_thread_blocked, id=64724, stack(0x0000008efae00000,0x0000008efaf00000)]
  0x0000021ab1283800 JavaThread "jar transforms Thread 7" [_thread_blocked, id=64728, stack(0x0000008efaf00000,0x0000008efb000000)]
  0x0000021ab127f800 JavaThread "jar transforms Thread 8" [_thread_blocked, id=64732, stack(0x0000008efb000000,0x0000008efb100000)]
  0x0000021ab127e800 JavaThread "Memory manager" [_thread_blocked, id=64820, stack(0x0000008efab00000,0x0000008efac00000)]
  0x0000021ab1284000 JavaThread "build event listener" [_thread_blocked, id=64872, stack(0x0000008efb400000,0x0000008efb500000)]
  0x0000021ab1285000 JavaThread "included builds" [_thread_blocked, id=64876, stack(0x0000008efb500000,0x0000008efb600000)]
  0x0000021ab1286000 JavaThread "Execution worker for ':'" [_thread_blocked, id=64880, stack(0x0000008efb600000,0x0000008efb700000)]
  0x0000021ab1286800 JavaThread "Execution worker for ':' Thread 2" [_thread_blocked, id=64884, stack(0x0000008efb700000,0x0000008efb800000)]
  0x0000021ab1281000 JavaThread "Execution worker for ':' Thread 3" [_thread_blocked, id=64888, stack(0x0000008efb800000,0x0000008efb900000)]
  0x0000021ab1287800 JavaThread "Execution worker for ':' Thread 4" [_thread_blocked, id=64892, stack(0x0000008efb900000,0x0000008efba00000)]
  0x0000021ab1282000 JavaThread "Execution worker for ':' Thread 5" [_thread_blocked, id=64896, stack(0x0000008efba00000,0x0000008efbb00000)]
  0x0000021ab128c800 JavaThread "Execution worker for ':' Thread 6" [_thread_in_Java, id=64900, stack(0x0000008efbb00000,0x0000008efbc00000)]
  0x0000021ab128b000 JavaThread "Execution worker for ':' Thread 7" [_thread_blocked, id=64904, stack(0x0000008efbc00000,0x0000008efbd00000)]
  0x0000021ab1288800 JavaThread "Cache worker for execution history cache (D:\aproj\Homework_APP\.gradle\7.4\executionHistory)" [_thread_blocked, id=64908, stack(0x0000008efbd00000,0x0000008efbe00000)]
  0x0000021ab128a000 JavaThread "WorkerExecutor Queue" [_thread_blocked, id=64972, stack(0x0000008efc000000,0x0000008efc100000)]
  0x0000021ab128b800 JavaThread "WorkerExecutor Queue Thread 2" [_thread_blocked, id=64976, stack(0x0000008efc100000,0x0000008efc200000)]
  0x0000021ab31de000 JavaThread "WorkerExecutor Queue Thread 3" [_thread_blocked, id=64980, stack(0x0000008efc200000,0x0000008efc300000)]
  0x0000021ab31d9800 JavaThread "WorkerExecutor Queue Thread 4" [_thread_blocked, id=64984, stack(0x0000008efc300000,0x0000008efc400000)]
  0x0000021ab31d9000 JavaThread "WorkerExecutor Queue Thread 5" [_thread_blocked, id=64988, stack(0x0000008efc400000,0x0000008efc500000)]
  0x0000021ab31dc000 JavaThread "WorkerExecutor Queue Thread 6" [_thread_blocked, id=64992, stack(0x0000008efc500000,0x0000008efc600000)]
  0x0000021ab31da800 JavaThread "WorkerExecutor Queue Thread 7" [_thread_blocked, id=64996, stack(0x0000008efc600000,0x0000008efc700000)]
  0x0000021ab31e0800 JavaThread "WorkerExecutor Queue Thread 8" [_thread_blocked, id=65032, stack(0x0000008efc700000,0x0000008efc800000)]
  0x0000021ab31de800 JavaThread "pool-3-thread-1" [_thread_blocked, id=65040, stack(0x0000008ef2500000,0x0000008ef2600000)]
  0x0000021ab31db800 JavaThread "stderr" [_thread_in_native, id=65056, stack(0x0000008efc800000,0x0000008efc900000)]
  0x0000021ab31e2800 JavaThread "stdout" [_thread_in_native, id=65060, stack(0x0000008efc900000,0x0000008efca00000)]
=>0x0000021ab2ee0800 JavaThread "C2 CompilerThread1" daemon [_thread_in_native, id=65176, stack(0x0000008ef5500000,0x0000008ef5600000)]
  0x0000021ab879a000 JavaThread "C2 CompilerThread2" daemon [_thread_in_native, id=65180, stack(0x0000008efb100000,0x0000008efb200000)]

Other Threads:
  0x0000021aad535800 VMThread "VM Thread" [stack: 0x0000008ef2d00000,0x0000008ef2e00000] [id=60440]
  0x0000021aad7b0800 WatcherThread [stack: 0x0000008ef3700000,0x0000008ef3800000] [id=55744]
  0x0000021a9287d000 GCTaskThread "GC Thread#0" [stack: 0x0000008ef2800000,0x0000008ef2900000] [id=51692]
  0x0000021aae3c5000 GCTaskThread "GC Thread#1" [stack: 0x0000008ef3900000,0x0000008ef3a00000] [id=57084]
  0x0000021aadb95800 GCTaskThread "GC Thread#2" [stack: 0x0000008ef3a00000,0x0000008ef3b00000] [id=61876]
  0x0000021aadb96800 GCTaskThread "GC Thread#3" [stack: 0x0000008ef3b00000,0x0000008ef3c00000] [id=60384]
  0x0000021aadb97000 GCTaskThread "GC Thread#4" [stack: 0x0000008ef3c00000,0x0000008ef3d00000] [id=56904]
  0x0000021aadb98000 GCTaskThread "GC Thread#5" [stack: 0x0000008ef3d00000,0x0000008ef3e00000] [id=60456]
  0x0000021ab063a800 GCTaskThread "GC Thread#6" [stack: 0x0000008ef4a00000,0x0000008ef4b00000] [id=60140]
  0x0000021aaff23800 GCTaskThread "GC Thread#7" [stack: 0x0000008ef4b00000,0x0000008ef4c00000] [id=56400]
  0x0000021a928b0000 ConcurrentGCThread "G1 Main Marker" [stack: 0x0000008ef2900000,0x0000008ef2a00000] [id=32776]
  0x0000021a928b1800 ConcurrentGCThread "G1 Conc#0" [stack: 0x0000008ef2a00000,0x0000008ef2b00000] [id=33572]
  0x0000021aae488800 ConcurrentGCThread "G1 Conc#1" [stack: 0x0000008ef4c00000,0x0000008ef4d00000] [id=62800]
  0x0000021a9292e800 ConcurrentGCThread "G1 Refine#0" [stack: 0x0000008ef2b00000,0x0000008ef2c00000] [id=31252]
  0x0000021ab116d000 ConcurrentGCThread "G1 Refine#1" [stack: 0x0000008efb200000,0x0000008efb300000] [id=64844]
  0x0000021ab1172800 ConcurrentGCThread "G1 Refine#2" [stack: 0x0000008efb300000,0x0000008efb400000] [id=64848]
  0x0000021ab116f000 ConcurrentGCThread "G1 Refine#3" [stack: 0x0000008efbe00000,0x0000008efbf00000] [id=64964]
  0x0000021ab1172000 ConcurrentGCThread "G1 Refine#4" [stack: 0x0000008efbf00000,0x0000008efc000000] [id=64968]
  0x0000021aacbb0800 ConcurrentGCThread "G1 Young RemSet Sampling" [stack: 0x0000008ef2c00000,0x0000008ef2d00000] [id=41968]

Threads with active compile tasks:
C2 CompilerThread0  35912 14211       4       org.objectweb.asm.SymbolTable::addConstantIntegerOrFloat (100 bytes)
C1 CompilerThread0  35912 14251       2       org.objectweb.asm.ClassReader::readMethod (1066 bytes)
C2 CompilerThread1  35912 14208       4       org.objectweb.asm.SymbolTable::addConstant (330 bytes)
C2 CompilerThread2  35912 14176       4       org.objectweb.asm.ClassReader::readUTF8 (23 bytes)

VM state:not at safepoint (normal execution)

VM Mutex/Monitor currently owned by a thread: None

Heap address: 0x0000000080000000, size: 2048 MB, Compressed Oops mode: 32-bit
Narrow klass base: 0x0000000000000000, Narrow klass shift: 3
Compressed class space size: 1073741824 Address: 0x0000000100000000

Heap:
 garbage-first heap   total 260096K, used 151435K [0x0000000080000000, 0x0000000100000000)
  region size 1024K, 60 young (61440K), 2 survivors (2048K)
 Metaspace       used 100688K, capacity 102974K, committed 103480K, reserved 1138688K
  class space    used 12561K, capacity 13390K, committed 13624K, reserved 1048576K
Heap Regions: E=young(eden), S=young(survivor), O=old, HS=humongous(starts), HC=humongous(continues), CS=collection set, F=free, A=archive, TAMS=top-at-mark-start (previous, next)
|   0|0x0000000080000000, 0x0000000080100000, 0x0000000080100000|100%| O|  |TAMS 0x0000000080100000, 0x0000000080000000| Untracked 
|   1|0x0000000080100000, 0x0000000080200000, 0x0000000080200000|100%| O|  |TAMS 0x0000000080200000, 0x0000000080100000| Untracked 
|   2|0x0000000080200000, 0x0000000080300000, 0x0000000080300000|100%| O|  |TAMS 0x0000000080300000, 0x0000000080200000| Untracked 
|   3|0x0000000080300000, 0x0000000080400000, 0x0000000080400000|100%|HS|  |TAMS 0x0000000080400000, 0x0000000080300000| Complete 
|   4|0x0000000080400000, 0x0000000080500000, 0x0000000080500000|100%|HC|  |TAMS 0x0000000080500000, 0x0000000080400000| Complete 
|   5|0x0000000080500000, 0x0000000080600000, 0x0000000080600000|100%|HC|  |TAMS 0x0000000080600000, 0x0000000080500000| Complete 
|   6|0x0000000080600000, 0x0000000080700000, 0x0000000080700000|100%| O|  |TAMS 0x0000000080700000, 0x0000000080600000| Untracked 
|   7|0x0000000080700000, 0x0000000080800000, 0x0000000080800000|100%| O|  |TAMS 0x0000000080800000, 0x0000000080700000| Untracked 
|   8|0x0000000080800000, 0x0000000080900000, 0x0000000080900000|100%| O|  |TAMS 0x0000000080900000, 0x0000000080800000| Untracked 
|   9|0x0000000080900000, 0x0000000080a00000, 0x0000000080a00000|100%| O|  |TAMS 0x0000000080a00000, 0x0000000080900000| Untracked 
|  10|0x0000000080a00000, 0x0000000080b00000, 0x0000000080b00000|100%| O|  |TAMS 0x0000000080b00000, 0x0000000080a00000| Untracked 
|  11|0x0000000080b00000, 0x0000000080c00000, 0x0000000080c00000|100%| O|  |TAMS 0x0000000080c00000, 0x0000000080b00000| Untracked 
|  12|0x0000000080c00000, 0x0000000080d00000, 0x0000000080d00000|100%| O|  |TAMS 0x0000000080d00000, 0x0000000080c00000| Untracked 
|  13|0x0000000080d00000, 0x0000000080e00000, 0x0000000080e00000|100%| O|  |TAMS 0x0000000080e00000, 0x0000000080d00000| Untracked 
|  14|0x0000000080e00000, 0x0000000080f00000, 0x0000000080f00000|100%| O|  |TAMS 0x0000000080f00000, 0x0000000080e00000| Untracked 
|  15|0x0000000080f00000, 0x0000000081000000, 0x0000000081000000|100%| O|  |TAMS 0x0000000081000000, 0x0000000080f00000| Untracked 
|  16|0x0000000081000000, 0x0000000081100000, 0x0000000081100000|100%| O|  |TAMS 0x0000000081100000, 0x0000000081000000| Untracked 
|  17|0x0000000081100000, 0x0000000081200000, 0x0000000081200000|100%|HS|  |TAMS 0x0000000081200000, 0x0000000081100000| Complete 
|  18|0x0000000081200000, 0x0000000081300000, 0x0000000081300000|100%|HS|  |TAMS 0x0000000081300000, 0x0000000081200000| Complete 
|  19|0x0000000081300000, 0x0000000081400000, 0x0000000081400000|100%| O|  |TAMS 0x0000000081400000, 0x0000000081300000| Untracked 
|  20|0x0000000081400000, 0x0000000081500000, 0x0000000081500000|100%|HS|  |TAMS 0x0000000081500000, 0x0000000081400000| Complete 
|  21|0x0000000081500000, 0x0000000081600000, 0x0000000081600000|100%|HC|  |TAMS 0x0000000081600000, 0x0000000081500000| Complete 
|  22|0x0000000081600000, 0x0000000081700000, 0x0000000081700000|100%| O|  |TAMS 0x0000000081700000, 0x0000000081600000| Untracked 
|  23|0x0000000081700000, 0x0000000081800000, 0x0000000081800000|100%| O|  |TAMS 0x0000000081800000, 0x0000000081700000| Untracked 
|  24|0x0000000081800000, 0x0000000081900000, 0x0000000081900000|100%| O|  |TAMS 0x0000000081900000, 0x0000000081800000| Untracked 
|  25|0x0000000081900000, 0x0000000081a00000, 0x0000000081a00000|100%| O|  |TAMS 0x0000000081a00000, 0x0000000081900000| Untracked 
|  26|0x0000000081a00000, 0x0000000081b00000, 0x0000000081b00000|100%| O|  |TAMS 0x0000000081b00000, 0x0000000081a00000| Untracked 
|  27|0x0000000081b00000, 0x0000000081c00000, 0x0000000081c00000|100%| O|  |TAMS 0x0000000081c00000, 0x0000000081b00000| Untracked 
|  28|0x0000000081c00000, 0x0000000081d00000, 0x0000000081d00000|100%| O|  |TAMS 0x0000000081d00000, 0x0000000081c00000| Untracked 
|  29|0x0000000081d00000, 0x0000000081e00000, 0x0000000081e00000|100%| O|  |TAMS 0x0000000081e00000, 0x0000000081d00000| Untracked 
|  30|0x0000000081e00000, 0x0000000081f00000, 0x0000000081f00000|100%| O|  |TAMS 0x0000000081f00000, 0x0000000081e00000| Untracked 
|  31|0x0000000081f00000, 0x0000000082000000, 0x0000000082000000|100%| O|  |TAMS 0x0000000082000000, 0x0000000081f00000| Untracked 
|  32|0x0000000082000000, 0x0000000082100000, 0x0000000082100000|100%| O|  |TAMS 0x0000000082100000, 0x0000000082000000| Untracked 
|  33|0x0000000082100000, 0x0000000082200000, 0x0000000082200000|100%| O|  |TAMS 0x0000000082200000, 0x0000000082100000| Untracked 
|  34|0x0000000082200000, 0x0000000082300000, 0x0000000082300000|100%| O|  |TAMS 0x0000000082300000, 0x0000000082200000| Untracked 
|  35|0x0000000082300000, 0x0000000082400000, 0x0000000082400000|100%| O|  |TAMS 0x0000000082400000, 0x0000000082300000| Untracked 
|  36|0x0000000082400000, 0x0000000082500000, 0x0000000082500000|100%| O|  |TAMS 0x0000000082500000, 0x0000000082400000| Untracked 
|  37|0x0000000082500000, 0x0000000082600000, 0x0000000082600000|100%| O|  |TAMS 0x0000000082600000, 0x0000000082500000| Untracked 
|  38|0x0000000082600000, 0x0000000082700000, 0x0000000082700000|100%| O|  |TAMS 0x0000000082700000, 0x0000000082600000| Untracked 
|  39|0x0000000082700000, 0x0000000082800000, 0x0000000082800000|100%| O|  |TAMS 0x0000000082800000, 0x0000000082700000| Untracked 
|  40|0x0000000082800000, 0x0000000082900000, 0x0000000082900000|100%| O|  |TAMS 0x0000000082900000, 0x0000000082800000| Untracked 
|  41|0x0000000082900000, 0x0000000082a00000, 0x0000000082a00000|100%| O|  |TAMS 0x0000000082a00000, 0x0000000082900000| Untracked 
|  42|0x0000000082a00000, 0x0000000082b00000, 0x0000000082b00000|100%| O|  |TAMS 0x0000000082b00000, 0x0000000082a00000| Untracked 
|  43|0x0000000082b00000, 0x0000000082c00000, 0x0000000082c00000|100%| O|  |TAMS 0x0000000082c00000, 0x0000000082b00000| Untracked 
|  44|0x0000000082c00000, 0x0000000082d00000, 0x0000000082d00000|100%| O|  |TAMS 0x0000000082d00000, 0x0000000082c00000| Untracked 
|  45|0x0000000082d00000, 0x0000000082e00000, 0x0000000082e00000|100%| O|  |TAMS 0x0000000082e00000, 0x0000000082d00000| Untracked 
|  46|0x0000000082e00000, 0x0000000082f00000, 0x0000000082f00000|100%| O|  |TAMS 0x0000000082f00000, 0x0000000082e00000| Untracked 
|  47|0x0000000082f00000, 0x0000000083000000, 0x0000000083000000|100%| O|  |TAMS 0x0000000082fe5800, 0x0000000082f00000| Untracked 
|  48|0x0000000083000000, 0x0000000083100000, 0x0000000083100000|100%| O|  |TAMS 0x0000000083000000, 0x0000000083000000| Untracked 
|  49|0x0000000083100000, 0x0000000083200000, 0x0000000083200000|100%| O|  |TAMS 0x0000000083100000, 0x0000000083100000| Untracked 
|  50|0x0000000083200000, 0x0000000083300000, 0x0000000083300000|100%| O|  |TAMS 0x0000000083200000, 0x0000000083200000| Untracked 
|  51|0x0000000083300000, 0x0000000083400000, 0x0000000083400000|100%| O|  |TAMS 0x0000000083300000, 0x0000000083300000| Untracked 
|  52|0x0000000083400000, 0x0000000083500000, 0x0000000083500000|100%| O|  |TAMS 0x0000000083400000, 0x0000000083400000| Untracked 
|  53|0x0000000083500000, 0x0000000083600000, 0x0000000083600000|100%| O|  |TAMS 0x0000000083600000, 0x0000000083500000| Untracked 
|  54|0x0000000083600000, 0x0000000083700000, 0x0000000083700000|100%| O|  |TAMS 0x0000000083700000, 0x0000000083600000| Untracked 
|  55|0x0000000083700000, 0x0000000083800000, 0x0000000083800000|100%| O|  |TAMS 0x0000000083800000, 0x0000000083700000| Untracked 
|  56|0x0000000083800000, 0x0000000083900000, 0x0000000083900000|100%| O|  |TAMS 0x0000000083900000, 0x0000000083800000| Untracked 
|  57|0x0000000083900000, 0x0000000083a00000, 0x0000000083a00000|100%| O|  |TAMS 0x0000000083a00000, 0x0000000083900000| Untracked 
|  58|0x0000000083a00000, 0x0000000083b00000, 0x0000000083b00000|100%| O|  |TAMS 0x0000000083b00000, 0x0000000083a00000| Untracked 
|  59|0x0000000083b00000, 0x0000000083c00000, 0x0000000083c00000|100%| O|  |TAMS 0x0000000083c00000, 0x0000000083b00000| Untracked 
|  60|0x0000000083c00000, 0x0000000083d00000, 0x0000000083d00000|100%| O|  |TAMS 0x0000000083d00000, 0x0000000083c00000| Untracked 
|  61|0x0000000083d00000, 0x0000000083e00000, 0x0000000083e00000|100%| O|  |TAMS 0x0000000083e00000, 0x0000000083d00000| Untracked 
|  62|0x0000000083e00000, 0x0000000083f00000, 0x0000000083f00000|100%| O|  |TAMS 0x0000000083f00000, 0x0000000083e00000| Untracked 
|  63|0x0000000083f00000, 0x0000000084000000, 0x0000000084000000|100%| O|  |TAMS 0x0000000084000000, 0x0000000083f00000| Untracked 
|  64|0x0000000084000000, 0x0000000084100000, 0x0000000084100000|100%| O|  |TAMS 0x0000000084000000, 0x0000000084000000| Untracked 
|  65|0x0000000084100000, 0x0000000084200000, 0x0000000084200000|100%| O|  |TAMS 0x0000000084100000, 0x0000000084100000| Untracked 
|  66|0x0000000084200000, 0x0000000084300000, 0x0000000084300000|100%| O|  |TAMS 0x0000000084300000, 0x0000000084200000| Untracked 
|  67|0x0000000084300000, 0x0000000084400000, 0x0000000084400000|100%| O|  |TAMS 0x0000000084400000, 0x0000000084300000| Untracked 
|  68|0x0000000084400000, 0x0000000084400000, 0x0000000084500000|  0%| F|  |TAMS 0x0000000084400000, 0x0000000084400000| Untracked 
|  69|0x0000000084500000, 0x0000000084500000, 0x0000000084600000|  0%| F|  |TAMS 0x0000000084500000, 0x0000000084500000| Untracked 
|  70|0x0000000084600000, 0x0000000084700000, 0x0000000084700000|100%| O|  |TAMS 0x0000000084600000, 0x0000000084600000| Untracked 
|  71|0x0000000084700000, 0x0000000084800000, 0x0000000084800000|100%| O|  |TAMS 0x0000000084700000, 0x0000000084700000| Untracked 
|  72|0x0000000084800000, 0x0000000084900000, 0x0000000084900000|100%| O|  |TAMS 0x0000000084800000, 0x0000000084800000| Untracked 
|  73|0x0000000084900000, 0x00000000849a8200, 0x0000000084a00000| 65%| O|  |TAMS 0x0000000084900000, 0x0000000084900000| Untracked 
|  74|0x0000000084a00000, 0x0000000084b00000, 0x0000000084b00000|100%| O|  |TAMS 0x0000000084b00000, 0x0000000084a00000| Untracked 
|  75|0x0000000084b00000, 0x0000000084b00000, 0x0000000084c00000|  0%| F|  |TAMS 0x0000000084b00000, 0x0000000084b00000| Untracked 
|  76|0x0000000084c00000, 0x0000000084c00000, 0x0000000084d00000|  0%| F|  |TAMS 0x0000000084c00000, 0x0000000084c00000| Untracked 
|  77|0x0000000084d00000, 0x0000000084d00000, 0x0000000084e00000|  0%| F|  |TAMS 0x0000000084d00000, 0x0000000084d00000| Untracked 
|  78|0x0000000084e00000, 0x0000000084e00000, 0x0000000084f00000|  0%| F|  |TAMS 0x0000000084e00000, 0x0000000084e00000| Untracked 
|  79|0x0000000084f00000, 0x0000000084f00000, 0x0000000085000000|  0%| F|  |TAMS 0x0000000084f00000, 0x0000000084f00000| Untracked 
|  80|0x0000000085000000, 0x0000000085000000, 0x0000000085100000|  0%| F|  |TAMS 0x0000000085000000, 0x0000000085000000| Untracked 
|  81|0x0000000085100000, 0x0000000085200000, 0x0000000085200000|100%| O|  |TAMS 0x0000000085200000, 0x0000000085100000| Untracked 
|  82|0x0000000085200000, 0x0000000085300000, 0x0000000085300000|100%| O|  |TAMS 0x0000000085300000, 0x0000000085200000| Untracked 
|  83|0x0000000085300000, 0x0000000085400000, 0x0000000085400000|100%| O|  |TAMS 0x0000000085400000, 0x0000000085300000| Untracked 
|  84|0x0000000085400000, 0x0000000085400000, 0x0000000085500000|  0%| F|  |TAMS 0x0000000085400000, 0x0000000085400000| Untracked 
|  85|0x0000000085500000, 0x0000000085500000, 0x0000000085600000|  0%| F|  |TAMS 0x0000000085500000, 0x0000000085500000| Untracked 
|  86|0x0000000085600000, 0x0000000085600000, 0x0000000085700000|  0%| F|  |TAMS 0x0000000085600000, 0x0000000085600000| Untracked 
|  87|0x0000000085700000, 0x0000000085700000, 0x0000000085800000|  0%| F|  |TAMS 0x0000000085700000, 0x0000000085700000| Untracked 
|  88|0x0000000085800000, 0x0000000085800000, 0x0000000085900000|  0%| F|  |TAMS 0x0000000085800000, 0x0000000085800000| Untracked 
|  89|0x0000000085900000, 0x0000000085900000, 0x0000000085a00000|  0%| F|  |TAMS 0x0000000085900000, 0x0000000085900000| Untracked 
|  90|0x0000000085a00000, 0x0000000085a00000, 0x0000000085b00000|  0%| F|  |TAMS 0x0000000085a00000, 0x0000000085a00000| Untracked 
|  91|0x0000000085b00000, 0x0000000085b00000, 0x0000000085c00000|  0%| F|  |TAMS 0x0000000085b00000, 0x0000000085b00000| Untracked 
|  92|0x0000000085c00000, 0x0000000085c00000, 0x0000000085d00000|  0%| F|  |TAMS 0x0000000085c00000, 0x0000000085c00000| Untracked 
|  93|0x0000000085d00000, 0x0000000085d00000, 0x0000000085e00000|  0%| F|  |TAMS 0x0000000085d00000, 0x0000000085d00000| Untracked 
|  94|0x0000000085e00000, 0x0000000085e00000, 0x0000000085f00000|  0%| F|  |TAMS 0x0000000085e00000, 0x0000000085e00000| Untracked 
|  95|0x0000000085f00000, 0x0000000085f00000, 0x0000000086000000|  0%| F|  |TAMS 0x0000000085f00000, 0x0000000085f00000| Untracked 
|  96|0x0000000086000000, 0x0000000086000000, 0x0000000086100000|  0%| F|  |TAMS 0x0000000086000000, 0x0000000086000000| Untracked 
|  97|0x0000000086100000, 0x0000000086100000, 0x0000000086200000|  0%| F|  |TAMS 0x0000000086100000, 0x0000000086100000| Untracked 
|  98|0x0000000086200000, 0x0000000086200000, 0x0000000086300000|  0%| F|  |TAMS 0x0000000086200000, 0x0000000086200000| Untracked 
|  99|0x0000000086300000, 0x0000000086300000, 0x0000000086400000|  0%| F|  |TAMS 0x0000000086300000, 0x0000000086300000| Untracked 
| 100|0x0000000086400000, 0x0000000086400000, 0x0000000086500000|  0%| F|  |TAMS 0x0000000086400000, 0x0000000086400000| Untracked 
| 101|0x0000000086500000, 0x0000000086500000, 0x0000000086600000|  0%| F|  |TAMS 0x0000000086500000, 0x0000000086500000| Untracked 
| 102|0x0000000086600000, 0x0000000086600000, 0x0000000086700000|  0%| F|  |TAMS 0x0000000086600000, 0x0000000086600000| Untracked 
| 103|0x0000000086700000, 0x0000000086800000, 0x0000000086800000|100%| O|  |TAMS 0x0000000086800000, 0x0000000086700000| Untracked 
| 104|0x0000000086800000, 0x0000000086900000, 0x0000000086900000|100%| O|  |TAMS 0x0000000086900000, 0x0000000086800000| Untracked 
| 105|0x0000000086900000, 0x0000000086a00000, 0x0000000086a00000|100%| O|  |TAMS 0x0000000086a00000, 0x0000000086900000| Untracked 
| 106|0x0000000086a00000, 0x0000000086b00000, 0x0000000086b00000|100%| O|  |TAMS 0x0000000086b00000, 0x0000000086a00000| Untracked 
| 107|0x0000000086b00000, 0x0000000086c00000, 0x0000000086c00000|100%| O|  |TAMS 0x0000000086c00000, 0x0000000086b00000| Untracked 
| 108|0x0000000086c00000, 0x0000000086c00000, 0x0000000086d00000|  0%| F|  |TAMS 0x0000000086c00000, 0x0000000086c00000| Untracked 
| 109|0x0000000086d00000, 0x0000000086e00000, 0x0000000086e00000|100%| O|  |TAMS 0x0000000086e00000, 0x0000000086d00000| Untracked 
| 110|0x0000000086e00000, 0x0000000086f00000, 0x0000000086f00000|100%| O|  |TAMS 0x0000000086f00000, 0x0000000086e00000| Untracked 
| 111|0x0000000086f00000, 0x0000000087000000, 0x0000000087000000|100%| O|  |TAMS 0x0000000087000000, 0x0000000086f00000| Untracked 
| 112|0x0000000087000000, 0x0000000087100000, 0x0000000087100000|100%| O|  |TAMS 0x0000000087100000, 0x0000000087000000| Untracked 
| 113|0x0000000087100000, 0x0000000087200000, 0x0000000087200000|100%| O|  |TAMS 0x0000000087200000, 0x0000000087100000| Untracked 
| 114|0x0000000087200000, 0x0000000087300000, 0x0000000087300000|100%| O|  |TAMS 0x0000000087300000, 0x0000000087200000| Untracked 
| 115|0x0000000087300000, 0x0000000087400000, 0x0000000087400000|100%| O|  |TAMS 0x0000000087400000, 0x0000000087300000| Untracked 
| 116|0x0000000087400000, 0x0000000087500000, 0x0000000087500000|100%| O|  |TAMS 0x0000000087500000, 0x0000000087400000| Untracked 
| 117|0x0000000087500000, 0x0000000087600000, 0x0000000087600000|100%| O|  |TAMS 0x0000000087600000, 0x0000000087500000| Untracked 
| 118|0x0000000087600000, 0x0000000087700000, 0x0000000087700000|100%| O|  |TAMS 0x0000000087700000, 0x0000000087600000| Untracked 
| 119|0x0000000087700000, 0x0000000087700000, 0x0000000087800000|  0%| F|  |TAMS 0x0000000087700000, 0x0000000087700000| Untracked 
| 120|0x0000000087800000, 0x0000000087800000, 0x0000000087900000|  0%| F|  |TAMS 0x0000000087800000, 0x0000000087800000| Untracked 
| 121|0x0000000087900000, 0x0000000087900000, 0x0000000087a00000|  0%| F|  |TAMS 0x0000000087900000, 0x0000000087900000| Untracked 
| 122|0x0000000087a00000, 0x0000000087a00000, 0x0000000087b00000|  0%| F|  |TAMS 0x0000000087a00000, 0x0000000087a00000| Untracked 
| 123|0x0000000087b00000, 0x0000000087b00000, 0x0000000087c00000|  0%| F|  |TAMS 0x0000000087b00000, 0x0000000087b00000| Untracked 
| 124|0x0000000087c00000, 0x0000000087c00000, 0x0000000087d00000|  0%| F|  |TAMS 0x0000000087c00000, 0x0000000087c00000| Untracked 
| 125|0x0000000087d00000, 0x0000000087d00000, 0x0000000087e00000|  0%| F|  |TAMS 0x0000000087d00000, 0x0000000087d00000| Untracked 
| 126|0x0000000087e00000, 0x0000000087e00000, 0x0000000087f00000|  0%| F|  |TAMS 0x0000000087e00000, 0x0000000087e00000| Untracked 
| 127|0x0000000087f00000, 0x0000000087f00000, 0x0000000088000000|  0%| F|  |TAMS 0x0000000087f00000, 0x0000000087f00000| Untracked 
| 128|0x0000000088000000, 0x0000000088000000, 0x0000000088100000|  0%| F|  |TAMS 0x0000000088000000, 0x0000000088000000| Untracked 
| 129|0x0000000088100000, 0x0000000088100000, 0x0000000088200000|  0%| F|  |TAMS 0x0000000088100000, 0x0000000088100000| Untracked 
| 130|0x0000000088200000, 0x0000000088200000, 0x0000000088300000|  0%| F|  |TAMS 0x0000000088200000, 0x0000000088200000| Untracked 
| 131|0x0000000088300000, 0x0000000088300000, 0x0000000088400000|  0%| F|  |TAMS 0x0000000088300000, 0x0000000088300000| Untracked 
| 132|0x0000000088400000, 0x0000000088400000, 0x0000000088500000|  0%| F|  |TAMS 0x0000000088400000, 0x0000000088400000| Untracked 
| 133|0x0000000088500000, 0x0000000088500000, 0x0000000088600000|  0%| F|  |TAMS 0x0000000088500000, 0x0000000088500000| Untracked 
| 134|0x0000000088600000, 0x0000000088600000, 0x0000000088700000|  0%| F|  |TAMS 0x0000000088600000, 0x0000000088600000| Untracked 
| 135|0x0000000088700000, 0x0000000088700000, 0x0000000088800000|  0%| F|  |TAMS 0x0000000088700000, 0x0000000088700000| Untracked 
| 136|0x0000000088800000, 0x0000000088800000, 0x0000000088900000|  0%| F|  |TAMS 0x0000000088800000, 0x0000000088800000| Untracked 
| 137|0x0000000088900000, 0x0000000088900000, 0x0000000088a00000|  0%| F|  |TAMS 0x0000000088900000, 0x0000000088900000| Untracked 
| 138|0x0000000088a00000, 0x0000000088a00000, 0x0000000088b00000|  0%| F|  |TAMS 0x0000000088a00000, 0x0000000088a00000| Untracked 
| 139|0x0000000088b00000, 0x0000000088b00000, 0x0000000088c00000|  0%| F|  |TAMS 0x0000000088b00000, 0x0000000088b00000| Untracked 
| 140|0x0000000088c00000, 0x0000000088c00000, 0x0000000088d00000|  0%| F|  |TAMS 0x0000000088c00000, 0x0000000088c00000| Untracked 
| 141|0x0000000088d00000, 0x0000000088d00000, 0x0000000088e00000|  0%| F|  |TAMS 0x0000000088d00000, 0x0000000088d00000| Untracked 
| 142|0x0000000088e00000, 0x0000000088e00000, 0x0000000088f00000|  0%| F|  |TAMS 0x0000000088e00000, 0x0000000088e00000| Untracked 
| 143|0x0000000088f00000, 0x0000000088f00000, 0x0000000089000000|  0%| F|  |TAMS 0x0000000088f00000, 0x0000000088f00000| Untracked 
| 144|0x0000000089000000, 0x0000000089000000, 0x0000000089100000|  0%| F|  |TAMS 0x0000000089000000, 0x0000000089000000| Untracked 
| 145|0x0000000089100000, 0x0000000089100000, 0x0000000089200000|  0%| F|  |TAMS 0x0000000089100000, 0x0000000089100000| Untracked 
| 146|0x0000000089200000, 0x0000000089200000, 0x0000000089300000|  0%| F|  |TAMS 0x0000000089200000, 0x0000000089200000| Untracked 
| 147|0x0000000089300000, 0x0000000089300000, 0x0000000089400000|  0%| F|  |TAMS 0x0000000089300000, 0x0000000089300000| Untracked 
| 148|0x0000000089400000, 0x0000000089400000, 0x0000000089500000|  0%| F|  |TAMS 0x0000000089400000, 0x0000000089400000| Untracked 
| 149|0x0000000089500000, 0x0000000089500000, 0x0000000089600000|  0%| F|  |TAMS 0x0000000089500000, 0x0000000089500000| Untracked 
| 150|0x0000000089600000, 0x0000000089600000, 0x0000000089700000|  0%| F|  |TAMS 0x0000000089600000, 0x0000000089600000| Untracked 
| 151|0x0000000089700000, 0x0000000089700000, 0x0000000089800000|  0%| F|  |TAMS 0x0000000089700000, 0x0000000089700000| Untracked 
| 152|0x0000000089800000, 0x0000000089800000, 0x0000000089900000|  0%| F|  |TAMS 0x0000000089800000, 0x0000000089800000| Untracked 
| 153|0x0000000089900000, 0x0000000089900000, 0x0000000089a00000|  0%| F|  |TAMS 0x0000000089900000, 0x0000000089900000| Untracked 
| 154|0x0000000089a00000, 0x0000000089a00000, 0x0000000089b00000|  0%| F|  |TAMS 0x0000000089a00000, 0x0000000089a00000| Untracked 
| 155|0x0000000089b00000, 0x0000000089b00000, 0x0000000089c00000|  0%| F|  |TAMS 0x0000000089b00000, 0x0000000089b00000| Untracked 
| 156|0x0000000089c00000, 0x0000000089c00000, 0x0000000089d00000|  0%| F|  |TAMS 0x0000000089c00000, 0x0000000089c00000| Untracked 
| 157|0x0000000089d00000, 0x0000000089d00000, 0x0000000089e00000|  0%| F|  |TAMS 0x0000000089d00000, 0x0000000089d00000| Untracked 
| 158|0x0000000089e00000, 0x0000000089e00000, 0x0000000089f00000|  0%| F|  |TAMS 0x0000000089e00000, 0x0000000089e00000| Untracked 
| 159|0x0000000089f00000, 0x0000000089f00000, 0x000000008a000000|  0%| F|  |TAMS 0x0000000089f00000, 0x0000000089f00000| Untracked 
| 160|0x000000008a000000, 0x000000008a000000, 0x000000008a100000|  0%| F|  |TAMS 0x000000008a000000, 0x000000008a000000| Untracked 
| 161|0x000000008a100000, 0x000000008a100000, 0x000000008a200000|  0%| F|  |TAMS 0x000000008a100000, 0x000000008a100000| Untracked 
| 162|0x000000008a200000, 0x000000008a200000, 0x000000008a300000|  0%| F|  |TAMS 0x000000008a200000, 0x000000008a200000| Untracked 
| 163|0x000000008a300000, 0x000000008a300000, 0x000000008a400000|  0%| F|  |TAMS 0x000000008a300000, 0x000000008a300000| Untracked 
| 164|0x000000008a400000, 0x000000008a400000, 0x000000008a500000|  0%| F|  |TAMS 0x000000008a400000, 0x000000008a400000| Untracked 
| 165|0x000000008a500000, 0x000000008a500000, 0x000000008a600000|  0%| F|  |TAMS 0x000000008a500000, 0x000000008a500000| Untracked 
| 166|0x000000008a600000, 0x000000008a600000, 0x000000008a700000|  0%| F|  |TAMS 0x000000008a600000, 0x000000008a600000| Untracked 
| 167|0x000000008a700000, 0x000000008a700000, 0x000000008a800000|  0%| F|  |TAMS 0x000000008a700000, 0x000000008a700000| Untracked 
| 168|0x000000008a800000, 0x000000008a800000, 0x000000008a900000|  0%| F|  |TAMS 0x000000008a800000, 0x000000008a800000| Untracked 
| 169|0x000000008a900000, 0x000000008a900000, 0x000000008aa00000|  0%| F|  |TAMS 0x000000008a900000, 0x000000008a900000| Untracked 
| 170|0x000000008aa00000, 0x000000008aa00000, 0x000000008ab00000|  0%| F|  |TAMS 0x000000008aa00000, 0x000000008aa00000| Untracked 
| 171|0x000000008ab00000, 0x000000008ab00000, 0x000000008ac00000|  0%| F|  |TAMS 0x000000008ab00000, 0x000000008ab00000| Untracked 
| 172|0x000000008ac00000, 0x000000008ac00000, 0x000000008ad00000|  0%| F|  |TAMS 0x000000008ac00000, 0x000000008ac00000| Untracked 
| 173|0x000000008ad00000, 0x000000008ad00000, 0x000000008ae00000|  0%| F|  |TAMS 0x000000008ad00000, 0x000000008ad00000| Untracked 
| 174|0x000000008ae00000, 0x000000008ae00000, 0x000000008af00000|  0%| F|  |TAMS 0x000000008ae00000, 0x000000008ae00000| Untracked 
| 175|0x000000008af00000, 0x000000008af00000, 0x000000008b000000|  0%| F|  |TAMS 0x000000008af00000, 0x000000008af00000| Untracked 
| 176|0x000000008b000000, 0x000000008b000000, 0x000000008b100000|  0%| F|  |TAMS 0x000000008b000000, 0x000000008b000000| Untracked 
| 177|0x000000008b100000, 0x000000008b100000, 0x000000008b200000|  0%| F|  |TAMS 0x000000008b100000, 0x000000008b100000| Untracked 
| 178|0x000000008b200000, 0x000000008b200000, 0x000000008b300000|  0%| F|  |TAMS 0x000000008b200000, 0x000000008b200000| Untracked 
| 179|0x000000008b300000, 0x000000008b300000, 0x000000008b400000|  0%| F|  |TAMS 0x000000008b300000, 0x000000008b300000| Untracked 
| 180|0x000000008b400000, 0x000000008b400000, 0x000000008b500000|  0%| F|  |TAMS 0x000000008b400000, 0x000000008b400000| Untracked 
| 181|0x000000008b500000, 0x000000008b500000, 0x000000008b600000|  0%| F|  |TAMS 0x000000008b500000, 0x000000008b500000| Untracked 
| 182|0x000000008b600000, 0x000000008b600000, 0x000000008b700000|  0%| F|  |TAMS 0x000000008b600000, 0x000000008b600000| Untracked 
| 183|0x000000008b700000, 0x000000008b700000, 0x000000008b800000|  0%| F|  |TAMS 0x000000008b700000, 0x000000008b700000| Untracked 
| 184|0x000000008b800000, 0x000000008b800000, 0x000000008b900000|  0%| F|  |TAMS 0x000000008b800000, 0x000000008b800000| Untracked 
| 185|0x000000008b900000, 0x000000008b900000, 0x000000008ba00000|  0%| F|  |TAMS 0x000000008b900000, 0x000000008b900000| Untracked 
| 186|0x000000008ba00000, 0x000000008ba00000, 0x000000008bb00000|  0%| F|  |TAMS 0x000000008ba00000, 0x000000008ba00000| Untracked 
| 187|0x000000008bb00000, 0x000000008bb00000, 0x000000008bc00000|  0%| F|  |TAMS 0x000000008bb00000, 0x000000008bb00000| Untracked 
| 188|0x000000008bc00000, 0x000000008bc00000, 0x000000008bd00000|  0%| F|  |TAMS 0x000000008bc00000, 0x000000008bc00000| Untracked 
| 189|0x000000008bd00000, 0x000000008bd00000, 0x000000008be00000|  0%| F|  |TAMS 0x000000008bd00000, 0x000000008bd00000| Untracked 
| 190|0x000000008be00000, 0x000000008be00000, 0x000000008bf00000|  0%| F|  |TAMS 0x000000008be00000, 0x000000008be00000| Untracked 
| 191|0x000000008bf00000, 0x000000008bf00000, 0x000000008c000000|  0%| F|  |TAMS 0x000000008bf00000, 0x000000008bf00000| Untracked 
| 192|0x000000008c000000, 0x000000008c06f288, 0x000000008c100000| 43%| E|  |TAMS 0x000000008c000000, 0x000000008c000000| Complete 
| 193|0x000000008c100000, 0x000000008c200000, 0x000000008c200000|100%| E|CS|TAMS 0x000000008c100000, 0x000000008c100000| Complete 
| 194|0x000000008c200000, 0x000000008c300000, 0x000000008c300000|100%| E|CS|TAMS 0x000000008c200000, 0x000000008c200000| Complete 
| 195|0x000000008c300000, 0x000000008c400000, 0x000000008c400000|100%| E|CS|TAMS 0x000000008c300000, 0x000000008c300000| Complete 
| 196|0x000000008c400000, 0x000000008c500000, 0x000000008c500000|100%| E|CS|TAMS 0x000000008c400000, 0x000000008c400000| Complete 
| 197|0x000000008c500000, 0x000000008c600000, 0x000000008c600000|100%| E|CS|TAMS 0x000000008c500000, 0x000000008c500000| Complete 
| 198|0x000000008c600000, 0x000000008c700000, 0x000000008c700000|100%| E|CS|TAMS 0x000000008c600000, 0x000000008c600000| Complete 
| 199|0x000000008c700000, 0x000000008c800000, 0x000000008c800000|100%| E|CS|TAMS 0x000000008c700000, 0x000000008c700000| Complete 
| 200|0x000000008c800000, 0x000000008c900000, 0x000000008c900000|100%| E|CS|TAMS 0x000000008c800000, 0x000000008c800000| Complete 
| 201|0x000000008c900000, 0x000000008ca00000, 0x000000008ca00000|100%| E|CS|TAMS 0x000000008c900000, 0x000000008c900000| Complete 
| 202|0x000000008ca00000, 0x000000008cb00000, 0x000000008cb00000|100%| E|CS|TAMS 0x000000008ca00000, 0x000000008ca00000| Complete 
| 203|0x000000008cb00000, 0x000000008cc00000, 0x000000008cc00000|100%| E|CS|TAMS 0x000000008cb00000, 0x000000008cb00000| Complete 
| 204|0x000000008cc00000, 0x000000008cd00000, 0x000000008cd00000|100%| E|CS|TAMS 0x000000008cc00000, 0x000000008cc00000| Complete 
| 205|0x000000008cd00000, 0x000000008ce00000, 0x000000008ce00000|100%| E|CS|TAMS 0x000000008cd00000, 0x000000008cd00000| Complete 
| 206|0x000000008ce00000, 0x000000008cf00000, 0x000000008cf00000|100%| E|CS|TAMS 0x000000008ce00000, 0x000000008ce00000| Complete 
| 207|0x000000008cf00000, 0x000000008d000000, 0x000000008d000000|100%| E|CS|TAMS 0x000000008cf00000, 0x000000008cf00000| Complete 
| 208|0x000000008d000000, 0x000000008d100000, 0x000000008d100000|100%| E|CS|TAMS 0x000000008d000000, 0x000000008d000000| Complete 
| 209|0x000000008d100000, 0x000000008d200000, 0x000000008d200000|100%| E|CS|TAMS 0x000000008d100000, 0x000000008d100000| Complete 
| 210|0x000000008d200000, 0x000000008d300000, 0x000000008d300000|100%| E|CS|TAMS 0x000000008d200000, 0x000000008d200000| Complete 
| 211|0x000000008d300000, 0x000000008d400000, 0x000000008d400000|100%| E|CS|TAMS 0x000000008d300000, 0x000000008d300000| Complete 
| 212|0x000000008d400000, 0x000000008d500000, 0x000000008d500000|100%| E|CS|TAMS 0x000000008d400000, 0x000000008d400000| Complete 
| 213|0x000000008d500000, 0x000000008d600000, 0x000000008d600000|100%| E|CS|TAMS 0x000000008d500000, 0x000000008d500000| Complete 
| 214|0x000000008d600000, 0x000000008d700000, 0x000000008d700000|100%| E|CS|TAMS 0x000000008d600000, 0x000000008d600000| Complete 
| 215|0x000000008d700000, 0x000000008d800000, 0x000000008d800000|100%| E|CS|TAMS 0x000000008d700000, 0x000000008d700000| Complete 
| 216|0x000000008d800000, 0x000000008d900000, 0x000000008d900000|100%| E|CS|TAMS 0x000000008d800000, 0x000000008d800000| Complete 
| 217|0x000000008d900000, 0x000000008da00000, 0x000000008da00000|100%| E|CS|TAMS 0x000000008d900000, 0x000000008d900000| Complete 
| 218|0x000000008da00000, 0x000000008db00000, 0x000000008db00000|100%| E|CS|TAMS 0x000000008da00000, 0x000000008da00000| Complete 
| 219|0x000000008db00000, 0x000000008dc00000, 0x000000008dc00000|100%| E|CS|TAMS 0x000000008db00000, 0x000000008db00000| Complete 
| 220|0x000000008dc00000, 0x000000008dd00000, 0x000000008dd00000|100%| E|CS|TAMS 0x000000008dc00000, 0x000000008dc00000| Complete 
| 221|0x000000008dd00000, 0x000000008de00000, 0x000000008de00000|100%| E|CS|TAMS 0x000000008dd00000, 0x000000008dd00000| Complete 
| 222|0x000000008de00000, 0x000000008df00000, 0x000000008df00000|100%| E|CS|TAMS 0x000000008de00000, 0x000000008de00000| Complete 
| 223|0x000000008df00000, 0x000000008e000000, 0x000000008e000000|100%| E|CS|TAMS 0x000000008df00000, 0x000000008df00000| Complete 
| 224|0x000000008e000000, 0x000000008e100000, 0x000000008e100000|100%| E|  |TAMS 0x000000008e000000, 0x000000008e000000| Complete 
| 225|0x000000008e100000, 0x000000008e200000, 0x000000008e200000|100%| E|CS|TAMS 0x000000008e100000, 0x000000008e100000| Complete 
| 226|0x000000008e200000, 0x000000008e300000, 0x000000008e300000|100%| E|CS|TAMS 0x000000008e200000, 0x000000008e200000| Complete 
| 227|0x000000008e300000, 0x000000008e400000, 0x000000008e400000|100%| E|CS|TAMS 0x000000008e300000, 0x000000008e300000| Complete 
| 228|0x000000008e400000, 0x000000008e500000, 0x000000008e500000|100%| E|CS|TAMS 0x000000008e400000, 0x000000008e400000| Complete 
| 229|0x000000008e500000, 0x000000008e600000, 0x000000008e600000|100%| E|CS|TAMS 0x000000008e500000, 0x000000008e500000| Complete 
| 230|0x000000008e600000, 0x000000008e700000, 0x000000008e700000|100%| E|CS|TAMS 0x000000008e600000, 0x000000008e600000| Complete 
| 231|0x000000008e700000, 0x000000008e800000, 0x000000008e800000|100%| E|CS|TAMS 0x000000008e700000, 0x000000008e700000| Complete 
| 232|0x000000008e800000, 0x000000008e900000, 0x000000008e900000|100%| E|CS|TAMS 0x000000008e800000, 0x000000008e800000| Complete 
| 233|0x000000008e900000, 0x000000008ea00000, 0x000000008ea00000|100%| E|CS|TAMS 0x000000008e900000, 0x000000008e900000| Complete 
| 234|0x000000008ea00000, 0x000000008eb00000, 0x000000008eb00000|100%| E|CS|TAMS 0x000000008ea00000, 0x000000008ea00000| Complete 
| 235|0x000000008eb00000, 0x000000008ec00000, 0x000000008ec00000|100%| E|CS|TAMS 0x000000008eb00000, 0x000000008eb00000| Complete 
| 236|0x000000008ec00000, 0x000000008ed00000, 0x000000008ed00000|100%| E|CS|TAMS 0x000000008ec00000, 0x000000008ec00000| Complete 
| 237|0x000000008ed00000, 0x000000008ee00000, 0x000000008ee00000|100%| E|CS|TAMS 0x000000008ed00000, 0x000000008ed00000| Complete 
| 238|0x000000008ee00000, 0x000000008ef00000, 0x000000008ef00000|100%| E|CS|TAMS 0x000000008ee00000, 0x000000008ee00000| Complete 
| 239|0x000000008ef00000, 0x000000008f000000, 0x000000008f000000|100%| E|CS|TAMS 0x000000008ef00000, 0x000000008ef00000| Complete 
| 240|0x000000008f000000, 0x000000008f100000, 0x000000008f100000|100%| E|CS|TAMS 0x000000008f000000, 0x000000008f000000| Complete 
| 241|0x000000008f100000, 0x000000008f200000, 0x000000008f200000|100%| E|CS|TAMS 0x000000008f100000, 0x000000008f100000| Complete 
| 242|0x000000008f200000, 0x000000008f300000, 0x000000008f300000|100%| E|CS|TAMS 0x000000008f200000, 0x000000008f200000| Complete 
| 243|0x000000008f300000, 0x000000008f400000, 0x000000008f400000|100%| E|CS|TAMS 0x000000008f300000, 0x000000008f300000| Complete 
| 244|0x000000008f400000, 0x000000008f500000, 0x000000008f500000|100%| E|CS|TAMS 0x000000008f400000, 0x000000008f400000| Complete 
| 245|0x000000008f500000, 0x000000008f600000, 0x000000008f600000|100%| E|CS|TAMS 0x000000008f500000, 0x000000008f500000| Complete 
| 246|0x000000008f600000, 0x000000008f700000, 0x000000008f700000|100%| E|CS|TAMS 0x000000008f600000, 0x000000008f600000| Complete 
| 247|0x000000008f700000, 0x000000008f800000, 0x000000008f800000|100%| E|CS|TAMS 0x000000008f700000, 0x000000008f700000| Complete 
| 248|0x000000008f800000, 0x000000008f900000, 0x000000008f900000|100%| E|CS|TAMS 0x000000008f800000, 0x000000008f800000| Complete 
| 249|0x000000008f900000, 0x000000008fa00000, 0x000000008fa00000|100%| E|CS|TAMS 0x000000008f900000, 0x000000008f900000| Complete 
| 250|0x000000008fa00000, 0x000000008fb00000, 0x000000008fb00000|100%| E|CS|TAMS 0x000000008fa00000, 0x000000008fa00000| Complete 
| 251|0x000000008fb00000, 0x000000008fb3abc8, 0x000000008fc00000| 22%| S|CS|TAMS 0x000000008fb00000, 0x000000008fb00000| Complete 
| 252|0x000000008fc00000, 0x000000008fd00000, 0x000000008fd00000|100%| S|CS|TAMS 0x000000008fc00000, 0x000000008fc00000| Complete 
| 253|0x000000008fd00000, 0x000000008fe00000, 0x000000008fe00000|100%| E|CS|TAMS 0x000000008fd00000, 0x000000008fd00000| Complete 

Card table byte_map: [0x0000021aa5aa0000,0x0000021aa5ea0000] _byte_map_base: 0x0000021aa56a0000

Marking Bits (Prev, Next): (CMBitMap*) 0x0000021a928a7408, (CMBitMap*) 0x0000021a928a7440
 Prev Bits: [0x0000021aa62a0000, 0x0000021aa82a0000)
 Next Bits: [0x0000021aa82a0000, 0x0000021aaa2a0000)

Polling page: 0x0000021a90710000

Metaspace:

Usage:
  Non-class:     87.48 MB capacity,    86.08 MB ( 98%) used,     1.14 MB (  1%) free+waste,   269.19 KB ( <1%) overhead. 
      Class:     13.08 MB capacity,    12.27 MB ( 94%) used,   710.66 KB (  5%) free+waste,   118.31 KB ( <1%) overhead. 
       Both:    100.56 MB capacity,    98.34 MB ( 98%) used,     1.84 MB (  2%) free+waste,   387.50 KB ( <1%) overhead. 

Virtual space:
  Non-class space:       88.00 MB reserved,      87.75 MB (>99%) committed 
      Class space:        1.00 GB reserved,      13.30 MB (  1%) committed 
             Both:        1.09 GB reserved,     101.05 MB (  9%) committed 

Chunk freelists:
   Non-Class:  208.00 KB
       Class:  114.00 KB
        Both:  322.00 KB

MaxMetaspaceSize: 17179869184.00 GB
CompressedClassSpaceSize: 1.00 GB
Initial GC threshold: 20.80 MB
Current GC threshold: 165.09 MB
CDS: off

CodeHeap 'non-profiled nmethods': size=120000Kb used=10114Kb max_used=10114Kb free=109886Kb
 bounds [0x0000021a9de40000, 0x0000021a9e830000, 0x0000021aa5370000]
CodeHeap 'profiled nmethods': size=120000Kb used=31191Kb max_used=31191Kb free=88808Kb
 bounds [0x0000021a96910000, 0x0000021a98790000, 0x0000021a9de40000]
CodeHeap 'non-nmethods': size=5760Kb used=2411Kb max_used=2454Kb free=3348Kb
 bounds [0x0000021a96370000, 0x0000021a965e0000, 0x0000021a96910000]
 total_blobs=15003 nmethods=14076 adapters=839
 compilation: enabled
              stopped_count=0, restarted_count=0
 full_count=0

Compilation events (20 events):
Event: 35.807 Thread 0x0000021aad5ed800 nmethod 14192 0x0000021a9e81a990 code [0x0000021a9e81ab40, 0x0000021a9e81abf8]
Event: 35.807 Thread 0x0000021aad5ed800 14206       3       org.gradle.internal.normalization.java.impl.AnnotatableMember::getAnnotations (8 bytes)
Event: 35.807 Thread 0x0000021aad5ed800 nmethod 14206 0x0000021a98749910 code [0x0000021a98749ae0, 0x0000021a98749d28]
Event: 35.807 Thread 0x0000021aad5ed800 14193       1       org.gradle.internal.normalization.java.impl.TypedMember::getTypeDesc (5 bytes)
Event: 35.807 Thread 0x0000021aad5ed800 nmethod 14193 0x0000021a9e81ac90 code [0x0000021a9e81ae40, 0x0000021a9e81aef8]
Event: 35.807 Thread 0x0000021aad5ed800 14194       1       org.gradle.internal.normalization.java.impl.FieldMember::getValue (5 bytes)
Event: 35.807 Thread 0x0000021aad5ed800 nmethod 14194 0x0000021a9e81af90 code [0x0000021a9e81b140, 0x0000021a9e81b1f8]
Event: 35.807 Thread 0x0000021aad5ed800 14207       3       org.gradle.internal.normalization.java.impl.ApiMemberWriter::writeFieldAnnotations (55 bytes)
Event: 35.807 Thread 0x0000021aad5ed800 nmethod 14207 0x0000021a98749e90 code [0x0000021a9874a0c0, 0x0000021a9874a828]
Event: 35.807 Thread 0x0000021aad5ed800 14182       3       org.gradle.internal.normalization.java.impl.ApiMemberSelector::visitField (80 bytes)
Event: 35.809 Thread 0x0000021aad5ed800 nmethod 14182 0x0000021a9874aa90 code [0x0000021a9874ad60, 0x0000021a9874bfd8]
Event: 35.809 Thread 0x0000021aad5ed800 14184       3       org.gradle.internal.normalization.java.impl.FieldMember::<init> (16 bytes)
Event: 35.809 Thread 0x0000021ab879a000 nmethod 14183 0x0000021a9e81b290 code [0x0000021a9e81b460, 0x0000021a9e81bc18]
Event: 35.809 Thread 0x0000021ab879a000 14176       4       org.objectweb.asm.ClassReader::readUTF8 (23 bytes)
Event: 35.810 Thread 0x0000021aad5ed800 nmethod 14184 0x0000021a9874c610 code [0x0000021a9874c860, 0x0000021a9874d308]
Event: 35.810 Thread 0x0000021aad5ed800 14186       3       org.objectweb.asm.FieldVisitor::visitEnd (15 bytes)
Event: 35.810 Thread 0x0000021aad5ed800 nmethod 14186 0x0000021a9874d790 code [0x0000021a9874d940, 0x0000021a9874db28]
Event: 35.810 Thread 0x0000021aad5ed800 14209       3       org.objectweb.asm.ClassReader::readCode (5109 bytes)
Event: 35.817 Thread 0x0000021aad5e7800 nmethod 14165 0x0000021a9e81c010 code [0x0000021a9e81c1e0, 0x0000021a9e81cd38]
Event: 35.817 Thread 0x0000021aad5e7800 14211       4       org.objectweb.asm.SymbolTable::addConstantIntegerOrFloat (100 bytes)

GC Heap History (20 events):
Event: 14.156 GC heap before
{Heap before GC invocations=7 (full 0):
 garbage-first heap   total 260096K, used 175671K [0x0000000080000000, 0x0000000100000000)
  region size 1024K, 152 young (155648K), 13 survivors (13312K)
 Metaspace       used 57138K, capacity 58534K, committed 58832K, reserved 1099776K
  class space    used 7193K, capacity 7722K, committed 7808K, reserved 1048576K
}
Event: 14.171 GC heap after
{Heap after GC invocations=8 (full 0):
 garbage-first heap   total 260096K, used 42770K [0x0000000080000000, 0x0000000100000000)
  region size 1024K, 17 young (17408K), 17 survivors (17408K)
 Metaspace       used 57138K, capacity 58534K, committed 58832K, reserved 1099776K
  class space    used 7193K, capacity 7722K, committed 7808K, reserved 1048576K
}
Event: 14.436 GC heap before
{Heap before GC invocations=8 (full 0):
 garbage-first heap   total 260096K, used 51986K [0x0000000080000000, 0x0000000100000000)
  region size 1024K, 27 young (27648K), 17 survivors (17408K)
 Metaspace       used 58803K, capacity 60204K, committed 60296K, reserved 1101824K
  class space    used 7416K, capacity 7938K, committed 7992K, reserved 1048576K
}
Event: 14.450 GC heap after
{Heap after GC invocations=9 (full 0):
 garbage-first heap   total 260096K, used 43619K [0x0000000080000000, 0x0000000100000000)
  region size 1024K, 11 young (11264K), 11 survivors (11264K)
 Metaspace       used 58803K, capacity 60204K, committed 60296K, reserved 1101824K
  class space    used 7416K, capacity 7938K, committed 7992K, reserved 1048576K
}
Event: 16.995 GC heap before
{Heap before GC invocations=10 (full 0):
 garbage-first heap   total 260096K, used 195171K [0x0000000080000000, 0x0000000100000000)
  region size 1024K, 152 young (155648K), 11 survivors (11264K)
 Metaspace       used 67877K, capacity 69507K, committed 69896K, reserved 1110016K
  class space    used 8618K, capacity 9250K, committed 9400K, reserved 1048576K
}
Event: 17.006 GC heap after
{Heap after GC invocations=11 (full 0):
 garbage-first heap   total 260096K, used 54136K [0x0000000080000000, 0x0000000100000000)
  region size 1024K, 19 young (19456K), 19 survivors (19456K)
 Metaspace       used 67877K, capacity 69507K, committed 69896K, reserved 1110016K
  class space    used 8618K, capacity 9250K, committed 9400K, reserved 1048576K
}
Event: 20.267 GC heap before
{Heap before GC invocations=11 (full 0):
 garbage-first heap   total 260096K, used 190328K [0x0000000080000000, 0x0000000100000000)
  region size 1024K, 152 young (155648K), 19 survivors (19456K)
 Metaspace       used 81306K, capacity 83214K, committed 83464K, reserved 1122304K
  class space    used 10638K, capacity 11394K, committed 11448K, reserved 1048576K
}
Event: 20.286 GC heap after
{Heap after GC invocations=12 (full 0):
 garbage-first heap   total 260096K, used 63275K [0x0000000080000000, 0x0000000100000000)
  region size 1024K, 18 young (18432K), 18 survivors (18432K)
 Metaspace       used 81306K, capacity 83214K, committed 83464K, reserved 1122304K
  class space    used 10638K, capacity 11394K, committed 11448K, reserved 1048576K
}
Event: 23.212 GC heap before
{Heap before GC invocations=12 (full 0):
 garbage-first heap   total 260096K, used 208683K [0x0000000080000000, 0x0000000100000000)
  region size 1024K, 151 young (154624K), 18 survivors (18432K)
 Metaspace       used 86446K, capacity 88651K, committed 88840K, reserved 1126400K
  class space    used 11216K, capacity 12065K, committed 12216K, reserved 1048576K
}
Event: 23.238 GC heap after
{Heap after GC invocations=13 (full 0):
 garbage-first heap   total 260096K, used 85215K [0x0000000080000000, 0x0000000100000000)
  region size 1024K, 19 young (19456K), 19 survivors (19456K)
 Metaspace       used 86446K, capacity 88651K, committed 88840K, reserved 1126400K
  class space    used 11216K, capacity 12065K, committed 12216K, reserved 1048576K
}
Event: 26.145 GC heap before
{Heap before GC invocations=13 (full 0):
 garbage-first heap   total 260096K, used 209119K [0x0000000080000000, 0x0000000100000000)
  region size 1024K, 126 young (129024K), 19 survivors (19456K)
 Metaspace       used 93326K, capacity 95645K, committed 95752K, reserved 1132544K
  class space    used 11819K, capacity 12695K, committed 12728K, reserved 1048576K
}
Event: 26.171 GC heap after
{Heap after GC invocations=14 (full 0):
 garbage-first heap   total 260096K, used 96574K [0x0000000080000000, 0x0000000100000000)
  region size 1024K, 10 young (10240K), 10 survivors (10240K)
 Metaspace       used 93326K, capacity 95645K, committed 95752K, reserved 1132544K
  class space    used 11819K, capacity 12695K, committed 12728K, reserved 1048576K
}
Event: 28.596 GC heap before
{Heap before GC invocations=14 (full 0):
 garbage-first heap   total 260096K, used 197950K [0x0000000080000000, 0x0000000100000000)
  region size 1024K, 110 young (112640K), 10 survivors (10240K)
 Metaspace       used 98038K, capacity 100320K, committed 100616K, reserved 1136640K
  class space    used 12345K, capacity 13197K, committed 13240K, reserved 1048576K
}
Event: 28.604 GC heap after
{Heap after GC invocations=15 (full 0):
 garbage-first heap   total 260096K, used 96150K [0x0000000080000000, 0x0000000100000000)
  region size 1024K, 5 young (5120K), 5 survivors (5120K)
 Metaspace       used 98038K, capacity 100320K, committed 100616K, reserved 1136640K
  class space    used 12345K, capacity 13197K, committed 13240K, reserved 1048576K
}
Event: 28.679 GC heap before
{Heap before GC invocations=15 (full 0):
 garbage-first heap   total 260096K, used 101270K [0x0000000080000000, 0x0000000100000000)
  region size 1024K, 11 young (11264K), 5 survivors (5120K)
 Metaspace       used 98442K, capacity 100704K, committed 100920K, reserved 1136640K
  class space    used 12398K, capacity 13261K, committed 13368K, reserved 1048576K
}
Event: 28.684 GC heap after
{Heap after GC invocations=16 (full 0):
 garbage-first heap   total 260096K, used 96057K [0x0000000080000000, 0x0000000100000000)
  region size 1024K, 5 young (5120K), 5 survivors (5120K)
 Metaspace       used 98442K, capacity 100704K, committed 100920K, reserved 1136640K
  class space    used 12398K, capacity 13261K, committed 13368K, reserved 1048576K
}
Event: 30.320 GC heap before
{Heap before GC invocations=17 (full 0):
 garbage-first heap   total 260096K, used 179001K [0x0000000080000000, 0x0000000100000000)
  region size 1024K, 94 young (96256K), 5 survivors (5120K)
 Metaspace       used 99555K, capacity 101682K, committed 102328K, reserved 1138688K
  class space    used 12445K, capacity 13223K, committed 13496K, reserved 1048576K
}
Event: 30.333 GC heap after
{Heap after GC invocations=18 (full 0):
 garbage-first heap   total 260096K, used 95365K [0x0000000080000000, 0x0000000100000000)
  region size 1024K, 12 young (12288K), 12 survivors (12288K)
 Metaspace       used 99555K, capacity 101682K, committed 102328K, reserved 1138688K
  class space    used 12445K, capacity 13223K, committed 13496K, reserved 1048576K
}
Event: 30.356 GC heap before
{Heap before GC invocations=18 (full 0):
 garbage-first heap   total 260096K, used 96389K [0x0000000080000000, 0x0000000100000000)
  region size 1024K, 13 young (13312K), 12 survivors (12288K)
 Metaspace       used 99557K, capacity 101686K, committed 102328K, reserved 1138688K
  class space    used 12445K, capacity 13223K, committed 13496K, reserved 1048576K
}
Event: 30.365 GC heap after
{Heap after GC invocations=19 (full 0):
 garbage-first heap   total 260096K, used 94091K [0x0000000080000000, 0x0000000100000000)
  region size 1024K, 2 young (2048K), 2 survivors (2048K)
 Metaspace       used 99557K, capacity 101686K, committed 102328K, reserved 1138688K
  class space    used 12445K, capacity 13223K, committed 13496K, reserved 1048576K
}

Deoptimization events (20 events):
Event: 35.781 Thread 0x0000021ab128c800 Uncommon trap: trap_request=0xffffff4d fr.pc=0x0000021a9e2cd4dc relative=0x000000000000009c
Event: 35.781 Thread 0x0000021ab128c800 Uncommon trap: reason=unstable_if action=reinterpret pc=0x0000021a9e2cd4dc method=org.objectweb.asm.MethodWriter.visitMaxs(II)V @ 35 c2
Event: 35.781 Thread 0x0000021ab128c800 DEOPT PACKING pc=0x0000021a9e2cd4dc sp=0x0000008efbbfb800
Event: 35.781 Thread 0x0000021ab128c800 DEOPT UNPACKING pc=0x0000021a963785af sp=0x0000008efbbfb798 mode 2
Event: 35.812 Thread 0x0000021ab128c800 Uncommon trap: trap_request=0xffffffde fr.pc=0x0000021a9e819f0c relative=0x000000000000060c
Event: 35.812 Thread 0x0000021ab128c800 Uncommon trap: reason=class_check action=maybe_recompile pc=0x0000021a9e819f0c method=org.gradle.internal.normalization.java.impl.FieldMember.compareTo(Lorg/gradle/internal/normalization/java/impl/FieldMember;)I @ 16 c2
Event: 35.812 Thread 0x0000021ab128c800 DEOPT PACKING pc=0x0000021a9e819f0c sp=0x0000008efbbfb5c0
Event: 35.812 Thread 0x0000021ab128c800 DEOPT UNPACKING pc=0x0000021a963785af sp=0x0000008efbbfb510 mode 2
Event: 35.813 Thread 0x0000021ab128c800 Uncommon trap: trap_request=0xffffffde fr.pc=0x0000021a9e819f0c relative=0x000000000000060c
Event: 35.813 Thread 0x0000021ab128c800 Uncommon trap: reason=class_check action=maybe_recompile pc=0x0000021a9e819f0c method=org.gradle.internal.normalization.java.impl.FieldMember.compareTo(Lorg/gradle/internal/normalization/java/impl/FieldMember;)I @ 16 c2
Event: 35.813 Thread 0x0000021ab128c800 DEOPT PACKING pc=0x0000021a9e819f0c sp=0x0000008efbbfb5c0
Event: 35.813 Thread 0x0000021ab128c800 DEOPT UNPACKING pc=0x0000021a963785af sp=0x0000008efbbfb510 mode 2
Event: 35.818 Thread 0x0000021ab128c800 Uncommon trap: trap_request=0xffffffde fr.pc=0x0000021a9e819f0c relative=0x000000000000060c
Event: 35.818 Thread 0x0000021ab128c800 Uncommon trap: reason=class_check action=maybe_recompile pc=0x0000021a9e819f0c method=org.gradle.internal.normalization.java.impl.FieldMember.compareTo(Lorg/gradle/internal/normalization/java/impl/FieldMember;)I @ 16 c2
Event: 35.818 Thread 0x0000021ab128c800 DEOPT PACKING pc=0x0000021a9e819f0c sp=0x0000008efbbfb5c0
Event: 35.818 Thread 0x0000021ab128c800 DEOPT UNPACKING pc=0x0000021a963785af sp=0x0000008efbbfb510 mode 2
Event: 35.819 Thread 0x0000021ab128c800 Uncommon trap: trap_request=0xffffffde fr.pc=0x0000021a9e819f0c relative=0x000000000000060c
Event: 35.819 Thread 0x0000021ab128c800 Uncommon trap: reason=class_check action=maybe_recompile pc=0x0000021a9e819f0c method=org.gradle.internal.normalization.java.impl.FieldMember.compareTo(Lorg/gradle/internal/normalization/java/impl/FieldMember;)I @ 16 c2
Event: 35.819 Thread 0x0000021ab128c800 DEOPT PACKING pc=0x0000021a9e819f0c sp=0x0000008efbbfb5c0
Event: 35.819 Thread 0x0000021ab128c800 DEOPT UNPACKING pc=0x0000021a963785af sp=0x0000008efbbfb510 mode 2

Classes redefined (0 events):
No events

Internal exceptions (20 events):
Event: 26.857 Thread 0x0000021ab14d5000 Implicit null exception at 0x0000021a9e5deaae to 0x0000021a9e5deff4
Event: 26.857 Thread 0x0000021ab3170800 Implicit null exception at 0x0000021a9e5deaae to 0x0000021a9e5deff4
Event: 26.888 Thread 0x0000021ab3170800 Implicit null exception at 0x0000021a9e657c24 to 0x0000021a9e657dc4
Event: 30.186 Thread 0x0000021ab128c800 Exception <a 'java/lang/NoSuchMethodError'{0x000000008ab187b8}: <clinit>> (0x000000008ab187b8) thrown at [./src/hotspot/share/prims/jni.cpp, line 1366]
Event: 30.186 Thread 0x0000021ab128c800 Exception <a 'java/lang/NoSuchMethodError'{0x000000008ab19da8}: <clinit>> (0x000000008ab19da8) thrown at [./src/hotspot/share/prims/jni.cpp, line 1366]
Event: 30.187 Thread 0x0000021ab128c800 Exception <a 'java/lang/NoSuchMethodError'{0x000000008ab1c9a8}: <clinit>> (0x000000008ab1c9a8) thrown at [./src/hotspot/share/prims/jni.cpp, line 1366]
Event: 30.188 Thread 0x0000021ab128c800 Exception <a 'java/lang/NoSuchMethodError'{0x000000008ab33618}: <clinit>> (0x000000008ab33618) thrown at [./src/hotspot/share/prims/jni.cpp, line 1366]
Event: 30.188 Thread 0x0000021ab128c800 Exception <a 'java/lang/NoSuchMethodError'{0x000000008ab34850}: <clinit>> (0x000000008ab34850) thrown at [./src/hotspot/share/prims/jni.cpp, line 1366]
Event: 30.436 Thread 0x0000021ab128c800 Exception <a 'java/lang/NoSuchMethodError'{0x000000008f682d58}: <clinit>> (0x000000008f682d58) thrown at [./src/hotspot/share/prims/jni.cpp, line 1366]
Event: 30.443 Thread 0x0000021ab128c800 Exception <a 'java/lang/NoSuchMethodError'{0x000000008f6b3748}: <clinit>> (0x000000008f6b3748) thrown at [./src/hotspot/share/prims/jni.cpp, line 1366]
Event: 30.444 Thread 0x0000021ab128c800 Exception <a 'java/lang/NoSuchMethodError'{0x000000008f6c5ec0}: <clinit>> (0x000000008f6c5ec0) thrown at [./src/hotspot/share/prims/jni.cpp, line 1366]
Event: 30.562 Thread 0x0000021ab128b800 Exception <a 'java/lang/NoSuchMethodError'{0x000000008f377a78}: 'void java.lang.invoke.DirectMethodHandle$Holder.invokeStatic(java.lang.Object, long)'> (0x000000008f377a78) thrown at [./src/hotspot/share/interpreter/linkResolver.cpp, line 773]
Event: 30.562 Thread 0x0000021ab128b800 Exception <a 'java/lang/NoSuchMethodError'{0x000000008f37d198}: 'java.lang.Object java.lang.invoke.DirectMethodHandle$Holder.invokeStatic(java.lang.Object, long)'> (0x000000008f37d198) thrown at [./src/hotspot/share/interpreter/linkResolver.cpp, line 773]
Event: 30.563 Thread 0x0000021ab128b800 Exception <a 'java/lang/NoSuchMethodError'{0x000000008f3839b0}: 'java.lang.Object java.lang.invoke.Invokers$Holder.linkToTargetMethod(long, java.lang.Object)'> (0x000000008f3839b0) thrown at [./src/hotspot/share/interpreter/linkResolver.cpp, line 773]
Event: 30.565 Thread 0x0000021ab128b800 Exception <a 'java/lang/NoSuchMethodError'{0x000000008f38c420}: 'java.lang.Object java.lang.invoke.DirectMethodHandle$Holder.invokeStaticInit(java.lang.Object, java.lang.Object, long, java.lang.Object)'> (0x000000008f38c420) thrown at [./src/hotspot/share/interpreter/linkResolver.cpp, line 773]
Event: 30.566 Thread 0x0000021ab128b800 Exception <a 'java/lang/NoSuchMethodError'{0x000000008f392800}: 'java.lang.Object java.lang.invoke.DirectMethodHandle$Holder.invokeStatic(java.lang.Object, java.lang.Object, long)'> (0x000000008f392800) thrown at [./src/hotspot/share/interpreter/linkResolver.cpp, line 773]
Event: 30.566 Thread 0x0000021ab128b800 Exception <a 'java/lang/NoSuchMethodError'{0x000000008f399210}: 'java.lang.Object java.lang.invoke.Invokers$Holder.linkToTargetMethod(java.lang.Object, long, java.lang.Object)'> (0x000000008f399210) thrown at [./src/hotspot/share/interpreter/linkResolver.cpp, line 773]
Event: 30.847 Thread 0x0000021ab128b800 Exception <a 'java/lang/NoSuchMethodError'{0x000000008f2d99e0}: 'int java.lang.invoke.DirectMethodHandle$Holder.invokeSpecialIFC(java.lang.Object, java.lang.Object, java.lang.Object)'> (0x000000008f2d99e0) thrown at [./src/hotspot/share/interpreter/linkResolver.cpp, line 773]
Event: 33.249 Thread 0x0000021ab128b800 Exception <a 'sun/nio/fs/WindowsException'{0x000000008e4cb1f0}> (0x000000008e4cb1f0) thrown at [./src/hotspot/share/prims/jni.cpp, line 616]
Event: 33.249 Thread 0x0000021ab128b800 Exception <a 'sun/nio/fs/WindowsException'{0x000000008e4cb2d8}> (0x000000008e4cb2d8) thrown at [./src/hotspot/share/prims/jni.cpp, line 616]

Events (20 events):
Event: 35.780 loading class org/gradle/internal/normalization/java/impl/ParameterAnnotationMember done
Event: 35.781 loading class org/gradle/internal/hash/HashCode
Event: 35.781 loading class org/gradle/internal/hash/HashCode done
Event: 35.781 loading class org/gradle/internal/hash/HashCode
Event: 35.781 loading class org/gradle/internal/hash/HashCode done
Event: 35.782 loading class org/gradle/internal/normalization/java/impl/InnerClassMember
Event: 35.782 loading class org/gradle/internal/normalization/java/impl/InnerClassMember done
Event: 35.783 loading class org/gradle/internal/normalization/java/impl/FieldMember
Event: 35.783 loading class org/gradle/internal/normalization/java/impl/FieldMember done
Event: 35.783 loading class com/google/common/collect/Ordering$ArbitraryOrderingHolder
Event: 35.783 loading class com/google/common/collect/Ordering$ArbitraryOrderingHolder done
Event: 35.784 loading class com/google/common/collect/Ordering$ArbitraryOrdering
Event: 35.784 loading class com/google/common/collect/Ordering$ArbitraryOrdering done
Event: 35.784 loading class com/google/common/collect/MapMakerInternalMap$WeakKeyStrongValueEntry$Helper
Event: 35.784 loading class com/google/common/collect/MapMakerInternalMap$WeakKeyStrongValueEntry$Helper done
Event: 35.785 loading class com/google/common/collect/MapMakerInternalMap$WeakKeyStrongValueSegment
Event: 35.785 loading class com/google/common/collect/MapMakerInternalMap$WeakKeyStrongValueSegment done
Event: 35.786 Thread 0x0000021ab2ee0800 Thread exited: 0x0000021ab2ee0800
Event: 35.795 Thread 0x0000021ab2ee0800 Thread added: 0x0000021ab2ee0800
Event: 35.795 Thread 0x0000021ab879a000 Thread added: 0x0000021ab879a000


Dynamic libraries:
0x00007ff710e30000 - 0x00007ff710e3a000 	D:\android\jre\bin\java.exe
0x00007ff8dbf40000 - 0x00007ff8dc130000 	C:\Windows\SYSTEM32\ntdll.dll
0x00007ff8da0c0000 - 0x00007ff8da172000 	C:\Windows\System32\KERNEL32.DLL
0x00007ff8d9880000 - 0x00007ff8d9b24000 	C:\Windows\System32\KERNELBASE.dll
0x00007ff8d96d0000 - 0x00007ff8d97ca000 	C:\Windows\System32\ucrtbase.dll
0x00007ff8a2880000 - 0x00007ff8a2897000 	D:\android\jre\bin\VCRUNTIME140.dll
0x00007ff8a9540000 - 0x00007ff8a9559000 	D:\android\jre\bin\jli.dll
0x00007ff8daef0000 - 0x00007ff8db084000 	C:\Windows\System32\USER32.dll
0x00007ff8d9e20000 - 0x00007ff8d9e41000 	C:\Windows\System32\win32u.dll
0x00007ff8d9ff0000 - 0x00007ff8da016000 	C:\Windows\System32\GDI32.dll
0x00007ff8d9e50000 - 0x00007ff8d9fe6000 	C:\Windows\System32\gdi32full.dll
0x00007ff8c38d0000 - 0x00007ff8c3b54000 	C:\Windows\WinSxS\amd64_microsoft.windows.common-controls_6595b64144ccf1df_6.0.18362.959_none_e6c7bbbf130c62bb\COMCTL32.dll
0x00007ff8d9b30000 - 0x00007ff8d9bce000 	C:\Windows\System32\msvcp_win.dll
0x00007ff8dbde0000 - 0x00007ff8dbe7e000 	C:\Windows\System32\msvcrt.dll
0x00007ff8db840000 - 0x00007ff8dbb75000 	C:\Windows\System32\combase.dll
0x00007ff8da540000 - 0x00007ff8da660000 	C:\Windows\System32\RPCRT4.dll
0x00007ff8d8ec0000 - 0x00007ff8d8f40000 	C:\Windows\System32\bcryptPrimitives.dll
0x00007ff8dbb80000 - 0x00007ff8dbbae000 	C:\Windows\System32\IMM32.DLL
0x00007ff87ac20000 - 0x00007ff87acbd000 	D:\android\jre\bin\msvcp140.dll
0x00007ff8738c0000 - 0x00007ff8743c2000 	D:\android\jre\bin\server\jvm.dll
0x00007ff8db570000 - 0x00007ff8db613000 	C:\Windows\System32\ADVAPI32.dll
0x00007ff8da020000 - 0x00007ff8da0b7000 	C:\Windows\System32\sechost.dll
0x00007ff8da180000 - 0x00007ff8da188000 	C:\Windows\System32\PSAPI.DLL
0x00007ff8c51f0000 - 0x00007ff8c51f9000 	C:\Windows\SYSTEM32\WSOCK32.dll
0x00007ff8d4020000 - 0x00007ff8d4044000 	C:\Windows\SYSTEM32\WINMM.dll
0x00007ff8db500000 - 0x00007ff8db56f000 	C:\Windows\System32\WS2_32.dll
0x00007ff8ce070000 - 0x00007ff8ce07a000 	C:\Windows\SYSTEM32\VERSION.dll
0x00007ff8d3fa0000 - 0x00007ff8d3fcd000 	C:\Windows\SYSTEM32\WINMMBASE.dll
0x00007ff8d9d20000 - 0x00007ff8d9d6a000 	C:\Windows\System32\cfgmgr32.dll
0x00007ff8d8e30000 - 0x00007ff8d8e41000 	C:\Windows\System32\kernel.appcore.dll
0x00007ff8d0a60000 - 0x00007ff8d0a71000 	D:\android\jre\bin\verify.dll
0x00007ff8d4560000 - 0x00007ff8d4754000 	C:\Windows\SYSTEM32\DBGHELP.DLL
0x00007ff8d3ff0000 - 0x00007ff8d401a000 	C:\Windows\SYSTEM32\dbgcore.DLL
0x00007ff8ab000000 - 0x00007ff8ab029000 	D:\android\jre\bin\java.dll
0x00007ff8d1e20000 - 0x00007ff8d1e2b000 	D:\android\jre\bin\jimage.dll
0x00007ff8d0a40000 - 0x00007ff8d0a58000 	D:\android\jre\bin\zip.dll
0x00007ff8da800000 - 0x00007ff8daee6000 	C:\Windows\System32\SHELL32.dll
0x00007ff8da660000 - 0x00007ff8da709000 	C:\Windows\System32\shcore.dll
0x00007ff8d8f40000 - 0x00007ff8d96c2000 	C:\Windows\System32\windows.storage.dll
0x00007ff8d8e00000 - 0x00007ff8d8e23000 	C:\Windows\System32\profapi.dll
0x00007ff8d8e50000 - 0x00007ff8d8e9a000 	C:\Windows\System32\powrprof.dll
0x00007ff8d8df0000 - 0x00007ff8d8e00000 	C:\Windows\System32\UMPDC.dll
0x00007ff8db6a0000 - 0x00007ff8db6f2000 	C:\Windows\System32\shlwapi.dll
0x00007ff8d97d0000 - 0x00007ff8d97e7000 	C:\Windows\System32\cryptsp.dll
0x00007ff8d0950000 - 0x00007ff8d096a000 	D:\android\jre\bin\net.dll
0x00007ff8d3600000 - 0x00007ff8d36f0000 	C:\Windows\SYSTEM32\WINHTTP.dll
0x00007ff8d8660000 - 0x00007ff8d86c7000 	C:\Windows\system32\mswsock.dll
0x00007ff8c4ac0000 - 0x00007ff8c4ad4000 	D:\android\jre\bin\nio.dll
0x00007ff894e50000 - 0x00007ff894e77000 	C:\Users\75914\.gradle\native\e1d6ef7f7dcc3fd88c89a11ec53ec762bb8ba0a96d01ffa2cd45eb1d1d8dd5c5\windows-amd64\native-platform.dll
0x00007ff876c80000 - 0x00007ff876dc4000 	C:\Users\75914\.gradle\native\0d407fdbe67a94daf76414ababcb853783967236a71b16ec16e742cd7a986fd3\windows-amd64\native-platform-file-events.dll
0x00007ff8d1dc0000 - 0x00007ff8d1dca000 	D:\android\jre\bin\management.dll
0x00007ff8d1d80000 - 0x00007ff8d1d8d000 	D:\android\jre\bin\management_ext.dll
0x00007ff8d81d0000 - 0x00007ff8d8203000 	C:\Windows\system32\rsaenh.dll
0x00007ff8d97f0000 - 0x00007ff8d9816000 	C:\Windows\System32\bcrypt.dll
0x00007ff8d8d10000 - 0x00007ff8d8d35000 	C:\Windows\SYSTEM32\USERENV.dll
0x00007ff8d8830000 - 0x00007ff8d883c000 	C:\Windows\SYSTEM32\CRYPTBASE.dll
0x00007ff8d8370000 - 0x00007ff8d83aa000 	C:\Windows\SYSTEM32\IPHLPAPI.DLL
0x00007ff8da410000 - 0x00007ff8da418000 	C:\Windows\System32\NSI.dll
0x00007ff8cdd90000 - 0x00007ff8cdda6000 	C:\Windows\SYSTEM32\dhcpcsvc6.DLL
0x00007ff8cd230000 - 0x00007ff8cd24c000 	C:\Windows\SYSTEM32\dhcpcsvc.DLL
0x00007ff8d83b0000 - 0x00007ff8d847b000 	C:\Windows\SYSTEM32\DNSAPI.dll
0x00007ff8d7e50000 - 0x00007ff8d7e81000 	C:\Windows\SYSTEM32\ntmarta.dll

dbghelp: loaded successfully - version: 4.0.5 - missing functions: none
symbol engine: initialized successfully - sym options: 0x614 - pdb path: .;D:\android\jre\bin;C:\Windows\SYSTEM32;C:\Windows\WinSxS\amd64_microsoft.windows.common-controls_6595b64144ccf1df_6.0.18362.959_none_e6c7bbbf130c62bb;D:\android\jre\bin\server;C:\Users\75914\.gradle\native\e1d6ef7f7dcc3fd88c89a11ec53ec762bb8ba0a96d01ffa2cd45eb1d1d8dd5c5\windows-amd64;C:\Users\75914\.gradle\native\0d407fdbe67a94daf76414ababcb853783967236a71b16ec16e742cd7a986fd3\windows-amd64

VM Arguments:
jvm_args: --add-opens=java.base/java.util=ALL-UNNAMED --add-opens=java.base/java.lang=ALL-UNNAMED --add-opens=java.base/java.lang.invoke=ALL-UNNAMED --add-opens=java.base/java.util=ALL-UNNAMED --add-opens=java.prefs/java.util.prefs=ALL-UNNAMED --add-opens=java.prefs/java.util.prefs=ALL-UNNAMED --add-opens=java.base/java.nio.charset=ALL-UNNAMED --add-opens=java.base/java.net=ALL-UNNAMED --add-opens=java.base/java.util.concurrent.atomic=ALL-UNNAMED -Xmx2048m -Dfile.encoding=UTF-8 -Duser.country=CN -Duser.language=zh -Duser.variant 
java_command: org.gradle.launcher.daemon.bootstrap.GradleDaemon 7.4
java_class_path (initial): C:\Users\75914\.gradle\wrapper\dists\gradle-7.4-bin\c0gwcg53nkjbqw7r0h0umtfvt\gradle-7.4\lib\gradle-launcher-7.4.jar
Launcher Type: SUN_STANDARD

[Global flags]
     intx CICompilerCount                          = 4                                         {product} {ergonomic}
     uint ConcGCThreads                            = 2                                         {product} {ergonomic}
     uint G1ConcRefinementThreads                  = 8                                         {product} {ergonomic}
   size_t G1HeapRegionSize                         = 1048576                                   {product} {ergonomic}
    uintx GCDrainStackTargetSize                   = 64                                        {product} {ergonomic}
   size_t InitialHeapSize                          = 266338304                                 {product} {ergonomic}
   size_t MarkStackSize                            = 4194304                                   {product} {ergonomic}
   size_t MaxHeapSize                              = 2147483648                                {product} {command line}
   size_t MaxNewSize                               = 1287651328                                {product} {ergonomic}
   size_t MinHeapDeltaBytes                        = 1048576                                   {product} {ergonomic}
    uintx NonNMethodCodeHeapSize                   = 5836300                                {pd product} {ergonomic}
    uintx NonProfiledCodeHeapSize                  = 122910970                              {pd product} {ergonomic}
    uintx ProfiledCodeHeapSize                     = 122910970                              {pd product} {ergonomic}
    uintx ReservedCodeCacheSize                    = 251658240                              {pd product} {ergonomic}
     bool SegmentedCodeCache                       = true                                      {product} {ergonomic}
     bool UseCompressedClassPointers               = true                                 {lp64_product} {ergonomic}
     bool UseCompressedOops                        = true                                 {lp64_product} {ergonomic}
     bool UseG1GC                                  = true                                      {product} {ergonomic}
     bool UseLargePagesIndividualAllocation        = false                                  {pd product} {ergonomic}

Logging:
Log output configuration:
 #0: stdout all=warning uptime,level,tags
 #1: stderr all=off uptime,level,tags

Environment Variables:
PATH=D:\bin\;C:\Python310\Scripts\;C:\Python310\;C:\Program Files\Common Files\Oracle\Java\javapath;C:\Program Files (x86)\Common Files\Intel\Shared Libraries\redist\intel64_win\compiler;C:\Windows\system32;C:\Windows;C:\Windows\System32\Wbem;C:\Windows\System32\WindowsPowerShell\v1.0\;C:\Windows\System32\OpenSSH\;C:\Program Files (x86)\NVIDIA Corporation\PhysX\Common;C:\Program Files\NVIDIA Corporation\NVIDIA NvDLISR;C:\Program Files\Common Files\Autodesk Shared\;C:\Program Files\Microsoft SQL Server\120\Tools\Binn\;C:\Users\75914\AppData\Local\Programs\Python\Python39\;C:\Users\75914\AppData\Local\Programs\Python\Python39\Scripts;C:\MinGW;D:\Downloads\mingw64\bin;C:\Program Files\Microsoft SQL Server\150\Tools\Binn\;C:\Program Files\Git\cmd;C:\ProgramData\chocolatey\bin;C:\Users\75914\AppData\Local\Microsoft\WindowsApps;C:\Users\75914\AppData\Local\Programs\Python\Python39\;D:\Downloads\Microsoft VS Code\bin;D:\Downloads\Quick App IDE\bin
USERNAME=75914
OS=Windows_NT
PROCESSOR_IDENTIFIER=Intel64 Family 6 Model 126 Stepping 5, GenuineIntel



---------------  S Y S T E M  ---------------

OS: Windows 10 , 64 bit Build 18362 (10.0.18362.959)
OS uptime: 5 days 0:05 hours

CPU:total 8 (initial active 8) (4 cores per cpu, 2 threads per core) family 6 model 126 stepping 5 microcode 0x70, cmov, cx8, fxsr, mmx, sse, sse2, sse3, ssse3, sse4.1, sse4.2, popcnt, avx, avx2, aes, clmul, erms, 3dnowpref, lzcnt, ht, tsc, tscinvbit, bmi1, bmi2, adx, evex, sha, fma

Memory: 4k page, system-wide physical 16159M (1976M free)
TotalPageFile size 20524M (AvailPageFile size 33M)
current process WorkingSet (physical memory assigned to process): 530M, peak: 558M
current process commit charge ("private bytes"): 572M, peak: 596M

vm_info: OpenJDK 64-Bit Server VM (11.0.13+0-b1751.21-8125866) for windows-amd64 JRE (11.0.13+0-b1751.21-8125866), built on Feb  2 2022 03:00:22 by "builder" with MS VC++ 14.0 (VS2015)

END.
