#
# There is insufficient memory for the Java Runtime Environment to continue.
# Native memory allocation (malloc) failed to allocate 1048576 bytes for AllocateHeap
# Possible reasons:
#   The system is out of physical RAM or swap space
#   The process is running with CompressedOops enabled, and the Java Heap may be blocking the growth of the native heap
# Possible solutions:
#   Reduce memory load on the system
#   Increase physical memory or swap space
#   Check if swap backing store is full
#   Decrease Java heap size (-Xmx/-Xms)
#   Decrease number of Java threads
#   Decrease Java thread stack sizes (-Xss)
#   Set larger code cache with -XX:ReservedCodeCacheSize=
#   JVM is running with Unscaled Compressed Oops mode in which the Java heap is
#     placed in the first 4GB address space. The Java Heap base address is the
#     maximum limit for the native heap growth. Please use -XX:HeapBaseMinAddress
#     to set the Java Heap base and to place the Java Heap above 4GB virtual address.
# This output file may be truncated or incomplete.
#
#  Out of Memory Error (./src/hotspot/share/memory/allocation.cpp:46), pid=63348, tid=49424
#
# JRE version: OpenJDK Runtime Environment (11.0.13) (build 11.0.13+0-b1751.21-8125866)
# Java VM: OpenJDK 64-Bit Server VM (11.0.13+0-b1751.21-8125866, mixed mode, tiered, compressed oops, g1 gc, windows-amd64)
# No core dump will be written. Minidumps are not enabled by default on client versions of Windows
#

---------------  S U M M A R Y ------------

Command Line: --add-opens=java.base/java.util=ALL-UNNAMED --add-opens=java.base/java.lang=ALL-UNNAMED --add-opens=java.base/java.lang.invoke=ALL-UNNAMED --add-opens=java.base/java.util=ALL-UNNAMED --add-opens=java.prefs/java.util.prefs=ALL-UNNAMED --add-opens=java.prefs/java.util.prefs=ALL-UNNAMED --add-opens=java.base/java.nio.charset=ALL-UNNAMED --add-opens=java.base/java.net=ALL-UNNAMED --add-opens=java.base/java.util.concurrent.atomic=ALL-UNNAMED -Xmx2048m -Dfile.encoding=UTF-8 -Duser.country=CN -Duser.language=zh -Duser.variant org.gradle.launcher.daemon.bootstrap.GradleDaemon 7.4

Host: Intel(R) Core(TM) i5-1035G1 CPU @ 1.00GHz, 8 cores, 15G,  Windows 10 , 64 bit Build 18362 (10.0.18362.959)
Time: Sun Nov  6 17:28:24 2022 ?D1¨²¡À¨º¡Á?¨º¡À?? elapsed time: 22.223465 seconds (0d 0h 0m 22s)

---------------  T H R E A D  ---------------

Current thread (0x00000281b8e33000):  VMThread "VM Thread" [stack: 0x000000ac28a00000,0x000000ac28b00000] [id=49424]

Stack: [0x000000ac28a00000,0x000000ac28b00000]
[error occurred during error reporting (printing stack bounds), id 0xc0000005, EXCEPTION_ACCESS_VIOLATION (0xc0000005) at pc=0x00000281a1c312e7]

Native frames: (J=compiled Java code, j=interpreted, Vv=VM code, C=native code)
V  [jvm.dll+0x6100fa]
V  [jvm.dll+0x747090]
V  [jvm.dll+0x7486ad]
V  [jvm.dll+0x748ce5]
V  [jvm.dll+0x748c9b]
V  [jvm.dll+0x60f224]
V  [jvm.dll+0x60f9b8]
C  [ntdll.dll+0xa11cf]
C  [ntdll.dll+0x6a209]
C  [ntdll.dll+0x9fe3e]
C  0x00000281a1c312e7

VM_Operation (0x000000ac31eefc90): CollectForMetadataAllocation, mode: safepoint, requested by thread 0x00000281c169c800


---------------  P R O C E S S  ---------------

Threads class SMR info:
_java_thread_list=0x00000281b8fc7910, length=147, elements={
0x000002819c0da000, 0x00000281b8e34800, 0x00000281b8e42800, 0x00000281b8e64800,
0x00000281b8eb6800, 0x00000281b8eb7000, 0x00000281b8eba000, 0x00000281b8eca000,
0x00000281b8efb800, 0x00000281b9040800, 0x00000281bb06a800, 0x00000281b9922000,
0x00000281bb7ed000, 0x00000281bb2b4800, 0x00000281b95d5000, 0x00000281bb389800,
0x00000281bb38a000, 0x00000281bb461800, 0x00000281bb462000, 0x00000281bb74c800,
0x00000281bb994000, 0x00000281bb995800, 0x00000281bb994800, 0x00000281bb996800,
0x00000281bb997000, 0x00000281bb998000, 0x00000281bb992800, 0x00000281bb993000,
0x00000281bb999000, 0x00000281be6bd000, 0x00000281be6bd800, 0x00000281be6c3800,
0x00000281be6c2800, 0x00000281be6c4000, 0x00000281be6be800, 0x00000281be6c5000,
0x00000281be6c0000, 0x00000281be6c6000, 0x00000281be6c6800, 0x00000281be6c1000,
0x00000281be6c7800, 0x00000281be6c8000, 0x00000281be6c9000, 0x00000281be6ca000,
0x00000281be6ca800, 0x00000281bcc8b800, 0x00000281bcc91800, 0x00000281bcc8f000,
0x00000281bcc92000, 0x00000281bcc8f800, 0x00000281bcc90800, 0x00000281bcc8c800,
0x00000281bcc8e000, 0x00000281bcc93000, 0x00000281bcc8d800, 0x00000281bcc99800,
0x00000281bcc98800, 0x00000281bcc95800, 0x00000281bcc97000, 0x00000281bcc98000,
0x00000281bcc94000, 0x00000281bcc96000, 0x00000281bcc9a800, 0x00000281bcc94800,
0x00000281bea7c000, 0x00000281bea80000, 0x00000281bea7b000, 0x00000281bea7a800,
0x00000281bea7e800, 0x00000281bea81000, 0x00000281bea7d800, 0x00000281bea81800,
0x00000281bea7c800, 0x00000281bea7f000, 0x00000281bea85000, 0x00000281bea85800,
0x00000281bea84000, 0x00000281bea86800, 0x00000281bea82800, 0x00000281bea87800,
0x00000281bea88000, 0x00000281bea89000, 0x00000281bea83800, 0x00000281bf05b000,
0x00000281bf05a000, 0x00000281bf058800, 0x00000281bf056800, 0x00000281bf055000,
0x00000281bf059000, 0x00000281bf05b800, 0x00000281bf057800, 0x00000281bf056000,
0x00000281bf062000, 0x00000281bf05f000, 0x00000281bf05d800, 0x00000281bf05e000,
0x00000281bf05c800, 0x00000281bf064000, 0x00000281bf05f800, 0x00000281bf060800,
0x00000281bf061800, 0x00000281bf063000, 0x00000281beb50800, 0x00000281beb57000,
0x00000281beb55800, 0x00000281beb51800, 0x00000281beb53000, 0x00000281beb58000,
0x00000281beb53800, 0x00000281beb52000, 0x00000281beb59800, 0x00000281beb54800,
0x00000281beb56000, 0x00000281beb5d800, 0x00000281beb5c800, 0x00000281beb5a800,
0x00000281beb58800, 0x00000281beb5f000, 0x00000281beb5b000, 0x00000281beb5c000,
0x00000281beb5e800, 0x00000281c1697000, 0x00000281c1695800, 0x00000281c1694800,
0x00000281c1698000, 0x00000281c1692000, 0x00000281c1696000, 0x00000281c1698800,
0x00000281c1693000, 0x00000281c169c000, 0x00000281c169d800, 0x00000281c1699800,
0x00000281c169a000, 0x00000281c169b000, 0x00000281c169f000, 0x00000281c169e800,
0x00000281c16a0000, 0x00000281c16a0800, 0x00000281c169c800, 0x00000281b91e1800,
0x00000281b91e5800, 0x00000281b91e0800, 0x00000281b91e5000, 0x00000281b91e0000,
0x00000281b91e6800, 0x00000281b91e2800, 0x00000281b91e3000
}

Java Threads: ( => current thread )
  0x000002819c0da000 JavaThread "main" [_thread_blocked, id=31932, stack(0x000000ac28400000,0x000000ac28500000)]
  0x00000281b8e34800 JavaThread "Reference Handler" daemon [_thread_blocked, id=47468, stack(0x000000ac28b00000,0x000000ac28c00000)]
  0x00000281b8e42800 JavaThread "Finalizer" daemon [_thread_blocked, id=56536, stack(0x000000ac28c00000,0x000000ac28d00000)]
  0x00000281b8e64800 JavaThread "Signal Dispatcher" daemon [_thread_blocked, id=46076, stack(0x000000ac28d00000,0x000000ac28e00000)]
  0x00000281b8eb6800 JavaThread "Attach Listener" daemon [_thread_blocked, id=65184, stack(0x000000ac28e00000,0x000000ac28f00000)]
  0x00000281b8eb7000 JavaThread "Service Thread" daemon [_thread_blocked, id=33172, stack(0x000000ac28f00000,0x000000ac29000000)]
  0x00000281b8eba000 JavaThread "C2 CompilerThread0" daemon [_thread_blocked, id=58980, stack(0x000000ac29000000,0x000000ac29100000)]
  0x00000281b8eca000 JavaThread "C1 CompilerThread0" daemon [_thread_blocked, id=62428, stack(0x000000ac29100000,0x000000ac29200000)]
  0x00000281b8efb800 JavaThread "Sweeper thread" daemon [_thread_blocked, id=63296, stack(0x000000ac29200000,0x000000ac29300000)]
  0x00000281b9040800 JavaThread "Common-Cleaner" daemon [_thread_blocked, id=58476, stack(0x000000ac29300000,0x000000ac29400000)]
  0x00000281bb06a800 JavaThread "Daemon health stats" [_thread_blocked, id=64640, stack(0x000000ac29c00000,0x000000ac29d00000)]
  0x00000281b9922000 JavaThread "Incoming local TCP Connector on port 56184" [_thread_in_native, id=62148, stack(0x000000ac29500000,0x000000ac29600000)]
  0x00000281bb7ed000 JavaThread "Daemon periodic checks" [_thread_blocked, id=64844, stack(0x000000ac29b00000,0x000000ac29c00000)]
  0x00000281bb2b4800 JavaThread "Daemon" [_thread_blocked, id=64848, stack(0x000000ac29d00000,0x000000ac29e00000)]
  0x00000281b95d5000 JavaThread "Handler for socket connection from /127.0.0.1:56184 to /127.0.0.1:56185" [_thread_in_native, id=64872, stack(0x000000ac29e00000,0x000000ac29f00000)]
  0x00000281bb389800 JavaThread "Cancel handler" [_thread_blocked, id=64876, stack(0x000000ac29f00000,0x000000ac2a000000)]
  0x00000281bb38a000 JavaThread "Daemon worker" [_thread_blocked, id=64880, stack(0x000000ac2a000000,0x000000ac2a100000)]
  0x00000281bb461800 JavaThread "Asynchronous log dispatcher for DefaultDaemonConnection: socket connection from /127.0.0.1:56184 to /127.0.0.1:56185" [_thread_blocked, id=64892, stack(0x000000ac2a100000,0x000000ac2a200000)]
  0x00000281bb462000 JavaThread "Stdin handler" [_thread_blocked, id=64896, stack(0x000000ac2a200000,0x000000ac2a300000)]
  0x00000281bb74c800 JavaThread "Daemon client event forwarder" [_thread_blocked, id=64900, stack(0x000000ac2a300000,0x000000ac2a400000)]
  0x00000281bb994000 JavaThread "Cache worker for journal cache (C:\Users\75914\.gradle\caches\journal-1)" [_thread_blocked, id=64968, stack(0x000000ac2a400000,0x000000ac2a500000)]
  0x00000281bb995800 JavaThread "File lock request listener" [_thread_in_native, id=64996, stack(0x000000ac2a500000,0x000000ac2a600000)]
  0x00000281bb994800 JavaThread "Cache worker for file hash cache (C:\Users\75914\.gradle\caches\7.4\fileHashes)" [_thread_blocked, id=64972, stack(0x000000ac2a600000,0x000000ac2a700000)]
  0x00000281bb996800 JavaThread "File watcher server" daemon [_thread_blocked, id=65040, stack(0x000000ac2ab00000,0x000000ac2ac00000)]
  0x00000281bb997000 JavaThread "File watcher consumer" daemon [_thread_blocked, id=65180, stack(0x000000ac2ac00000,0x000000ac2ad00000)]
  0x00000281bb998000 JavaThread "Cache worker for checksums cache (D:\aproj\Homework_APP\.gradle\7.4\checksums)" [_thread_blocked, id=65176, stack(0x000000ac2ad00000,0x000000ac2ae00000)]
  0x00000281bb992800 JavaThread "Cache worker for cache directory md-rule (C:\Users\75914\.gradle\caches\7.4\md-rule)" [_thread_blocked, id=65160, stack(0x000000ac2ae00000,0x000000ac2af00000)]
  0x00000281bb993000 JavaThread "Cache worker for file hash cache (D:\aproj\Homework_APP\.gradle\7.4\fileHashes)" [_thread_blocked, id=65048, stack(0x000000ac2af00000,0x000000ac2b000000)]
  0x00000281bb999000 JavaThread "Cache worker for cache directory md-supplier (C:\Users\75914\.gradle\caches\7.4\md-supplier)" [_thread_blocked, id=65112, stack(0x000000ac2b000000,0x000000ac2b100000)]
  0x00000281be6bd000 JavaThread "Cache worker for execution history cache (C:\Users\75914\.gradle\caches\7.4\executionHistory)" [_thread_blocked, id=65108, stack(0x000000ac2b100000,0x000000ac2b200000)]
  0x00000281be6bd800 JavaThread "jar transforms" [_thread_blocked, id=65084, stack(0x000000ac2b300000,0x000000ac2b400000)]
  0x00000281be6c3800 JavaThread "Cache worker for file content cache (C:\Users\75914\.gradle\caches\7.4\fileContent)" [_thread_blocked, id=65208, stack(0x000000ac2b400000,0x000000ac2b500000)]
  0x00000281be6c2800 JavaThread "jar transforms Thread 2" [_thread_blocked, id=65060, stack(0x000000ac2b500000,0x000000ac2b600000)]
  0x00000281be6c4000 JavaThread "Cache worker for dependencies-accessors (D:\aproj\Homework_APP\.gradle\7.4\dependencies-accessors)" [_thread_blocked, id=65092, stack(0x000000ac2b600000,0x000000ac2b700000)]
  0x00000281be6be800 JavaThread "jar transforms Thread 3" [_thread_blocked, id=65100, stack(0x000000ac2b700000,0x000000ac2b800000)]
  0x00000281be6c5000 JavaThread "Cache worker for Build Output Cleanup Cache (D:\aproj\Homework_APP\.gradle\buildOutputCleanup)" [_thread_blocked, id=65228, stack(0x000000ac2b800000,0x000000ac2b900000)]
  0x00000281be6c0000 JavaThread "Unconstrained build operations" [_thread_blocked, id=9208, stack(0x000000ac2b900000,0x000000ac2ba00000)]
  0x00000281be6c6000 JavaThread "Unconstrained build operations Thread 2" [_thread_blocked, id=65268, stack(0x000000ac2ba00000,0x000000ac2bb00000)]
  0x00000281be6c6800 JavaThread "Unconstrained build operations Thread 3" [_thread_blocked, id=65276, stack(0x000000ac2bb00000,0x000000ac2bc00000)]
  0x00000281be6c1000 JavaThread "Unconstrained build operations Thread 4" [_thread_blocked, id=65284, stack(0x000000ac2bc00000,0x000000ac2bd00000)]
  0x00000281be6c7800 JavaThread "Unconstrained build operations Thread 5" [_thread_blocked, id=36840, stack(0x000000ac2bd00000,0x000000ac2be00000)]
  0x00000281be6c8000 JavaThread "Unconstrained build operations Thread 6" [_thread_blocked, id=11524, stack(0x000000ac2be00000,0x000000ac2bf00000)]
  0x00000281be6c9000 JavaThread "Unconstrained build operations Thread 7" [_thread_blocked, id=43164, stack(0x000000ac2bf00000,0x000000ac2c000000)]
  0x00000281be6ca000 JavaThread "Unconstrained build operations Thread 8" [_thread_blocked, id=36096, stack(0x000000ac2c000000,0x000000ac2c100000)]
  0x00000281be6ca800 JavaThread "Unconstrained build operations Thread 9" [_thread_blocked, id=11536, stack(0x000000ac2c100000,0x000000ac2c200000)]
  0x00000281bcc8b800 JavaThread "Unconstrained build operations Thread 10" [_thread_blocked, id=11540, stack(0x000000ac2c200000,0x000000ac2c300000)]
  0x00000281bcc91800 JavaThread "Unconstrained build operations Thread 11" [_thread_blocked, id=11544, stack(0x000000ac2c300000,0x000000ac2c400000)]
  0x00000281bcc8f000 JavaThread "Unconstrained build operations Thread 12" [_thread_blocked, id=11548, stack(0x000000ac2c400000,0x000000ac2c500000)]
  0x00000281bcc92000 JavaThread "Unconstrained build operations Thread 13" [_thread_blocked, id=11644, stack(0x000000ac2c500000,0x000000ac2c600000)]
  0x00000281bcc8f800 JavaThread "Unconstrained build operations Thread 14" [_thread_blocked, id=11700, stack(0x000000ac2c600000,0x000000ac2c700000)]
  0x00000281bcc90800 JavaThread "Unconstrained build operations Thread 15" [_thread_blocked, id=9820, stack(0x000000ac2c700000,0x000000ac2c800000)]
  0x00000281bcc8c800 JavaThread "Unconstrained build operations Thread 16" [_thread_blocked, id=22576, stack(0x000000ac2c800000,0x000000ac2c900000)]
  0x00000281bcc8e000 JavaThread "Unconstrained build operations Thread 17" [_thread_blocked, id=65304, stack(0x000000ac2c900000,0x000000ac2ca00000)]
  0x00000281bcc93000 JavaThread "Unconstrained build operations Thread 18" [_thread_blocked, id=65312, stack(0x000000ac2ca00000,0x000000ac2cb00000)]
  0x00000281bcc8d800 JavaThread "Unconstrained build operations Thread 19" [_thread_blocked, id=65308, stack(0x000000ac2cb00000,0x000000ac2cc00000)]
  0x00000281bcc99800 JavaThread "Unconstrained build operations Thread 20" [_thread_blocked, id=65300, stack(0x000000ac2cc00000,0x000000ac2cd00000)]
  0x00000281bcc98800 JavaThread "Unconstrained build operations Thread 21" [_thread_blocked, id=65352, stack(0x000000ac2cd00000,0x000000ac2ce00000)]
  0x00000281bcc95800 JavaThread "Unconstrained build operations Thread 22" [_thread_blocked, id=50368, stack(0x000000ac2ce00000,0x000000ac2cf00000)]
  0x00000281bcc97000 JavaThread "Unconstrained build operations Thread 23" [_thread_blocked, id=65356, stack(0x000000ac2cf00000,0x000000ac2d000000)]
  0x00000281bcc98000 JavaThread "Unconstrained build operations Thread 24" [_thread_blocked, id=65340, stack(0x000000ac2d000000,0x000000ac2d100000)]
  0x00000281bcc94000 JavaThread "Unconstrained build operations Thread 25" [_thread_blocked, id=65336, stack(0x000000ac2d100000,0x000000ac2d200000)]
  0x00000281bcc96000 JavaThread "Unconstrained build operations Thread 26" [_thread_blocked, id=65332, stack(0x000000ac2d200000,0x000000ac2d300000)]
  0x00000281bcc9a800 JavaThread "Unconstrained build operations Thread 27" [_thread_blocked, id=65344, stack(0x000000ac2d300000,0x000000ac2d400000)]
  0x00000281bcc94800 JavaThread "Unconstrained build operations Thread 28" [_thread_blocked, id=65348, stack(0x000000ac2d400000,0x000000ac2d500000)]
  0x00000281bea7c000 JavaThread "Unconstrained build operations Thread 29" [_thread_blocked, id=65316, stack(0x000000ac2d500000,0x000000ac2d600000)]
  0x00000281bea80000 JavaThread "Unconstrained build operations Thread 30" [_thread_blocked, id=65292, stack(0x000000ac2d600000,0x000000ac2d700000)]
  0x00000281bea7b000 JavaThread "Unconstrained build operations Thread 31" [_thread_blocked, id=65288, stack(0x000000ac2d700000,0x000000ac2d800000)]
  0x00000281bea7a800 JavaThread "Unconstrained build operations Thread 32" [_thread_blocked, id=65360, stack(0x000000ac2d800000,0x000000ac2d900000)]
  0x00000281bea7e800 JavaThread "Unconstrained build operations Thread 33" [_thread_blocked, id=65324, stack(0x000000ac2d900000,0x000000ac2da00000)]
  0x00000281bea81000 JavaThread "Unconstrained build operations Thread 34" [_thread_blocked, id=65320, stack(0x000000ac2da00000,0x000000ac2db00000)]
  0x00000281bea7d800 JavaThread "Unconstrained build operations Thread 35" [_thread_blocked, id=65328, stack(0x000000ac2db00000,0x000000ac2dc00000)]
  0x00000281bea81800 JavaThread "Unconstrained build operations Thread 36" [_thread_blocked, id=65296, stack(0x000000ac2dc00000,0x000000ac2dd00000)]
  0x00000281bea7c800 JavaThread "Unconstrained build operations Thread 37" [_thread_blocked, id=34648, stack(0x000000ac2dd00000,0x000000ac2de00000)]
  0x00000281bea7f000 JavaThread "Unconstrained build operations Thread 38" [_thread_blocked, id=12768, stack(0x000000ac2de00000,0x000000ac2df00000)]
  0x00000281bea85000 JavaThread "Unconstrained build operations Thread 39" [_thread_blocked, id=23460, stack(0x000000ac2df00000,0x000000ac2e000000)]
  0x00000281bea85800 JavaThread "Unconstrained build operations Thread 40" [_thread_blocked, id=37096, stack(0x000000ac2e000000,0x000000ac2e100000)]
  0x00000281bea84000 JavaThread "Unconstrained build operations Thread 41" [_thread_blocked, id=12764, stack(0x000000ac2e100000,0x000000ac2e200000)]
  0x00000281bea86800 JavaThread "Unconstrained build operations Thread 42" [_thread_blocked, id=9344, stack(0x000000ac2e200000,0x000000ac2e300000)]
  0x00000281bea82800 JavaThread "Unconstrained build operations Thread 43" [_thread_blocked, id=36236, stack(0x000000ac2e300000,0x000000ac2e400000)]
  0x00000281bea87800 JavaThread "Unconstrained build operations Thread 44" [_thread_blocked, id=36604, stack(0x000000ac2e400000,0x000000ac2e500000)]
  0x00000281bea88000 JavaThread "Unconstrained build operations Thread 45" [_thread_blocked, id=2588, stack(0x000000ac2e500000,0x000000ac2e600000)]
  0x00000281bea89000 JavaThread "Unconstrained build operations Thread 46" [_thread_blocked, id=20224, stack(0x000000ac2e600000,0x000000ac2e700000)]
  0x00000281bea83800 JavaThread "Unconstrained build operations Thread 47" [_thread_blocked, id=20856, stack(0x000000ac2e700000,0x000000ac2e800000)]
  0x00000281bf05b000 JavaThread "Unconstrained build operations Thread 48" [_thread_blocked, id=14120, stack(0x000000ac2e800000,0x000000ac2e900000)]
  0x00000281bf05a000 JavaThread "Unconstrained build operations Thread 49" [_thread_blocked, id=35564, stack(0x000000ac2e900000,0x000000ac2ea00000)]
  0x00000281bf058800 JavaThread "Unconstrained build operations Thread 50" [_thread_blocked, id=9284, stack(0x000000ac2ea00000,0x000000ac2eb00000)]
  0x00000281bf056800 JavaThread "Unconstrained build operations Thread 51" [_thread_blocked, id=9380, stack(0x000000ac2eb00000,0x000000ac2ec00000)]
  0x00000281bf055000 JavaThread "Unconstrained build operations Thread 52" [_thread_blocked, id=9712, stack(0x000000ac2ec00000,0x000000ac2ed00000)]
  0x00000281bf059000 JavaThread "Unconstrained build operations Thread 53" [_thread_blocked, id=46956, stack(0x000000ac2ed00000,0x000000ac2ee00000)]
  0x00000281bf05b800 JavaThread "Unconstrained build operations Thread 54" [_thread_blocked, id=16496, stack(0x000000ac2ee00000,0x000000ac2ef00000)]
  0x00000281bf057800 JavaThread "Unconstrained build operations Thread 55" [_thread_blocked, id=65364, stack(0x000000ac2ef00000,0x000000ac2f000000)]
  0x00000281bf056000 JavaThread "Unconstrained build operations Thread 56" [_thread_blocked, id=2324, stack(0x000000ac2f000000,0x000000ac2f100000)]
  0x00000281bf062000 JavaThread "Unconstrained build operations Thread 57" [_thread_blocked, id=36832, stack(0x000000ac2f100000,0x000000ac2f200000)]
  0x00000281bf05f000 JavaThread "Unconstrained build operations Thread 58" [_thread_blocked, id=65392, stack(0x000000ac2f200000,0x000000ac2f300000)]
  0x00000281bf05d800 JavaThread "Unconstrained build operations Thread 59" [_thread_blocked, id=65388, stack(0x000000ac2f300000,0x000000ac2f400000)]
  0x00000281bf05e000 JavaThread "Unconstrained build operations Thread 60" [_thread_blocked, id=9980, stack(0x000000ac2f400000,0x000000ac2f500000)]
  0x00000281bf05c800 JavaThread "Unconstrained build operations Thread 61" [_thread_blocked, id=2188, stack(0x000000ac2f500000,0x000000ac2f600000)]
  0x00000281bf064000 JavaThread "Unconstrained build operations Thread 62" [_thread_blocked, id=65136, stack(0x000000ac2f600000,0x000000ac2f700000)]
  0x00000281bf05f800 JavaThread "Unconstrained build operations Thread 63" [_thread_blocked, id=60912, stack(0x000000ac2f700000,0x000000ac2f800000)]
  0x00000281bf060800 JavaThread "Unconstrained build operations Thread 64" [_thread_blocked, id=10704, stack(0x000000ac2f800000,0x000000ac2f900000)]
  0x00000281bf061800 JavaThread "Unconstrained build operations Thread 65" [_thread_blocked, id=65368, stack(0x000000ac2f900000,0x000000ac2fa00000)]
  0x00000281bf063000 JavaThread "Unconstrained build operations Thread 66" [_thread_blocked, id=58920, stack(0x000000ac2fa00000,0x000000ac2fb00000)]
  0x00000281beb50800 JavaThread "Unconstrained build operations Thread 67" [_thread_blocked, id=49116, stack(0x000000ac2fb00000,0x000000ac2fc00000)]
  0x00000281beb57000 JavaThread "Unconstrained build operations Thread 68" [_thread_blocked, id=61800, stack(0x000000ac2fc00000,0x000000ac2fd00000)]
  0x00000281beb55800 JavaThread "Unconstrained build operations Thread 69" [_thread_blocked, id=9884, stack(0x000000ac2fd00000,0x000000ac2fe00000)]
  0x00000281beb51800 JavaThread "Unconstrained build operations Thread 70" [_thread_blocked, id=11500, stack(0x000000ac2fe00000,0x000000ac2ff00000)]
  0x00000281beb53000 JavaThread "Unconstrained build operations Thread 71" [_thread_blocked, id=11492, stack(0x000000ac2ff00000,0x000000ac30000000)]
  0x00000281beb58000 JavaThread "Unconstrained build operations Thread 72" [_thread_blocked, id=11504, stack(0x000000ac30000000,0x000000ac30100000)]
  0x00000281beb53800 JavaThread "Unconstrained build operations Thread 73" [_thread_blocked, id=11484, stack(0x000000ac30100000,0x000000ac30200000)]
  0x00000281beb52000 JavaThread "Unconstrained build operations Thread 74" [_thread_blocked, id=65220, stack(0x000000ac30200000,0x000000ac30300000)]
  0x00000281beb59800 JavaThread "Unconstrained build operations Thread 75" [_thread_blocked, id=60944, stack(0x000000ac30300000,0x000000ac30400000)]
  0x00000281beb54800 JavaThread "Unconstrained build operations Thread 76" [_thread_blocked, id=59972, stack(0x000000ac30400000,0x000000ac30500000)]
  0x00000281beb56000 JavaThread "Unconstrained build operations Thread 77" [_thread_blocked, id=37580, stack(0x000000ac30500000,0x000000ac30600000)]
  0x00000281beb5d800 JavaThread "Unconstrained build operations Thread 78" [_thread_blocked, id=10520, stack(0x000000ac30600000,0x000000ac30700000)]
  0x00000281beb5c800 JavaThread "Unconstrained build operations Thread 79" [_thread_blocked, id=63724, stack(0x000000ac30700000,0x000000ac30800000)]
  0x00000281beb5a800 JavaThread "Unconstrained build operations Thread 80" [_thread_blocked, id=62768, stack(0x000000ac30800000,0x000000ac30900000)]
  0x00000281beb58800 JavaThread "jar transforms Thread 4" [_thread_blocked, id=55908, stack(0x000000ac30900000,0x000000ac30a00000)]
  0x00000281beb5f000 JavaThread "jar transforms Thread 5" [_thread_blocked, id=32916, stack(0x000000ac30a00000,0x000000ac30b00000)]
  0x00000281beb5b000 JavaThread "jar transforms Thread 6" [_thread_blocked, id=35832, stack(0x000000ac30b00000,0x000000ac30c00000)]
  0x00000281beb5c000 JavaThread "jar transforms Thread 7" [_thread_blocked, id=20128, stack(0x000000ac30c00000,0x000000ac30d00000)]
  0x00000281beb5e800 JavaThread "jar transforms Thread 8" [_thread_blocked, id=3284, stack(0x000000ac30d00000,0x000000ac30e00000)]
  0x00000281c1697000 JavaThread "Memory manager" [_thread_blocked, id=37636, stack(0x000000ac30e00000,0x000000ac30f00000)]
  0x00000281c1695800 JavaThread "build event listener" [_thread_blocked, id=59800, stack(0x000000ac30f00000,0x000000ac31000000)]
  0x00000281c1694800 JavaThread "included builds" [_thread_blocked, id=17444, stack(0x000000ac31000000,0x000000ac31100000)]
  0x00000281c1698000 JavaThread "Execution worker for ':'" [_thread_blocked, id=28012, stack(0x000000ac31100000,0x000000ac31200000)]
  0x00000281c1692000 JavaThread "Execution worker for ':' Thread 2" [_thread_blocked, id=63076, stack(0x000000ac31200000,0x000000ac31300000)]
  0x00000281c1696000 JavaThread "Execution worker for ':' Thread 3" [_thread_blocked, id=55228, stack(0x000000ac31300000,0x000000ac31400000)]
  0x00000281c1698800 JavaThread "Execution worker for ':' Thread 4" [_thread_blocked, id=39716, stack(0x000000ac31400000,0x000000ac31500000)]
  0x00000281c1693000 JavaThread "Execution worker for ':' Thread 5" [_thread_blocked, id=21444, stack(0x000000ac31500000,0x000000ac31600000)]
  0x00000281c169c000 JavaThread "Execution worker for ':' Thread 6" [_thread_blocked, id=34628, stack(0x000000ac31600000,0x000000ac31700000)]
  0x00000281c169d800 JavaThread "Execution worker for ':' Thread 7" [_thread_blocked, id=18680, stack(0x000000ac31700000,0x000000ac31800000)]
  0x00000281c1699800 JavaThread "Cache worker for execution history cache (D:\aproj\Homework_APP\.gradle\7.4\executionHistory)" [_thread_blocked, id=40712, stack(0x000000ac31800000,0x000000ac31900000)]
  0x00000281c169a000 JavaThread "WorkerExecutor Queue" [_thread_blocked, id=42508, stack(0x000000ac2b200000,0x000000ac2b300000)]
  0x00000281c169b000 JavaThread "WorkerExecutor Queue Thread 2" [_thread_blocked, id=37644, stack(0x000000ac31a00000,0x000000ac31b00000)]
  0x00000281c169f000 JavaThread "WorkerExecutor Queue Thread 3" [_thread_blocked, id=39592, stack(0x000000ac31b00000,0x000000ac31c00000)]
  0x00000281c169e800 JavaThread "pool-3-thread-1" [_thread_blocked, id=31024, stack(0x000000ac31c00000,0x000000ac31d00000)]
  0x00000281c16a0000 JavaThread "stderr" [_thread_in_native, id=32996, stack(0x000000ac2aa00000,0x000000ac2ab00000)]
  0x00000281c16a0800 JavaThread "stdout" [_thread_in_native, id=12720, stack(0x000000ac31900000,0x000000ac31a00000)]
  0x00000281c169c800 JavaThread "Cache worker for Java compile cache (C:\Users\75914\.gradle\caches\7.4\javaCompile)" [_thread_blocked, id=35312, stack(0x000000ac31e00000,0x000000ac31f00000)]
  0x00000281b91e1800 JavaThread "Build operations" [_thread_blocked, id=13804, stack(0x000000ac31f00000,0x000000ac32000000)]
  0x00000281b91e5800 JavaThread "Build operations Thread 2" [_thread_blocked, id=9548, stack(0x000000ac32000000,0x000000ac32100000)]
  0x00000281b91e0800 JavaThread "Build operations Thread 3" [_thread_blocked, id=11676, stack(0x000000ac32100000,0x000000ac32200000)]
  0x00000281b91e5000 JavaThread "Build operations Thread 4" [_thread_blocked, id=45064, stack(0x000000ac32200000,0x000000ac32300000)]
  0x00000281b91e0000 JavaThread "Build operations Thread 5" [_thread_blocked, id=34228, stack(0x000000ac32300000,0x000000ac32400000)]
  0x00000281b91e6800 JavaThread "Build operations Thread 6" [_thread_blocked, id=17128, stack(0x000000ac32400000,0x000000ac32500000)]
  0x00000281b91e2800 JavaThread "Build operations Thread 7" [_thread_blocked, id=15512, stack(0x000000ac32500000,0x000000ac32600000)]
  0x00000281b91e3000 JavaThread "Build operations Thread 8" [_thread_blocked, id=56648, stack(0x000000ac32600000,0x000000ac32700000)]

Other Threads:
=>0x00000281b8e33000 VMThread "VM Thread" [stack: 0x000000ac28a00000,0x000000ac28b00000] [id=49424]
  0x00000281b904d000 WatcherThread [stack: 0x000000ac29400000,0x000000ac29500000] [id=29644]
  0x000002819e13f000 GCTaskThread "GC Thread#0" [stack: 0x000000ac28500000,0x000000ac28600000] [id=61036]
  0x00000281b9a4e800 GCTaskThread "GC Thread#1" [stack: 0x000000ac29600000,0x000000ac29700000] [id=64588]
  0x00000281b96ca800 GCTaskThread "GC Thread#2" [stack: 0x000000ac29700000,0x000000ac29800000] [id=64592]
  0x00000281b9712000 GCTaskThread "GC Thread#3" [stack: 0x000000ac29800000,0x000000ac29900000] [id=64596]
  0x00000281b9d26800 GCTaskThread "GC Thread#4" [stack: 0x000000ac29900000,0x000000ac29a00000] [id=64600]
  0x00000281b9d27000 GCTaskThread "GC Thread#5" [stack: 0x000000ac29a00000,0x000000ac29b00000] [id=64604]
  0x00000281bc26f800 GCTaskThread "GC Thread#6" [stack: 0x000000ac2a700000,0x000000ac2a800000] [id=64964]
  0x00000281bbb9a800 GCTaskThread "GC Thread#7" [stack: 0x000000ac2a800000,0x000000ac2a900000] [id=64980]
  0x000002819e170000 ConcurrentGCThread "G1 Main Marker" [stack: 0x000000ac28600000,0x000000ac28700000] [id=63284]
  0x000002819e171800 ConcurrentGCThread "G1 Conc#0" [stack: 0x000000ac28700000,0x000000ac28800000] [id=64304]
  0x00000281b9e9a000 ConcurrentGCThread "G1 Conc#1" [stack: 0x000000ac2a900000,0x000000ac2aa00000] [id=65056]
  0x00000281b8480800 ConcurrentGCThread "G1 Refine#0" [stack: 0x000000ac28800000,0x000000ac28900000] [id=62716]
  0x00000281b8481800 ConcurrentGCThread "G1 Young RemSet Sampling" [stack: 0x000000ac28900000,0x000000ac28a00000] [id=61420]

Threads with active compile tasks:

VM state:at safepoint (normal execution)

VM Mutex/Monitor currently owned by a thread:  ([mutex/lock_event])
[0x000002819e125c70] Threads_lock - owner thread: 0x00000281b8e33000
[0x000002819e125e20] Heap_lock - owner thread: 0x00000281c169c800

Heap address: 0x0000000080000000, size: 2048 MB, Compressed Oops mode: 32-bit
Narrow klass base: 0x0000000000000000, Narrow klass shift: 3
Compressed class space size: 1073741824 Address: 0x0000000100000000

Heap:
 garbage-first heap   total 260096K, used 85124K [0x0000000080000000, 0x0000000100000000)
  region size 1024K, 15 young (15360K), 15 survivors (15360K)
 Metaspace       used 92025K, capacity 94281K, committed 94416K, reserved 1138688K
  class space    used 11840K, capacity 12723K, committed 12832K, reserved 1048576K
Heap Regions: E=young(eden), S=young(survivor), O=old, HS=humongous(starts), HC=humongous(continues), CS=collection set, F=free, A=archive, TAMS=top-at-mark-start (previous, next)
|   0|0x0000000080000000, 0x0000000080100000, 0x0000000080100000|100%| O|  |TAMS 0x0000000080100000, 0x0000000080100000| Untracked 
|   1|0x0000000080100000, 0x0000000080200000, 0x0000000080200000|100%| O|  |TAMS 0x0000000080200000, 0x0000000080200000| Untracked 
|   2|0x0000000080200000, 0x0000000080300000, 0x0000000080300000|100%| O|  |TAMS 0x0000000080300000, 0x0000000080300000| Untracked 
|   3|0x0000000080300000, 0x0000000080400000, 0x0000000080400000|100%|HS|  |TAMS 0x0000000080400000, 0x0000000080400000| Complete 
|   4|0x0000000080400000, 0x0000000080500000, 0x0000000080500000|100%|HC|  |TAMS 0x0000000080500000, 0x0000000080500000| Complete 
|   5|0x0000000080500000, 0x0000000080600000, 0x0000000080600000|100%|HC|  |TAMS 0x0000000080600000, 0x0000000080600000| Complete 
|   6|0x0000000080600000, 0x0000000080700000, 0x0000000080700000|100%| O|  |TAMS 0x0000000080700000, 0x0000000080700000| Untracked 
|   7|0x0000000080700000, 0x0000000080800000, 0x0000000080800000|100%| O|  |TAMS 0x0000000080800000, 0x0000000080800000| Untracked 
|   8|0x0000000080800000, 0x0000000080900000, 0x0000000080900000|100%| O|  |TAMS 0x0000000080900000, 0x0000000080900000| Untracked 
|   9|0x0000000080900000, 0x0000000080a00000, 0x0000000080a00000|100%| O|  |TAMS 0x0000000080a00000, 0x0000000080a00000| Untracked 
|  10|0x0000000080a00000, 0x0000000080b00000, 0x0000000080b00000|100%| O|  |TAMS 0x0000000080b00000, 0x0000000080b00000| Untracked 
|  11|0x0000000080b00000, 0x0000000080c00000, 0x0000000080c00000|100%| O|  |TAMS 0x0000000080c00000, 0x0000000080c00000| Untracked 
|  12|0x0000000080c00000, 0x0000000080d00000, 0x0000000080d00000|100%| O|  |TAMS 0x0000000080d00000, 0x0000000080d00000| Untracked 
|  13|0x0000000080d00000, 0x0000000080e00000, 0x0000000080e00000|100%| O|  |TAMS 0x0000000080e00000, 0x0000000080e00000| Untracked 
|  14|0x0000000080e00000, 0x0000000080f00000, 0x0000000080f00000|100%| O|  |TAMS 0x0000000080f00000, 0x0000000080f00000| Untracked 
|  15|0x0000000080f00000, 0x0000000081000000, 0x0000000081000000|100%| O|  |TAMS 0x0000000081000000, 0x0000000081000000| Untracked 
|  16|0x0000000081000000, 0x0000000081100000, 0x0000000081100000|100%| O|  |TAMS 0x0000000081100000, 0x0000000081100000| Untracked 
|  17|0x0000000081100000, 0x0000000081200000, 0x0000000081200000|100%|HS|  |TAMS 0x0000000081200000, 0x0000000081200000| Complete 
|  18|0x0000000081200000, 0x0000000081300000, 0x0000000081300000|100%|HS|  |TAMS 0x0000000081300000, 0x0000000081300000| Complete 
|  19|0x0000000081300000, 0x0000000081400000, 0x0000000081400000|100%| O|  |TAMS 0x0000000081400000, 0x0000000081400000| Untracked 
|  20|0x0000000081400000, 0x0000000081500000, 0x0000000081500000|100%|HS|  |TAMS 0x0000000081500000, 0x0000000081500000| Complete 
|  21|0x0000000081500000, 0x0000000081600000, 0x0000000081600000|100%|HC|  |TAMS 0x0000000081600000, 0x0000000081600000| Complete 
|  22|0x0000000081600000, 0x0000000081700000, 0x0000000081700000|100%| O|  |TAMS 0x0000000081700000, 0x0000000081700000| Untracked 
|  23|0x0000000081700000, 0x0000000081800000, 0x0000000081800000|100%| O|  |TAMS 0x0000000081800000, 0x0000000081800000| Untracked 
|  24|0x0000000081800000, 0x0000000081900000, 0x0000000081900000|100%| O|  |TAMS 0x0000000081900000, 0x0000000081900000| Untracked 
|  25|0x0000000081900000, 0x0000000081a00000, 0x0000000081a00000|100%| O|  |TAMS 0x0000000081a00000, 0x0000000081a00000| Untracked 
|  26|0x0000000081a00000, 0x0000000081b00000, 0x0000000081b00000|100%| O|  |TAMS 0x0000000081b00000, 0x0000000081b00000| Untracked 
|  27|0x0000000081b00000, 0x0000000081c00000, 0x0000000081c00000|100%| O|  |TAMS 0x0000000081c00000, 0x0000000081c00000| Untracked 
|  28|0x0000000081c00000, 0x0000000081d00000, 0x0000000081d00000|100%| O|  |TAMS 0x0000000081d00000, 0x0000000081d00000| Untracked 
|  29|0x0000000081d00000, 0x0000000081e00000, 0x0000000081e00000|100%| O|  |TAMS 0x0000000081e00000, 0x0000000081e00000| Untracked 
|  30|0x0000000081e00000, 0x0000000081f00000, 0x0000000081f00000|100%| O|  |TAMS 0x0000000081f00000, 0x0000000081f00000| Untracked 
|  31|0x0000000081f00000, 0x0000000082000000, 0x0000000082000000|100%| O|  |TAMS 0x0000000082000000, 0x0000000082000000| Untracked 
|  32|0x0000000082000000, 0x0000000082100000, 0x0000000082100000|100%| O|  |TAMS 0x0000000082060800, 0x0000000082100000| Untracked 
|  33|0x0000000082100000, 0x0000000082200000, 0x0000000082200000|100%| O|  |TAMS 0x0000000082100000, 0x0000000082200000| Untracked 
|  34|0x0000000082200000, 0x0000000082300000, 0x0000000082300000|100%| O|  |TAMS 0x0000000082200000, 0x0000000082300000| Untracked 
|  35|0x0000000082300000, 0x0000000082400000, 0x0000000082400000|100%| O|  |TAMS 0x0000000082300000, 0x0000000082400000| Untracked 
|  36|0x0000000082400000, 0x0000000082500000, 0x0000000082500000|100%| O|  |TAMS 0x0000000082400000, 0x0000000082500000| Untracked 
|  37|0x0000000082500000, 0x0000000082600000, 0x0000000082600000|100%| O|  |TAMS 0x0000000082500000, 0x0000000082600000| Untracked 
|  38|0x0000000082600000, 0x0000000082700000, 0x0000000082700000|100%| O|  |TAMS 0x0000000082600000, 0x0000000082700000| Untracked 
|  39|0x0000000082700000, 0x0000000082800000, 0x0000000082800000|100%| O|  |TAMS 0x0000000082700000, 0x0000000082800000| Untracked 
|  40|0x0000000082800000, 0x0000000082900000, 0x0000000082900000|100%| O|  |TAMS 0x0000000082800000, 0x0000000082900000| Untracked 
|  41|0x0000000082900000, 0x0000000082a00000, 0x0000000082a00000|100%| O|  |TAMS 0x0000000082900000, 0x0000000082a00000| Untracked 
|  42|0x0000000082a00000, 0x0000000082b00000, 0x0000000082b00000|100%| O|  |TAMS 0x0000000082a00000, 0x0000000082b00000| Untracked 
|  43|0x0000000082b00000, 0x0000000082c00000, 0x0000000082c00000|100%| O|  |TAMS 0x0000000082b00000, 0x0000000082c00000| Untracked 
|  44|0x0000000082c00000, 0x0000000082d00000, 0x0000000082d00000|100%| O|  |TAMS 0x0000000082c00000, 0x0000000082d00000| Untracked 
|  45|0x0000000082d00000, 0x0000000082e00000, 0x0000000082e00000|100%| O|  |TAMS 0x0000000082d00000, 0x0000000082e00000| Untracked 
|  46|0x0000000082e00000, 0x0000000082f00000, 0x0000000082f00000|100%| O|  |TAMS 0x0000000082e00000, 0x0000000082f00000| Untracked 
|  47|0x0000000082f00000, 0x0000000083000000, 0x0000000083000000|100%| O|  |TAMS 0x0000000082f00000, 0x0000000083000000| Untracked 
|  48|0x0000000083000000, 0x0000000083100000, 0x0000000083100000|100%| O|  |TAMS 0x0000000083000000, 0x0000000083100000| Untracked 
|  49|0x0000000083100000, 0x0000000083200000, 0x0000000083200000|100%| O|  |TAMS 0x0000000083100000, 0x0000000083200000| Untracked 
|  50|0x0000000083200000, 0x0000000083300000, 0x0000000083300000|100%| O|  |TAMS 0x0000000083200000, 0x0000000083300000| Untracked 
|  51|0x0000000083300000, 0x0000000083400000, 0x0000000083400000|100%| O|  |TAMS 0x0000000083300000, 0x0000000083400000| Untracked 
|  52|0x0000000083400000, 0x0000000083500000, 0x0000000083500000|100%| O|  |TAMS 0x0000000083400000, 0x0000000083500000| Untracked 
|  53|0x0000000083500000, 0x0000000083600000, 0x0000000083600000|100%| O|  |TAMS 0x0000000083500000, 0x0000000083600000| Untracked 
|  54|0x0000000083600000, 0x0000000083700000, 0x0000000083700000|100%| O|  |TAMS 0x0000000083600000, 0x0000000083700000| Untracked 
|  55|0x0000000083700000, 0x0000000083800000, 0x0000000083800000|100%| O|  |TAMS 0x0000000083700000, 0x0000000083800000| Untracked 
|  56|0x0000000083800000, 0x0000000083900000, 0x0000000083900000|100%| O|  |TAMS 0x0000000083800000, 0x0000000083900000| Untracked 
|  57|0x0000000083900000, 0x0000000083a00000, 0x0000000083a00000|100%| O|  |TAMS 0x0000000083900000, 0x0000000083a00000| Untracked 
|  58|0x0000000083a00000, 0x0000000083b00000, 0x0000000083b00000|100%| O|  |TAMS 0x0000000083a00000, 0x0000000083b00000| Untracked 
|  59|0x0000000083b00000, 0x0000000083c00000, 0x0000000083c00000|100%| O|  |TAMS 0x0000000083b00000, 0x0000000083c00000| Untracked 
|  60|0x0000000083c00000, 0x0000000083d00000, 0x0000000083d00000|100%| O|  |TAMS 0x0000000083c00000, 0x0000000083d00000| Untracked 
|  61|0x0000000083d00000, 0x0000000083e00000, 0x0000000083e00000|100%| O|  |TAMS 0x0000000083d00000, 0x0000000083e00000| Untracked 
|  62|0x0000000083e00000, 0x0000000083f00000, 0x0000000083f00000|100%| O|  |TAMS 0x0000000083e00000, 0x0000000083f00000| Untracked 
|  63|0x0000000083f00000, 0x0000000084000000, 0x0000000084000000|100%| O|  |TAMS 0x0000000083f00000, 0x0000000084000000| Untracked 
|  64|0x0000000084000000, 0x0000000084100000, 0x0000000084100000|100%| O|  |TAMS 0x0000000084000000, 0x0000000084100000| Untracked 
|  65|0x0000000084100000, 0x0000000084200000, 0x0000000084200000|100%| O|  |TAMS 0x0000000084100000, 0x0000000084200000| Untracked 
|  66|0x0000000084200000, 0x0000000084300000, 0x0000000084300000|100%| O|  |TAMS 0x0000000084200000, 0x0000000084300000| Untracked 
|  67|0x0000000084300000, 0x0000000084400000, 0x0000000084400000|100%| O|  |TAMS 0x0000000084300000, 0x0000000084400000| Untracked 
|  68|0x0000000084400000, 0x0000000084474000, 0x0000000084500000| 45%| O|  |TAMS 0x0000000084400000, 0x0000000084474000| Untracked 
|  69|0x0000000084500000, 0x0000000084500000, 0x0000000084600000|  0%| F|  |TAMS 0x0000000084500000, 0x0000000084500000| Untracked 
|  70|0x0000000084600000, 0x0000000084600000, 0x0000000084700000|  0%| F|  |TAMS 0x0000000084600000, 0x0000000084600000| Untracked 
|  71|0x0000000084700000, 0x0000000084700000, 0x0000000084800000|  0%| F|  |TAMS 0x0000000084700000, 0x0000000084700000| Untracked 
|  72|0x0000000084800000, 0x0000000084800000, 0x0000000084900000|  0%| F|  |TAMS 0x0000000084800000, 0x0000000084800000| Untracked 
|  73|0x0000000084900000, 0x0000000084900000, 0x0000000084a00000|  0%| F|  |TAMS 0x0000000084900000, 0x0000000084900000| Untracked 
|  74|0x0000000084a00000, 0x0000000084a00000, 0x0000000084b00000|  0%| F|  |TAMS 0x0000000084a00000, 0x0000000084a00000| Untracked 
|  75|0x0000000084b00000, 0x0000000084b00000, 0x0000000084c00000|  0%| F|  |TAMS 0x0000000084b00000, 0x0000000084b00000| Untracked 
|  76|0x0000000084c00000, 0x0000000084c00000, 0x0000000084d00000|  0%| F|  |TAMS 0x0000000084c00000, 0x0000000084c00000| Untracked 
|  77|0x0000000084d00000, 0x0000000084d00000, 0x0000000084e00000|  0%| F|  |TAMS 0x0000000084d00000, 0x0000000084d00000| Untracked 
|  78|0x0000000084e00000, 0x0000000084e00000, 0x0000000084f00000|  0%| F|  |TAMS 0x0000000084e00000, 0x0000000084e00000| Untracked 
|  79|0x0000000084f00000, 0x0000000084f00000, 0x0000000085000000|  0%| F|  |TAMS 0x0000000084f00000, 0x0000000084f00000| Untracked 
|  80|0x0000000085000000, 0x0000000085000000, 0x0000000085100000|  0%| F|  |TAMS 0x0000000085000000, 0x0000000085000000| Untracked 
|  81|0x0000000085100000, 0x0000000085100000, 0x0000000085200000|  0%| F|  |TAMS 0x0000000085100000, 0x0000000085100000| Untracked 
|  82|0x0000000085200000, 0x0000000085200000, 0x0000000085300000|  0%| F|  |TAMS 0x0000000085200000, 0x0000000085200000| Untracked 
|  83|0x0000000085300000, 0x0000000085300000, 0x0000000085400000|  0%| F|  |TAMS 0x0000000085300000, 0x0000000085300000| Untracked 
|  84|0x0000000085400000, 0x0000000085400000, 0x0000000085500000|  0%| F|  |TAMS 0x0000000085400000, 0x0000000085400000| Untracked 
|  85|0x0000000085500000, 0x0000000085500000, 0x0000000085600000|  0%| F|  |TAMS 0x0000000085500000, 0x0000000085500000| Untracked 
|  86|0x0000000085600000, 0x0000000085600000, 0x0000000085700000|  0%| F|  |TAMS 0x0000000085600000, 0x0000000085600000| Untracked 
|  87|0x0000000085700000, 0x0000000085700000, 0x0000000085800000|  0%| F|  |TAMS 0x0000000085700000, 0x0000000085700000| Untracked 
|  88|0x0000000085800000, 0x0000000085800000, 0x0000000085900000|  0%| F|  |TAMS 0x0000000085800000, 0x0000000085800000| Untracked 
|  89|0x0000000085900000, 0x0000000085900000, 0x0000000085a00000|  0%| F|  |TAMS 0x0000000085900000, 0x0000000085900000| Untracked 
|  90|0x0000000085a00000, 0x0000000085a00000, 0x0000000085b00000|  0%| F|  |TAMS 0x0000000085a00000, 0x0000000085a00000| Untracked 
|  91|0x0000000085b00000, 0x0000000085b00000, 0x0000000085c00000|  0%| F|  |TAMS 0x0000000085b00000, 0x0000000085b00000| Untracked 
|  92|0x0000000085c00000, 0x0000000085c00000, 0x0000000085d00000|  0%| F|  |TAMS 0x0000000085c00000, 0x0000000085c00000| Untracked 
|  93|0x0000000085d00000, 0x0000000085d00000, 0x0000000085e00000|  0%| F|  |TAMS 0x0000000085d00000, 0x0000000085d00000| Untracked 
|  94|0x0000000085e00000, 0x0000000085e00000, 0x0000000085f00000|  0%| F|  |TAMS 0x0000000085e00000, 0x0000000085e00000| Untracked 
|  95|0x0000000085f00000, 0x0000000085f00000, 0x0000000086000000|  0%| F|  |TAMS 0x0000000085f00000, 0x0000000085f00000| Untracked 
|  96|0x0000000086000000, 0x0000000086000000, 0x0000000086100000|  0%| F|  |TAMS 0x0000000086000000, 0x0000000086000000| Untracked 
|  97|0x0000000086100000, 0x0000000086100000, 0x0000000086200000|  0%| F|  |TAMS 0x0000000086100000, 0x0000000086100000| Untracked 
|  98|0x0000000086200000, 0x0000000086200000, 0x0000000086300000|  0%| F|  |TAMS 0x0000000086200000, 0x0000000086200000| Untracked 
|  99|0x0000000086300000, 0x0000000086300000, 0x0000000086400000|  0%| F|  |TAMS 0x0000000086300000, 0x0000000086300000| Untracked 
| 100|0x0000000086400000, 0x0000000086400000, 0x0000000086500000|  0%| F|  |TAMS 0x0000000086400000, 0x0000000086400000| Untracked 
| 101|0x0000000086500000, 0x0000000086500000, 0x0000000086600000|  0%| F|  |TAMS 0x0000000086500000, 0x0000000086500000| Untracked 
| 102|0x0000000086600000, 0x0000000086600000, 0x0000000086700000|  0%| F|  |TAMS 0x0000000086600000, 0x0000000086600000| Untracked 
| 103|0x0000000086700000, 0x0000000086700000, 0x0000000086800000|  0%| F|  |TAMS 0x0000000086700000, 0x0000000086700000| Untracked 
| 104|0x0000000086800000, 0x0000000086800000, 0x0000000086900000|  0%| F|  |TAMS 0x0000000086800000, 0x0000000086800000| Untracked 
| 105|0x0000000086900000, 0x0000000086900000, 0x0000000086a00000|  0%| F|  |TAMS 0x0000000086900000, 0x0000000086900000| Untracked 
| 106|0x0000000086a00000, 0x0000000086a00000, 0x0000000086b00000|  0%| F|  |TAMS 0x0000000086a00000, 0x0000000086a00000| Untracked 
| 107|0x0000000086b00000, 0x0000000086b00000, 0x0000000086c00000|  0%| F|  |TAMS 0x0000000086b00000, 0x0000000086b00000| Untracked 
| 108|0x0000000086c00000, 0x0000000086c00000, 0x0000000086d00000|  0%| F|  |TAMS 0x0000000086c00000, 0x0000000086c00000| Untracked 
| 109|0x0000000086d00000, 0x0000000086d00000, 0x0000000086e00000|  0%| F|  |TAMS 0x0000000086d00000, 0x0000000086d00000| Untracked 
| 110|0x0000000086e00000, 0x0000000086e00000, 0x0000000086f00000|  0%| F|  |TAMS 0x0000000086e00000, 0x0000000086e00000| Untracked 
| 111|0x0000000086f00000, 0x0000000086f00000, 0x0000000087000000|  0%| F|  |TAMS 0x0000000086f00000, 0x0000000086f00000| Untracked 
| 112|0x0000000087000000, 0x0000000087000000, 0x0000000087100000|  0%| F|  |TAMS 0x0000000087000000, 0x0000000087000000| Untracked 
| 113|0x0000000087100000, 0x0000000087100000, 0x0000000087200000|  0%| F|  |TAMS 0x0000000087100000, 0x0000000087100000| Untracked 
| 114|0x0000000087200000, 0x0000000087200000, 0x0000000087300000|  0%| F|  |TAMS 0x0000000087200000, 0x0000000087200000| Untracked 
| 115|0x0000000087300000, 0x0000000087300000, 0x0000000087400000|  0%| F|  |TAMS 0x0000000087300000, 0x0000000087300000| Untracked 
| 116|0x0000000087400000, 0x0000000087400000, 0x0000000087500000|  0%| F|  |TAMS 0x0000000087400000, 0x0000000087400000| Untracked 
| 117|0x0000000087500000, 0x0000000087500000, 0x0000000087600000|  0%| F|  |TAMS 0x0000000087500000, 0x0000000087500000| Untracked 
| 118|0x0000000087600000, 0x0000000087600000, 0x0000000087700000|  0%| F|  |TAMS 0x0000000087600000, 0x0000000087600000| Untracked 
| 119|0x0000000087700000, 0x0000000087700000, 0x0000000087800000|  0%| F|  |TAMS 0x0000000087700000, 0x0000000087700000| Untracked 
| 120|0x0000000087800000, 0x0000000087800000, 0x0000000087900000|  0%| F|  |TAMS 0x0000000087800000, 0x0000000087800000| Untracked 
| 121|0x0000000087900000, 0x0000000087900000, 0x0000000087a00000|  0%| F|  |TAMS 0x0000000087900000, 0x0000000087900000| Untracked 
| 122|0x0000000087a00000, 0x0000000087a00000, 0x0000000087b00000|  0%| F|  |TAMS 0x0000000087a00000, 0x0000000087a00000| Untracked 
| 123|0x0000000087b00000, 0x0000000087b00000, 0x0000000087c00000|  0%| F|  |TAMS 0x0000000087b00000, 0x0000000087b00000| Untracked 
| 124|0x0000000087c00000, 0x0000000087c00000, 0x0000000087d00000|  0%| F|  |TAMS 0x0000000087c00000, 0x0000000087c00000| Untracked 
| 125|0x0000000087d00000, 0x0000000087d00000, 0x0000000087e00000|  0%| F|  |TAMS 0x0000000087d00000, 0x0000000087d00000| Untracked 
| 126|0x0000000087e00000, 0x0000000087e00000, 0x0000000087f00000|  0%| F|  |TAMS 0x0000000087e00000, 0x0000000087e00000| Untracked 
| 127|0x0000000087f00000, 0x0000000087f00000, 0x0000000088000000|  0%| F|  |TAMS 0x0000000087f00000, 0x0000000087f00000| Untracked 
| 128|0x0000000088000000, 0x0000000088000000, 0x0000000088100000|  0%| F|  |TAMS 0x0000000088000000, 0x0000000088000000| Untracked 
| 129|0x0000000088100000, 0x00000000881ad1a0, 0x0000000088200000| 67%| S|CS|TAMS 0x0000000088100000, 0x0000000088100000| Complete 
| 130|0x0000000088200000, 0x0000000088200000, 0x0000000088300000|  0%| F|  |TAMS 0x0000000088200000, 0x0000000088200000| Untracked 
| 131|0x0000000088300000, 0x0000000088300000, 0x0000000088400000|  0%| F|  |TAMS 0x0000000088300000, 0x0000000088300000| Untracked 
| 132|0x0000000088400000, 0x0000000088400000, 0x0000000088500000|  0%| F|  |TAMS 0x0000000088400000, 0x0000000088400000| Untracked 
| 133|0x0000000088500000, 0x0000000088600000, 0x0000000088600000|100%| S|CS|TAMS 0x0000000088500000, 0x0000000088500000| Complete 
| 134|0x0000000088600000, 0x0000000088700000, 0x0000000088700000|100%| S|CS|TAMS 0x0000000088600000, 0x0000000088600000| Complete 
| 135|0x0000000088700000, 0x0000000088800000, 0x0000000088800000|100%| S|CS|TAMS 0x0000000088700000, 0x0000000088700000| Complete 
| 136|0x0000000088800000, 0x0000000088900000, 0x0000000088900000|100%| S|CS|TAMS 0x0000000088800000, 0x0000000088800000| Complete 
| 137|0x0000000088900000, 0x0000000088a00000, 0x0000000088a00000|100%| S|CS|TAMS 0x0000000088900000, 0x0000000088900000| Complete 
| 138|0x0000000088a00000, 0x0000000088b00000, 0x0000000088b00000|100%| S|CS|TAMS 0x0000000088a00000, 0x0000000088a00000| Complete 
| 139|0x0000000088b00000, 0x0000000088c00000, 0x0000000088c00000|100%| S|CS|TAMS 0x0000000088b00000, 0x0000000088b00000| Complete 
| 140|0x0000000088c00000, 0x0000000088d00000, 0x0000000088d00000|100%| S|CS|TAMS 0x0000000088c00000, 0x0000000088c00000| Complete 
| 141|0x0000000088d00000, 0x0000000088e00000, 0x0000000088e00000|100%| S|CS|TAMS 0x0000000088d00000, 0x0000000088d00000| Complete 
| 142|0x0000000088e00000, 0x0000000088f00000, 0x0000000088f00000|100%| S|CS|TAMS 0x0000000088e00000, 0x0000000088e00000| Complete 
| 143|0x0000000088f00000, 0x0000000089000000, 0x0000000089000000|100%| S|CS|TAMS 0x0000000088f00000, 0x0000000088f00000| Complete 
| 144|0x0000000089000000, 0x0000000089100000, 0x0000000089100000|100%| S|CS|TAMS 0x0000000089000000, 0x0000000089000000| Complete 
| 145|0x0000000089100000, 0x0000000089200000, 0x0000000089200000|100%| S|CS|TAMS 0x0000000089100000, 0x0000000089100000| Complete 
| 146|0x0000000089200000, 0x0000000089300000, 0x0000000089300000|100%| S|CS|TAMS 0x0000000089200000, 0x0000000089200000| Complete 
| 147|0x0000000089300000, 0x0000000089300000, 0x0000000089400000|  0%| F|  |TAMS 0x0000000089300000, 0x0000000089300000| Untracked 
| 148|0x0000000089400000, 0x0000000089400000, 0x0000000089500000|  0%| F|  |TAMS 0x0000000089400000, 0x0000000089400000| Untracked 
| 149|0x0000000089500000, 0x0000000089500000, 0x0000000089600000|  0%| F|  |TAMS 0x0000000089500000, 0x0000000089500000| Untracked 
| 150|0x0000000089600000, 0x0000000089600000, 0x0000000089700000|  0%| F|  |TAMS 0x0000000089600000, 0x0000000089600000| Untracked 
| 151|0x0000000089700000, 0x0000000089700000, 0x0000000089800000|  0%| F|  |TAMS 0x0000000089700000, 0x0000000089700000| Untracked 
| 152|0x0000000089800000, 0x0000000089800000, 0x0000000089900000|  0%| F|  |TAMS 0x0000000089800000, 0x0000000089800000| Untracked 
| 153|0x0000000089900000, 0x0000000089900000, 0x0000000089a00000|  0%| F|  |TAMS 0x0000000089900000, 0x0000000089900000| Untracked 
| 154|0x0000000089a00000, 0x0000000089a00000, 0x0000000089b00000|  0%| F|  |TAMS 0x0000000089a00000, 0x0000000089a00000| Untracked 
| 155|0x0000000089b00000, 0x0000000089b00000, 0x0000000089c00000|  0%| F|  |TAMS 0x0000000089b00000, 0x0000000089b00000| Untracked 
| 156|0x0000000089c00000, 0x0000000089c00000, 0x0000000089d00000|  0%| F|  |TAMS 0x0000000089c00000, 0x0000000089c00000| Untracked 
| 157|0x0000000089d00000, 0x0000000089d00000, 0x0000000089e00000|  0%| F|  |TAMS 0x0000000089d00000, 0x0000000089d00000| Untracked 
| 158|0x0000000089e00000, 0x0000000089e00000, 0x0000000089f00000|  0%| F|  |TAMS 0x0000000089e00000, 0x0000000089e00000| Untracked 
| 159|0x0000000089f00000, 0x0000000089f00000, 0x000000008a000000|  0%| F|  |TAMS 0x0000000089f00000, 0x0000000089f00000| Untracked 
| 160|0x000000008a000000, 0x000000008a000000, 0x000000008a100000|  0%| F|  |TAMS 0x000000008a000000, 0x000000008a000000| Untracked 
| 161|0x000000008a100000, 0x000000008a100000, 0x000000008a200000|  0%| F|  |TAMS 0x000000008a100000, 0x000000008a100000| Untracked 
| 162|0x000000008a200000, 0x000000008a200000, 0x000000008a300000|  0%| F|  |TAMS 0x000000008a200000, 0x000000008a200000| Untracked 
| 163|0x000000008a300000, 0x000000008a300000, 0x000000008a400000|  0%| F|  |TAMS 0x000000008a300000, 0x000000008a300000| Untracked 
| 164|0x000000008a400000, 0x000000008a400000, 0x000000008a500000|  0%| F|  |TAMS 0x000000008a400000, 0x000000008a400000| Untracked 
| 165|0x000000008a500000, 0x000000008a500000, 0x000000008a600000|  0%| F|  |TAMS 0x000000008a500000, 0x000000008a500000| Untracked 
| 166|0x000000008a600000, 0x000000008a600000, 0x000000008a700000|  0%| F|  |TAMS 0x000000008a600000, 0x000000008a600000| Untracked 
| 167|0x000000008a700000, 0x000000008a700000, 0x000000008a800000|  0%| F|  |TAMS 0x000000008a700000, 0x000000008a700000| Untracked 
| 168|0x000000008a800000, 0x000000008a800000, 0x000000008a900000|  0%| F|  |TAMS 0x000000008a800000, 0x000000008a800000| Untracked 
| 169|0x000000008a900000, 0x000000008a900000, 0x000000008aa00000|  0%| F|  |TAMS 0x000000008a900000, 0x000000008a900000| Untracked 
| 170|0x000000008aa00000, 0x000000008aa00000, 0x000000008ab00000|  0%| F|  |TAMS 0x000000008aa00000, 0x000000008aa00000| Untracked 
| 171|0x000000008ab00000, 0x000000008ab00000, 0x000000008ac00000|  0%| F|  |TAMS 0x000000008ab00000, 0x000000008ab00000| Untracked 
| 172|0x000000008ac00000, 0x000000008ac00000, 0x000000008ad00000|  0%| F|  |TAMS 0x000000008ac00000, 0x000000008ac00000| Untracked 
| 173|0x000000008ad00000, 0x000000008ad00000, 0x000000008ae00000|  0%| F|  |TAMS 0x000000008ad00000, 0x000000008ad00000| Untracked 
| 174|0x000000008ae00000, 0x000000008ae00000, 0x000000008af00000|  0%| F|  |TAMS 0x000000008ae00000, 0x000000008ae00000| Untracked 
| 175|0x000000008af00000, 0x000000008af00000, 0x000000008b000000|  0%| F|  |TAMS 0x000000008af00000, 0x000000008af00000| Untracked 
| 176|0x000000008b000000, 0x000000008b000000, 0x000000008b100000|  0%| F|  |TAMS 0x000000008b000000, 0x000000008b000000| Untracked 
| 177|0x000000008b100000, 0x000000008b100000, 0x000000008b200000|  0%| F|  |TAMS 0x000000008b100000, 0x000000008b100000| Untracked 
| 178|0x000000008b200000, 0x000000008b200000, 0x000000008b300000|  0%| F|  |TAMS 0x000000008b200000, 0x000000008b200000| Untracked 
| 179|0x000000008b300000, 0x000000008b300000, 0x000000008b400000|  0%| F|  |TAMS 0x000000008b300000, 0x000000008b300000| Untracked 
| 180|0x000000008b400000, 0x000000008b400000, 0x000000008b500000|  0%| F|  |TAMS 0x000000008b400000, 0x000000008b400000| Untracked 
| 181|0x000000008b500000, 0x000000008b500000, 0x000000008b600000|  0%| F|  |TAMS 0x000000008b500000, 0x000000008b500000| Untracked 
| 182|0x000000008b600000, 0x000000008b600000, 0x000000008b700000|  0%| F|  |TAMS 0x000000008b600000, 0x000000008b600000| Untracked 
| 183|0x000000008b700000, 0x000000008b700000, 0x000000008b800000|  0%| F|  |TAMS 0x000000008b700000, 0x000000008b700000| Untracked 
| 184|0x000000008b800000, 0x000000008b800000, 0x000000008b900000|  0%| F|  |TAMS 0x000000008b800000, 0x000000008b800000| Untracked 
| 185|0x000000008b900000, 0x000000008b900000, 0x000000008ba00000|  0%| F|  |TAMS 0x000000008b900000, 0x000000008b900000| Untracked 
| 186|0x000000008ba00000, 0x000000008ba00000, 0x000000008bb00000|  0%| F|  |TAMS 0x000000008ba00000, 0x000000008ba00000| Untracked 
| 187|0x000000008bb00000, 0x000000008bb00000, 0x000000008bc00000|  0%| F|  |TAMS 0x000000008bb00000, 0x000000008bb00000| Untracked 
| 188|0x000000008bc00000, 0x000000008bc00000, 0x000000008bd00000|  0%| F|  |TAMS 0x000000008bc00000, 0x000000008bc00000| Untracked 
| 189|0x000000008bd00000, 0x000000008bd00000, 0x000000008be00000|  0%| F|  |TAMS 0x000000008bd00000, 0x000000008bd00000| Untracked 
| 190|0x000000008be00000, 0x000000008be00000, 0x000000008bf00000|  0%| F|  |TAMS 0x000000008be00000, 0x000000008be00000| Untracked 
| 191|0x000000008bf00000, 0x000000008bf00000, 0x000000008c000000|  0%| F|  |TAMS 0x000000008bf00000, 0x000000008bf00000| Untracked 
| 192|0x000000008c000000, 0x000000008c000000, 0x000000008c100000|  0%| F|  |TAMS 0x000000008c000000, 0x000000008c000000| Untracked 
| 193|0x000000008c100000, 0x000000008c100000, 0x000000008c200000|  0%| F|  |TAMS 0x000000008c100000, 0x000000008c100000| Untracked 
| 194|0x000000008c200000, 0x000000008c200000, 0x000000008c300000|  0%| F|  |TAMS 0x000000008c200000, 0x000000008c200000| Untracked 
| 195|0x000000008c300000, 0x000000008c300000, 0x000000008c400000|  0%| F|  |TAMS 0x000000008c300000, 0x000000008c300000| Untracked 
| 196|0x000000008c400000, 0x000000008c400000, 0x000000008c500000|  0%| F|  |TAMS 0x000000008c400000, 0x000000008c400000| Untracked 
| 197|0x000000008c500000, 0x000000008c500000, 0x000000008c600000|  0%| F|  |TAMS 0x000000008c500000, 0x000000008c500000| Untracked 
| 198|0x000000008c600000, 0x000000008c600000, 0x000000008c700000|  0%| F|  |TAMS 0x000000008c600000, 0x000000008c600000| Untracked 
| 199|0x000000008c700000, 0x000000008c700000, 0x000000008c800000|  0%| F|  |TAMS 0x000000008c700000, 0x000000008c700000| Untracked 
| 200|0x000000008c800000, 0x000000008c800000, 0x000000008c900000|  0%| F|  |TAMS 0x000000008c800000, 0x000000008c800000| Untracked 
| 201|0x000000008c900000, 0x000000008c900000, 0x000000008ca00000|  0%| F|  |TAMS 0x000000008c900000, 0x000000008c900000| Untracked 
| 202|0x000000008ca00000, 0x000000008ca00000, 0x000000008cb00000|  0%| F|  |TAMS 0x000000008ca00000, 0x000000008ca00000| Untracked 
| 203|0x000000008cb00000, 0x000000008cb00000, 0x000000008cc00000|  0%| F|  |TAMS 0x000000008cb00000, 0x000000008cb00000| Untracked 
| 204|0x000000008cc00000, 0x000000008cc00000, 0x000000008cd00000|  0%| F|  |TAMS 0x000000008cc00000, 0x000000008cc00000| Untracked 
| 205|0x000000008cd00000, 0x000000008cd00000, 0x000000008ce00000|  0%| F|  |TAMS 0x000000008cd00000, 0x000000008cd00000| Untracked 
| 206|0x000000008ce00000, 0x000000008ce00000, 0x000000008cf00000|  0%| F|  |TAMS 0x000000008ce00000, 0x000000008ce00000| Untracked 
| 207|0x000000008cf00000, 0x000000008cf00000, 0x000000008d000000|  0%| F|  |TAMS 0x000000008cf00000, 0x000000008cf00000| Untracked 
| 208|0x000000008d000000, 0x000000008d000000, 0x000000008d100000|  0%| F|  |TAMS 0x000000008d000000, 0x000000008d000000| Untracked 
| 209|0x000000008d100000, 0x000000008d100000, 0x000000008d200000|  0%| F|  |TAMS 0x000000008d100000, 0x000000008d100000| Untracked 
| 210|0x000000008d200000, 0x000000008d200000, 0x000000008d300000|  0%| F|  |TAMS 0x000000008d200000, 0x000000008d200000| Untracked 
| 211|0x000000008d300000, 0x000000008d300000, 0x000000008d400000|  0%| F|  |TAMS 0x000000008d300000, 0x000000008d300000| Untracked 
| 212|0x000000008d400000, 0x000000008d400000, 0x000000008d500000|  0%| F|  |TAMS 0x000000008d400000, 0x000000008d400000| Untracked 
| 213|0x000000008d500000, 0x000000008d500000, 0x000000008d600000|  0%| F|  |TAMS 0x000000008d500000, 0x000000008d500000| Untracked 
| 214|0x000000008d600000, 0x000000008d600000, 0x000000008d700000|  0%| F|  |TAMS 0x000000008d600000, 0x000000008d600000| Untracked 
| 215|0x000000008d700000, 0x000000008d700000, 0x000000008d800000|  0%| F|  |TAMS 0x000000008d700000, 0x000000008d700000| Untracked 
| 216|0x000000008d800000, 0x000000008d800000, 0x000000008d900000|  0%| F|  |TAMS 0x000000008d800000, 0x000000008d800000| Untracked 
| 217|0x000000008d900000, 0x000000008d900000, 0x000000008da00000|  0%| F|  |TAMS 0x000000008d900000, 0x000000008d900000| Untracked 
| 218|0x000000008da00000, 0x000000008da00000, 0x000000008db00000|  0%| F|  |TAMS 0x000000008da00000, 0x000000008da00000| Untracked 
| 219|0x000000008db00000, 0x000000008db00000, 0x000000008dc00000|  0%| F|  |TAMS 0x000000008db00000, 0x000000008db00000| Untracked 
| 220|0x000000008dc00000, 0x000000008dc00000, 0x000000008dd00000|  0%| F|  |TAMS 0x000000008dc00000, 0x000000008dc00000| Untracked 
| 221|0x000000008dd00000, 0x000000008dd00000, 0x000000008de00000|  0%| F|  |TAMS 0x000000008dd00000, 0x000000008dd00000| Untracked 
| 222|0x000000008de00000, 0x000000008de00000, 0x000000008df00000|  0%| F|  |TAMS 0x000000008de00000, 0x000000008de00000| Untracked 
| 223|0x000000008df00000, 0x000000008df00000, 0x000000008e000000|  0%| F|  |TAMS 0x000000008df00000, 0x000000008df00000| Untracked 
| 224|0x000000008e000000, 0x000000008e000000, 0x000000008e100000|  0%| F|  |TAMS 0x000000008e000000, 0x000000008e000000| Untracked 
| 225|0x000000008e100000, 0x000000008e100000, 0x000000008e200000|  0%| F|  |TAMS 0x000000008e100000, 0x000000008e100000| Untracked 
| 226|0x000000008e200000, 0x000000008e200000, 0x000000008e300000|  0%| F|  |TAMS 0x000000008e200000, 0x000000008e200000| Untracked 
| 227|0x000000008e300000, 0x000000008e300000, 0x000000008e400000|  0%| F|  |TAMS 0x000000008e300000, 0x000000008e300000| Untracked 
| 228|0x000000008e400000, 0x000000008e400000, 0x000000008e500000|  0%| F|  |TAMS 0x000000008e400000, 0x000000008e400000| Untracked 
| 229|0x000000008e500000, 0x000000008e500000, 0x000000008e600000|  0%| F|  |TAMS 0x000000008e500000, 0x000000008e500000| Untracked 
| 230|0x000000008e600000, 0x000000008e600000, 0x000000008e700000|  0%| F|  |TAMS 0x000000008e600000, 0x000000008e600000| Untracked 
| 231|0x000000008e700000, 0x000000008e700000, 0x000000008e800000|  0%| F|  |TAMS 0x000000008e700000, 0x000000008e700000| Untracked 
| 232|0x000000008e800000, 0x000000008e800000, 0x000000008e900000|  0%| F|  |TAMS 0x000000008e800000, 0x000000008e800000| Untracked 
| 233|0x000000008e900000, 0x000000008e900000, 0x000000008ea00000|  0%| F|  |TAMS 0x000000008e900000, 0x000000008e900000| Untracked 
| 234|0x000000008ea00000, 0x000000008ea00000, 0x000000008eb00000|  0%| F|  |TAMS 0x000000008ea00000, 0x000000008ea00000| Untracked 
| 235|0x000000008eb00000, 0x000000008eb00000, 0x000000008ec00000|  0%| F|  |TAMS 0x000000008eb00000, 0x000000008eb00000| Untracked 
| 236|0x000000008ec00000, 0x000000008ec00000, 0x000000008ed00000|  0%| F|  |TAMS 0x000000008ec00000, 0x000000008ec00000| Untracked 
| 237|0x000000008ed00000, 0x000000008ed00000, 0x000000008ee00000|  0%| F|  |TAMS 0x000000008ed00000, 0x000000008ed00000| Untracked 
| 238|0x000000008ee00000, 0x000000008ee00000, 0x000000008ef00000|  0%| F|  |TAMS 0x000000008ee00000, 0x000000008ee00000| Untracked 
| 239|0x000000008ef00000, 0x000000008ef00000, 0x000000008f000000|  0%| F|  |TAMS 0x000000008ef00000, 0x000000008ef00000| Untracked 
| 240|0x000000008f000000, 0x000000008f000000, 0x000000008f100000|  0%| F|  |TAMS 0x000000008f000000, 0x000000008f000000| Untracked 
| 241|0x000000008f100000, 0x000000008f100000, 0x000000008f200000|  0%| F|  |TAMS 0x000000008f100000, 0x000000008f100000| Untracked 
| 242|0x000000008f200000, 0x000000008f200000, 0x000000008f300000|  0%| F|  |TAMS 0x000000008f200000, 0x000000008f200000| Untracked 
| 243|0x000000008f300000, 0x000000008f300000, 0x000000008f400000|  0%| F|  |TAMS 0x000000008f300000, 0x000000008f300000| Untracked 
| 244|0x000000008f400000, 0x000000008f400000, 0x000000008f500000|  0%| F|  |TAMS 0x000000008f400000, 0x000000008f400000| Untracked 
| 245|0x000000008f500000, 0x000000008f500000, 0x000000008f600000|  0%| F|  |TAMS 0x000000008f500000, 0x000000008f500000| Untracked 
| 246|0x000000008f600000, 0x000000008f600000, 0x000000008f700000|  0%| F|  |TAMS 0x000000008f600000, 0x000000008f600000| Untracked 
| 247|0x000000008f700000, 0x000000008f700000, 0x000000008f800000|  0%| F|  |TAMS 0x000000008f700000, 0x000000008f700000| Untracked 
| 248|0x000000008f800000, 0x000000008f800000, 0x000000008f900000|  0%| F|  |TAMS 0x000000008f800000, 0x000000008f800000| Untracked 
| 249|0x000000008f900000, 0x000000008f900000, 0x000000008fa00000|  0%| F|  |TAMS 0x000000008f900000, 0x000000008f900000| Untracked 
| 250|0x000000008fa00000, 0x000000008fa00000, 0x000000008fb00000|  0%| F|  |TAMS 0x000000008fa00000, 0x000000008fa00000| Untracked 
| 251|0x000000008fb00000, 0x000000008fb00000, 0x000000008fc00000|  0%| F|  |TAMS 0x000000008fb00000, 0x000000008fb00000| Untracked 
| 252|0x000000008fc00000, 0x000000008fc00000, 0x000000008fd00000|  0%| F|  |TAMS 0x000000008fc00000, 0x000000008fc00000| Untracked 
| 253|0x000000008fd00000, 0x000000008fd00000, 0x000000008fe00000|  0%| F|  |TAMS 0x000000008fd00000, 0x000000008fd00000| Untracked 

Card table byte_map: [0x00000281b1360000,0x00000281b1760000] _byte_map_base: 0x00000281b0f60000

Marking Bits (Prev, Next): (CMBitMap*) 0x000002819e1676f0, (CMBitMap*) 0x000002819e1676b8
 Prev Bits: [0x00000281b3b60000, 0x00000281b5b60000)
 Next Bits: [0x00000281b1b60000, 0x00000281b3b60000)

Polling page: 0x000002819c0e0000

Metaspace:

Usage:
  Non-class:     79.65 MB capacity,    78.31 MB ( 98%) used,     1.07 MB (  1%) free+waste,   276.75 KB ( <1%) overhead. 
      Class:     12.42 MB capacity,    11.56 MB ( 93%) used,   757.78 KB (  6%) free+waste,   125.06 KB ( <1%) overhead. 
       Both:     92.07 MB capacity,    89.87 MB ( 98%) used,     1.81 MB (  2%) free+waste,   401.81 KB ( <1%) overhead. 

Virtual space:
  Non-class space:       88.00 MB reserved,      79.67 MB ( 91%) committed 
      Class space:        1.00 GB reserved,      12.53 MB (  1%) committed 
             Both:        1.09 GB reserved,      92.20 MB (  8%) committed 

Chunk freelists:
   Non-Class:  26.00 KB
       Class:  13.00 KB
        Both:  39.00 KB

MaxMetaspaceSize: 17179869184.00 GB
CompressedClassSpaceSize: 1.00 GB
Initial GC threshold: 20.80 MB
Current GC threshold: 99.21 MB
CDS: off

CodeHeap 'non-profiled nmethods': size=120000Kb used=7871Kb max_used=7871Kb free=112128Kb
 bounds [0x00000281a9700000, 0x00000281a9eb0000, 0x00000281b0c30000]
CodeHeap 'profiled nmethods': size=120000Kb used=24959Kb max_used=24959Kb free=95040Kb
 bounds [0x00000281a21d0000, 0x00000281a3a30000, 0x00000281a9700000]
CodeHeap 'non-nmethods': size=5760Kb used=2397Kb max_used=2444Kb free=3362Kb
 bounds [0x00000281a1c30000, 0x00000281a1eb0000, 0x00000281a21d0000]
 total_blobs=12528 nmethods=11618 adapters=822
 compilation: disabled (not enough contiguous free space left)
              stopped_count=1, restarted_count=0
 full_count=1

Compilation events (20 events):
Event: 22.180 Thread 0x00000281b8eca000 11643       1       java.time.LocalDate::getMonthValue (5 bytes)
Event: 22.180 Thread 0x00000281b8eca000 nmethod 11643 0x00000281a9eae310 code [0x00000281a9eae4c0, 0x00000281a9eae578]
Event: 22.180 Thread 0x00000281b8eca000 11644       1       java.time.LocalDate::getDayOfMonth (5 bytes)
Event: 22.180 Thread 0x00000281b8eca000 nmethod 11644 0x00000281a9eae610 code [0x00000281a9eae7c0, 0x00000281a9eae878]
Event: 22.180 Thread 0x00000281b8eca000 11645       1       java.time.LocalTime::getHour (5 bytes)
Event: 22.180 Thread 0x00000281b8eca000 nmethod 11645 0x00000281a9eae910 code [0x00000281a9eaeac0, 0x00000281a9eaeb78]
Event: 22.180 Thread 0x00000281b8eca000 11646       1       java.time.LocalTime::getMinute (5 bytes)
Event: 22.180 Thread 0x00000281b8eca000 nmethod 11646 0x00000281a9eaec10 code [0x00000281a9eaedc0, 0x00000281a9eaee78]
Event: 22.180 Thread 0x00000281b8eca000 11647       1       java.time.LocalTime::getSecond (5 bytes)
Event: 22.180 Thread 0x00000281b8eca000 nmethod 11647 0x00000281a9eaef10 code [0x00000281a9eaf0c0, 0x00000281a9eaf178]
Event: 22.180 Thread 0x00000281b8eca000 11648       1       java.util.zip.ZipEntry::setCompressedSize (6 bytes)
Event: 22.180 Thread 0x00000281b8eca000 nmethod 11648 0x00000281a9eaf210 code [0x00000281a9eaf3c0, 0x00000281a9eaf478]
Event: 22.180 Thread 0x00000281b8eca000 11649       1       org.apache.tools.zip.ZipEntry::setInternalAttributes (6 bytes)
Event: 22.180 Thread 0x00000281b8eca000 nmethod 11649 0x00000281a9eaf510 code [0x00000281a9eaf6c0, 0x00000281a9eaf778]
Event: 22.180 Thread 0x00000281b8eca000 11650       1       org.apache.tools.zip.ZipEntry::setExternalAttributes (6 bytes)
Event: 22.180 Thread 0x00000281b8eca000 nmethod 11650 0x00000281a9eaf810 code [0x00000281a9eaf9c0, 0x00000281a9eafa78]
Event: 22.180 Thread 0x00000281b8eca000 11651       1       java.util.zip.ZipEntry::setComment (6 bytes)
Event: 22.180 Thread 0x00000281b8eca000 nmethod 11651 0x00000281a9eafb10 code [0x00000281a9eafcc0, 0x00000281a9eafdb8]
Event: 22.180 Thread 0x00000281b8eca000 11652       1       org.apache.tools.zip.ZipFile$OffsetEntry::access$200 (5 bytes)
Event: 22.180 Thread 0x00000281b8eca000 


GC Heap History (20 events):
Event: 4.333 GC heap before
{Heap before GC invocations=3 (full 0):
 garbage-first heap   total 260096K, used 87472K [0x0000000080000000, 0x0000000100000000)
  region size 1024K, 80 young (81920K), 12 survivors (12288K)
 Metaspace       used 27539K, capacity 28213K, committed 28412K, reserved 1073152K
  class space    used 3588K, capacity 3844K, committed 3916K, reserved 1048576K
}
Event: 4.338 GC heap after
{Heap after GC invocations=4 (full 0):
 garbage-first heap   total 260096K, used 19879K [0x0000000080000000, 0x0000000100000000)
  region size 1024K, 3 young (3072K), 3 survivors (3072K)
 Metaspace       used 27539K, capacity 28213K, committed 28412K, reserved 1073152K
  class space    used 3588K, capacity 3844K, committed 3916K, reserved 1048576K
}
Event: 5.007 GC heap before
{Heap before GC invocations=4 (full 0):
 garbage-first heap   total 260096K, used 66983K [0x0000000080000000, 0x0000000100000000)
  region size 1024K, 50 young (51200K), 3 survivors (3072K)
 Metaspace       used 35193K, capacity 35959K, committed 36048K, reserved 1081344K
  class space    used 4522K, capacity 4833K, committed 4896K, reserved 1048576K
}
Event: 5.015 GC heap after
{Heap after GC invocations=5 (full 0):
 garbage-first heap   total 260096K, used 22807K [0x0000000080000000, 0x0000000100000000)
  region size 1024K, 6 young (6144K), 6 survivors (6144K)
 Metaspace       used 35193K, capacity 35959K, committed 36048K, reserved 1081344K
  class space    used 4522K, capacity 4833K, committed 4896K, reserved 1048576K
}
Event: 6.491 GC heap before
{Heap before GC invocations=6 (full 0):
 garbage-first heap   total 260096K, used 146711K [0x0000000080000000, 0x0000000100000000)
  region size 1024K, 124 young (126976K), 6 survivors (6144K)
 Metaspace       used 45224K, capacity 46220K, committed 46544K, reserved 1089536K
  class space    used 5740K, capacity 6106K, committed 6176K, reserved 1048576K
}
Event: 6.501 GC heap after
{Heap after GC invocations=7 (full 0):
 garbage-first heap   total 260096K, used 29727K [0x0000000080000000, 0x0000000100000000)
  region size 1024K, 13 young (13312K), 13 survivors (13312K)
 Metaspace       used 45224K, capacity 46220K, committed 46544K, reserved 1089536K
  class space    used 5740K, capacity 6106K, committed 6176K, reserved 1048576K
}
Event: 8.501 GC heap before
{Heap before GC invocations=7 (full 0):
 garbage-first heap   total 260096K, used 166943K [0x0000000080000000, 0x0000000100000000)
  region size 1024K, 143 young (146432K), 13 survivors (13312K)
 Metaspace       used 54916K, capacity 56318K, committed 56656K, reserved 1097728K
  class space    used 6924K, capacity 7476K, committed 7584K, reserved 1048576K
}
Event: 8.514 GC heap after
{Heap after GC invocations=8 (full 0):
 garbage-first heap   total 260096K, used 42761K [0x0000000080000000, 0x0000000100000000)
  region size 1024K, 16 young (16384K), 16 survivors (16384K)
 Metaspace       used 54916K, capacity 56318K, committed 56656K, reserved 1097728K
  class space    used 6924K, capacity 7476K, committed 7584K, reserved 1048576K
}
Event: 8.975 GC heap before
{Heap before GC invocations=8 (full 0):
 garbage-first heap   total 260096K, used 68361K [0x0000000080000000, 0x0000000100000000)
  region size 1024K, 42 young (43008K), 16 survivors (16384K)
 Metaspace       used 58815K, capacity 60315K, committed 60496K, reserved 1101824K
  class space    used 7420K, capacity 7974K, committed 8096K, reserved 1048576K
}
Event: 8.988 GC heap after
{Heap after GC invocations=9 (full 0):
 garbage-first heap   total 260096K, used 45009K [0x0000000080000000, 0x0000000100000000)
  region size 1024K, 12 young (12288K), 12 survivors (12288K)
 Metaspace       used 58815K, capacity 60315K, committed 60496K, reserved 1101824K
  class space    used 7420K, capacity 7974K, committed 8096K, reserved 1048576K
}
Event: 10.588 GC heap before
{Heap before GC invocations=10 (full 0):
 garbage-first heap   total 260096K, used 181201K [0x0000000080000000, 0x0000000100000000)
  region size 1024K, 138 young (141312K), 12 survivors (12288K)
 Metaspace       used 66204K, capacity 67821K, committed 68048K, reserved 1107968K
  class space    used 8345K, capacity 8965K, committed 8992K, reserved 1048576K
}
Event: 10.600 GC heap after
{Heap after GC invocations=11 (full 0):
 garbage-first heap   total 260096K, used 54437K [0x0000000080000000, 0x0000000100000000)
  region size 1024K, 12 young (12288K), 12 survivors (12288K)
 Metaspace       used 66204K, capacity 67821K, committed 68048K, reserved 1107968K
  class space    used 8345K, capacity 8965K, committed 8992K, reserved 1048576K
}
Event: 13.239 GC heap before
{Heap before GC invocations=11 (full 0):
 garbage-first heap   total 260096K, used 182437K [0x0000000080000000, 0x0000000100000000)
  region size 1024K, 137 young (140288K), 12 survivors (12288K)
 Metaspace       used 79218K, capacity 80955K, committed 81104K, reserved 1120256K
  class space    used 10273K, capacity 10956K, committed 11040K, reserved 1048576K
}
Event: 13.254 GC heap after
{Heap after GC invocations=12 (full 0):
 garbage-first heap   total 260096K, used 62291K [0x0000000080000000, 0x0000000100000000)
  region size 1024K, 9 young (9216K), 9 survivors (9216K)
 Metaspace       used 79218K, capacity 80955K, committed 81104K, reserved 1120256K
  class space    used 10273K, capacity 10956K, committed 11040K, reserved 1048576K
}
Event: 15.203 GC heap before
{Heap before GC invocations=12 (full 0):
 garbage-first heap   total 260096K, used 188243K [0x0000000080000000, 0x0000000100000000)
  region size 1024K, 133 young (136192K), 9 survivors (9216K)
 Metaspace       used 84063K, capacity 86171K, committed 86480K, reserved 1124352K
  class space    used 10897K, capacity 11727K, committed 11808K, reserved 1048576K
}
Event: 15.215 GC heap after
{Heap after GC invocations=13 (full 0):
 garbage-first heap   total 260096K, used 70644K [0x0000000080000000, 0x0000000100000000)
  region size 1024K, 17 young (17408K), 17 survivors (17408K)
 Metaspace       used 84063K, capacity 86171K, committed 86480K, reserved 1124352K
  class space    used 10897K, capacity 11727K, committed 11808K, reserved 1048576K
}
Event: 16.964 GC heap before
{Heap before GC invocations=13 (full 0):
 garbage-first heap   total 260096K, used 194548K [0x0000000080000000, 0x0000000100000000)
  region size 1024K, 138 young (141312K), 17 survivors (17408K)
 Metaspace       used 89296K, capacity 91476K, committed 91728K, reserved 1128448K
  class space    used 11540K, capacity 12352K, committed 12448K, reserved 1048576K
}
Event: 16.979 GC heap after
{Heap after GC invocations=14 (full 0):
 garbage-first heap   total 260096K, used 77039K [0x0000000080000000, 0x0000000100000000)
  region size 1024K, 15 young (15360K), 15 survivors (15360K)
 Metaspace       used 89296K, capacity 91476K, committed 91728K, reserved 1128448K
  class space    used 11540K, capacity 12352K, committed 12448K, reserved 1048576K
}
Event: 22.205 GC heap before
{Heap before GC invocations=14 (full 0):
 garbage-first heap   total 260096K, used 184559K [0x0000000080000000, 0x0000000100000000)
  region size 1024K, 122 young (124928K), 15 survivors (15360K)
 Metaspace       used 92025K, capacity 94281K, committed 94416K, reserved 1136640K
  class space    used 11840K, capacity 12723K, committed 12832K, reserved 1048576K
}
Event: 22.221 GC heap after
{Heap after GC invocations=15 (full 0):
 garbage-first heap   total 260096K, used 85124K [0x0000000080000000, 0x0000000100000000)
  region size 1024K, 15 young (15360K), 15 survivors (15360K)
 Metaspace       used 92025K, capacity 94281K, committed 94416K, reserved 1136640K
  class space    used 11840K, capacity 12723K, committed 12832K, reserved 1048576K
}

Deoptimization events (20 events):
Event: 22.198 Thread 0x00000281b91e1800 Uncommon trap: trap_request=0xffffff4d fr.pc=0x00000281a9dfd260 relative=0x0000000000000700
Event: 22.198 Thread 0x00000281b91e1800 Uncommon trap: reason=unstable_if action=reinterpret pc=0x00000281a9dfd260 method=java.util.concurrent.ArrayBlockingQueue.enqueue(Ljava/lang/Object;)V @ 25 c2
Event: 22.198 Thread 0x00000281b91e1800 DEOPT PACKING pc=0x00000281a9dfd260 sp=0x000000ac31ffd980
Event: 22.198 Thread 0x00000281b91e1800 DEOPT UNPACKING pc=0x00000281a1c385af sp=0x000000ac31ffd960 mode 2
Event: 22.198 Thread 0x00000281c169c800 Uncommon trap: trap_request=0xffffffc6 fr.pc=0x00000281a9e95f88 relative=0x00000000000013e8
Event: 22.198 Thread 0x00000281c169c800 Uncommon trap: reason=bimorphic_or_optimized_type_check action=maybe_recompile pc=0x00000281a9e95f88 method=com.google.common.collect.ImmutableSet.copyOf(Ljava/util/Collection;)Lcom/google/common/collect/ImmutableSet; @ 47 c2
Event: 22.198 Thread 0x00000281c169c800 DEOPT PACKING pc=0x00000281a9e95f88 sp=0x000000ac31efe6c0
Event: 22.198 Thread 0x00000281c169c800 DEOPT UNPACKING pc=0x00000281a1c385af sp=0x000000ac31efe6a8 mode 2
Event: 22.199 Thread 0x00000281b91e1800 Uncommon trap: trap_request=0xffffff4d fr.pc=0x00000281a9dfb8c8 relative=0x00000000000006e8
Event: 22.199 Thread 0x00000281b91e1800 Uncommon trap: reason=unstable_if action=reinterpret pc=0x00000281a9dfb8c8 method=java.util.concurrent.ArrayBlockingQueue.dequeue()Ljava/lang/Object; @ 32 c2
Event: 22.199 Thread 0x00000281b91e1800 DEOPT PACKING pc=0x00000281a9dfb8c8 sp=0x000000ac31ffd980
Event: 22.199 Thread 0x00000281b91e1800 DEOPT UNPACKING pc=0x00000281a1c385af sp=0x000000ac31ffd968 mode 2
Event: 22.199 Thread 0x00000281c169c800 Uncommon trap: trap_request=0xffffffc6 fr.pc=0x00000281a9e95f88 relative=0x00000000000013e8
Event: 22.199 Thread 0x00000281c169c800 Uncommon trap: reason=bimorphic_or_optimized_type_check action=maybe_recompile pc=0x00000281a9e95f88 method=com.google.common.collect.ImmutableSet.copyOf(Ljava/util/Collection;)Lcom/google/common/collect/ImmutableSet; @ 47 c2
Event: 22.199 Thread 0x00000281c169c800 DEOPT PACKING pc=0x00000281a9e95f88 sp=0x000000ac31efe6c0
Event: 22.199 Thread 0x00000281c169c800 DEOPT UNPACKING pc=0x00000281a1c385af sp=0x000000ac31efe6a8 mode 2
Event: 22.200 Thread 0x00000281c169c800 Uncommon trap: trap_request=0xffffffc6 fr.pc=0x00000281a9e95f88 relative=0x00000000000013e8
Event: 22.200 Thread 0x00000281c169c800 Uncommon trap: reason=bimorphic_or_optimized_type_check action=maybe_recompile pc=0x00000281a9e95f88 method=com.google.common.collect.ImmutableSet.copyOf(Ljava/util/Collection;)Lcom/google/common/collect/ImmutableSet; @ 47 c2
Event: 22.200 Thread 0x00000281c169c800 DEOPT PACKING pc=0x00000281a9e95f88 sp=0x000000ac31efe6c0
Event: 22.200 Thread 0x00000281c169c800 DEOPT UNPACKING pc=0x00000281a1c385af sp=0x000000ac31efe6a8 mode 2

Classes redefined (0 events):
No events

Internal exceptions (20 events):
Event: 15.137 Thread 0x00000281c169c000 Exception <a 'java/lang/NoSuchMethodError'{0x000000008860f1e8}: 'void java.lang.invoke.DirectMethodHandle$Holder.invokeVirtual(java.lang.Object, java.lang.Object)'> (0x000000008860f1e8) thrown at [./src/hotspot/share/interpreter/linkResolver.cpp, line 773]
Event: 15.377 Thread 0x00000281c169c000 Implicit null exception at 0x00000281a9a9a194 to 0x00000281a9a9a7c8
Event: 15.486 Thread 0x00000281c169c000 Exception <a 'java/lang/NoSuchMethodError'{0x000000008ef9e048}: 'java.lang.Object java.lang.invoke.DirectMethodHandle$Holder.newInvokeSpecial(java.lang.Object, java.lang.Object, java.lang.Object, java.lang.Object)'> (0x000000008ef9e048) thrown at [./src/hotspot/share/interpreter/linkResolver.cpp, line 773]
Event: 15.495 Thread 0x00000281bb74c800 Exception <a 'java/lang/NoSuchMethodError'{0x000000008ed0b5e0}: <clinit>> (0x000000008ed0b5e0) thrown at [./src/hotspot/share/prims/jni.cpp, line 1366]
Event: 17.159 Thread 0x00000281c169c000 Exception <a 'java/lang/NoSuchMethodError'{0x000000008f0abef8}: <clinit>> (0x000000008f0abef8) thrown at [./src/hotspot/share/prims/jni.cpp, line 1366]
Event: 17.159 Thread 0x00000281c169c000 Exception <a 'java/lang/NoSuchMethodError'{0x000000008f0ad4e8}: <clinit>> (0x000000008f0ad4e8) thrown at [./src/hotspot/share/prims/jni.cpp, line 1366]
Event: 17.159 Thread 0x00000281c169c000 Exception <a 'java/lang/NoSuchMethodError'{0x000000008f0b00e8}: <clinit>> (0x000000008f0b00e8) thrown at [./src/hotspot/share/prims/jni.cpp, line 1366]
Event: 17.161 Thread 0x00000281c169c000 Exception <a 'java/lang/NoSuchMethodError'{0x000000008f0c7208}: <clinit>> (0x000000008f0c7208) thrown at [./src/hotspot/share/prims/jni.cpp, line 1366]
Event: 17.162 Thread 0x00000281c169c000 Exception <a 'java/lang/NoSuchMethodError'{0x000000008f0c8440}: <clinit>> (0x000000008f0c8440) thrown at [./src/hotspot/share/prims/jni.cpp, line 1366]
Event: 17.349 Thread 0x00000281c169c000 Exception <a 'java/lang/NoSuchMethodError'{0x000000008e072040}: <clinit>> (0x000000008e072040) thrown at [./src/hotspot/share/prims/jni.cpp, line 1366]
Event: 17.354 Thread 0x00000281c169c000 Exception <a 'java/lang/NoSuchMethodError'{0x000000008e0b0a20}: <clinit>> (0x000000008e0b0a20) thrown at [./src/hotspot/share/prims/jni.cpp, line 1366]
Event: 17.355 Thread 0x00000281c169c000 Exception <a 'java/lang/NoSuchMethodError'{0x000000008e0c3198}: <clinit>> (0x000000008e0c3198) thrown at [./src/hotspot/share/prims/jni.cpp, line 1366]
Event: 17.837 Thread 0x00000281c169b000 Exception <a 'java/lang/NoSuchMethodError'{0x000000008ddbfb60}: 'void java.lang.invoke.DirectMethodHandle$Holder.invokeStatic(java.lang.Object, long)'> (0x000000008ddbfb60) thrown at [./src/hotspot/share/interpreter/linkResolver.cpp, line 773]
Event: 17.838 Thread 0x00000281c169b000 Exception <a 'java/lang/NoSuchMethodError'{0x000000008ddc5020}: 'java.lang.Object java.lang.invoke.DirectMethodHandle$Holder.invokeStatic(java.lang.Object, long)'> (0x000000008ddc5020) thrown at [./src/hotspot/share/interpreter/linkResolver.cpp, line 773]
Event: 17.841 Thread 0x00000281c169b000 Exception <a 'java/lang/NoSuchMethodError'{0x000000008dde1230}: 'java.lang.Object java.lang.invoke.DirectMethodHandle$Holder.invokeStaticInit(java.lang.Object, java.lang.Object, long, java.lang.Object)'> (0x000000008dde1230) thrown at [./src/hotspot/share/interpreter/linkResolver.cpp, line 773]
Event: 17.842 Thread 0x00000281c169b000 Exception <a 'java/lang/NoSuchMethodError'{0x000000008dde73c8}: 'java.lang.Object java.lang.invoke.DirectMethodHandle$Holder.invokeStatic(java.lang.Object, java.lang.Object, long)'> (0x000000008dde73c8) thrown at [./src/hotspot/share/interpreter/linkResolver.cpp, line 773]
Event: 17.843 Thread 0x00000281c169b000 Exception <a 'java/lang/NoSuchMethodError'{0x000000008ddedbd8}: 'java.lang.Object java.lang.invoke.Invokers$Holder.linkToTargetMethod(java.lang.Object, long, java.lang.Object)'> (0x000000008ddedbd8) thrown at [./src/hotspot/share/interpreter/linkResolver.cpp, line 773]
Event: 18.064 Thread 0x00000281c169b000 Exception <a 'java/lang/NoSuchMethodError'{0x000000008db5d020}: 'int java.lang.invoke.DirectMethodHandle$Holder.invokeSpecialIFC(java.lang.Object, java.lang.Object, java.lang.Object)'> (0x000000008db5d020) thrown at [./src/hotspot/share/interpreter/linkResolver.cpp, line 773]
Event: 19.715 Thread 0x00000281c169b000 Exception <a 'sun/nio/fs/WindowsException'{0x000000008bf72068}> (0x000000008bf72068) thrown at [./src/hotspot/share/prims/jni.cpp, line 616]
Event: 19.715 Thread 0x00000281c169b000 Exception <a 'sun/nio/fs/WindowsException'{0x000000008bf72150}> (0x000000008bf72150) thrown at [./src/hotspot/share/prims/jni.cpp, line 616]

Events (20 events):
Event: 22.194 loading class org/gradle/api/internal/tasks/compile/incremental/deps/ClassAnalysis done
Event: 22.194 loading class org/gradle/api/internal/tasks/compile/incremental/deps/ClassAnalysis
Event: 22.194 loading class org/gradle/api/internal/tasks/compile/incremental/deps/ClassAnalysis done
Event: 22.194 loading class org/gradle/api/internal/tasks/compile/incremental/analyzer/CachingClassDependenciesAnalyzer
Event: 22.194 loading class org/gradle/api/internal/tasks/compile/incremental/analyzer/CachingClassDependenciesAnalyzer done
Event: 22.203 loading class it/unimi/dsi/fastutil/ints/IntSets
Event: 22.203 loading class it/unimi/dsi/fastutil/ints/IntSets done
Event: 22.203 loading class it/unimi/dsi/fastutil/ints/IntSets$EmptySet
Event: 22.203 loading class it/unimi/dsi/fastutil/ints/IntSets$EmptySet done
Event: 22.204 loading class it/unimi/dsi/fastutil/ints/IntCollections$EmptyCollection
Event: 22.204 loading class it/unimi/dsi/fastutil/ints/IntCollections$EmptyCollection done
Event: 22.204 loading class it/unimi/dsi/fastutil/ints/IntBidirectionalIterator
Event: 22.204 loading class it/unimi/dsi/fastutil/ints/IntBidirectionalIterator done
Event: 22.204 loading class it/unimi/dsi/fastutil/objects/ObjectBidirectionalIterator
Event: 22.204 loading class it/unimi/dsi/fastutil/objects/ObjectBidirectionalIterator done
Event: 22.204 loading class it/unimi/dsi/fastutil/objects/ObjectIterator
Event: 22.204 loading class it/unimi/dsi/fastutil/objects/ObjectIterator done
Event: 22.205 loading class it/unimi/dsi/fastutil/BidirectionalIterator
Event: 22.205 loading class it/unimi/dsi/fastutil/BidirectionalIterator done
Event: 22.205 Executing VM operation: CollectForMetadataAllocation


Dynamic libraries:
0x00007ff710e30000 - 0x00007ff710e3a000 	D:\android\jre\bin\java.exe
0x00007ff8dbf40000 - 0x00007ff8dc130000 	C:\Windows\SYSTEM32\ntdll.dll
0x00007ff8da0c0000 - 0x00007ff8da172000 	C:\Windows\System32\KERNEL32.DLL
0x00007ff8d9880000 - 0x00007ff8d9b24000 	C:\Windows\System32\KERNELBASE.dll
0x00007ff8d96d0000 - 0x00007ff8d97ca000 	C:\Windows\System32\ucrtbase.dll
0x00007ff8b1a60000 - 0x00007ff8b1a77000 	D:\android\jre\bin\VCRUNTIME140.dll
0x00007ff8aa7f0000 - 0x00007ff8aa809000 	D:\android\jre\bin\jli.dll
0x00007ff8daef0000 - 0x00007ff8db084000 	C:\Windows\System32\USER32.dll
0x00007ff8d9e20000 - 0x00007ff8d9e41000 	C:\Windows\System32\win32u.dll
0x00007ff8d9ff0000 - 0x00007ff8da016000 	C:\Windows\System32\GDI32.dll
0x00007ff8c38d0000 - 0x00007ff8c3b54000 	C:\Windows\WinSxS\amd64_microsoft.windows.common-controls_6595b64144ccf1df_6.0.18362.959_none_e6c7bbbf130c62bb\COMCTL32.dll
0x00007ff8d9e50000 - 0x00007ff8d9fe6000 	C:\Windows\System32\gdi32full.dll
0x00007ff8dbde0000 - 0x00007ff8dbe7e000 	C:\Windows\System32\msvcrt.dll
0x00007ff8d9b30000 - 0x00007ff8d9bce000 	C:\Windows\System32\msvcp_win.dll
0x00007ff8db840000 - 0x00007ff8dbb75000 	C:\Windows\System32\combase.dll
0x00007ff8da540000 - 0x00007ff8da660000 	C:\Windows\System32\RPCRT4.dll
0x00007ff8d8ec0000 - 0x00007ff8d8f40000 	C:\Windows\System32\bcryptPrimitives.dll
0x00007ff8dbb80000 - 0x00007ff8dbbae000 	C:\Windows\System32\IMM32.DLL
0x00007ff893250000 - 0x00007ff8932ed000 	D:\android\jre\bin\msvcp140.dll
0x00007ff8738c0000 - 0x00007ff8743c2000 	D:\android\jre\bin\server\jvm.dll
0x00007ff8db570000 - 0x00007ff8db613000 	C:\Windows\System32\ADVAPI32.dll
0x00007ff8da020000 - 0x00007ff8da0b7000 	C:\Windows\System32\sechost.dll
0x00007ff8da180000 - 0x00007ff8da188000 	C:\Windows\System32\PSAPI.DLL
0x00007ff8c51f0000 - 0x00007ff8c51f9000 	C:\Windows\SYSTEM32\WSOCK32.dll
0x00007ff8d4020000 - 0x00007ff8d4044000 	C:\Windows\SYSTEM32\WINMM.dll
0x00007ff8ce070000 - 0x00007ff8ce07a000 	C:\Windows\SYSTEM32\VERSION.dll
0x00007ff8db500000 - 0x00007ff8db56f000 	C:\Windows\System32\WS2_32.dll
0x00007ff8d3fa0000 - 0x00007ff8d3fcd000 	C:\Windows\SYSTEM32\winmmbase.dll
0x00007ff8d9d20000 - 0x00007ff8d9d6a000 	C:\Windows\System32\cfgmgr32.dll
0x00007ff8d8e30000 - 0x00007ff8d8e41000 	C:\Windows\System32\kernel.appcore.dll
0x00007ff8d0a60000 - 0x00007ff8d0a71000 	D:\android\jre\bin\verify.dll
0x00007ff8d4560000 - 0x00007ff8d4754000 	C:\Windows\SYSTEM32\DBGHELP.DLL
0x00007ff8d3ff0000 - 0x00007ff8d401a000 	C:\Windows\SYSTEM32\dbgcore.DLL
0x00007ff8ab000000 - 0x00007ff8ab029000 	D:\android\jre\bin\java.dll
0x00007ff8d1e20000 - 0x00007ff8d1e2b000 	D:\android\jre\bin\jimage.dll
0x00007ff8d0a40000 - 0x00007ff8d0a58000 	D:\android\jre\bin\zip.dll
0x00007ff8da800000 - 0x00007ff8daee6000 	C:\Windows\System32\SHELL32.dll
0x00007ff8da660000 - 0x00007ff8da709000 	C:\Windows\System32\shcore.dll
0x00007ff8d8f40000 - 0x00007ff8d96c2000 	C:\Windows\System32\windows.storage.dll
0x00007ff8d8e00000 - 0x00007ff8d8e23000 	C:\Windows\System32\profapi.dll
0x00007ff8d8e50000 - 0x00007ff8d8e9a000 	C:\Windows\System32\powrprof.dll
0x00007ff8d8df0000 - 0x00007ff8d8e00000 	C:\Windows\System32\UMPDC.dll
0x00007ff8db6a0000 - 0x00007ff8db6f2000 	C:\Windows\System32\shlwapi.dll
0x00007ff8d97d0000 - 0x00007ff8d97e7000 	C:\Windows\System32\cryptsp.dll
0x00007ff8d0950000 - 0x00007ff8d096a000 	D:\android\jre\bin\net.dll
0x00007ff8d3600000 - 0x00007ff8d36f0000 	C:\Windows\SYSTEM32\WINHTTP.dll
0x00007ff8d8660000 - 0x00007ff8d86c7000 	C:\Windows\system32\mswsock.dll
0x00007ff8c4ac0000 - 0x00007ff8c4ad4000 	D:\android\jre\bin\nio.dll
0x00007ff894e50000 - 0x00007ff894e77000 	C:\Users\75914\.gradle\native\e1d6ef7f7dcc3fd88c89a11ec53ec762bb8ba0a96d01ffa2cd45eb1d1d8dd5c5\windows-amd64\native-platform.dll
0x00007ff890590000 - 0x00007ff8906d4000 	C:\Users\75914\.gradle\native\0d407fdbe67a94daf76414ababcb853783967236a71b16ec16e742cd7a986fd3\windows-amd64\native-platform-file-events.dll
0x00007ff8d1dc0000 - 0x00007ff8d1dca000 	D:\android\jre\bin\management.dll
0x00007ff8d1d80000 - 0x00007ff8d1d8d000 	D:\android\jre\bin\management_ext.dll
0x00007ff8d81d0000 - 0x00007ff8d8203000 	C:\Windows\system32\rsaenh.dll
0x00007ff8d97f0000 - 0x00007ff8d9816000 	C:\Windows\System32\bcrypt.dll
0x00007ff8d8d10000 - 0x00007ff8d8d35000 	C:\Windows\SYSTEM32\USERENV.dll
0x00007ff8d8830000 - 0x00007ff8d883c000 	C:\Windows\SYSTEM32\CRYPTBASE.dll
0x00007ff8d8370000 - 0x00007ff8d83aa000 	C:\Windows\SYSTEM32\IPHLPAPI.DLL
0x00007ff8da410000 - 0x00007ff8da418000 	C:\Windows\System32\NSI.dll
0x00007ff8cdd90000 - 0x00007ff8cdda6000 	C:\Windows\SYSTEM32\dhcpcsvc6.DLL
0x00007ff8cd230000 - 0x00007ff8cd24c000 	C:\Windows\SYSTEM32\dhcpcsvc.DLL
0x00007ff8d83b0000 - 0x00007ff8d847b000 	C:\Windows\SYSTEM32\DNSAPI.dll

dbghelp: loaded successfully - version: 4.0.5 - missing functions: none
symbol engine: initialized successfully - sym options: 0x614 - pdb path: .;D:\android\jre\bin;C:\Windows\SYSTEM32;C:\Windows\WinSxS\amd64_microsoft.windows.common-controls_6595b64144ccf1df_6.0.18362.959_none_e6c7bbbf130c62bb;D:\android\jre\bin\server;C:\Users\75914\.gradle\native\e1d6ef7f7dcc3fd88c89a11ec53ec762bb8ba0a96d01ffa2cd45eb1d1d8dd5c5\windows-amd64;C:\Users\75914\.gradle\native\0d407fdbe67a94daf76414ababcb853783967236a71b16ec16e742cd7a986fd3\windows-amd64

VM Arguments:
jvm_args: --add-opens=java.base/java.util=ALL-UNNAMED --add-opens=java.base/java.lang=ALL-UNNAMED --add-opens=java.base/java.lang.invoke=ALL-UNNAMED --add-opens=java.base/java.util=ALL-UNNAMED --add-opens=java.prefs/java.util.prefs=ALL-UNNAMED --add-opens=java.prefs/java.util.prefs=ALL-UNNAMED --add-opens=java.base/java.nio.charset=ALL-UNNAMED --add-opens=java.base/java.net=ALL-UNNAMED --add-opens=java.base/java.util.concurrent.atomic=ALL-UNNAMED -Xmx2048m -Dfile.encoding=UTF-8 -Duser.country=CN -Duser.language=zh -Duser.variant 
java_command: org.gradle.launcher.daemon.bootstrap.GradleDaemon 7.4
java_class_path (initial): C:\Users\75914\.gradle\wrapper\dists\gradle-7.4-bin\c0gwcg53nkjbqw7r0h0umtfvt\gradle-7.4\lib\gradle-launcher-7.4.jar
Launcher Type: SUN_STANDARD

[Global flags]
     intx CICompilerCount                          = 4                                         {product} {ergonomic}
     uint ConcGCThreads                            = 2                                         {product} {ergonomic}
     uint G1ConcRefinementThreads                  = 8                                         {product} {ergonomic}
   size_t G1HeapRegionSize                         = 1048576                                   {product} {ergonomic}
    uintx GCDrainStackTargetSize                   = 64                                        {product} {ergonomic}
   size_t InitialHeapSize                          = 266338304                                 {product} {ergonomic}
   size_t MarkStackSize                            = 4194304                                   {product} {ergonomic}
   size_t MaxHeapSize                              = 2147483648                                {product} {command line}
   size_t MaxNewSize                               = 1287651328                                {product} {ergonomic}
   size_t MinHeapDeltaBytes                        = 1048576                                   {product} {ergonomic}
    uintx NonNMethodCodeHeapSize                   = 5836300                                {pd product} {ergonomic}
    uintx NonProfiledCodeHeapSize                  = 122910970                              {pd product} {ergonomic}
    uintx ProfiledCodeHeapSize                     = 122910970                              {pd product} {ergonomic}
    uintx ReservedCodeCacheSize                    = 251658240                              {pd product} {ergonomic}
     bool SegmentedCodeCache                       = true                                      {product} {ergonomic}
     bool UseCompressedClassPointers               = true                                 {lp64_product} {ergonomic}
     bool UseCompressedOops                        = true                                 {lp64_product} {ergonomic}
     bool UseG1GC                                  = true                                      {product} {ergonomic}
     bool UseLargePagesIndividualAllocation        = false                                  {pd product} {ergonomic}

Logging:
Log output configuration:
 #0: stdout all=warning uptime,level,tags
 #1: stderr all=off uptime,level,tags

Environment Variables:
PATH=D:\bin\;C:\Python310\Scripts\;C:\Python310\;C:\Program Files\Common Files\Oracle\Java\javapath;C:\Program Files (x86)\Common Files\Intel\Shared Libraries\redist\intel64_win\compiler;C:\Windows\system32;C:\Windows;C:\Windows\System32\Wbem;C:\Windows\System32\WindowsPowerShell\v1.0\;C:\Windows\System32\OpenSSH\;C:\Program Files (x86)\NVIDIA Corporation\PhysX\Common;C:\Program Files\NVIDIA Corporation\NVIDIA NvDLISR;C:\Program Files\Common Files\Autodesk Shared\;C:\Program Files\Microsoft SQL Server\120\Tools\Binn\;C:\Users\75914\AppData\Local\Programs\Python\Python39\;C:\Users\75914\AppData\Local\Programs\Python\Python39\Scripts;C:\MinGW;D:\Downloads\mingw64\bin;C:\Program Files\Microsoft SQL Server\150\Tools\Binn\;C:\Program Files\Git\cmd;C:\ProgramData\chocolatey\bin;C:\Users\75914\AppData\Local\Microsoft\WindowsApps;C:\Users\75914\AppData\Local\Programs\Python\Python39\;D:\Downloads\Microsoft VS Code\bin;D:\Downloads\Quick App IDE\bin
USERNAME=75914
OS=Windows_NT
PROCESSOR_IDENTIFIER=Intel64 Family 6 Model 126 Stepping 5, GenuineIntel



---------------  S Y S T E M  ---------------

OS: Windows 10 , 64 bit Build 18362 (10.0.18362.959)
OS uptime: 5 days 0:06 hours

CPU:total 8 (initial active 8) (4 cores per cpu, 2 threads per core) family 6 model 126 stepping 5 microcode 0x70, cmov, cx8, fxsr, mmx, sse, sse2, sse3, ssse3, sse4.1, sse4.2, popcnt, avx, avx2, aes, clmul, erms, 3dnowpref, lzcnt, ht, tsc, tscinvbit, bmi1, bmi2, adx, evex, sha, fma

Memory: 4k page, system-wide physical 16159M (2038M free)
TotalPageFile size 20524M (AvailPageFile size 1M)
current process WorkingSet (physical memory assigned to process): 501M, peak: 507M
current process commit charge ("private bytes"): 569M, peak: 585M

vm_info: OpenJDK 64-Bit Server VM (11.0.13+0-b1751.21-8125866) for windows-amd64 JRE (11.0.13+0-b1751.21-8125866), built on Feb  2 2022 03:00:22 by "builder" with MS VC++ 14.0 (VS2015)

END.
